{"/Users/phillipravn/DTaaS/servers/lib/src/files/resolvers/files.resolver.ts": {"path":"/Users/phillipravn/DTaaS/servers/lib/src/files/resolvers/files.resolver.ts","statementMap":{"0":{"start":{"line":1,"column":0},"end":{"line":1,"column":56}},"1":{"start":{"line":3,"column":0},"end":{"line":3,"column":72}},"2":{"start":{"line":4,"column":0},"end":{"line":4,"column":38}},"3":{"start":{"line":7,"column":7},"end":{"line":23,"column":null}},"4":{"start":{"line":11,"column":4},"end":{"line":11,"column":53}},"5":{"start":{"line":16,"column":4},"end":{"line":16,"column":49}},"6":{"start":{"line":21,"column":4},"end":{"line":21,"column":44}},"7":{"start":{"line":15,"column":8},"end":{"line":17,"column":null}},"8":{"start":{"line":14,"column":15},"end":{"line":14,"column":22}},"9":{"start":{"line":20,"column":8},"end":{"line":22,"column":null}},"10":{"start":{"line":19,"column":15},"end":{"line":19,"column":22}},"11":{"start":{"line":7,"column":13},"end":{"line":23,"column":null}},"12":{"start":{"line":7,"column":13},"end":{"line":7,"column":26}}},"fnMap":{"0":{"name":"(anonymous_4)","decl":{"start":{"line":10,"column":2},"end":{"line":10,"column":14}},"loc":{"start":{"line":10,"column":54},"end":{"line":12,"column":3}}},"1":{"name":"(anonymous_5)","decl":{"start":{"line":15,"column":2},"end":{"line":15,"column":7}},"loc":{"start":{"line":15,"column":48},"end":{"line":17,"column":3}}},"2":{"name":"(anonymous_6)","decl":{"start":{"line":20,"column":2},"end":{"line":20,"column":7}},"loc":{"start":{"line":20,"column":43},"end":{"line":22,"column":3}}},"3":{"name":"(anonymous_7)","decl":{"start":{"line":14,"column":9},"end":{"line":14,"column":12}},"loc":{"start":{"line":14,"column":15},"end":{"line":14,"column":22}}},"4":{"name":"(anonymous_8)","decl":{"start":{"line":19,"column":9},"end":{"line":19,"column":12}},"loc":{"start":{"line":19,"column":15},"end":{"line":19,"column":22}}}},"branchMap":{},"s":{"0":3,"1":3,"2":3,"3":3,"4":12,"5":4,"6":4,"7":3,"8":0,"9":3,"10":0,"11":3,"12":3},"f":{"0":12,"1":4,"2":4,"3":0,"4":0},"b":{}}
,"/Users/phillipravn/DTaaS/servers/lib/src/files/services/files-service.factory.ts": {"path":"/Users/phillipravn/DTaaS/servers/lib/src/files/services/files-service.factory.ts","statementMap":{"0":{"start":{"line":1,"column":0},"end":{"line":1,"column":52}},"1":{"start":{"line":2,"column":0},"end":{"line":2,"column":47}},"2":{"start":{"line":4,"column":0},"end":{"line":4,"column":60}},"3":{"start":{"line":5,"column":0},"end":{"line":5,"column":58}},"4":{"start":{"line":8,"column":7},"end":{"line":25,"column":null}},"5":{"start":{"line":10,"column":12},"end":{"line":10,"column":27}},"6":{"start":{"line":11,"column":40},"end":{"line":11,"column":60}},"7":{"start":{"line":12,"column":39},"end":{"line":12,"column":58}},"8":{"start":{"line":16,"column":17},"end":{"line":16,"column":55}},"9":{"start":{"line":17,"column":4},"end":{"line":23,"column":null}},"10":{"start":{"line":18,"column":6},"end":{"line":18,"column":36}},"11":{"start":{"line":19,"column":11},"end":{"line":23,"column":null}},"12":{"start":{"line":20,"column":6},"end":{"line":20,"column":37}},"13":{"start":{"line":22,"column":6},"end":{"line":22,"column":47}},"14":{"start":{"line":8,"column":13},"end":{"line":25,"column":null}},"15":{"start":{"line":8,"column":13},"end":{"line":8,"column":32}}},"fnMap":{"0":{"name":"(anonymous_4)","decl":{"start":{"line":9,"column":2},"end":{"line":9,"column":null}},"loc":{"start":{"line":12,"column":75},"end":{"line":13,"column":6}}},"1":{"name":"(anonymous_5)","decl":{"start":{"line":15,"column":2},"end":{"line":15,"column":8}},"loc":{"start":{"line":15,"column":8},"end":{"line":24,"column":3}}}},"branchMap":{"0":{"loc":{"start":{"line":17,"column":4},"end":{"line":23,"column":null}},"type":"if","locations":[{"start":{"line":17,"column":4},"end":{"line":23,"column":null}},{"start":{"line":19,"column":11},"end":{"line":23,"column":null}}]},"1":{"loc":{"start":{"line":19,"column":11},"end":{"line":23,"column":null}},"type":"if","locations":[{"start":{"line":19,"column":11},"end":{"line":23,"column":null}},{"start":{"line":21,"column":11},"end":{"line":23,"column":null}}]}},"s":{"0":4,"1":4,"2":4,"3":4,"4":4,"5":10,"6":10,"7":10,"8":10,"9":10,"10":1,"11":9,"12":8,"13":1,"14":4,"15":4},"f":{"0":10,"1":10},"b":{"0":[1,9],"1":[8,1]}}
,"/Users/phillipravn/DTaaS/servers/lib/src/files/services/gitlab-files.service.ts": {"path":"/Users/phillipravn/DTaaS/servers/lib/src/files/services/gitlab-files.service.ts","statementMap":{"0":{"start":{"line":1,"column":0},"end":{"line":1,"column":44}},"1":{"start":{"line":3,"column":0},"end":{"line":3,"column":47}},"2":{"start":{"line":4,"column":0},"end":{"line":4,"column":26}},"3":{"start":{"line":6,"column":0},"end":{"line":6,"column":65}},"4":{"start":{"line":10,"column":7},"end":{"line":63,"column":null}},"5":{"start":{"line":11,"column":22},"end":{"line":11,"column":37}},"6":{"start":{"line":14,"column":4},"end":{"line":14,"column":54}},"7":{"start":{"line":18,"column":4},"end":{"line":18,"column":53}},"8":{"start":{"line":24,"column":24},"end":{"line":24,"column":62}},"9":{"start":{"line":25,"column":32},"end":{"line":25,"column":47}},"10":{"start":{"line":26,"column":28},"end":{"line":26,"column":40}},"11":{"start":{"line":30,"column":6},"end":{"line":30,"column":69}},"12":{"start":{"line":32,"column":23},"end":{"line":32,"column":51}},"13":{"start":{"line":33,"column":4},"end":{"line":33,"column":34}},"14":{"start":{"line":37,"column":4},"end":{"line":52,"column":null}},"15":{"start":{"line":38,"column":23},"end":{"line":48,"column":8}},"16":{"start":{"line":49,"column":6},"end":{"line":49,"column":40}},"17":{"start":{"line":51,"column":6},"end":{"line":51,"column":39}},"18":{"start":{"line":59,"column":35},"end":{"line":59,"column":66}},"19":{"start":{"line":60,"column":18},"end":{"line":60,"column":46}},"20":{"start":{"line":61,"column":4},"end":{"line":61,"column":35}},"21":{"start":{"line":10,"column":13},"end":{"line":63,"column":null}},"22":{"start":{"line":10,"column":13},"end":{"line":10,"column":31}}},"fnMap":{"0":{"name":"(anonymous_2)","decl":{"start":{"line":11,"column":2},"end":{"line":11,"column":22}},"loc":{"start":{"line":11,"column":50},"end":{"line":11,"column":54}}},"1":{"name":"(anonymous_3)","decl":{"start":{"line":13,"column":2},"end":{"line":13,"column":7}},"loc":{"start":{"line":13,"column":34},"end":{"line":15,"column":3}}},"2":{"name":"(anonymous_4)","decl":{"start":{"line":17,"column":2},"end":{"line":17,"column":7}},"loc":{"start":{"line":17,"column":29},"end":{"line":19,"column":3}}},"3":{"name":"(anonymous_5)","decl":{"start":{"line":21,"column":10},"end":{"line":21,"column":15}},"loc":{"start":{"line":22,"column":16},"end":{"line":34,"column":3}}},"4":{"name":"(anonymous_6)","decl":{"start":{"line":36,"column":10},"end":{"line":36,"column":15}},"loc":{"start":{"line":36,"column":41},"end":{"line":53,"column":3}}},"5":{"name":"(anonymous_7)","decl":{"start":{"line":55,"column":10},"end":{"line":55,"column":15}},"loc":{"start":{"line":57,"column":27},"end":{"line":62,"column":3}}}},"branchMap":{"0":{"loc":{"start":{"line":30,"column":6},"end":{"line":30,"column":69}},"type":"cond-expr","locations":[{"start":{"line":30,"column":32},"end":{"line":30,"column":39}},{"start":{"line":30,"column":42},"end":{"line":30,"column":69}}]}},"s":{"0":5,"1":5,"2":5,"3":5,"4":5,"5":12,"6":4,"7":4,"8":8,"9":8,"10":8,"11":8,"12":8,"13":8,"14":8,"15":8,"16":8,"17":0,"18":8,"19":8,"20":8,"21":5,"22":5},"f":{"0":12,"1":4,"2":4,"3":8,"4":8,"5":8},"b":{"0":[0,8]}}
,"/Users/phillipravn/DTaaS/servers/lib/src/files/services/local-files.service.ts": {"path":"/Users/phillipravn/DTaaS/servers/lib/src/files/services/local-files.service.ts","statementMap":{"0":{"start":{"line":1,"column":0},"end":{"line":1,"column":74}},"1":{"start":{"line":2,"column":0},"end":{"line":2,"column":25}},"2":{"start":{"line":3,"column":0},"end":{"line":3,"column":28}},"3":{"start":{"line":5,"column":0},"end":{"line":5,"column":47}},"4":{"start":{"line":9,"column":7},"end":{"line":76,"column":null}},"5":{"start":{"line":10,"column":22},"end":{"line":10,"column":37}},"6":{"start":{"line":13,"column":21},"end":{"line":13,"column":57}},"7":{"start":{"line":14,"column":21},"end":{"line":14,"column":41}},"8":{"start":{"line":16,"column":18},"end":{"line":16,"column":53}},"9":{"start":{"line":18,"column":18},"end":{"line":19,"column":null}},"10":{"start":{"line":19,"column":26},"end":{"line":19,"column":59}},"11":{"start":{"line":22,"column":17},"end":{"line":29,"column":6}},"12":{"start":{"line":24,"column":38},"end":{"line":24,"column":63}},"13":{"start":{"line":27,"column":38},"end":{"line":27,"column":63}},"14":{"start":{"line":31,"column":4},"end":{"line":31,"column":36}},"15":{"start":{"line":35,"column":21},"end":{"line":35,"column":57}},"16":{"start":{"line":36,"column":21},"end":{"line":36,"column":41}},"17":{"start":{"line":38,"column":4},"end":{"line":48,"column":null}},"18":{"start":{"line":39,"column":22},"end":{"line":41,"column":14}},"19":{"start":{"line":43,"column":19},"end":{"line":43,"column":40}},"20":{"start":{"line":45,"column":6},"end":{"line":45,"column":48}},"21":{"start":{"line":47,"column":6},"end":{"line":47,"column":67}},"22":{"start":{"line":52,"column":18},"end":{"line":52,"column":63}},"23":{"start":{"line":53,"column":4},"end":{"line":57,"column":null}},"24":{"start":{"line":54,"column":6},"end":{"line":54,"column":52}},"25":{"start":{"line":56,"column":6},"end":{"line":56,"column":52}},"26":{"start":{"line":62,"column":4},"end":{"line":74,"column":6}},"27":{"start":{"line":9,"column":13},"end":{"line":76,"column":null}},"28":{"start":{"line":9,"column":13},"end":{"line":9,"column":30}}},"fnMap":{"0":{"name":"(anonymous_2)","decl":{"start":{"line":10,"column":2},"end":{"line":10,"column":22}},"loc":{"start":{"line":10,"column":50},"end":{"line":10,"column":54}}},"1":{"name":"(anonymous_3)","decl":{"start":{"line":12,"column":2},"end":{"line":12,"column":7}},"loc":{"start":{"line":12,"column":34},"end":{"line":32,"column":3}}},"2":{"name":"(anonymous_4)","decl":{"start":{"line":19,"column":16},"end":{"line":19,"column":17}},"loc":{"start":{"line":19,"column":26},"end":{"line":19,"column":59}}},"3":{"name":"(anonymous_5)","decl":{"start":{"line":24,"column":28},"end":{"line":24,"column":29}},"loc":{"start":{"line":24,"column":38},"end":{"line":24,"column":63}}},"4":{"name":"(anonymous_6)","decl":{"start":{"line":27,"column":28},"end":{"line":27,"column":29}},"loc":{"start":{"line":27,"column":38},"end":{"line":27,"column":63}}},"5":{"name":"(anonymous_7)","decl":{"start":{"line":34,"column":2},"end":{"line":34,"column":7}},"loc":{"start":{"line":34,"column":29},"end":{"line":49,"column":3}}},"6":{"name":"(anonymous_8)","decl":{"start":{"line":51,"column":10},"end":{"line":51,"column":15}},"loc":{"start":{"line":51,"column":59},"end":{"line":58,"column":3}}},"7":{"name":"(anonymous_9)","decl":{"start":{"line":60,"column":10},"end":{"line":60,"column":24}},"loc":{"start":{"line":60,"column":54},"end":{"line":75,"column":3}}}},"branchMap":{"0":{"loc":{"start":{"line":53,"column":4},"end":{"line":57,"column":null}},"type":"if","locations":[{"start":{"line":53,"column":4},"end":{"line":57,"column":null}},{"start":{"line":55,"column":11},"end":{"line":57,"column":null}}]}},"s":{"0":5,"1":5,"2":5,"3":5,"4":5,"5":13,"6":1,"7":1,"8":1,"9":1,"10":5,"11":1,"12":5,"13":5,"14":1,"15":1,"16":1,"17":1,"18":1,"19":1,"20":1,"21":0,"22":5,"23":5,"24":5,"25":0,"26":1,"27":5,"28":5},"f":{"0":13,"1":1,"2":5,"3":5,"4":5,"5":1,"6":5,"7":1},"b":{"0":[5,0]}}
}
