TN:
SF:src/files/resolvers/files.resolver.ts
FN:10,(anonymous_4)
FN:15,(anonymous_5)
FN:20,(anonymous_6)
FN:14,(anonymous_7)
FN:19,(anonymous_8)
FNF:5
FNH:3
FNDA:12,(anonymous_4)
FNDA:4,(anonymous_5)
FNDA:4,(anonymous_6)
FNDA:0,(anonymous_7)
FNDA:0,(anonymous_8)
DA:1,3
DA:3,3
DA:4,3
DA:7,3
DA:11,12
DA:14,0
DA:15,3
DA:16,4
DA:19,0
DA:20,3
DA:21,4
LF:11
LH:9
BRF:0
BRH:0
end_of_record
TN:
SF:src/files/services/files-service.factory.ts
FN:9,(anonymous_4)
FN:15,(anonymous_5)
FNF:2
FNH:2
FNDA:10,(anonymous_4)
FNDA:10,(anonymous_5)
DA:1,4
DA:2,4
DA:4,4
DA:5,4
DA:8,4
DA:10,10
DA:11,10
DA:12,10
DA:16,10
DA:17,10
DA:18,1
DA:19,9
DA:20,8
DA:22,1
LF:14
LH:14
BRDA:17,0,0,1
BRDA:17,0,1,9
BRDA:19,1,0,8
BRDA:19,1,1,1
BRF:4
BRH:4
end_of_record
TN:
SF:src/files/services/gitlab-files.service.ts
FN:11,(anonymous_2)
FN:13,(anonymous_3)
FN:17,(anonymous_4)
FN:21,(anonymous_5)
FN:36,(anonymous_6)
FN:55,(anonymous_7)
FNF:6
FNH:6
FNDA:12,(anonymous_2)
FNDA:4,(anonymous_3)
FNDA:4,(anonymous_4)
FNDA:8,(anonymous_5)
FNDA:8,(anonymous_6)
FNDA:8,(anonymous_7)
DA:1,5
DA:3,5
DA:4,5
DA:6,5
DA:10,5
DA:11,12
DA:14,4
DA:18,4
DA:24,8
DA:25,8
DA:26,8
DA:30,8
DA:32,8
DA:33,8
DA:37,8
DA:38,8
DA:49,8
DA:51,0
DA:59,8
DA:60,8
DA:61,8
LF:21
LH:20
BRDA:30,0,0,0
BRDA:30,0,1,8
BRF:2
BRH:1
end_of_record
TN:
SF:src/files/services/local-files.service.ts
FN:10,(anonymous_2)
FN:12,(anonymous_3)
FN:19,(anonymous_4)
FN:24,(anonymous_5)
FN:27,(anonymous_6)
FN:34,(anonymous_7)
FN:51,(anonymous_8)
FN:60,(anonymous_9)
FNF:8
FNH:8
FNDA:13,(anonymous_2)
FNDA:1,(anonymous_3)
FNDA:5,(anonymous_4)
FNDA:5,(anonymous_5)
FNDA:5,(anonymous_6)
FNDA:1,(anonymous_7)
FNDA:5,(anonymous_8)
FNDA:1,(anonymous_9)
DA:1,5
DA:2,5
DA:3,5
DA:5,5
DA:9,5
DA:10,13
DA:13,1
DA:14,1
DA:16,1
DA:18,1
DA:19,5
DA:22,1
DA:24,5
DA:27,5
DA:31,1
DA:35,1
DA:36,1
DA:38,1
DA:39,1
DA:43,1
DA:45,1
DA:47,0
DA:52,5
DA:53,5
DA:54,5
DA:56,0
DA:62,1
LF:27
LH:25
BRDA:53,0,0,5
BRDA:53,0,1,0
BRF:2
BRH:1
end_of_record
