TN:
SF:/home/vanessa/Documenti/DTaaSNUOVO/DTaaS/client/src/routes.tsx
FNF:0
FNH:0
DA:1,17
DA:2,17
DA:3,17
DA:4,17
DA:5,17
DA:6,17
DA:7,17
DA:8,17
DA:9,17
DA:11,17
DA:62,17
LF:11
LH:11
BRF:0
BRH:0
end_of_record
TN:
SF:/home/vanessa/Documenti/DTaaSNUOVO/DTaaS/client/src/components/Iframe.tsx
FN:,Iframe
FNF:1
FNH:1
FNDA:79,Iframe
DA:1,19
DA:2,19
DA:11,79
DA:21,19
LF:4
LH:4
BRF:0
BRH:0
end_of_record
TN:
SF:/home/vanessa/Documenti/DTaaSNUOVO/DTaaS/client/src/components/LinkButtons.tsx
FN:,(anonymous_0)
FN:,(anonymous_1)
FN:,(anonymous_2)
FN:,(anonymous_3)
FN:,(anonymous_4)
FN:,(anonymous_5)
FNF:6
FNH:6
FNDA:49,(anonymous_0)
FNDA:102,(anonymous_1)
FNDA:49,(anonymous_2)
FNDA:102,(anonymous_3)
FNDA:2,(anonymous_4)
FNDA:20,(anonymous_5)
DA:1,12
DA:2,12
DA:3,12
DA:4,12
DA:6,12
DA:7,12
DA:9,12
DA:16,12
DA:27,12
DA:28,49
DA:29,102
DA:31,102
DA:53,12
DA:54,49
DA:55,49
DA:56,49
DA:58,102
DA:71,2
DA:93,12
DA:94,32
LF:20
LH:20
BRDA:,0,0,10
BRDA:,0,1,92
BRDA:,1,0,102
BRDA:,1,1,13
BRDA:,2,0,94
BRDA:,2,1,8
BRDA:,3,0,102
BRDA:,3,1,102
BRDA:,4,0,8
BRDA:,4,1,94
BRDA:,5,0,102
BRDA:,5,1,102
BRDA:,6,0,102
BRDA:,6,1,13
BRF:14
BRH:14
end_of_record
TN:
SF:/home/vanessa/Documenti/DTaaSNUOVO/DTaaS/client/src/components/LinkIconsLib.tsx
FNF:0
FNH:0
DA:1,12
DA:2,12
DA:3,12
DA:4,12
DA:5,12
DA:6,12
DA:7,12
DA:8,12
DA:9,12
DA:15,12
DA:50,12
DA:51,12
LF:12
LH:12
BRF:0
BRH:0
end_of_record
TN:
SF:/home/vanessa/Documenti/DTaaSNUOVO/DTaaS/client/src/components/tab/TabComponent.tsx
FN:,constructURL
FN:,renderScopeTabList
FN:,(anonymous_2)
FN:,renderScopeTabPanels
FN:,(anonymous_4)
FN:,TabComponent
FN:,(anonymous_6)
FN:,(anonymous_7)
FNF:8
FNH:8
FNDA:201,constructURL
FNDA:158,renderScopeTabList
FNDA:220,(anonymous_2)
FNDA:158,renderScopeTabPanels
FNDA:220,(anonymous_4)
FNDA:42,TabComponent
FNDA:158,(anonymous_6)
FNDA:158,(anonymous_7)
DA:1,19
DA:2,19
DA:3,19
DA:5,19
DA:6,201
DA:7,201
DA:9,201
DA:10,201
DA:12,201
DA:16,158
DA:20,220
DA:29,158
DA:34,220
DA:42,19
DA:46,42
DA:50,158
DA:54,158
DA:66,19
LF:18
LH:18
BRDA:,0,0,41
BRDA:,0,1,160
BRDA:,1,0,100
BRDA:,1,1,101
BRDA:,2,0,158
BRDA:,2,1,158
BRDA:,2,2,110
BRDA:,3,0,158
BRDA:,3,1,158
BRDA:,3,2,110
BRF:10
BRH:10
end_of_record
TN:
SF:/home/vanessa/Documenti/DTaaSNUOVO/DTaaS/client/src/components/tab/subcomponents/TabRender.tsx
FN:,TabRender
FNF:1
FNH:1
FNDA:139,TabRender
DA:1,19
DA:2,19
DA:15,139
DA:17,139
DA:34,19
LF:5
LH:5
BRF:0
BRH:0
end_of_record
TN:
SF:/home/vanessa/Documenti/DTaaSNUOVO/DTaaS/client/src/components/tab/subcomponents/TabStyles.ts
FNF:0
FNH:0
DA:1,19
DA:2,19
DA:4,19
DA:11,19
DA:17,19
DA:50,19
DA:60,19
DA:61,19
DA:62,19
DA:63,19
LF:10
LH:10
BRF:0
BRH:0
end_of_record
TN:
SF:/home/vanessa/Documenti/DTaaSNUOVO/DTaaS/client/src/page/DrawerComponent.tsx
FN:,(anonymous_0)
FN:,(anonymous_1)
FN:,(anonymous_2)
FN:,(anonymous_3)
FN:,DrawerComponent
FNF:5
FNH:5
FNDA:10,(anonymous_0)
FNDA:74,(anonymous_1)
FNDA:137,(anonymous_2)
FNDA:42,(anonymous_3)
FNDA:42,DrawerComponent
DA:1,11
DA:2,11
DA:3,11
DA:4,11
DA:5,11
DA:6,11
DA:7,11
DA:8,11
DA:10,11
DA:12,11
DA:18,74
DA:27,11
DA:28,137
DA:29,42
DA:53,42
DA:67,11
LF:16
LH:16
BRDA:,0,0,42
BRDA:,0,1,5
BRDA:,1,0,42
BRDA:,1,1,37
BRF:4
BRH:4
end_of_record
TN:
SF:/home/vanessa/Documenti/DTaaSNUOVO/DTaaS/client/src/page/DrawerHeaderComponent.tsx
FN:,(anonymous_0)
FN:,(anonymous_1)
FN:,DrawerHeaderComponent
FNF:3
FNH:3
FNDA:42,(anonymous_0)
FNDA:42,(anonymous_1)
FNDA:42,DrawerHeaderComponent
DA:1,11
DA:2,11
DA:3,11
DA:4,11
DA:5,11
DA:7,42
DA:16,42
DA:29,42
DA:38,11
LF:9
LH:9
BRDA:,0,0,0
BRDA:,0,1,42
BRF:2
BRH:1
end_of_record
TN:
SF:/home/vanessa/Documenti/DTaaSNUOVO/DTaaS/client/src/page/Footer.tsx
FN:,Copyright
FN:,Acknowledgements
FN:,RenderFooter
FN:,Footer
FNF:4
FNH:4
FNDA:28,Copyright
FNDA:28,Acknowledgements
FNDA:28,RenderFooter
FNDA:28,Footer
DA:1,11
DA:2,11
DA:3,11
DA:4,11
DA:12,28
DA:35,28
DA:57,28
DA:68,28
DA:71,11
LF:9
LH:9
BRF:0
BRH:0
end_of_record
TN:
SF:/home/vanessa/Documenti/DTaaSNUOVO/DTaaS/client/src/page/Layout.tsx
FN:,MenuLayout
FN:,Layout
FN:,(anonymous_2)
FNF:3
FNH:3
FNDA:30,MenuLayout
FNDA:30,Layout
FNDA:34,(anonymous_2)
DA:1,12
DA:2,12
DA:3,12
DA:4,12
DA:5,12
DA:6,12
DA:7,12
DA:10,30
DA:34,30
DA:44,34
DA:56,12
LF:11
LH:11
BRF:0
BRH:0
end_of_record
TN:
SF:/home/vanessa/Documenti/DTaaSNUOVO/DTaaS/client/src/page/LayoutPublic.tsx
FN:,(anonymous_0)
FN:,LayoutPublic
FNF:2
FNH:2
FNDA:10,(anonymous_0)
FNDA:10,LayoutPublic
DA:1,17
DA:2,17
DA:3,17
DA:4,17
DA:5,17
DA:6,17
DA:7,17
DA:8,17
DA:9,17
DA:11,17
DA:12,10
DA:30,10
DA:51,17
LF:13
LH:13
BRF:0
BRH:0
end_of_record
TN:
SF:/home/vanessa/Documenti/DTaaSNUOVO/DTaaS/client/src/page/Menu.tsx
FN:,(anonymous_0)
FN:,(anonymous_1)
FN:,MiniDrawer
FN:,(anonymous_3)
FN:,(anonymous_4)
FN:,(anonymous_5)
FN:,(anonymous_6)
FNF:7
FNH:7
FNDA:42,(anonymous_0)
FNDA:82,(anonymous_1)
FNDA:42,MiniDrawer
FNDA:4,(anonymous_3)
FNDA:4,(anonymous_4)
FNDA:4,(anonymous_5)
FNDA:5,(anonymous_6)
DA:1,11
DA:2,11
DA:3,11
DA:4,11
DA:5,11
DA:7,11
DA:8,11
DA:10,11
DA:12,11
DA:13,42
DA:14,82
DA:15,42
DA:17,42
DA:18,42
DA:23,42
DA:24,42
DA:25,42
DA:26,4
DA:27,42
DA:28,42
DA:29,42
DA:48,11
LF:22
LH:22
BRF:0
BRH:0
end_of_record
TN:
SF:/home/vanessa/Documenti/DTaaSNUOVO/DTaaS/client/src/page/MenuItems.tsx
FN:,MenuItems
FN:,(anonymous_1)
FNF:2
FNH:2
FNDA:42,MenuItems
FNDA:126,(anonymous_1)
DA:1,11
DA:2,11
DA:3,11
DA:4,11
DA:5,11
DA:6,11
DA:7,11
DA:9,11
DA:23,11
DA:40,42
DA:43,126
DA:60,11
LF:12
LH:12
BRDA:,0,0,26
BRDA:,0,1,100
BRF:2
BRH:2
end_of_record
TN:
SF:/home/vanessa/Documenti/DTaaSNUOVO/DTaaS/client/src/page/MenuToolbar.tsx
FN:,(anonymous_7)
FN:,(anonymous_8)
FN:,(anonymous_9)
FN:,MenuToolbar
FN:,(anonymous_11)
FN:,(anonymous_12)
FNF:6
FNH:4
FNDA:131,(anonymous_7)
FNDA:179,(anonymous_8)
FNDA:42,(anonymous_9)
FNDA:42,MenuToolbar
FNDA:0,(anonymous_11)
FNDA:0,(anonymous_12)
DA:1,11
DA:2,11
DA:3,11
DA:4,11
DA:5,11
DA:6,11
DA:7,11
DA:8,11
DA:9,11
DA:10,11
DA:11,11
DA:12,11
DA:13,11
DA:14,11
DA:15,11
DA:16,11
DA:23,11
DA:30,131
DA:37,11
DA:38,179
DA:39,42
DA:66,42
DA:67,42
DA:68,42
DA:70,42
DA:71,0
DA:72,0
DA:75,42
DA:129,11
DA:130,11
LF:30
LH:28
BRDA:,0,0,20
BRDA:,0,1,111
BRDA:,1,0,42
BRDA:,1,1,5
BRDA:,2,0,0
BRDA:,3,0,42
BRDA:,3,1,5
BRF:7
BRH:6
end_of_record
TN:
SF:/home/vanessa/Documenti/DTaaSNUOVO/DTaaS/client/src/preview/components/asset/AssetBoard.tsx
FN:,(anonymous_7)
FN:,(anonymous_8)
FN:,(anonymous_9)
FN:,(anonymous_10)
FN:,(anonymous_11)
FN:,(anonymous_12)
FN:,(anonymous_13)
FN:,(anonymous_14)
FN:,(anonymous_15)
FNF:9
FNH:9
FNDA:17,(anonymous_7)
FNDA:3,(anonymous_8)
FNDA:21,(anonymous_9)
FNDA:44,(anonymous_10)
FNDA:19,(anonymous_11)
FNDA:19,(anonymous_12)
FNDA:19,(anonymous_13)
FNDA:3,(anonymous_14)
FNDA:17,(anonymous_15)
DA:1,24
DA:2,24
DA:3,24
DA:5,24
DA:6,24
DA:8,24
DA:10,24
DA:29,24
DA:30,17
DA:42,3
DA:47,24
DA:48,44
DA:49,21
DA:50,21
DA:52,21
DA:53,19
DA:54,19
DA:56,19
DA:59,21
DA:60,3
DA:63,21
DA:64,2
DA:67,19
DA:70,17
DA:81,24
LF:25
LH:25
BRDA:,0,0,2
BRDA:,0,1,15
BRDA:,1,0,2
BRF:3
BRH:3
end_of_record
TN:
SF:/home/vanessa/Documenti/DTaaSNUOVO/DTaaS/client/src/preview/components/asset/AssetCard.tsx
FN:,CardActionAreaContainer
FN:,(anonymous_1)
FN:,CardButtonsContainerManage
FN:,CardButtonsContainerExecute
FN:,AssetCard
FN:,AssetCardManage
FN:,AssetCardExecute
FNF:7
FNH:7
FNDA:30,CardActionAreaContainer
FNDA:53,(anonymous_1)
FNDA:27,CardButtonsContainerManage
FNDA:3,CardButtonsContainerExecute
FNDA:30,AssetCard
FNDA:27,AssetCardManage
FNDA:3,AssetCardExecute
DA:1,25
DA:2,25
DA:3,25
DA:4,25
DA:5,25
DA:6,25
DA:7,25
DA:8,25
DA:9,25
DA:10,25
DA:11,25
DA:13,25
DA:14,25
DA:15,25
DA:16,25
DA:17,25
DA:18,25
DA:20,25
DA:21,25
DA:22,25
DA:47,25
DA:56,25
DA:63,30
DA:64,53
DA:67,30
DA:95,27
DA:108,3
DA:109,3
DA:124,30
DA:143,27
DA:144,27
DA:145,27
DA:146,27
DA:148,27
DA:185,3
DA:186,3
DA:187,3
DA:189,3
DA:212,25
LF:39
LH:39
BRDA:,0,0,27
BRDA:,0,1,27
BRDA:,1,0,3
BRDA:,1,1,3
BRF:4
BRH:4
end_of_record
TN:
SF:/home/vanessa/Documenti/DTaaSNUOVO/DTaaS/client/src/preview/components/asset/DeleteButton.tsx
FN:,(anonymous_0)
FN:,DeleteButton
FN:,(anonymous_2)
FNF:3
FNH:3
FNDA:5,(anonymous_0)
FNDA:29,DeleteButton
FNDA:5,(anonymous_2)
DA:1,26
DA:3,26
DA:9,26
DA:12,5
DA:16,29
DA:21,5
DA:28,26
LF:7
LH:7
BRF:0
BRH:0
end_of_record
TN:
SF:/home/vanessa/Documenti/DTaaSNUOVO/DTaaS/client/src/preview/components/asset/DetailsButton.tsx
FN:,(anonymous_7)
FN:,(anonymous_8)
FN:,DetailsButton
FN:,(anonymous_10)
FNF:4
FNH:4
FNDA:3,(anonymous_7)
FNDA:3,(anonymous_8)
FNDA:29,DetailsButton
FNDA:3,(anonymous_10)
DA:1,26
DA:3,26
DA:4,26
DA:5,26
DA:13,26
DA:16,3
DA:17,3
DA:18,3
DA:22,29
DA:23,29
DA:28,3
DA:35,26
LF:12
LH:12
BRF:0
BRH:0
end_of_record
TN:
SF:/home/vanessa/Documenti/DTaaSNUOVO/DTaaS/client/src/preview/components/asset/LogButton.tsx
FN:,(anonymous_0)
FN:,(anonymous_1)
FN:,LogButton
FN:,(anonymous_3)
FNF:4
FNH:4
FNDA:6,(anonymous_0)
FNDA:4,(anonymous_1)
FNDA:11,LogButton
FNDA:6,(anonymous_3)
DA:1,27
DA:3,27
DA:10,27
DA:13,6
DA:17,11
DA:22,6
DA:30,27
LF:7
LH:7
BRF:0
BRH:0
end_of_record
TN:
SF:/home/vanessa/Documenti/DTaaSNUOVO/DTaaS/client/src/preview/components/asset/ReconfigureButton.tsx
FN:,(anonymous_0)
FN:,(anonymous_1)
FN:,ReconfigureButton
FN:,(anonymous_3)
FNF:4
FNH:4
FNDA:5,(anonymous_0)
FNDA:5,(anonymous_1)
FNDA:29,ReconfigureButton
FNDA:5,(anonymous_3)
DA:1,26
DA:2,26
DA:9,26
DA:12,5
DA:16,29
DA:21,5
DA:28,26
LF:7
LH:7
BRF:0
BRH:0
end_of_record
TN:
SF:/home/vanessa/Documenti/DTaaSNUOVO/DTaaS/client/src/preview/components/asset/StartStopButton.tsx
FN:,StartStopButton
FN:,(anonymous_1)
FNF:2
FNH:2
FNDA:12,StartStopButton
FNDA:4,(anonymous_1)
DA:1,27
DA:2,27
DA:3,27
DA:4,27
DA:5,27
DA:6,27
DA:22,12
DA:24,12
DA:25,12
DA:27,12
DA:37,4
DA:52,27
LF:12
LH:12
BRDA:,0,0,2
BRDA:,0,1,10
BRDA:,1,0,6
BRDA:,1,1,6
BRDA:,2,0,12
BRDA:,2,1,12
BRF:6
BRH:6
end_of_record
TN:
SF:/home/vanessa/Documenti/DTaaSNUOVO/DTaaS/client/src/preview/route/digitaltwins/DigitalTwinTabDataPreview.ts
FNF:0
FNH:0
DA:3,19
DA:22,19
LF:2
LH:2
BRF:0
BRH:0
end_of_record
TN:
SF:/home/vanessa/Documenti/DTaaSNUOVO/DTaaS/client/src/preview/route/digitaltwins/DigitalTwinsPreview.tsx
FN:,(anonymous_0)
FN:,(anonymous_1)
FN:,(anonymous_2)
FN:,(anonymous_3)
FN:,(anonymous_4)
FN:,(anonymous_5)
FN:,DigitalTwinsPreview
FNF:7
FNH:7
FNDA:2,(anonymous_0)
FNDA:8,(anonymous_1)
FNDA:6,(anonymous_2)
FNDA:2,(anonymous_3)
FNDA:2,(anonymous_4)
FNDA:6,(anonymous_5)
FNDA:2,DigitalTwinsPreview
DA:1,19
DA:2,19
DA:3,19
DA:4,19
DA:5,19
DA:6,19
DA:8,19
DA:9,19
DA:10,19
DA:11,19
DA:12,19
DA:19,19
DA:23,2
DA:26,8
DA:30,6
DA:49,19
DA:50,2
DA:51,2
DA:53,2
DA:54,2
DA:55,6
DA:66,2
DA:81,19
DA:82,2
LF:24
LH:24
BRDA:,0,0,8
BRDA:,0,1,6
BRDA:,0,2,4
BRDA:,1,0,2
BRDA:,1,1,4
BRF:5
BRH:5
end_of_record
TN:
SF:/home/vanessa/Documenti/DTaaSNUOVO/DTaaS/client/src/preview/route/digitaltwins/Snackbar.tsx
FN:,(anonymous_0)
FN:,(anonymous_1)
FN:,(anonymous_2)
FNF:3
FNH:3
FNDA:43,(anonymous_0)
FNDA:76,(anonymous_1)
FNDA:2,(anonymous_2)
DA:1,27
DA:2,27
DA:3,27
DA:4,27
DA:6,27
DA:8,27
DA:9,43
DA:11,43
DA:12,76
DA:15,43
DA:16,2
DA:19,43
DA:28,27
LF:13
LH:13
BRF:0
BRH:0
end_of_record
TN:
SF:/home/vanessa/Documenti/DTaaSNUOVO/DTaaS/client/src/preview/route/digitaltwins/create/ChangeFileNameDialog.tsx
FN:,(anonymous_0)
FN:,(anonymous_1)
FN:,(anonymous_2)
FN:,(anonymous_3)
FN:,(anonymous_4)
FN:,(anonymous_5)
FN:,(anonymous_6)
FNF:7
FNH:7
FNDA:22,(anonymous_0)
FNDA:29,(anonymous_1)
FNDA:11,(anonymous_2)
FNDA:2,(anonymous_3)
FNDA:2,(anonymous_4)
FNDA:2,(anonymous_5)
FNDA:2,(anonymous_6)
DA:1,22
DA:2,22
DA:11,22
DA:12,22
DA:13,22
DA:24,22
DA:31,22
DA:32,22
DA:34,29
DA:35,22
DA:37,22
DA:38,11
DA:41,22
DA:42,2
DA:43,2
DA:44,2
DA:47,22
DA:58,2
DA:64,2
DA:71,2
DA:91,22
LF:21
LH:21
BRF:0
BRH:0
end_of_record
TN:
SF:/home/vanessa/Documenti/DTaaSNUOVO/DTaaS/client/src/preview/route/digitaltwins/create/ConfirmDeleteDialog.tsx
FN:,(anonymous_0)
FN:,(anonymous_1)
FN:,(anonymous_2)
FN:,(anonymous_3)
FN:,(anonymous_4)
FN:,(anonymous_5)
FNF:6
FNH:6
FNDA:15,(anonymous_0)
FNDA:28,(anonymous_1)
FNDA:3,(anonymous_2)
FNDA:9,(anonymous_3)
FNDA:6,(anonymous_4)
FNDA:2,(anonymous_5)
DA:1,22
DA:3,22
DA:4,22
DA:8,22
DA:10,22
DA:21,22
DA:29,15
DA:31,28
DA:33,15
DA:34,3
DA:35,3
DA:36,3
DA:37,3
DA:38,3
DA:40,3
DA:41,9
DA:42,6
DA:44,9
DA:45,7
DA:56,3
DA:59,15
DA:65,2
DA:74,22
LF:23
LH:23
BRDA:,0,0,6
BRDA:,0,1,2
BRDA:,1,0,7
BRF:3
BRH:3
end_of_record
TN:
SF:/home/vanessa/Documenti/DTaaSNUOVO/DTaaS/client/src/preview/route/digitaltwins/create/CreateDTDialog.tsx
FN:,(anonymous_7)
FN:,(anonymous_8)
FN:,(anonymous_9)
FN:,(anonymous_10)
FN:,(anonymous_11)
FN:,(anonymous_12)
FN:,(anonymous_13)
FN:,(anonymous_14)
FN:,(anonymous_15)
FNF:9
FNH:9
FNDA:2,(anonymous_7)
FNDA:2,(anonymous_8)
FNDA:6,(anonymous_9)
FNDA:6,(anonymous_10)
FNDA:6,(anonymous_11)
FNDA:17,(anonymous_12)
FNDA:26,(anonymous_13)
FNDA:2,(anonymous_14)
FNDA:6,(anonymous_15)
DA:1,22
DA:3,22
DA:10,22
DA:11,22
DA:14,22
DA:15,22
DA:16,22
DA:21,22
DA:35,22
DA:39,2
DA:42,22
DA:48,2
DA:54,2
DA:55,2
DA:57,2
DA:60,22
DA:66,6
DA:67,6
DA:68,6
DA:69,6
DA:72,22
DA:82,6
DA:83,6
DA:85,4
DA:86,4
DA:88,4
DA:89,2
DA:91,2
DA:94,4
DA:100,4
DA:103,22
DA:114,26
DA:115,17
DA:117,17
DA:129,2
DA:141,6
DA:161,22
LF:37
LH:37
BRDA:,0,0,2
BRDA:,1,0,2
BRDA:,1,1,2
BRF:3
BRH:3
end_of_record
TN:
SF:/home/vanessa/Documenti/DTaaSNUOVO/DTaaS/client/src/preview/route/digitaltwins/create/CreateDialogs.tsx
FN:,(anonymous_0)
FNF:1
FNH:1
FNDA:11,(anonymous_0)
DA:1,21
DA:3,21
DA:4,21
DA:5,21
DA:6,21
DA:27,21
DA:28,11
DA:68,21
LF:8
LH:8
BRF:0
BRH:0
end_of_record
TN:
SF:/home/vanessa/Documenti/DTaaSNUOVO/DTaaS/client/src/preview/route/digitaltwins/create/CreatePage.tsx
FN:,DigitalTwinNameInput
FN:,ActionButtons
FN:,CreatePage
FN:,(anonymous_3)
FN:,(anonymous_4)
FN:,(anonymous_5)
FNF:6
FNH:6
FNDA:14,DigitalTwinNameInput
FNDA:14,ActionButtons
FNDA:14,CreatePage
FNDA:2,(anonymous_3)
FNDA:2,(anonymous_4)
FNDA:2,(anonymous_5)
DA:1,21
DA:2,21
DA:3,21
DA:4,21
DA:5,21
DA:6,21
DA:7,21
DA:21,14
DA:43,14
DA:72,14
DA:73,14
DA:74,14
DA:76,14
DA:77,14
DA:78,14
DA:79,14
DA:80,14
DA:82,14
DA:83,2
DA:86,14
DA:87,2
DA:88,2
DA:91,14
DA:109,2
DA:154,21
LF:25
LH:25
BRF:0
BRH:0
end_of_record
TN:
SF:/home/vanessa/Documenti/DTaaSNUOVO/DTaaS/client/src/preview/route/digitaltwins/create/DeleteFileDialog.tsx
FN:,(anonymous_0)
FN:,(anonymous_1)
FN:,(anonymous_2)
FNF:3
FNH:3
FNDA:12,(anonymous_0)
FNDA:2,(anonymous_1)
FNDA:2,(anonymous_2)
DA:1,22
DA:3,22
DA:4,22
DA:5,22
DA:15,22
DA:22,12
DA:24,12
DA:25,2
DA:26,2
DA:27,2
DA:28,2
DA:31,12
DA:38,2
DA:49,22
LF:14
LH:14
BRF:0
BRH:0
end_of_record
TN:
SF:/home/vanessa/Documenti/DTaaSNUOVO/DTaaS/client/src/preview/route/digitaltwins/create/FileActionButtons.tsx
FN:,FileActionButtons
FN:,(anonymous_1)
FN:,(anonymous_2)
FNF:3
FNH:3
FNDA:12,FileActionButtons
FNDA:2,(anonymous_1)
FNDA:2,(anonymous_2)
DA:1,22
DA:2,22
DA:3,22
DA:4,22
DA:15,12
DA:20,2
DA:28,2
DA:37,22
LF:8
LH:8
BRDA:,0,0,12
BRDA:,0,1,12
BRDA:,0,2,5
BRDA:,1,0,12
BRDA:,1,1,12
BRDA:,1,2,5
BRF:6
BRH:6
end_of_record
TN:
SF:/home/vanessa/Documenti/DTaaSNUOVO/DTaaS/client/src/preview/route/digitaltwins/editor/Editor.tsx
FN:,Editor
FN:,(anonymous_1)
FNF:2
FNH:2
FNDA:40,Editor
FNDA:2,(anonymous_1)
DA:1,28
DA:2,28
DA:3,28
DA:4,28
DA:5,28
DA:6,28
DA:29,40
DA:31,40
DA:32,2
DA:35,40
DA:101,28
LF:11
LH:11
BRDA:,0,0,40
BRDA:,0,1,38
BRDA:,1,0,40
BRDA:,1,1,2
BRF:4
BRH:4
end_of_record
TN:
SF:/home/vanessa/Documenti/DTaaSNUOVO/DTaaS/client/src/preview/route/digitaltwins/editor/EditorTab.tsx
FN:,(anonymous_0)
FN:,EditorTab
FN:,(anonymous_2)
FN:,(anonymous_3)
FNF:4
FNH:2
FNDA:0,(anonymous_0)
FNDA:48,EditorTab
FNDA:22,(anonymous_2)
FNDA:0,(anonymous_3)
DA:1,28
DA:2,28
DA:3,28
DA:4,28
DA:5,28
DA:14,28
DA:22,0
DA:23,0
DA:24,0
DA:26,0
DA:27,0
DA:36,0
DA:53,48
DA:54,48
DA:56,48
DA:57,22
DA:60,48
DA:67,0
DA:106,28
LF:19
LH:12
BRDA:,0,0,0
BRDA:,0,1,0
BRDA:,1,0,0
BRDA:,1,1,0
BRDA:,2,0,48
BRDA:,2,1,41
BRF:6
BRH:2
end_of_record
TN:
SF:/home/vanessa/Documenti/DTaaSNUOVO/DTaaS/client/src/preview/route/digitaltwins/editor/PreviewTab.tsx
FN:,PreviewTab
FNF:1
FNH:1
FNDA:10,PreviewTab
DA:1,29
DA:2,29
DA:3,29
DA:5,29
DA:6,29
DA:14,10
DA:15,3
DA:20,3
DA:22,3
DA:65,7
DA:66,2
DA:68,5
DA:69,3
DA:71,2
DA:74,29
LF:15
LH:15
BRDA:,0,0,3
BRDA:,1,0,2
BRDA:,2,0,3
BRDA:,3,0,5
BRDA:,3,1,3
BRF:5
BRH:5
end_of_record
TN:
SF:/home/vanessa/Documenti/DTaaSNUOVO/DTaaS/client/src/preview/route/digitaltwins/editor/Sidebar.tsx
FN:,(anonymous_7)
FN:,(anonymous_8)
FN:,(anonymous_9)
FN:,(anonymous_10)
FN:,(anonymous_11)
FN:,(anonymous_12)
FN:,(anonymous_13)
FNF:7
FNH:7
FNDA:52,(anonymous_7)
FNDA:69,(anonymous_8)
FNDA:69,(anonymous_9)
FNDA:23,(anonymous_10)
FNDA:16,(anonymous_11)
FNDA:16,(anonymous_12)
FNDA:3,(anonymous_13)
DA:1,28
DA:2,28
DA:3,28
DA:4,28
DA:5,28
DA:8,28
DA:9,28
DA:16,28
DA:26,28
DA:33,52
DA:34,52
DA:35,52
DA:36,52
DA:38,52
DA:39,69
DA:41,69
DA:42,52
DA:44,52
DA:45,23
DA:46,16
DA:47,16
DA:48,16
DA:50,16
DA:54,52
DA:55,13
DA:76,39
DA:93,3
DA:187,28
LF:28
LH:28
BRDA:,0,0,49
BRDA:,0,1,20
BRDA:,1,0,16
BRDA:,2,0,23
BRDA:,2,1,16
BRDA:,3,0,13
BRDA:,4,0,39
BRDA:,4,1,15
BRDA:,5,0,27
BRDA:,5,1,12
BRF:10
BRH:10
end_of_record
TN:
SF:/home/vanessa/Documenti/DTaaSNUOVO/DTaaS/client/src/preview/route/digitaltwins/editor/SidebarDialog.tsx
FN:,(anonymous_0)
FN:,(anonymous_1)
FN:,(anonymous_2)
FN:,(anonymous_3)
FNF:4
FNH:4
FNDA:43,(anonymous_0)
FNDA:2,(anonymous_1)
FNDA:2,(anonymous_2)
FNDA:2,(anonymous_3)
DA:1,30
DA:3,30
DA:13,30
DA:29,30
DA:39,43
DA:49,2
DA:56,2
DA:67,2
DA:85,30
LF:9
LH:9
BRDA:,0,0,43
BRDA:,0,1,7
BRF:2
BRH:2
end_of_record
TN:
SF:/home/vanessa/Documenti/DTaaSNUOVO/DTaaS/client/src/preview/route/digitaltwins/editor/sidebarFunctions.tsx
FN:,(anonymous_7)
FN:,(anonymous_8)
FN:,(anonymous_9)
FN:,(anonymous_10)
FN:,(anonymous_11)
FN:,(anonymous_12)
FN:,(anonymous_13)
FN:,(anonymous_14)
FN:,(anonymous_15)
FN:,(anonymous_16)
FN:,(anonymous_17)
FN:,(anonymous_18)
FN:,(anonymous_19)
FN:,(anonymous_20)
FN:,(anonymous_21)
FN:,(anonymous_22)
FN:,(anonymous_23)
FN:,(anonymous_24)
FN:,(anonymous_25)
FN:,(anonymous_26)
FN:,(anonymous_27)
FN:,(anonymous_28)
FN:,(anonymous_29)
FN:,(anonymous_30)
FNF:24
FNH:24
FNDA:55,(anonymous_7)
FNDA:16,(anonymous_8)
FNDA:16,(anonymous_9)
FNDA:10,(anonymous_10)
FNDA:82,(anonymous_11)
FNDA:34,(anonymous_12)
FNDA:4,(anonymous_13)
FNDA:37,(anonymous_14)
FNDA:51,(anonymous_15)
FNDA:17,(anonymous_16)
FNDA:37,(anonymous_17)
FNDA:16,(anonymous_18)
FNDA:1,(anonymous_19)
FNDA:1,(anonymous_20)
FNDA:1,(anonymous_21)
FNDA:9,(anonymous_22)
FNDA:6,(anonymous_23)
FNDA:7,(anonymous_24)
FNDA:7,(anonymous_25)
FNDA:9,(anonymous_26)
FNDA:2,(anonymous_27)
FNDA:2,(anonymous_28)
FNDA:7,(anonymous_29)
FNDA:6,(anonymous_30)
DA:1,32
DA:5,32
DA:6,32
DA:8,32
DA:9,55
DA:10,55
DA:11,23
DA:12,18
DA:13,5
DA:16,32
DA:17,16
DA:18,16
DA:19,16
DA:22,32
DA:31,10
DA:32,2
DA:39,8
DA:40,8
DA:51,32
DA:61,82
DA:66,34
DA:71,4
DA:86,32
DA:87,37
DA:89,51
DA:91,17
DA:93,32
DA:104,37
DA:106,16
DA:111,1
DA:126,32
DA:133,1
DA:134,1
DA:135,1
DA:145,32
DA:153,9
DA:154,6
DA:156,9
DA:157,3
DA:165,6
DA:175,32
DA:181,7
DA:182,7
DA:183,7
DA:184,5
DA:185,5
DA:194,2
DA:198,32
DA:205,9
DA:206,9
DA:207,9
DA:210,32
DA:213,2
DA:216,32
DA:221,2
DA:222,2
DA:223,2
DA:226,32
DA:234,7
DA:235,6
DA:238,7
DA:239,2
DA:240,2
DA:243,5
DA:244,2
DA:245,2
DA:248,3
DA:249,3
DA:251,3
DA:261,3
DA:262,3
LF:71
LH:71
BRDA:,0,0,0
BRDA:,0,1,55
BRDA:,1,0,55
BRDA:,1,1,55
BRDA:,2,0,32
BRDA:,3,0,18
BRDA:,4,0,23
BRDA:,4,1,22
BRDA:,4,2,21
BRDA:,5,0,2
BRDA:,5,1,8
BRDA:,6,0,8
BRDA:,7,0,51
BRDA:,7,1,47
BRDA:,8,0,1
BRDA:,8,1,1
BRDA:,9,0,1
BRDA:,10,0,6
BRDA:,10,1,3
BRDA:,10,2,3
BRDA:,11,0,3
BRDA:,11,1,6
BRDA:,12,0,5
BRDA:,13,0,2
BRDA:,14,0,2
BRF:25
BRH:24
end_of_record
TN:
SF:/home/vanessa/Documenti/DTaaSNUOVO/DTaaS/client/src/preview/route/digitaltwins/execute/LogDialog.tsx
FN:,(anonymous_0)
FN:,LogDialog
FN:,(anonymous_2)
FN:,(anonymous_3)
FNF:4
FNH:4
FNDA:2,(anonymous_0)
FNDA:8,LogDialog
FNDA:5,(anonymous_2)
FNDA:2,(anonymous_3)
DA:1,26
DA:3,26
DA:11,26
DA:12,26
DA:13,26
DA:21,26
DA:22,2
DA:26,8
DA:28,8
DA:35,5
DA:48,2
DA:56,26
LF:12
LH:12
BRDA:,0,0,5
BRDA:,0,1,3
BRF:2
BRH:2
end_of_record
TN:
SF:/home/vanessa/Documenti/DTaaSNUOVO/DTaaS/client/src/preview/route/digitaltwins/execute/pipelineChecks.ts
FN:,(anonymous_7)
FN:,(anonymous_8)
FN:,(anonymous_9)
FN:,(anonymous_10)
FN:,(anonymous_11)
FN:,(anonymous_12)
FN:,(anonymous_13)
FN:,(anonymous_14)
FN:,(anonymous_15)
FN:,(anonymous_16)
FN:,(anonymous_17)
FNF:11
FNH:11
FNDA:4,(anonymous_7)
FNDA:4,(anonymous_8)
FNDA:6,(anonymous_9)
FNDA:8,(anonymous_10)
FNDA:6,(anonymous_11)
FNDA:14,(anonymous_12)
FNDA:14,(anonymous_13)
FNDA:6,(anonymous_14)
FNDA:6,(anonymous_15)
FNDA:8,(anonymous_16)
FNDA:8,(anonymous_17)
DA:3,28
DA:4,28
DA:8,28
DA:17,28
DA:18,28
DA:19,4
DA:20,4
DA:23,28
DA:24,6
DA:26,28
DA:32,8
DA:38,8
DA:39,8
DA:42,28
DA:43,6
DA:44,6
DA:47,28
DA:55,14
DA:56,14
DA:61,14
DA:62,2
DA:69,12
DA:70,2
DA:74,2
DA:81,10
DA:82,4
DA:89,6
DA:90,2
DA:100,28
DA:107,6
DA:108,6
DA:109,6
DA:116,6
DA:117,2
DA:126,28
DA:134,8
DA:135,8
DA:136,8
DA:141,8
DA:142,4
DA:150,4
DA:151,2
DA:158,2
DA:159,2
LF:44
LH:44
BRDA:,0,0,2
BRDA:,0,1,12
BRDA:,1,0,2
BRDA:,1,1,10
BRDA:,2,0,4
BRDA:,2,1,6
BRDA:,3,0,2
BRDA:,4,0,4
BRDA:,4,1,4
BRDA:,5,0,8
BRDA:,5,1,4
BRDA:,6,0,2
BRDA:,6,1,2
BRF:13
BRH:13
end_of_record
TN:
SF:/home/vanessa/Documenti/DTaaSNUOVO/DTaaS/client/src/preview/route/digitaltwins/execute/pipelineHandler.ts
FN:,(anonymous_7)
FN:,(anonymous_8)
FN:,(anonymous_9)
FN:,(anonymous_10)
FN:,(anonymous_11)
FN:,(anonymous_12)
FN:,(anonymous_13)
FNF:7
FNH:7
FNDA:5,(anonymous_7)
FNDA:6,(anonymous_8)
FNDA:6,(anonymous_9)
FNDA:4,(anonymous_10)
FNDA:4,(anonymous_11)
FNDA:2,(anonymous_12)
FNDA:2,(anonymous_13)
DA:2,27
DA:4,27
DA:5,27
DA:10,27
DA:12,27
DA:19,5
DA:20,3
DA:28,2
DA:32,27
DA:38,6
DA:39,6
DA:40,4
DA:41,4
DA:42,4
DA:43,4
DA:44,4
DA:50,4
DA:52,2
DA:56,27
DA:60,4
DA:61,4
DA:62,4
DA:63,2
DA:72,2
DA:79,4
DA:83,27
DA:84,2
DA:85,2
DA:89,2
LF:29
LH:29
BRDA:,0,0,3
BRDA:,0,1,2
BRDA:,1,0,4
BRDA:,1,1,2
BRDA:,2,0,2
BRDA:,3,0,2
BRDA:,3,1,2
BRF:7
BRH:7
end_of_record
TN:
SF:/home/vanessa/Documenti/DTaaSNUOVO/DTaaS/client/src/preview/route/digitaltwins/execute/pipelineUtils.ts
FN:,(anonymous_7)
FN:,(anonymous_8)
FN:,(anonymous_9)
FN:,(anonymous_10)
FN:,(anonymous_11)
FN:,(anonymous_12)
FN:,(anonymous_13)
FN:,(anonymous_14)
FN:,(anonymous_15)
FN:,(anonymous_16)
FNF:10
FNH:10
FNDA:7,(anonymous_7)
FNDA:7,(anonymous_8)
FNDA:4,(anonymous_9)
FNDA:2,(anonymous_10)
FNDA:4,(anonymous_11)
FNDA:2,(anonymous_12)
FNDA:2,(anonymous_13)
FNDA:2,(anonymous_14)
FNDA:2,(anonymous_15)
FNDA:2,(anonymous_16)
DA:2,27
DA:4,27
DA:10,27
DA:12,27
DA:16,7
DA:17,7
DA:19,7
DA:22,7
DA:29,7
DA:32,27
DA:36,4
DA:42,4
DA:50,27
DA:57,2
DA:58,2
DA:64,2
DA:70,2
DA:71,2
DA:74,27
DA:79,4
DA:80,4
DA:86,4
DA:94,27
DA:97,2
DA:98,2
DA:102,2
DA:103,2
DA:107,2
DA:108,2
DA:117,2
DA:123,2
DA:125,2
LF:32
LH:32
BRDA:,0,0,2
BRDA:,0,1,5
BRDA:,1,0,2
BRDA:,1,1,5
BRDA:,2,0,2
BRF:5
BRH:5
end_of_record
TN:
SF:/home/vanessa/Documenti/DTaaSNUOVO/DTaaS/client/src/preview/route/digitaltwins/manage/DeleteDialog.tsx
FN:,(anonymous_7)
FN:,(anonymous_8)
FN:,(anonymous_9)
FN:,DeleteDialog
FN:,(anonymous_11)
FN:,(anonymous_12)
FNF:6
FNH:6
FNDA:2,(anonymous_7)
FNDA:4,(anonymous_8)
FNDA:4,(anonymous_9)
FNDA:30,DeleteDialog
FNDA:2,(anonymous_11)
FNDA:4,(anonymous_12)
DA:1,25
DA:3,25
DA:10,25
DA:11,25
DA:12,25
DA:13,25
DA:22,25
DA:25,2
DA:28,25
DA:33,4
DA:34,4
DA:35,4
DA:36,4
DA:37,4
DA:51,30
DA:52,30
DA:53,30
DA:64,2
DA:71,4
DA:81,25
LF:20
LH:20
BRDA:,0,0,2
BRDA:,0,1,2
BRF:2
BRH:2
end_of_record
TN:
SF:/home/vanessa/Documenti/DTaaSNUOVO/DTaaS/client/src/preview/route/digitaltwins/manage/DetailsDialog.tsx
FN:,(anonymous_0)
FN:,DetailsDialog
FN:,(anonymous_2)
FNF:3
FNH:3
FNDA:2,(anonymous_0)
FNDA:28,DetailsDialog
FNDA:2,(anonymous_2)
DA:1,25
DA:3,25
DA:4,25
DA:5,25
DA:7,25
DA:8,25
DA:9,25
DA:17,25
DA:20,2
DA:28,28
DA:30,28
DA:35,28
DA:49,2
DA:80,25
LF:14
LH:14
BRF:0
BRH:0
end_of_record
TN:
SF:/home/vanessa/Documenti/DTaaSNUOVO/DTaaS/client/src/preview/route/digitaltwins/manage/ReconfigureDialog.tsx
FN:,(anonymous_7)
FN:,ReconfigureDialog
FN:,(anonymous_9)
FN:,(anonymous_10)
FN:,(anonymous_11)
FN:,(anonymous_12)
FN:,(anonymous_13)
FN:,(anonymous_14)
FN:,(anonymous_15)
FN:,(anonymous_16)
FN:,(anonymous_17)
FN:,(anonymous_18)
FN:,(anonymous_19)
FN:,(anonymous_20)
FN:,(anonymous_21)
FN:,(anonymous_22)
FN:,(anonymous_23)
FNF:17
FNH:15
FNDA:2,(anonymous_7)
FNDA:47,ReconfigureDialog
FNDA:4,(anonymous_9)
FNDA:3,(anonymous_10)
FNDA:0,(anonymous_11)
FNDA:1,(anonymous_12)
FNDA:4,(anonymous_13)
FNDA:4,(anonymous_14)
FNDA:2,(anonymous_15)
FNDA:4,(anonymous_16)
FNDA:4,(anonymous_17)
FNDA:10,(anonymous_18)
FNDA:10,(anonymous_19)
FNDA:4,(anonymous_20)
FNDA:47,(anonymous_21)
FNDA:0,(anonymous_22)
FNDA:94,(anonymous_23)
DA:4,25
DA:5,25
DA:6,25
DA:14,25
DA:15,25
DA:20,25
DA:24,25
DA:25,25
DA:26,25
DA:34,25
DA:37,2
DA:45,47
DA:46,47
DA:47,47
DA:48,47
DA:49,47
DA:50,47
DA:51,47
DA:52,47
DA:54,47
DA:55,47
DA:56,47
DA:57,47
DA:59,47
DA:60,4
DA:61,4
DA:62,4
DA:65,47
DA:66,2
DA:67,2
DA:68,2
DA:71,47
DA:104,25
DA:109,4
DA:110,4
DA:111,8
DA:114,4
DA:115,4
DA:118,25
DA:122,10
DA:123,10
DA:124,10
DA:126,8
DA:127,4
DA:135,2
DA:144,25
DA:148,4
DA:156,25
DA:181,47
DA:183,0
DA:218,25
DA:229,94
DA:240,25
LF:53
LH:52
BRDA:,0,0,4
BRF:1
BRH:1
end_of_record
TN:
SF:/home/vanessa/Documenti/DTaaSNUOVO/DTaaS/client/src/preview/store/assets.slice.ts
FN:,(anonymous_0)
FN:,(anonymous_1)
FN:,(anonymous_2)
FNF:3
FNH:3
FNDA:21,(anonymous_0)
FNDA:3,(anonymous_1)
FNDA:3,(anonymous_2)
DA:1,42
DA:8,42
DA:12,42
DA:17,21
DA:20,3
DA:21,3
DA:27,42
DA:29,42
LF:8
LH:8
BRF:0
BRH:0
end_of_record
TN:
SF:/home/vanessa/Documenti/DTaaSNUOVO/DTaaS/client/src/preview/store/digitalTwin.slice.ts
FN:,(anonymous_0)
FN:,(anonymous_1)
FN:,(anonymous_2)
FN:,(anonymous_3)
FN:,(anonymous_4)
FN:,(anonymous_5)
FN:,(anonymous_6)
FNF:7
FNH:7
FNDA:51,(anonymous_0)
FNDA:5,(anonymous_1)
FNDA:6,(anonymous_2)
FNDA:7,(anonymous_3)
FNDA:2,(anonymous_4)
FNDA:284,(anonymous_5)
FNDA:319,(anonymous_6)
DA:1,51
DA:10,51
DA:12,51
DA:20,51
DA:26,5
DA:27,5
DA:28,5
DA:35,6
DA:36,6
DA:37,5
DA:44,7
DA:45,7
DA:46,6
DA:53,2
DA:54,2
DA:55,2
DA:61,284
DA:62,319
DA:64,51
DA:71,51
LF:20
LH:20
BRDA:,0,0,5
BRDA:,1,0,5
BRDA:,2,0,6
BRDA:,3,0,2
BRF:4
BRH:4
end_of_record
TN:
SF:/home/vanessa/Documenti/DTaaSNUOVO/DTaaS/client/src/preview/store/file.slice.ts
FN:,(anonymous_1)
FN:,(anonymous_2)
FN:,(anonymous_3)
FN:,(anonymous_4)
FN:,(anonymous_5)
FN:,(anonymous_6)
FN:,(anonymous_7)
FN:,(anonymous_8)
FN:,(anonymous_9)
FN:,(anonymous_10)
FN:,(anonymous_11)
FN:,(anonymous_12)
FN:,(anonymous_13)
FN:,(anonymous_14)
FN:,(anonymous_15)
FN:,(anonymous_16)
FN:,(anonymous_17)
FN:,(anonymous_18)
FNF:18
FNH:18
FNDA:41,(anonymous_1)
FNDA:21,(anonymous_2)
FNDA:4,(anonymous_3)
FNDA:6,(anonymous_4)
FNDA:3,(anonymous_5)
FNDA:5,(anonymous_6)
FNDA:1,(anonymous_7)
FNDA:1,(anonymous_8)
FNDA:2,(anonymous_9)
FNDA:1,(anonymous_10)
FNDA:5,(anonymous_11)
FNDA:6,(anonymous_12)
FNDA:2,(anonymous_13)
FNDA:4,(anonymous_14)
FNDA:1,(anonymous_15)
FNDA:23,(anonymous_16)
FNDA:14,(anonymous_17)
FNDA:15,(anonymous_18)
DA:1,57
DA:12,57
DA:14,57
DA:19,41
DA:21,41
DA:23,40
DA:24,21
DA:27,40
DA:28,7
DA:35,33
DA:43,4
DA:44,6
DA:46,4
DA:47,3
DA:48,3
DA:50,3
DA:51,3
DA:52,1
DA:53,2
DA:54,1
DA:56,1
DA:62,3
DA:63,5
DA:65,3
DA:66,1
DA:67,1
DA:68,1
DA:74,2
DA:75,2
DA:76,1
DA:81,5
DA:83,5
DA:84,6
DA:87,5
DA:88,4
DA:89,2
DA:90,2
DA:91,2
DA:95,5
DA:96,5
DA:100,1
DA:105,57
DA:106,23
DA:107,15
DA:110,57
DA:118,57
LF:46
LH:46
BRDA:,0,0,1
BRDA:,1,0,21
BRDA:,1,1,7
BRDA:,2,0,7
BRDA:,2,1,33
BRDA:,3,0,3
BRDA:,4,0,1
BRDA:,4,1,2
BRDA:,5,0,1
BRDA:,5,1,1
BRDA:,6,0,5
BRDA:,6,1,1
BRDA:,7,0,1
BRDA:,7,1,1
BRDA:,8,0,1
BRDA:,9,0,1
BRDA:,10,0,2
BRF:17
BRH:17
end_of_record
TN:
SF:/home/vanessa/Documenti/DTaaSNUOVO/DTaaS/client/src/preview/store/snackbar.slice.ts
FN:,(anonymous_0)
FN:,(anonymous_1)
FNF:2
FNH:2
FNDA:17,(anonymous_0)
FNDA:2,(anonymous_1)
DA:2,47
DA:10,47
DA:16,47
DA:24,17
DA:25,17
DA:26,17
DA:29,2
DA:30,2
DA:31,2
DA:36,47
DA:37,47
LF:11
LH:11
BRF:0
BRH:0
end_of_record
TN:
SF:/home/vanessa/Documenti/DTaaSNUOVO/DTaaS/client/src/preview/util/DTAssets.ts
FN:,(anonymous_7)
FN:,getFilePath
FN:,(anonymous_9)
FN:,(anonymous_10)
FN:,(anonymous_12)
FN:,(anonymous_14)
FN:,(anonymous_16)
FN:,(anonymous_18)
FN:,(anonymous_20)
FN:,(anonymous_22)
FNF:10
FNH:10
FNDA:40,(anonymous_7)
FNDA:4,getFilePath
FNDA:68,(anonymous_9)
FNDA:3,(anonymous_10)
FNDA:4,(anonymous_12)
FNDA:3,(anonymous_14)
FNDA:6,(anonymous_16)
FNDA:4,(anonymous_18)
FNDA:8,(anonymous_20)
FNDA:36,(anonymous_22)
DA:6,40
DA:8,40
DA:9,40
DA:10,40
DA:11,40
DA:14,40
DA:19,4
DA:30,68
DA:31,68
DA:32,68
DA:40,3
DA:41,4
DA:42,4
DA:43,4
DA:44,4
DA:53,4
DA:55,4
DA:59,4
DA:61,4
DA:65,3
DA:67,3
DA:68,3
DA:70,2
DA:71,2
DA:72,1
DA:75,1
DA:87,1
DA:89,1
DA:90,1
DA:96,1
DA:98,1
DA:103,6
DA:105,6
DA:106,6
DA:108,2
DA:113,2
DA:115,2
DA:116,1
DA:117,1
DA:123,1
DA:125,1
DA:127,4
DA:132,4
DA:133,4
DA:137,8
DA:139,8
DA:143,8
DA:145,4
DA:149,36
DA:153,40
LF:50
LH:50
BRDA:,0,0,40
BRDA:,0,1,40
BRDA:,1,0,1
BRDA:,1,1,3
BRDA:,2,0,4
BRDA:,3,0,1
BRDA:,3,1,3
BRDA:,4,0,3
BRDA:,4,1,1
BRDA:,5,0,1
BRDA:,6,0,1
BRDA:,6,1,1
BRDA:,7,0,1
BRDA:,7,1,7
BRF:14
BRH:14
end_of_record
TN:
SF:/home/vanessa/Documenti/DTaaSNUOVO/DTaaS/client/src/preview/util/digitalTwin.ts
FN:,(anonymous_7)
FN:,(anonymous_8)
FN:,(anonymous_9)
FN:,(anonymous_10)
FN:,(anonymous_12)
FN:,(anonymous_14)
FN:,(anonymous_15)
FN:,(anonymous_17)
FN:,(anonymous_19)
FN:,(anonymous_21)
FN:,(anonymous_23)
FN:,(anonymous_25)
FN:,(anonymous_27)
FN:,(anonymous_29)
FNF:14
FNH:14
FNDA:116,(anonymous_7)
FNDA:116,(anonymous_8)
FNDA:61,(anonymous_9)
FNDA:2,(anonymous_10)
FNDA:5,(anonymous_12)
FNDA:1,(anonymous_14)
FNDA:2,(anonymous_15)
FNDA:4,(anonymous_17)
FNDA:3,(anonymous_19)
FNDA:3,(anonymous_21)
FNDA:5,(anonymous_23)
FNDA:12,(anonymous_25)
FNDA:12,(anonymous_27)
FNDA:12,(anonymous_29)
DA:1,38
DA:4,38
DA:5,38
DA:7,38
DA:9,38
DA:10,116
DA:15,61
DA:17,61
DA:23,61
DA:25,61
DA:27,61
DA:29,61
DA:31,61
DA:33,61
DA:35,61
DA:37,61
DA:40,61
DA:41,61
DA:42,61
DA:46,2
DA:47,2
DA:49,2
DA:50,1
DA:52,1
DA:58,5
DA:59,4
DA:60,4
DA:61,4
DA:62,1
DA:65,1
DA:66,1
DA:70,3
DA:73,1
DA:78,2
DA:79,2
DA:88,4
DA:89,2
DA:90,2
DA:93,2
DA:94,2
DA:95,1
DA:96,1
DA:97,1
DA:99,1
DA:100,1
DA:106,3
DA:107,3
DA:108,3
DA:109,2
DA:114,2
DA:116,1
DA:122,1
DA:127,3
DA:128,1
DA:131,2
DA:132,2
DA:134,2
DA:135,2
DA:140,1
DA:141,1
DA:143,1
DA:148,5
DA:149,4
DA:150,4
DA:152,2
DA:154,2
DA:157,1
DA:161,12
DA:167,12
DA:171,12
DA:175,38
LF:71
LH:71
BRDA:,0,0,2
BRDA:,1,0,4
BRDA:,1,1,1
BRDA:,2,0,2
BRDA:,3,0,2
BRDA:,3,1,1
BRDA:,4,0,1
BRDA:,5,0,4
BRF:8
BRH:8
end_of_record
TN:
SF:/home/vanessa/Documenti/DTaaSNUOVO/DTaaS/client/src/preview/util/digitalTwinUtils.ts
FN:,isValidInstance
FN:,logSuccess
FN:,logError
FNF:3
FNH:3
FNDA:1,isValidInstance
FNDA:2,logSuccess
FNDA:3,logError
DA:5,38
DA:6,1
DA:12,38
DA:13,2
DA:18,2
DA:21,38
DA:26,3
DA:32,3
LF:8
LH:8
BRDA:,0,0,1
BRDA:,0,1,1
BRF:2
BRH:2
end_of_record
TN:
SF:/home/vanessa/Documenti/DTaaSNUOVO/DTaaS/client/src/preview/util/fileHandler.ts
FN:,isValidFileType
FN:,(anonymous_8)
FN:,(anonymous_9)
FN:,(anonymous_11)
FN:,(anonymous_13)
FN:,(anonymous_15)
FN:,(anonymous_17)
FN:,(anonymous_19)
FN:,(anonymous_20)
FNF:9
FNH:9
FNDA:14,isValidFileType
FNDA:66,(anonymous_8)
FNDA:3,(anonymous_9)
FNDA:3,(anonymous_11)
FNDA:5,(anonymous_13)
FNDA:14,(anonymous_15)
FNDA:37,(anonymous_17)
FNDA:14,(anonymous_19)
FNDA:5,(anonymous_20)
DA:4,39
DA:6,39
DA:10,14
DA:18,14
DA:27,66
DA:28,66
DA:36,3
DA:50,3
DA:60,5
DA:69,14
DA:74,9
DA:78,37
DA:84,37
DA:86,37
DA:94,4
DA:95,14
DA:96,5
DA:98,33
DA:103,39
LF:19
LH:19
BRDA:,0,0,14
BRDA:,0,1,11
BRDA:,1,0,14
BRDA:,1,1,11
BRDA:,2,0,14
BRDA:,2,1,11
BRF:6
BRH:6
end_of_record
TN:
SF:/home/vanessa/Documenti/DTaaSNUOVO/DTaaS/client/src/preview/util/fileUtils.ts
FN:,(anonymous_0)
FN:,(anonymous_1)
FN:,(anonymous_2)
FN:,(anonymous_3)
FN:,(anonymous_4)
FN:,(anonymous_5)
FN:,(anonymous_6)
FN:,(anonymous_7)
FN:,(anonymous_8)
FN:,(anonymous_9)
FN:,(anonymous_10)
FNF:11
FNH:11
FNDA:12,(anonymous_0)
FNDA:12,(anonymous_1)
FNDA:4,(anonymous_2)
FNDA:2,(anonymous_3)
FNDA:4,(anonymous_4)
FNDA:1,(anonymous_5)
FNDA:1,(anonymous_6)
FNDA:2,(anonymous_7)
FNDA:2,(anonymous_8)
FNDA:4,(anonymous_9)
FNDA:4,(anonymous_10)
DA:1,28
DA:9,28
DA:10,12
DA:11,28
DA:12,12
DA:14,28
DA:20,28
DA:21,4
DA:22,4
DA:25,28
DA:29,2
DA:30,4
DA:31,1
DA:33,2
DA:34,1
DA:37,1
DA:39,1
DA:42,28
DA:47,1
DA:48,2
DA:49,1
DA:62,28
DA:72,4
DA:73,4
DA:76,4
DA:77,1
DA:78,1
DA:81,3
DA:82,1
DA:83,1
DA:86,2
DA:87,2
DA:88,2
DA:90,2
DA:91,2
DA:93,2
LF:36
LH:36
BRDA:,0,0,1
BRDA:,0,1,3
BRDA:,1,0,4
BRDA:,1,1,4
BRDA:,2,0,1
BRDA:,3,0,1
BRDA:,4,0,1
BRDA:,5,0,1
BRF:8
BRH:8
end_of_record
TN:
SF:/home/vanessa/Documenti/DTaaSNUOVO/DTaaS/client/src/preview/util/gitlab.ts
FN:,(anonymous_7)
FN:,(anonymous_8)
FN:,(anonymous_10)
FN:,(anonymous_12)
FN:,(anonymous_13)
FN:,(anonymous_15)
FN:,(anonymous_17)
FN:,(anonymous_18)
FN:,(anonymous_19)
FN:,(anonymous_20)
FN:,(anonymous_21)
FN:,(anonymous_23)
FN:,(anonymous_25)
FNF:13
FNH:13
FNDA:29,(anonymous_7)
FNDA:3,(anonymous_8)
FNDA:3,(anonymous_10)
FNDA:2,(anonymous_12)
FNDA:2,(anonymous_13)
FNDA:1,(anonymous_15)
FNDA:3,(anonymous_17)
FNDA:2,(anonymous_18)
FNDA:2,(anonymous_19)
FNDA:1,(anonymous_20)
FNDA:1,(anonymous_21)
FNDA:1,(anonymous_23)
FNDA:1,(anonymous_25)
DA:1,22
DA:4,22
DA:5,22
DA:23,29
DA:25,29
DA:28,29
DA:29,29
DA:33,29
DA:34,29
DA:38,3
DA:39,3
DA:41,3
DA:42,2
DA:43,2
DA:48,3
DA:50,3
DA:51,3
DA:52,3
DA:54,3
DA:55,2
DA:57,3
DA:61,2
DA:63,2
DA:65,2
DA:66,1
DA:68,2
DA:72,1
DA:77,1
DA:79,3
DA:80,2
DA:86,1
DA:87,1
DA:91,1
DA:98,1
DA:99,1
DA:103,1
DA:104,1
DA:111,1
DA:112,1
DA:116,22
LF:40
LH:40
BRDA:,0,0,2
BRDA:,1,0,2
BRDA:,2,0,1
BRDA:,3,0,2
BRDA:,3,1,2
BRDA:,4,0,3
BRDA:,4,1,2
BRF:7
BRH:7
end_of_record
TN:
SF:/home/vanessa/Documenti/DTaaSNUOVO/DTaaS/client/src/preview/util/init.ts
FN:,(anonymous_7)
FN:,(anonymous_8)
FN:,(anonymous_9)
FN:,(anonymous_10)
FN:,initDigitalTwin
FNF:5
FNH:2
FNDA:3,(anonymous_7)
FNDA:3,(anonymous_8)
FNDA:0,(anonymous_9)
FNDA:0,(anonymous_10)
FNDA:0,initDigitalTwin
DA:3,21
DA:4,21
DA:5,21
DA:6,21
DA:7,21
DA:9,21
DA:15,21
DA:18,3
DA:19,3
DA:20,3
DA:21,3
DA:22,3
DA:25,3
DA:27,3
DA:28,0
DA:29,0
DA:30,0
DA:33,0
DA:36,3
DA:40,21
DA:43,0
DA:48,0
DA:49,0
LF:23
LH:16
BRDA:,0,0,21
BRDA:,0,1,21
BRDA:,1,0,21
BRDA:,1,1,21
BRDA:,2,0,3
BRDA:,2,1,0
BRDA:,3,0,0
BRDA:,3,1,0
BRDA:,4,0,0
BRDA:,4,1,0
BRF:10
BRH:5
end_of_record
TN:
SF:/home/vanessa/Documenti/DTaaSNUOVO/DTaaS/client/src/route/auth/Account.tsx
FN:,AccountContent
FN:,(anonymous_1)
FN:,Account
FNF:3
FNH:3
FNDA:12,AccountContent
FNDA:24,(anonymous_1)
FNDA:12,Account
DA:1,17
DA:2,17
DA:3,17
DA:5,17
DA:8,24
DA:13,12
DA:20,17
DA:21,12
LF:8
LH:8
BRF:0
BRH:0
end_of_record
TN:
SF:/home/vanessa/Documenti/DTaaSNUOVO/DTaaS/client/src/route/auth/AccountTabData.tsx
FN:,ListGroups
FN:,(anonymous_1)
FN:,(anonymous_2)
FN:,GroupParagraph
FN:,ProfileTab
FN:,SettingsTab
FNF:6
FNH:6
FNDA:9,ListGroups
FNDA:22,(anonymous_1)
FNDA:13,(anonymous_2)
FNDA:12,GroupParagraph
FNDA:12,ProfileTab
FNDA:2,SettingsTab
DA:1,17
DA:2,17
DA:6,9
DA:7,22
DA:10,9
DA:11,9
DA:12,3
DA:15,6
DA:16,6
DA:18,13
DA:19,6
DA:23,6
DA:27,12
DA:28,12
DA:29,3
DA:36,9
DA:37,9
DA:38,9
DA:47,12
DA:48,12
DA:49,12
DA:50,12
DA:52,12
DA:53,12
DA:54,12
DA:55,12
DA:57,12
DA:73,2
DA:74,2
DA:87,17
DA:98,17
LF:31
LH:31
BRDA:,0,0,3
BRDA:,1,0,3
BRDA:,2,0,6
BRDA:,2,1,3
BRDA:,3,0,12
BRDA:,3,1,0
BRDA:,4,0,12
BRDA:,4,1,12
BRDA:,5,0,0
BRDA:,5,1,12
BRDA:,6,0,12
BRDA:,6,1,12
BRDA:,7,0,0
BRDA:,7,1,12
BRDA:,8,0,12
BRDA:,8,1,12
BRDA:,9,0,0
BRDA:,9,1,12
BRDA:,10,0,12
BRDA:,10,1,12
BRDA:,11,0,12
BRDA:,11,1,0
BRDA:,12,0,12
BRDA:,12,1,12
BRDA:,13,0,0
BRDA:,13,1,12
BRDA:,14,0,12
BRDA:,14,1,12
BRDA:,15,0,2
BRDA:,15,1,10
BRDA:,16,0,0
BRDA:,16,1,2
BRDA:,17,0,2
BRDA:,17,1,2
BRF:34
BRH:27
end_of_record
TN:
SF:/home/vanessa/Documenti/DTaaSNUOVO/DTaaS/client/src/route/auth/AuthProvider.tsx
FN:,(anonymous_0)
FNF:1
FNH:1
FNDA:55,(anonymous_0)
DA:1,11
DA:2,11
DA:3,11
DA:9,11
DA:10,55
DA:11,55
DA:12,27
DA:14,28
DA:17,11
LF:9
LH:9
BRDA:,0,0,27
BRF:1
BRH:1
end_of_record
TN:
SF:/home/vanessa/Documenti/DTaaSNUOVO/DTaaS/client/src/route/auth/PrivateRoute.tsx
FN:,(anonymous_0)
FN:,(anonymous_1)
FNF:2
FNH:2
FNDA:53,(anonymous_0)
FNDA:53,(anonymous_1)
DA:1,17
DA:3,17
DA:4,17
DA:5,17
DA:11,17
DA:12,53
DA:13,53
DA:16,53
DA:17,53
DA:18,24
DA:19,24
DA:20,24
DA:22,0
DA:27,53
DA:28,1
DA:29,52
DA:30,3
DA:36,49
DA:37,3
DA:38,46
DA:39,46
DA:41,0
DA:44,53
DA:47,17
LF:24
LH:22
BRDA:,0,0,24
BRDA:,1,0,53
BRDA:,1,1,48
BRDA:,2,0,24
BRDA:,2,1,0
BRDA:,3,0,24
BRDA:,3,1,24
BRDA:,4,0,1
BRDA:,4,1,52
BRDA:,5,0,3
BRDA:,5,1,49
BRDA:,6,0,3
BRDA:,6,1,46
BRDA:,7,0,46
BRDA:,7,1,0
BRF:15
BRH:13
end_of_record
TN:
SF:/home/vanessa/Documenti/DTaaSNUOVO/DTaaS/client/src/route/auth/Signin.tsx
FN:,SignIn
FN:,(anonymous_1)
FNF:2
FNH:2
FNDA:6,SignIn
FNDA:1,(anonymous_1)
DA:1,10
DA:2,10
DA:3,10
DA:4,10
DA:6,10
DA:7,10
DA:10,6
DA:12,6
DA:13,1
DA:16,6
DA:67,10
LF:11
LH:11
BRF:0
BRH:0
end_of_record
TN:
SF:/home/vanessa/Documenti/DTaaSNUOVO/DTaaS/client/src/route/auth/WaitAndNavigate.tsx
FN:,(anonymous_7)
FN:,(anonymous_8)
FN:,(anonymous_9)
FN:,(anonymous_10)
FN:,(anonymous_11)
FNF:5
FNH:5
FNDA:4,(anonymous_7)
FNDA:2,(anonymous_8)
FNDA:2,(anonymous_9)
FNDA:2,(anonymous_10)
FNDA:3,(anonymous_11)
DA:1,17
DA:2,17
DA:3,17
DA:4,17
DA:8,17
DA:9,4
DA:10,4
DA:12,4
DA:13,2
DA:14,2
DA:15,1
DA:18,2
DA:21,4
DA:22,3
DA:23,1
DA:24,1
DA:25,1
DA:29,4
DA:32,17
LF:19
LH:19
BRDA:,0,0,1
BRF:1
BRH:1
end_of_record
TN:
SF:/home/vanessa/Documenti/DTaaSNUOVO/DTaaS/client/src/route/digitaltwins/DigitalTwinTabData.ts
FNF:0
FNH:0
DA:3,17
DA:18,17
LF:2
LH:2
BRF:0
BRH:0
end_of_record
TN:
SF:/home/vanessa/Documenti/DTaaSNUOVO/DTaaS/client/src/route/digitaltwins/DigitalTwins.tsx
FN:,DTContent
FN:,(anonymous_1)
FN:,DigitalTwins
FNF:3
FNH:3
FNDA:7,DTContent
FNDA:21,(anonymous_1)
FNDA:7,DigitalTwins
DA:1,17
DA:2,17
DA:3,17
DA:4,17
DA:6,17
DA:7,17
DA:8,17
DA:11,7
DA:13,21
DA:26,7
DA:33,17
DA:34,7
LF:12
LH:12
BRF:0
BRH:0
end_of_record
TN:
SF:/home/vanessa/Documenti/DTaaSNUOVO/DTaaS/client/src/route/library/Library.tsx
FN:,createTabs
FN:,(anonymous_1)
FN:,createCombinedTabs
FN:,(anonymous_3)
FN:,(anonymous_4)
FN:,LibraryContent
FN:,Library
FNF:7
FNH:7
FNDA:20,createTabs
FNDA:100,(anonymous_1)
FNDA:20,createCombinedTabs
FNDA:100,(anonymous_3)
FNDA:200,(anonymous_4)
FNDA:19,LibraryContent
FNDA:15,Library
DA:1,18
DA:2,18
DA:3,18
DA:4,18
DA:5,18
DA:6,18
DA:7,18
DA:8,18
DA:9,18
DA:11,18
DA:12,100
DA:22,18
DA:23,20
DA:24,200
DA:40,19
DA:41,19
DA:42,19
DA:44,19
DA:46,19
DA:48,19
DA:54,18
DA:55,15
LF:22
LH:22
BRF:0
BRH:0
end_of_record
TN:
SF:/home/vanessa/Documenti/DTaaSNUOVO/DTaaS/client/src/route/library/LibraryTabData.ts
FNF:0
FNH:0
DA:3,18
DA:31,18
LF:2
LH:2
BRF:0
BRH:0
end_of_record
TN:
SF:/home/vanessa/Documenti/DTaaSNUOVO/DTaaS/client/src/route/workbench/Workbench.tsx
FN:,WorkBenchContent
FN:,WorkBench
FNF:2
FNH:2
FNDA:4,WorkBenchContent
FNDA:4,WorkBench
DA:1,17
DA:2,17
DA:3,17
DA:4,17
DA:5,17
DA:6,17
DA:8,17
DA:16,4
DA:17,4
DA:37,17
DA:38,4
LF:11
LH:11
BRF:0
BRH:0
end_of_record
TN:
SF:/home/vanessa/Documenti/DTaaSNUOVO/DTaaS/client/src/store/auth.slice.ts
FN:,(anonymous_0)
FNF:1
FNH:1
FNDA:36,(anonymous_0)
DA:1,37
DA:7,37
DA:11,37
DA:16,36
DA:21,37
DA:22,37
LF:6
LH:6
BRF:0
BRH:0
end_of_record
TN:
SF:/home/vanessa/Documenti/DTaaSNUOVO/DTaaS/client/src/store/menu.slice.ts
FN:,(anonymous_0)
FN:,(anonymous_1)
FNF:2
FNH:2
FNDA:6,(anonymous_0)
FNDA:7,(anonymous_1)
DA:1,27
DA:7,27
DA:11,27
DA:16,6
DA:19,7
DA:24,27
DA:25,27
LF:7
LH:7
BRF:0
BRH:0
end_of_record
TN:
SF:/home/vanessa/Documenti/DTaaSNUOVO/DTaaS/client/src/util/envUtil.ts
FN:,cleanURL
FN:,(anonymous_1)
FN:,(anonymous_2)
FN:,useURLforDT
FN:,useURLbasename
FN:,useURLforLIB
FN:,useAppURL
FN:,getWorkbenchLinkValues
FN:,(anonymous_8)
FN:,(anonymous_9)
FN:,useGetDTPagePreviewLink
FN:,getClientID
FN:,getAuthority
FN:,getRedirectURI
FN:,getLogoutRedirectURI
FN:,getGitLabScopes
FNF:16
FNH:15
FNDA:118,cleanURL
FNDA:24,(anonymous_1)
FNDA:24,(anonymous_2)
FNDA:2,useURLforDT
FNDA:32,useURLbasename
FNDA:2,useURLforLIB
FNDA:30,useAppURL
FNDA:5,getWorkbenchLinkValues
FNDA:59,(anonymous_8)
FNDA:23,(anonymous_9)
FNDA:0,useGetDTPagePreviewLink
FNDA:2,getClientID
FNDA:3,getAuthority
FNDA:2,getRedirectURI
FNDA:2,getLogoutRedirectURI
FNDA:2,getGitLabScopes
DA:1,41
DA:8,41
DA:9,118
DA:18,41
DA:19,24
DA:20,24
DA:21,24
DA:22,24
DA:25,41
DA:26,2
DA:29,41
DA:30,32
DA:33,41
DA:34,2
DA:37,41
DA:38,30
DA:55,41
DA:56,5
DA:57,5
DA:59,5
DA:60,59
DA:62,23
DA:63,23
DA:64,20
DA:66,20
DA:69,20
DA:76,5
DA:79,41
DA:80,0
DA:83,41
DA:84,2
DA:87,41
DA:88,3
DA:91,41
DA:92,2
DA:95,41
DA:96,2
DA:99,41
DA:100,2
LF:39
LH:38
BRDA:,0,0,0
BRDA:,0,1,118
BRDA:,1,0,118
BRDA:,1,1,118
BRDA:,2,0,24
BRDA:,2,1,0
BRDA:,3,0,24
BRDA:,3,1,24
BRDA:,4,0,20
BRDA:,5,0,0
BRDA:,5,1,20
BRF:11
BRH:8
end_of_record
TN:
SF:/home/vanessa/Documenti/DTaaSNUOVO/DTaaS/client/src/util/toolbarUtil.ts
FNF:0
FNH:0
DA:3,19
DA:14,19
LF:2
LH:2
BRF:0
BRH:0
end_of_record
TN:
SF:/home/vanessa/Documenti/DTaaSNUOVO/DTaaS/client/src/util/auth/Authentication.ts
FN:,useGetAndSetUsername
FN:,(anonymous_8)
FN:,performSignOutFlow
FN:,(anonymous_11)
FN:,useSignOut
FN:,(anonymous_13)
FN:,(anonymous_14)
FN:,wait
FN:,(anonymous_16)
FN:,(anonymous_17)
FNF:10
FNH:10
FNDA:17,useGetAndSetUsername
FNDA:17,(anonymous_8)
FNDA:7,performSignOutFlow
FNDA:4,(anonymous_11)
FNDA:50,useSignOut
FNDA:8,(anonymous_13)
FNDA:8,(anonymous_14)
FNDA:2,wait
FNDA:2,(anonymous_16)
FNDA:1,(anonymous_17)
DA:2,20
DA:3,20
DA:5,20
DA:15,20
DA:16,17
DA:17,17
DA:18,17
DA:19,8
DA:21,9
DA:22,9
DA:23,9
DA:24,9
DA:26,17
DA:30,7
DA:31,7
DA:33,7
DA:34,7
DA:35,7
DA:37,7
DA:38,7
DA:40,7
DA:45,6
DA:49,5
DA:50,4
DA:54,20
DA:55,50
DA:56,50
DA:57,8
DA:58,1
DA:60,7
DA:61,7
DA:63,2
DA:66,50
DA:69,20
DA:70,2
DA:71,2
DA:72,1
DA:74,2
LF:38
LH:38
BRDA:,0,0,8
BRDA:,1,0,9
BRDA:,1,1,0
BRDA:,2,0,9
BRDA:,2,1,9
BRDA:,3,0,9
BRDA:,3,1,0
BRDA:,4,0,9
BRDA:,4,1,9
BRDA:,5,0,9
BRDA:,5,1,0
BRDA:,6,0,9
BRDA:,6,1,9
BRDA:,7,0,7
BRDA:,7,1,0
BRDA:,8,0,7
BRDA:,8,1,7
BRDA:,9,0,1
BRF:18
BRH:14
end_of_record
TN:
SF:/home/vanessa/Documenti/DTaaSNUOVO/DTaaS/client/src/util/auth/useOidcConfig.ts
FN:,(anonymous_0)
FN:,(anonymous_1)
FNF:2
FNH:2
FNDA:52,(anonymous_0)
FNDA:26,(anonymous_1)
DA:1,10
DA:2,10
DA:21,10
DA:22,52
DA:24,52
DA:25,26
DA:26,26
DA:27,26
DA:28,26
DA:29,26
DA:31,26
DA:41,26
DA:44,52
LF:13
LH:13
BRDA:,0,0,24
BRDA:,0,1,2
BRDA:,1,0,26
BRDA:,1,1,26
BRDA:,2,0,26
BRDA:,2,1,0
BRDA:,3,0,26
BRDA:,3,1,26
BRDA:,4,0,24
BRDA:,4,1,2
BRDA:,5,0,26
BRDA:,5,1,26
BRDA:,6,0,24
BRDA:,6,1,2
BRDA:,7,0,26
BRDA:,7,1,26
BRDA:,8,0,24
BRDA:,8,1,2
BRDA:,9,0,26
BRDA:,9,1,26
BRF:20
BRH:19
end_of_record
