{"/home/vanessa/Documenti/DTaaSNUOVO/DTaaS/client/src/routes.tsx": {"path":"/home/vanessa/Documenti/DTaaSNUOVO/DTaaS/client/src/routes.tsx","statementMap":{"0":{"start":{"line":1,"column":0},"end":{"line":1,"column":31}},"1":{"start":{"line":2,"column":0},"end":{"line":2,"column":50}},"2":{"start":{"line":3,"column":0},"end":{"line":3,"column":45}},"3":{"start":{"line":4,"column":0},"end":{"line":4,"column":51}},"4":{"start":{"line":5,"column":0},"end":{"line":5,"column":46}},"5":{"start":{"line":6,"column":0},"end":{"line":6,"column":61}},"6":{"start":{"line":7,"column":0},"end":{"line":7,"column":83}},"7":{"start":{"line":8,"column":0},"end":{"line":8,"column":41}},"8":{"start":{"line":9,"column":0},"end":{"line":9,"column":43}},"9":{"start":{"line":11,"column":13},"end":{"line":60,"column":2}},"10":{"start":{"line":62,"column":0},"end":{"line":62,"column":22}}},"fnMap":{},"branchMap":{},"s":{"0":8,"1":8,"2":8,"3":8,"4":8,"5":8,"6":8,"7":8,"8":8,"9":8,"10":8},"f":{},"b":{}}
,"/home/vanessa/Documenti/DTaaSNUOVO/DTaaS/client/src/components/Iframe.tsx": {"path":"/home/vanessa/Documenti/DTaaSNUOVO/DTaaS/client/src/components/Iframe.tsx","statementMap":{"0":{"start":{"line":1,"column":0},"end":{"line":1,"column":31}},"1":{"start":{"line":2,"column":0},"end":{"line":2,"column":39}},"2":{"start":{"line":11,"column":2},"end":{"line":18,"column":4}},"3":{"start":{"line":21,"column":0},"end":{"line":21,"column":22}}},"fnMap":{"0":{"name":"Iframe","decl":{"start":{"line":9,"column":9},"end":{"line":9,"column":15}},"loc":{"start":{"line":9,"column":43},"end":{"line":19,"column":1}}}},"branchMap":{},"s":{"0":10,"1":10,"2":30,"3":10},"f":{"0":30},"b":{}}
,"/home/vanessa/Documenti/DTaaSNUOVO/DTaaS/client/src/components/LinkButtons.tsx": {"path":"/home/vanessa/Documenti/DTaaSNUOVO/DTaaS/client/src/components/LinkButtons.tsx","statementMap":{"0":{"start":{"line":1,"column":0},"end":{"line":1,"column":31}},"1":{"start":{"line":2,"column":0},"end":{"line":2,"column":50}},"2":{"start":{"line":3,"column":0},"end":{"line":3,"column":44}},"3":{"start":{"line":4,"column":0},"end":{"line":4,"column":37}},"4":{"start":{"line":6,"column":0},"end":{"line":6,"column":43}},"5":{"start":{"line":7,"column":0},"end":{"line":7,"column":39}},"6":{"start":{"line":9,"column":18},"end":{"line":14,"column":2}},"7":{"start":{"line":16,"column":18},"end":{"line":20,"column":2}},"8":{"start":{"line":27,"column":23},"end":{"line":36,"column":4}},"9":{"start":{"line":28,"column":2},"end":{"line":36,"column":4}},"10":{"start":{"line":29,"column":21},"end":{"line":29,"column":56}},"11":{"start":{"line":31,"column":4},"end":{"line":35,"column":6}},"12":{"start":{"line":53,"column":24},"end":{"line":91,"column":1}},"13":{"start":{"line":54,"column":22},"end":{"line":54,"column":45}},"14":{"start":{"line":55,"column":15},"end":{"line":55,"column":46}},"15":{"start":{"line":56,"column":2},"end":{"line":90,"column":4}},"16":{"start":{"line":58,"column":42},"end":{"line":88,"column":8}},"17":{"start":{"line":71,"column":18},"end":{"line":71,"column":53}},"18":{"start":{"line":93,"column":0},"end":{"line":93,"column":27}},"19":{"start":{"line":94,"column":0},"end":{"line":94,"column":9}},"20":{"start":{"line":94,"column":9},"end":{"line":94,"column":29}}},"fnMap":{"0":{"name":"(anonymous_0)","decl":{"start":{"line":27,"column":23},"end":{"line":27,"column":24}},"loc":{"start":{"line":28,"column":2},"end":{"line":36,"column":4}}},"1":{"name":"(anonymous_1)","decl":{"start":{"line":28,"column":14},"end":{"line":28,"column":15}},"loc":{"start":{"line":28,"column":25},"end":{"line":36,"column":3}}},"2":{"name":"(anonymous_2)","decl":{"start":{"line":53,"column":24},"end":{"line":53,"column":25}},"loc":{"start":{"line":53,"column":76},"end":{"line":91,"column":1}}},"3":{"name":"(anonymous_3)","decl":{"start":{"line":58,"column":23},"end":{"line":58,"column":24}},"loc":{"start":{"line":58,"column":41},"end":{"line":88,"column":8}}},"4":{"name":"(anonymous_4)","decl":{"start":{"line":70,"column":25},"end":{"line":70,"column":28}},"loc":{"start":{"line":70,"column":30},"end":{"line":72,"column":17}}},"5":{"name":"(anonymous_5)","decl":{"start":{"line":94,"column":9},"end":{"line":94,"column":16}},"loc":{"start":{"line":94,"column":9},"end":{"line":94,"column":29}}}},"branchMap":{"0":{"loc":{"start":{"line":61,"column":32},"end":{"line":61,"column":72}},"type":"cond-expr","locations":[{"start":{"line":61,"column":46},"end":{"line":61,"column":64}},{"start":{"line":61,"column":67},"end":{"line":61,"column":72}}]},"1":{"loc":{"start":{"line":74,"column":21},"end":{"line":76,"column":18}},"type":"binary-expr","locations":[{"start":{"line":74,"column":21},"end":{"line":74,"column":50}},{"start":{"line":74,"column":54},"end":{"line":76,"column":18}}]},"2":{"loc":{"start":{"line":79,"column":40},"end":{"line":79,"column":61}},"type":"cond-expr","locations":[{"start":{"line":79,"column":56},"end":{"line":79,"column":60}},{"start":{"line":79,"column":60},"end":{"line":79,"column":61}}]},"3":{"loc":{"start":{"line":79,"column":40},"end":{"line":79,"column":60}},"type":"binary-expr","locations":[{"start":{"line":79,"column":40},"end":{"line":79,"column":60}},{"start":{"line":79,"column":56},"end":{"line":79,"column":60}}]},"4":{"loc":{"start":{"line":79,"column":40},"end":{"line":79,"column":56}},"type":"cond-expr","locations":[{"start":{"line":79,"column":44},"end":{"line":79,"column":46}},{"start":{"line":79,"column":40},"end":{"line":79,"column":56}}]},"5":{"loc":{"start":{"line":79,"column":40},"end":{"line":79,"column":46}},"type":"binary-expr","locations":[{"start":{"line":79,"column":40},"end":{"line":79,"column":46}},{"start":{"line":79,"column":40},"end":{"line":79,"column":46}}]},"6":{"loc":{"start":{"line":82,"column":15},"end":{"line":83,"column":null}},"type":"binary-expr","locations":[{"start":{"line":82,"column":15},"end":{"line":82,"column":44}},{"start":{"line":83,"column":16},"end":{"line":83,"column":67}}]}},"s":{"0":1,"1":1,"2":1,"3":1,"4":1,"5":1,"6":1,"7":1,"8":1,"9":5,"10":10,"11":10,"12":1,"13":5,"14":5,"15":5,"16":10,"17":2,"18":1,"19":1,"20":21},"f":{"0":5,"1":10,"2":5,"3":10,"4":2,"5":20},"b":{"0":[2,8],"1":[10,5],"2":[2,8],"3":[10,10],"4":[8,2],"5":[10,10],"6":[10,5]}}
,"/home/vanessa/Documenti/DTaaSNUOVO/DTaaS/client/src/components/LinkIconsLib.tsx": {"path":"/home/vanessa/Documenti/DTaaSNUOVO/DTaaS/client/src/components/LinkIconsLib.tsx","statementMap":{"0":{"start":{"line":1,"column":0},"end":{"line":1,"column":31}},"1":{"start":{"line":2,"column":0},"end":{"line":2,"column":84}},"2":{"start":{"line":3,"column":0},"end":{"line":3,"column":64}},"3":{"start":{"line":4,"column":0},"end":{"line":4,"column":70}},"4":{"start":{"line":5,"column":0},"end":{"line":5,"column":70}},"5":{"start":{"line":6,"column":0},"end":{"line":6,"column":58}},"6":{"start":{"line":7,"column":0},"end":{"line":7,"column":52}},"7":{"start":{"line":8,"column":0},"end":{"line":8,"column":62}},"8":{"start":{"line":9,"column":0},"end":{"line":9,"column":46}},"9":{"start":{"line":15,"column":33},"end":{"line":48,"column":2}},"10":{"start":{"line":51,"column":9},"end":{"line":51,"column":18}},"11":{"start":{"line":50,"column":0},"end":{"line":50,"column":25}}},"fnMap":{},"branchMap":{},"s":{"0":1,"1":1,"2":1,"3":1,"4":1,"5":1,"6":1,"7":1,"8":1,"9":1,"10":1,"11":1},"f":{},"b":{}}
,"/home/vanessa/Documenti/DTaaSNUOVO/DTaaS/client/src/components/tab/TabComponent.tsx": {"path":"/home/vanessa/Documenti/DTaaSNUOVO/DTaaS/client/src/components/tab/TabComponent.tsx","statementMap":{"0":{"start":{"line":1,"column":0},"end":{"line":1,"column":31}},"1":{"start":{"line":2,"column":0},"end":{"line":2,"column":63}},"2":{"start":{"line":3,"column":0},"end":{"line":3,"column":73}},"3":{"start":{"line":6,"column":17},"end":{"line":6,"column":40}},"4":{"start":{"line":7,"column":17},"end":{"line":7,"column":36}},"5":{"start":{"line":9,"column":2},"end":{"line":9,"column":71}},"6":{"start":{"line":10,"column":2},"end":{"line":10,"column":58}},"7":{"start":{"line":12,"column":2},"end":{"line":12,"column":48}},"8":{"start":{"line":5,"column":0},"end":{"line":5,"column":16}},"9":{"start":{"line":16,"column":2},"end":{"line":22,"column":4}},"10":{"start":{"line":20,"column":44},"end":{"line":20,"column":78}},"11":{"start":{"line":29,"column":2},"end":{"line":39,"column":4}},"12":{"start":{"line":34,"column":10},"end":{"line":35,"column":null}},"13":{"start":{"line":46,"column":2},"end":{"line":63,"column":4}},"14":{"start":{"line":50,"column":10},"end":{"line":50,"column":44}},"15":{"start":{"line":54,"column":8},"end":{"line":59,"column":null}},"16":{"start":{"line":42,"column":0},"end":{"line":42,"column":16}},"17":{"start":{"line":66,"column":0},"end":{"line":66,"column":28}}},"fnMap":{"0":{"name":"constructURL","decl":{"start":{"line":5,"column":16},"end":{"line":5,"column":28}},"loc":{"start":{"line":5,"column":77},"end":{"line":13,"column":1}}},"1":{"name":"renderScopeTabList","decl":{"start":{"line":15,"column":9},"end":{"line":15,"column":27}},"loc":{"start":{"line":15,"column":64},"end":{"line":23,"column":1}}},"2":{"name":"(anonymous_2)","decl":{"start":{"line":20,"column":28},"end":{"line":20,"column":29}},"loc":{"start":{"line":20,"column":44},"end":{"line":20,"column":78}}},"3":{"name":"renderScopeTabPanels","decl":{"start":{"line":25,"column":9},"end":{"line":25,"column":29}},"loc":{"start":{"line":27,"column":18},"end":{"line":40,"column":1}}},"4":{"name":"(anonymous_4)","decl":{"start":{"line":33,"column":28},"end":{"line":33,"column":29}},"loc":{"start":{"line":34,"column":10},"end":{"line":35,"column":null}}},"5":{"name":"TabComponent","decl":{"start":{"line":42,"column":16},"end":{"line":42,"column":28}},"loc":{"start":{"line":45,"column":1},"end":{"line":64,"column":1}}},"6":{"name":"(anonymous_6)","decl":{"start":{"line":49,"column":29},"end":{"line":49,"column":30}},"loc":{"start":{"line":50,"column":10},"end":{"line":50,"column":44}}},"7":{"name":"(anonymous_7)","decl":{"start":{"line":53,"column":27},"end":{"line":53,"column":28}},"loc":{"start":{"line":54,"column":8},"end":{"line":59,"column":null}}}},"branchMap":{"0":{"loc":{"start":{"line":9,"column":13},"end":{"line":9,"column":70}},"type":"cond-expr","locations":[{"start":{"line":9,"column":44},"end":{"line":9,"column":59}},{"start":{"line":9,"column":62},"end":{"line":9,"column":70}}]},"1":{"loc":{"start":{"line":10,"column":13},"end":{"line":10,"column":57}},"type":"cond-expr","locations":[{"start":{"line":10,"column":38},"end":{"line":10,"column":40}},{"start":{"line":10,"column":43},"end":{"line":10,"column":57}}]},"2":{"loc":{"start":{"line":18,"column":7},"end":{"line":20,"column":79}},"type":"binary-expr","locations":[{"start":{"line":18,"column":7},"end":{"line":18,"column":12}},{"start":{"line":19,"column":8},"end":{"line":19,"column":23}},{"start":{"line":20,"column":8},"end":{"line":20,"column":79}}]},"3":{"loc":{"start":{"line":31,"column":7},"end":{"line":37,"column":10}},"type":"binary-expr","locations":[{"start":{"line":31,"column":7},"end":{"line":31,"column":12}},{"start":{"line":32,"column":8},"end":{"line":32,"column":23}},{"start":{"line":33,"column":8},"end":{"line":37,"column":10}}]}},"s":{"0":9,"1":9,"2":9,"3":91,"4":91,"5":91,"6":91,"7":91,"8":9,"9":79,"10":110,"11":79,"12":110,"13":21,"14":79,"15":79,"16":9,"17":9},"f":{"0":91,"1":79,"2":110,"3":79,"4":110,"5":21,"6":79,"7":79},"b":{"0":[19,72],"1":[45,46],"2":[79,79,55],"3":[79,79,55]}}
,"/home/vanessa/Documenti/DTaaSNUOVO/DTaaS/client/src/components/tab/subcomponents/TabRender.tsx": {"path":"/home/vanessa/Documenti/DTaaSNUOVO/DTaaS/client/src/components/tab/subcomponents/TabRender.tsx","statementMap":{"0":{"start":{"line":1,"column":0},"end":{"line":1,"column":31}},"1":{"start":{"line":2,"column":0},"end":{"line":2,"column":36}},"2":{"start":{"line":15,"column":35},"end":{"line":15,"column":40}},"3":{"start":{"line":17,"column":2},"end":{"line":31,"column":4}},"4":{"start":{"line":34,"column":0},"end":{"line":34,"column":25}}},"fnMap":{"0":{"name":"TabRender","decl":{"start":{"line":14,"column":9},"end":{"line":14,"column":18}},"loc":{"start":{"line":14,"column":40},"end":{"line":32,"column":1}}}},"branchMap":{},"s":{"0":9,"1":9,"2":55,"3":55,"4":9},"f":{"0":55},"b":{}}
,"/home/vanessa/Documenti/DTaaSNUOVO/DTaaS/client/src/components/tab/subcomponents/TabStyles.ts": {"path":"/home/vanessa/Documenti/DTaaSNUOVO/DTaaS/client/src/components/tab/subcomponents/TabStyles.ts","statementMap":{"0":{"start":{"line":1,"column":0},"end":{"line":1,"column":58}},"1":{"start":{"line":2,"column":0},"end":{"line":2,"column":39}},"2":{"start":{"line":4,"column":19},"end":{"line":9,"column":2}},"3":{"start":{"line":63,"column":16},"end":{"line":63,"column":20}},"4":{"start":{"line":11,"column":22},"end":{"line":15,"column":2}},"5":{"start":{"line":61,"column":19},"end":{"line":61,"column":26}},"6":{"start":{"line":17,"column":18},"end":{"line":48,"column":2}},"7":{"start":{"line":60,"column":15},"end":{"line":60,"column":18}},"8":{"start":{"line":50,"column":23},"end":{"line":57,"column":2}},"9":{"start":{"line":62,"column":20},"end":{"line":62,"column":28}}},"fnMap":{},"branchMap":{},"s":{"0":9,"1":9,"2":9,"3":9,"4":9,"5":9,"6":9,"7":9,"8":9,"9":9},"f":{},"b":{}}
,"/home/vanessa/Documenti/DTaaSNUOVO/DTaaS/client/src/page/DrawerComponent.tsx": {"path":"/home/vanessa/Documenti/DTaaSNUOVO/DTaaS/client/src/page/DrawerComponent.tsx","statementMap":{"0":{"start":{"line":1,"column":0},"end":{"line":1,"column":31}},"1":{"start":{"line":2,"column":0},"end":{"line":2,"column":64}},"2":{"start":{"line":3,"column":0},"end":{"line":3,"column":45}},"3":{"start":{"line":4,"column":0},"end":{"line":4,"column":38}},"4":{"start":{"line":5,"column":0},"end":{"line":5,"column":44}},"5":{"start":{"line":6,"column":0},"end":{"line":6,"column":43}},"6":{"start":{"line":7,"column":0},"end":{"line":7,"column":36}},"7":{"start":{"line":8,"column":0},"end":{"line":8,"column":60}},"8":{"start":{"line":10,"column":20},"end":{"line":10,"column":23}},"9":{"start":{"line":12,"column":20},"end":{"line":16,"column":2}},"10":{"start":{"line":12,"column":50},"end":{"line":16,"column":2}},"11":{"start":{"line":18,"column":20},"end":{"line":25,"column":2}},"12":{"start":{"line":18,"column":50},"end":{"line":25,"column":2}},"13":{"start":{"line":27,"column":15},"end":{"line":42,"column":3}},"14":{"start":{"line":28,"column":31},"end":{"line":28,"column":46}},"15":{"start":{"line":29,"column":24},"end":{"line":41,"column":null}},"16":{"start":{"line":53,"column":2},"end":{"line":64,"column":4}},"17":{"start":{"line":67,"column":0},"end":{"line":67,"column":31}}},"fnMap":{"0":{"name":"(anonymous_0)","decl":{"start":{"line":12,"column":20},"end":{"line":12,"column":21}},"loc":{"start":{"line":12,"column":50},"end":{"line":16,"column":2}}},"1":{"name":"(anonymous_1)","decl":{"start":{"line":18,"column":20},"end":{"line":18,"column":21}},"loc":{"start":{"line":18,"column":50},"end":{"line":25,"column":2}}},"2":{"name":"(anonymous_2)","decl":{"start":{"line":28,"column":21},"end":{"line":28,"column":22}},"loc":{"start":{"line":28,"column":31},"end":{"line":28,"column":46}}},"3":{"name":"(anonymous_3)","decl":{"start":{"line":29,"column":3},"end":{"line":29,"column":4}},"loc":{"start":{"line":29,"column":24},"end":{"line":41,"column":null}}},"4":{"name":"DrawerComponent","decl":{"start":{"line":44,"column":9},"end":{"line":44,"column":24}},"loc":{"start":{"line":52,"column":1},"end":{"line":65,"column":1}}}},"branchMap":{"0":{"loc":{"start":{"line":34,"column":6},"end":{"line":36,"column":null}},"type":"binary-expr","locations":[{"start":{"line":34,"column":6},"end":{"line":34,"column":10}},{"start":{"line":34,"column":10},"end":{"line":36,"column":null}}]},"1":{"loc":{"start":{"line":38,"column":6},"end":{"line":40,"column":null}},"type":"binary-expr","locations":[{"start":{"line":38,"column":6},"end":{"line":38,"column":11}},{"start":{"line":38,"column":11},"end":{"line":40,"column":null}}]}},"s":{"0":1,"1":1,"2":1,"3":1,"4":1,"5":1,"6":1,"7":1,"8":1,"9":1,"10":2,"11":1,"12":6,"13":1,"14":13,"15":4,"16":4,"17":1},"f":{"0":2,"1":6,"2":13,"3":4,"4":4},"b":{"0":[4,1],"1":[4,3]}}
,"/home/vanessa/Documenti/DTaaSNUOVO/DTaaS/client/src/page/DrawerHeaderComponent.tsx": {"path":"/home/vanessa/Documenti/DTaaSNUOVO/DTaaS/client/src/page/DrawerHeaderComponent.tsx","statementMap":{"0":{"start":{"line":1,"column":0},"end":{"line":1,"column":31}},"1":{"start":{"line":2,"column":0},"end":{"line":2,"column":64}},"2":{"start":{"line":3,"column":0},"end":{"line":3,"column":62}},"3":{"start":{"line":4,"column":0},"end":{"line":4,"column":64}},"4":{"start":{"line":5,"column":0},"end":{"line":5,"column":50}},"5":{"start":{"line":7,"column":26},"end":{"line":13,"column":null}},"6":{"start":{"line":7,"column":55},"end":{"line":13,"column":null}},"7":{"start":{"line":16,"column":21},"end":{"line":18,"column":3}},"8":{"start":{"line":16,"column":50},"end":{"line":17,"column":null}},"9":{"start":{"line":29,"column":2},"end":{"line":35,"column":4}},"10":{"start":{"line":38,"column":0},"end":{"line":38,"column":37}}},"fnMap":{"0":{"name":"(anonymous_0)","decl":{"start":{"line":7,"column":26},"end":{"line":7,"column":27}},"loc":{"start":{"line":7,"column":55},"end":{"line":13,"column":null}}},"1":{"name":"(anonymous_1)","decl":{"start":{"line":16,"column":35},"end":{"line":16,"column":36}},"loc":{"start":{"line":16,"column":50},"end":{"line":17,"column":null}}},"2":{"name":"DrawerHeaderComponent","decl":{"start":{"line":25,"column":9},"end":{"line":25,"column":30}},"loc":{"start":{"line":28,"column":20},"end":{"line":36,"column":1}}}},"branchMap":{"0":{"loc":{"start":{"line":32,"column":9},"end":{"line":32,"column":79}},"type":"cond-expr","locations":[{"start":{"line":32,"column":37},"end":{"line":32,"column":57}},{"start":{"line":32,"column":60},"end":{"line":32,"column":79}}]}},"s":{"0":1,"1":1,"2":1,"3":1,"4":1,"5":1,"6":4,"7":1,"8":4,"9":4,"10":1},"f":{"0":4,"1":4,"2":4},"b":{"0":[0,4]}}
,"/home/vanessa/Documenti/DTaaSNUOVO/DTaaS/client/src/page/Footer.tsx": {"path":"/home/vanessa/Documenti/DTaaSNUOVO/DTaaS/client/src/page/Footer.tsx","statementMap":{"0":{"start":{"line":1,"column":0},"end":{"line":1,"column":31}},"1":{"start":{"line":2,"column":0},"end":{"line":2,"column":50}},"2":{"start":{"line":3,"column":0},"end":{"line":3,"column":48}},"3":{"start":{"line":4,"column":0},"end":{"line":4,"column":38}},"4":{"start":{"line":12,"column":2},"end":{"line":31,"column":4}},"5":{"start":{"line":35,"column":2},"end":{"line":53,"column":4}},"6":{"start":{"line":57,"column":2},"end":{"line":64,"column":4}},"7":{"start":{"line":68,"column":2},"end":{"line":68,"column":26}},"8":{"start":{"line":71,"column":0},"end":{"line":71,"column":22}}},"fnMap":{"0":{"name":"Copyright","decl":{"start":{"line":11,"column":9},"end":{"line":11,"column":18}},"loc":{"start":{"line":11,"column":34},"end":{"line":32,"column":1}}},"1":{"name":"Acknowledgements","decl":{"start":{"line":34,"column":9},"end":{"line":34,"column":25}},"loc":{"start":{"line":34,"column":41},"end":{"line":54,"column":1}}},"2":{"name":"RenderFooter","decl":{"start":{"line":56,"column":9},"end":{"line":56,"column":21}},"loc":{"start":{"line":56,"column":21},"end":{"line":65,"column":1}}},"3":{"name":"Footer","decl":{"start":{"line":67,"column":9},"end":{"line":67,"column":15}},"loc":{"start":{"line":67,"column":15},"end":{"line":69,"column":1}}}},"branchMap":{},"s":{"0":0,"1":0,"2":0,"3":0,"4":0,"5":0,"6":0,"7":0,"8":0},"f":{"0":0,"1":0,"2":0,"3":0},"b":{}}
,"/home/vanessa/Documenti/DTaaSNUOVO/DTaaS/client/src/page/Layout.tsx": {"path":"/home/vanessa/Documenti/DTaaSNUOVO/DTaaS/client/src/page/Layout.tsx","statementMap":{"0":{"start":{"line":1,"column":0},"end":{"line":1,"column":31}},"1":{"start":{"line":2,"column":0},"end":{"line":2,"column":44}},"2":{"start":{"line":3,"column":0},"end":{"line":3,"column":36}},"3":{"start":{"line":4,"column":0},"end":{"line":4,"column":48}},"4":{"start":{"line":5,"column":0},"end":{"line":5,"column":38}},"5":{"start":{"line":6,"column":0},"end":{"line":6,"column":31}},"6":{"start":{"line":7,"column":0},"end":{"line":7,"column":30}},"7":{"start":{"line":10,"column":2},"end":{"line":27,"column":4}},"8":{"start":{"line":34,"column":2},"end":{"line":53,"column":4}},"9":{"start":{"line":44,"column":14},"end":{"line":45,"column":null}},"10":{"start":{"line":56,"column":0},"end":{"line":56,"column":22}}},"fnMap":{"0":{"name":"MenuLayout","decl":{"start":{"line":9,"column":9},"end":{"line":9,"column":19}},"loc":{"start":{"line":9,"column":56},"end":{"line":28,"column":1}}},"1":{"name":"Layout","decl":{"start":{"line":30,"column":9},"end":{"line":30,"column":15}},"loc":{"start":{"line":33,"column":1},"end":{"line":54,"column":1}}},"2":{"name":"(anonymous_2)","decl":{"start":{"line":43,"column":48},"end":{"line":43,"column":49}},"loc":{"start":{"line":44,"column":14},"end":{"line":45,"column":null}}}},"branchMap":{},"s":{"0":1,"1":1,"2":1,"3":1,"4":1,"5":1,"6":1,"7":6,"8":6,"9":8,"10":1},"f":{"0":6,"1":6,"2":8},"b":{}}
,"/home/vanessa/Documenti/DTaaSNUOVO/DTaaS/client/src/page/LayoutPublic.tsx": {"path":"/home/vanessa/Documenti/DTaaSNUOVO/DTaaS/client/src/page/LayoutPublic.tsx","statementMap":{"0":{"start":{"line":1,"column":0},"end":{"line":1,"column":31}},"1":{"start":{"line":2,"column":0},"end":{"line":2,"column":44}},"2":{"start":{"line":3,"column":0},"end":{"line":3,"column":42}},"3":{"start":{"line":4,"column":0},"end":{"line":4,"column":33}},"4":{"start":{"line":5,"column":0},"end":{"line":5,"column":50}},"5":{"start":{"line":6,"column":0},"end":{"line":6,"column":36}},"6":{"start":{"line":7,"column":0},"end":{"line":7,"column":42}},"7":{"start":{"line":8,"column":0},"end":{"line":8,"column":49}},"8":{"start":{"line":9,"column":0},"end":{"line":9,"column":49}},"9":{"start":{"line":11,"column":17},"end":{"line":26,"column":null}},"10":{"start":{"line":12,"column":2},"end":{"line":25,"column":null}},"11":{"start":{"line":30,"column":2},"end":{"line":48,"column":4}},"12":{"start":{"line":51,"column":0},"end":{"line":51,"column":28}}},"fnMap":{"0":{"name":"(anonymous_0)","decl":{"start":{"line":11,"column":17},"end":{"line":11,"column":20}},"loc":{"start":{"line":12,"column":2},"end":{"line":25,"column":null}}},"1":{"name":"LayoutPublic","decl":{"start":{"line":29,"column":9},"end":{"line":29,"column":21}},"loc":{"start":{"line":29,"column":58},"end":{"line":49,"column":1}}}},"branchMap":{},"s":{"0":8,"1":8,"2":8,"3":8,"4":8,"5":8,"6":8,"7":8,"8":8,"9":8,"10":6,"11":6,"12":8},"f":{"0":6,"1":6},"b":{}}
,"/home/vanessa/Documenti/DTaaSNUOVO/DTaaS/client/src/page/Menu.tsx": {"path":"/home/vanessa/Documenti/DTaaSNUOVO/DTaaS/client/src/page/Menu.tsx","statementMap":{"0":{"start":{"line":1,"column":0},"end":{"line":1,"column":31}},"1":{"start":{"line":2,"column":0},"end":{"line":2,"column":48}},"2":{"start":{"line":3,"column":0},"end":{"line":3,"column":36}},"3":{"start":{"line":4,"column":0},"end":{"line":4,"column":55}},"4":{"start":{"line":5,"column":0},"end":{"line":5,"column":55}},"5":{"start":{"line":7,"column":0},"end":{"line":7,"column":40}},"6":{"start":{"line":8,"column":0},"end":{"line":8,"column":48}},"7":{"start":{"line":10,"column":20},"end":{"line":10,"column":23}},"8":{"start":{"line":12,"column":27},"end":{"line":19,"column":1}},"9":{"start":{"line":13,"column":16},"end":{"line":13,"column":26}},"10":{"start":{"line":14,"column":20},"end":{"line":14,"column":65}},"11":{"start":{"line":14,"column":54},"end":{"line":14,"column":64}},"12":{"start":{"line":15,"column":19},"end":{"line":15,"column":32}},"13":{"start":{"line":17,"column":4},"end":{"line":17,"column":50}},"14":{"start":{"line":18,"column":2},"end":{"line":18,"column":71}},"15":{"start":{"line":23,"column":4},"end":{"line":23,"column":24}},"16":{"start":{"line":24,"column":30},"end":{"line":24,"column":57}},"17":{"start":{"line":24,"column":36},"end":{"line":24,"column":57}},"18":{"start":{"line":25,"column":29},"end":{"line":26,"column":40}},"19":{"start":{"line":26,"column":4},"end":{"line":26,"column":40}},"20":{"start":{"line":27,"column":27},"end":{"line":27,"column":53}},"21":{"start":{"line":27,"column":33},"end":{"line":27,"column":53}},"22":{"start":{"line":28,"column":28},"end":{"line":28,"column":55}},"23":{"start":{"line":28,"column":34},"end":{"line":28,"column":55}},"24":{"start":{"line":29,"column":2},"end":{"line":45,"column":4}},"25":{"start":{"line":48,"column":0},"end":{"line":48,"column":26}}},"fnMap":{"0":{"name":"(anonymous_0)","decl":{"start":{"line":12,"column":27},"end":{"line":12,"column":30}},"loc":{"start":{"line":12,"column":32},"end":{"line":19,"column":1}}},"1":{"name":"(anonymous_1)","decl":{"start":{"line":14,"column":32},"end":{"line":14,"column":33}},"loc":{"start":{"line":14,"column":54},"end":{"line":14,"column":64}}},"2":{"name":"MiniDrawer","decl":{"start":{"line":21,"column":9},"end":{"line":21,"column":19}},"loc":{"start":{"line":21,"column":19},"end":{"line":46,"column":1}}},"3":{"name":"(anonymous_3)","decl":{"start":{"line":24,"column":30},"end":{"line":24,"column":33}},"loc":{"start":{"line":24,"column":36},"end":{"line":24,"column":57}}},"4":{"name":"(anonymous_4)","decl":{"start":{"line":25,"column":29},"end":{"line":25,"column":30}},"loc":{"start":{"line":26,"column":4},"end":{"line":26,"column":40}}},"5":{"name":"(anonymous_5)","decl":{"start":{"line":27,"column":27},"end":{"line":27,"column":30}},"loc":{"start":{"line":27,"column":33},"end":{"line":27,"column":53}}},"6":{"name":"(anonymous_6)","decl":{"start":{"line":28,"column":28},"end":{"line":28,"column":31}},"loc":{"start":{"line":28,"column":34},"end":{"line":28,"column":55}}}},"branchMap":{},"s":{"0":1,"1":1,"2":1,"3":1,"4":1,"5":1,"6":1,"7":1,"8":1,"9":4,"10":4,"11":8,"12":4,"13":4,"14":4,"15":4,"16":4,"17":0,"18":4,"19":0,"20":4,"21":0,"22":4,"23":1,"24":4,"25":1},"f":{"0":4,"1":8,"2":4,"3":0,"4":0,"5":0,"6":1},"b":{}}
,"/home/vanessa/Documenti/DTaaSNUOVO/DTaaS/client/src/page/MenuItems.tsx": {"path":"/home/vanessa/Documenti/DTaaSNUOVO/DTaaS/client/src/page/MenuItems.tsx","statementMap":{"0":{"start":{"line":1,"column":0},"end":{"line":1,"column":31}},"1":{"start":{"line":2,"column":0},"end":{"line":2,"column":58}},"2":{"start":{"line":3,"column":0},"end":{"line":3,"column":54}},"3":{"start":{"line":4,"column":0},"end":{"line":4,"column":58}},"4":{"start":{"line":5,"column":0},"end":{"line":5,"column":52}},"5":{"start":{"line":6,"column":0},"end":{"line":6,"column":62}},"6":{"start":{"line":7,"column":0},"end":{"line":7,"column":40}},"7":{"start":{"line":9,"column":20},"end":{"line":14,"column":2}},"8":{"start":{"line":23,"column":35},"end":{"line":37,"column":2}},"9":{"start":{"line":40,"column":2},"end":{"line":57,"column":4}},"10":{"start":{"line":43,"column":8},"end":{"line":53,"column":null}},"11":{"start":{"line":60,"column":0},"end":{"line":60,"column":25}}},"fnMap":{"0":{"name":"MenuItems","decl":{"start":{"line":39,"column":9},"end":{"line":39,"column":18}},"loc":{"start":{"line":39,"column":18},"end":{"line":58,"column":1}}},"1":{"name":"(anonymous_1)","decl":{"start":{"line":42,"column":21},"end":{"line":42,"column":22}},"loc":{"start":{"line":43,"column":8},"end":{"line":53,"column":null}}}},"branchMap":{"0":{"loc":{"start":{"line":46,"column":14},"end":{"line":48,"column":27}},"type":"cond-expr","locations":[{"start":{"line":47,"column":18},"end":{"line":47,"column":50}},{"start":{"line":48,"column":18},"end":{"line":48,"column":27}}]}},"s":{"0":1,"1":1,"2":1,"3":1,"4":1,"5":1,"6":1,"7":1,"8":1,"9":4,"10":12,"11":1},"f":{"0":4,"1":12},"b":{"0":[0,12]}}
,"/home/vanessa/Documenti/DTaaSNUOVO/DTaaS/client/src/page/MenuToolbar.tsx": {"path":"/home/vanessa/Documenti/DTaaSNUOVO/DTaaS/client/src/page/MenuToolbar.tsx","statementMap":{"0":{"start":{"line":1,"column":0},"end":{"line":1,"column":31}},"1":{"start":{"line":2,"column":0},"end":{"line":2,"column":44}},"2":{"start":{"line":3,"column":0},"end":{"line":3,"column":50}},"3":{"start":{"line":4,"column":0},"end":{"line":4,"column":48}},"4":{"start":{"line":5,"column":0},"end":{"line":5,"column":38}},"5":{"start":{"line":6,"column":0},"end":{"line":6,"column":46}},"6":{"start":{"line":7,"column":0},"end":{"line":7,"column":40}},"7":{"start":{"line":8,"column":0},"end":{"line":8,"column":63}},"8":{"start":{"line":9,"column":0},"end":{"line":9,"column":50}},"9":{"start":{"line":10,"column":0},"end":{"line":10,"column":80}},"10":{"start":{"line":11,"column":0},"end":{"line":11,"column":50}},"11":{"start":{"line":12,"column":0},"end":{"line":12,"column":36}},"12":{"start":{"line":13,"column":0},"end":{"line":13,"column":45}},"13":{"start":{"line":14,"column":0},"end":{"line":14,"column":49}},"14":{"start":{"line":15,"column":0},"end":{"line":15,"column":49}},"15":{"start":{"line":16,"column":0},"end":{"line":16,"column":54}},"16":{"start":{"line":23,"column":19},"end":{"line":35,"column":4}},"17":{"start":{"line":30,"column":2},"end":{"line":35,"column":4}},"18":{"start":{"line":130,"column":9},"end":{"line":130,"column":19}},"19":{"start":{"line":37,"column":15},"end":{"line":47,"column":3}},"20":{"start":{"line":38,"column":31},"end":{"line":38,"column":46}},"21":{"start":{"line":39,"column":50},"end":{"line":46,"column":null}},"22":{"start":{"line":66,"column":15},"end":{"line":66,"column":24}},"23":{"start":{"line":67,"column":15},"end":{"line":67,"column":46}},"24":{"start":{"line":68,"column":18},"end":{"line":68,"column":30}},"25":{"start":{"line":70,"column":24},"end":{"line":74,"column":4}},"26":{"start":{"line":70,"column":35},"end":{"line":74,"column":4}},"27":{"start":{"line":71,"column":4},"end":{"line":73,"column":null}},"28":{"start":{"line":72,"column":6},"end":{"line":72,"column":26}},"29":{"start":{"line":75,"column":2},"end":{"line":126,"column":4}},"30":{"start":{"line":129,"column":0},"end":{"line":129,"column":27}}},"fnMap":{"0":{"name":"(anonymous_7)","decl":{"start":{"line":23,"column":19},"end":{"line":23,"column":20}},"loc":{"start":{"line":30,"column":2},"end":{"line":35,"column":4}}},"1":{"name":"(anonymous_8)","decl":{"start":{"line":38,"column":21},"end":{"line":38,"column":22}},"loc":{"start":{"line":38,"column":31},"end":{"line":38,"column":46}}},"2":{"name":"(anonymous_9)","decl":{"start":{"line":39,"column":16},"end":{"line":39,"column":17}},"loc":{"start":{"line":39,"column":50},"end":{"line":46,"column":null}}},"3":{"name":"MenuToolbar","decl":{"start":{"line":58,"column":9},"end":{"line":58,"column":20}},"loc":{"start":{"line":65,"column":19},"end":{"line":127,"column":1}}},"4":{"name":"(anonymous_11)","decl":{"start":{"line":70,"column":24},"end":{"line":70,"column":33}},"loc":{"start":{"line":70,"column":35},"end":{"line":74,"column":4}}},"5":{"name":"(anonymous_12)","decl":{"start":{"line":70,"column":35},"end":{"line":70,"column":null}},"loc":{"start":{"line":70,"column":35},"end":{"line":74,"column":3}}}},"branchMap":{"0":{"loc":{"start":{"line":32,"column":14},"end":{"line":34,"column":48}},"type":"cond-expr","locations":[{"start":{"line":33,"column":8},"end":{"line":33,"column":49}},{"start":{"line":34,"column":8},"end":{"line":34,"column":48}}]},"1":{"loc":{"start":{"line":42,"column":6},"end":{"line":46,"column":4}},"type":"binary-expr","locations":[{"start":{"line":42,"column":6},"end":{"line":42,"column":10}},{"start":{"line":42,"column":14},"end":{"line":46,"column":4}}]},"2":{"loc":{"start":{"line":71,"column":4},"end":{"line":73,"column":null}},"type":"if","locations":[{"start":{"line":71,"column":4},"end":{"line":73,"column":null}}]},"3":{"loc":{"start":{"line":85,"column":16},"end":{"line":85,"column":43}},"type":"binary-expr","locations":[{"start":{"line":85,"column":16},"end":{"line":85,"column":20}},{"start":{"line":85,"column":24},"end":{"line":85,"column":43}}]}},"s":{"0":1,"1":1,"2":1,"3":1,"4":1,"5":1,"6":1,"7":1,"8":1,"9":1,"10":1,"11":1,"12":1,"13":1,"14":1,"15":1,"16":1,"17":13,"18":1,"19":1,"20":17,"21":4,"22":4,"23":4,"24":4,"25":4,"26":0,"27":0,"28":0,"29":4,"30":1},"f":{"0":13,"1":17,"2":4,"3":4,"4":0,"5":0},"b":{"0":[4,9],"1":[4,1],"2":[0],"3":[4,1]}}
,"/home/vanessa/Documenti/DTaaSNUOVO/DTaaS/client/src/preview/components/asset/AssetBoard.tsx": {"path":"/home/vanessa/Documenti/DTaaSNUOVO/DTaaS/client/src/preview/components/asset/AssetBoard.tsx","statementMap":{"0":{"start":{"line":1,"column":0},"end":{"line":1,"column":31}},"1":{"start":{"line":2,"column":0},"end":{"line":2,"column":37}},"2":{"start":{"line":3,"column":0},"end":{"line":3,"column":55}},"3":{"start":{"line":5,"column":0},"end":{"line":5,"column":57}},"4":{"start":{"line":6,"column":0},"end":{"line":6,"column":48}},"5":{"start":{"line":8,"column":0},"end":{"line":8,"column":64}},"6":{"start":{"line":10,"column":32},"end":{"line":19,"column":2}},"7":{"start":{"line":29,"column":5},"end":{"line":44,"column":null}},"8":{"start":{"line":30,"column":2},"end":{"line":43,"column":null}},"9":{"start":{"line":42,"column":53},"end":{"line":42,"column":73}},"10":{"start":{"line":47,"column":46},"end":{"line":79,"column":1}},"11":{"start":{"line":48,"column":17},"end":{"line":48,"column":70}},"12":{"start":{"line":48,"column":51},"end":{"line":48,"column":69}},"13":{"start":{"line":49,"column":28},"end":{"line":49,"column":63}},"14":{"start":{"line":50,"column":19},"end":{"line":50,"column":32}},"15":{"start":{"line":52,"column":2},"end":{"line":57,"column":17}},"16":{"start":{"line":53,"column":22},"end":{"line":55,"column":6}},"17":{"start":{"line":53,"column":33},"end":{"line":55,"column":6}},"18":{"start":{"line":54,"column":6},"end":{"line":54,"column":44}},"19":{"start":{"line":56,"column":4},"end":{"line":56,"column":16}},"20":{"start":{"line":59,"column":23},"end":{"line":61,"column":3}},"21":{"start":{"line":60,"column":4},"end":{"line":60,"column":44}},"22":{"start":{"line":63,"column":2},"end":{"line":65,"column":null}},"23":{"start":{"line":64,"column":4},"end":{"line":64,"column":60}},"24":{"start":{"line":67,"column":2},"end":{"line":78,"column":4}},"25":{"start":{"line":70,"column":8},"end":{"line":74,"column":null}},"26":{"start":{"line":81,"column":0},"end":{"line":81,"column":26}}},"fnMap":{"0":{"name":"(anonymous_7)","decl":{"start":{"line":29,"column":5},"end":{"line":29,"column":6}},"loc":{"start":{"line":30,"column":2},"end":{"line":43,"column":null}}},"1":{"name":"(anonymous_8)","decl":{"start":{"line":42,"column":47},"end":{"line":42,"column":50}},"loc":{"start":{"line":42,"column":53},"end":{"line":42,"column":73}}},"2":{"name":"(anonymous_9)","decl":{"start":{"line":47,"column":46},"end":{"line":47,"column":47}},"loc":{"start":{"line":47,"column":58},"end":{"line":79,"column":1}}},"3":{"name":"(anonymous_10)","decl":{"start":{"line":48,"column":29},"end":{"line":48,"column":30}},"loc":{"start":{"line":48,"column":51},"end":{"line":48,"column":69}}},"4":{"name":"(anonymous_11)","decl":{"start":{"line":52,"column":18},"end":{"line":52,"column":21}},"loc":{"start":{"line":52,"column":23},"end":{"line":57,"column":3}}},"5":{"name":"(anonymous_12)","decl":{"start":{"line":53,"column":22},"end":{"line":53,"column":31}},"loc":{"start":{"line":53,"column":33},"end":{"line":55,"column":6}}},"6":{"name":"(anonymous_13)","decl":{"start":{"line":53,"column":33},"end":{"line":53,"column":null}},"loc":{"start":{"line":53,"column":33},"end":{"line":55,"column":5}}},"7":{"name":"(anonymous_14)","decl":{"start":{"line":59,"column":23},"end":{"line":59,"column":24}},"loc":{"start":{"line":59,"column":52},"end":{"line":61,"column":3}}},"8":{"name":"(anonymous_15)","decl":{"start":{"line":69,"column":18},"end":{"line":69,"column":19}},"loc":{"start":{"line":70,"column":8},"end":{"line":74,"column":null}}}},"branchMap":{"0":{"loc":{"start":{"line":39,"column":5},"end":{"line":42,"column":null}},"type":"cond-expr","locations":[{"start":{"line":40,"column":6},"end":{"line":40,"column":40}},{"start":{"line":42,"column":6},"end":{"line":42,"column":77}}]},"1":{"loc":{"start":{"line":63,"column":2},"end":{"line":65,"column":null}},"type":"if","locations":[{"start":{"line":63,"column":2},"end":{"line":65,"column":null}}]}},"s":{"0":8,"1":8,"2":8,"3":8,"4":8,"5":8,"6":8,"7":8,"8":0,"9":0,"10":8,"11":0,"12":0,"13":0,"14":0,"15":0,"16":0,"17":0,"18":0,"19":0,"20":0,"21":0,"22":0,"23":0,"24":0,"25":0,"26":8},"f":{"0":0,"1":0,"2":0,"3":0,"4":0,"5":0,"6":0,"7":0,"8":0},"b":{"0":[0,0],"1":[0]}}
,"/home/vanessa/Documenti/DTaaSNUOVO/DTaaS/client/src/preview/components/asset/AssetCard.tsx": {"path":"/home/vanessa/Documenti/DTaaSNUOVO/DTaaS/client/src/preview/components/asset/AssetCard.tsx","statementMap":{"0":{"start":{"line":1,"column":0},"end":{"line":1,"column":31}},"1":{"start":{"line":2,"column":0},"end":{"line":2,"column":59}},"2":{"start":{"line":3,"column":0},"end":{"line":3,"column":38}},"3":{"start":{"line":4,"column":0},"end":{"line":4,"column":52}},"4":{"start":{"line":5,"column":0},"end":{"line":5,"column":50}},"5":{"start":{"line":6,"column":0},"end":{"line":6,"column":62}},"6":{"start":{"line":7,"column":0},"end":{"line":7,"column":37}},"7":{"start":{"line":8,"column":0},"end":{"line":8,"column":54}},"8":{"start":{"line":9,"column":0},"end":{"line":9,"column":65}},"9":{"start":{"line":10,"column":0},"end":{"line":10,"column":42}},"10":{"start":{"line":11,"column":0},"end":{"line":11,"column":74}},"11":{"start":{"line":13,"column":0},"end":{"line":13,"column":69}},"12":{"start":{"line":14,"column":0},"end":{"line":14,"column":76}},"13":{"start":{"line":15,"column":0},"end":{"line":15,"column":84}},"14":{"start":{"line":16,"column":0},"end":{"line":16,"column":74}},"15":{"start":{"line":17,"column":0},"end":{"line":17,"column":48}},"16":{"start":{"line":18,"column":0},"end":{"line":18,"column":36}},"17":{"start":{"line":20,"column":0},"end":{"line":20,"column":44}},"18":{"start":{"line":21,"column":0},"end":{"line":21,"column":52}},"19":{"start":{"line":22,"column":0},"end":{"line":22,"column":42}},"20":{"start":{"line":47,"column":15},"end":{"line":54,"column":2}},"21":{"start":{"line":56,"column":20},"end":{"line":60,"column":2}},"22":{"start":{"line":63,"column":22},"end":{"line":64,"column":null}},"23":{"start":{"line":64,"column":26},"end":{"line":64,"column":55}},"24":{"start":{"line":67,"column":2},"end":{"line":86,"column":4}},"25":{"start":{"line":95,"column":2},"end":{"line":101,"column":4}},"26":{"start":{"line":108,"column":52},"end":{"line":108,"column":66}},"27":{"start":{"line":109,"column":2},"end":{"line":120,"column":4}},"28":{"start":{"line":124,"column":2},"end":{"line":139,"column":4}},"29":{"start":{"line":143,"column":46},"end":{"line":143,"column":61}},"30":{"start":{"line":144,"column":44},"end":{"line":144,"column":59}},"31":{"start":{"line":145,"column":48},"end":{"line":145,"column":63}},"32":{"start":{"line":146,"column":22},"end":{"line":146,"column":70}},"33":{"start":{"line":148,"column":2},"end":{"line":181,"column":4}},"34":{"start":{"line":212,"column":9},"end":{"line":212,"column":24}},"35":{"start":{"line":185,"column":2},"end":{"line":185,"column":34}},"36":{"start":{"line":186,"column":32},"end":{"line":186,"column":47}},"37":{"start":{"line":187,"column":22},"end":{"line":187,"column":70}},"38":{"start":{"line":189,"column":2},"end":{"line":209,"column":4}},"39":{"start":{"line":212,"column":26},"end":{"line":212,"column":42}}},"fnMap":{"0":{"name":"CardActionAreaContainer","decl":{"start":{"line":62,"column":9},"end":{"line":62,"column":32}},"loc":{"start":{"line":62,"column":45},"end":{"line":87,"column":1}}},"1":{"name":"(anonymous_1)","decl":{"start":{"line":64,"column":4},"end":{"line":64,"column":5}},"loc":{"start":{"line":64,"column":26},"end":{"line":64,"column":55}}},"2":{"name":"CardButtonsContainerManage","decl":{"start":{"line":89,"column":9},"end":{"line":89,"column":35}},"loc":{"start":{"line":94,"column":34},"end":{"line":102,"column":1}}},"3":{"name":"CardButtonsContainerExecute","decl":{"start":{"line":104,"column":9},"end":{"line":104,"column":36}},"loc":{"start":{"line":107,"column":35},"end":{"line":121,"column":1}}},"4":{"name":"AssetCard","decl":{"start":{"line":123,"column":9},"end":{"line":123,"column":18}},"loc":{"start":{"line":123,"column":53},"end":{"line":140,"column":1}}},"5":{"name":"AssetCardManage","decl":{"start":{"line":142,"column":9},"end":{"line":142,"column":24}},"loc":{"start":{"line":142,"column":66},"end":{"line":182,"column":1}}},"6":{"name":"AssetCardExecute","decl":{"start":{"line":184,"column":9},"end":{"line":184,"column":25}},"loc":{"start":{"line":184,"column":51},"end":{"line":210,"column":1}}}},"branchMap":{"0":{"loc":{"start":{"line":149,"column":4},"end":{"line":179,"column":null}},"type":"binary-expr","locations":[{"start":{"line":149,"column":4},"end":{"line":149,"column":15}},{"start":{"line":150,"column":6},"end":{"line":178,"column":null}}]},"1":{"loc":{"start":{"line":190,"column":4},"end":{"line":207,"column":null}},"type":"binary-expr","locations":[{"start":{"line":190,"column":4},"end":{"line":190,"column":15}},{"start":{"line":191,"column":6},"end":{"line":206,"column":null}}]}},"s":{"0":8,"1":8,"2":8,"3":8,"4":8,"5":8,"6":8,"7":8,"8":8,"9":8,"10":8,"11":8,"12":8,"13":8,"14":8,"15":8,"16":8,"17":8,"18":8,"19":8,"20":8,"21":8,"22":0,"23":0,"24":0,"25":0,"26":0,"27":0,"28":0,"29":0,"30":0,"31":0,"32":0,"33":0,"34":8,"35":0,"36":0,"37":0,"38":0,"39":8},"f":{"0":0,"1":0,"2":0,"3":0,"4":0,"5":0,"6":0},"b":{"0":[0,0],"1":[0,0]}}
,"/home/vanessa/Documenti/DTaaSNUOVO/DTaaS/client/src/preview/components/asset/DeleteButton.tsx": {"path":"/home/vanessa/Documenti/DTaaSNUOVO/DTaaS/client/src/preview/components/asset/DeleteButton.tsx","statementMap":{"0":{"start":{"line":1,"column":0},"end":{"line":1,"column":31}},"1":{"start":{"line":3,"column":0},"end":{"line":3,"column":39}},"2":{"start":{"line":9,"column":33},"end":{"line":13,"column":1}},"3":{"start":{"line":12,"column":2},"end":{"line":12,"column":22}},"4":{"start":{"line":16,"column":2},"end":{"line":25,"column":4}},"5":{"start":{"line":21,"column":21},"end":{"line":21,"column":60}},"6":{"start":{"line":28,"column":0},"end":{"line":28,"column":28}}},"fnMap":{"0":{"name":"(anonymous_0)","decl":{"start":{"line":9,"column":33},"end":{"line":9,"column":null}},"loc":{"start":{"line":11,"column":4},"end":{"line":13,"column":1}}},"1":{"name":"DeleteButton","decl":{"start":{"line":15,"column":9},"end":{"line":15,"column":21}},"loc":{"start":{"line":15,"column":58},"end":{"line":26,"column":1}}},"2":{"name":"(anonymous_2)","decl":{"start":{"line":21,"column":15},"end":{"line":21,"column":18}},"loc":{"start":{"line":21,"column":21},"end":{"line":21,"column":60}}}},"branchMap":{},"s":{"0":8,"1":8,"2":8,"3":0,"4":0,"5":0,"6":8},"f":{"0":0,"1":0,"2":0},"b":{}}
,"/home/vanessa/Documenti/DTaaSNUOVO/DTaaS/client/src/preview/components/asset/DetailsButton.tsx": {"path":"/home/vanessa/Documenti/DTaaSNUOVO/DTaaS/client/src/preview/components/asset/DetailsButton.tsx","statementMap":{"0":{"start":{"line":1,"column":0},"end":{"line":1,"column":31}},"1":{"start":{"line":3,"column":0},"end":{"line":3,"column":39}},"2":{"start":{"line":4,"column":0},"end":{"line":4,"column":42}},"3":{"start":{"line":5,"column":0},"end":{"line":5,"column":72}},"4":{"start":{"line":13,"column":41},"end":{"line":19,"column":2}},"5":{"start":{"line":16,"column":4},"end":{"line":19,"column":2}},"6":{"start":{"line":17,"column":2},"end":{"line":17,"column":41}},"7":{"start":{"line":18,"column":2},"end":{"line":18,"column":23}},"8":{"start":{"line":13,"column":13},"end":{"line":13,"column":41}},"9":{"start":{"line":22,"column":22},"end":{"line":22,"column":69}},"10":{"start":{"line":23,"column":2},"end":{"line":32,"column":4}},"11":{"start":{"line":28,"column":21},"end":{"line":28,"column":75}},"12":{"start":{"line":35,"column":0},"end":{"line":35,"column":29}}},"fnMap":{"0":{"name":"(anonymous_7)","decl":{"start":{"line":13,"column":41},"end":{"line":13,"column":null}},"loc":{"start":{"line":16,"column":4},"end":{"line":19,"column":2}}},"1":{"name":"(anonymous_8)","decl":{"start":{"line":16,"column":4},"end":{"line":16,"column":null}},"loc":{"start":{"line":16,"column":4},"end":{"line":19,"column":1}}},"2":{"name":"DetailsButton","decl":{"start":{"line":21,"column":9},"end":{"line":21,"column":22}},"loc":{"start":{"line":21,"column":71},"end":{"line":33,"column":1}}},"3":{"name":"(anonymous_10)","decl":{"start":{"line":28,"column":15},"end":{"line":28,"column":18}},"loc":{"start":{"line":28,"column":21},"end":{"line":28,"column":75}}}},"branchMap":{},"s":{"0":8,"1":8,"2":8,"3":8,"4":8,"5":0,"6":0,"7":0,"8":8,"9":0,"10":0,"11":0,"12":8},"f":{"0":0,"1":0,"2":0,"3":0},"b":{}}
,"/home/vanessa/Documenti/DTaaSNUOVO/DTaaS/client/src/preview/components/asset/LogButton.tsx": {"path":"/home/vanessa/Documenti/DTaaSNUOVO/DTaaS/client/src/preview/components/asset/LogButton.tsx","statementMap":{"0":{"start":{"line":1,"column":0},"end":{"line":1,"column":31}},"1":{"start":{"line":3,"column":0},"end":{"line":3,"column":39}},"2":{"start":{"line":10,"column":31},"end":{"line":14,"column":1}},"3":{"start":{"line":13,"column":2},"end":{"line":13,"column":30}},"4":{"start":{"line":13,"column":23},"end":{"line":13,"column":28}},"5":{"start":{"line":10,"column":13},"end":{"line":10,"column":31}},"6":{"start":{"line":17,"column":2},"end":{"line":27,"column":4}},"7":{"start":{"line":22,"column":21},"end":{"line":22,"column":48}},"8":{"start":{"line":30,"column":0},"end":{"line":30,"column":25}}},"fnMap":{"0":{"name":"(anonymous_0)","decl":{"start":{"line":10,"column":31},"end":{"line":10,"column":null}},"loc":{"start":{"line":12,"column":4},"end":{"line":14,"column":1}}},"1":{"name":"(anonymous_1)","decl":{"start":{"line":13,"column":13},"end":{"line":13,"column":14}},"loc":{"start":{"line":13,"column":23},"end":{"line":13,"column":28}}},"2":{"name":"LogButton","decl":{"start":{"line":16,"column":9},"end":{"line":16,"column":18}},"loc":{"start":{"line":16,"column":68},"end":{"line":28,"column":1}}},"3":{"name":"(anonymous_3)","decl":{"start":{"line":22,"column":15},"end":{"line":22,"column":18}},"loc":{"start":{"line":22,"column":21},"end":{"line":22,"column":48}}}},"branchMap":{},"s":{"0":8,"1":8,"2":8,"3":0,"4":0,"5":8,"6":0,"7":0,"8":8},"f":{"0":0,"1":0,"2":0,"3":0},"b":{}}
,"/home/vanessa/Documenti/DTaaSNUOVO/DTaaS/client/src/preview/components/asset/ReconfigureButton.tsx": {"path":"/home/vanessa/Documenti/DTaaSNUOVO/DTaaS/client/src/preview/components/asset/ReconfigureButton.tsx","statementMap":{"0":{"start":{"line":1,"column":0},"end":{"line":1,"column":31}},"1":{"start":{"line":2,"column":0},"end":{"line":2,"column":39}},"2":{"start":{"line":9,"column":45},"end":{"line":13,"column":1}},"3":{"start":{"line":12,"column":2},"end":{"line":12,"column":38}},"4":{"start":{"line":12,"column":31},"end":{"line":12,"column":36}},"5":{"start":{"line":9,"column":13},"end":{"line":9,"column":45}},"6":{"start":{"line":16,"column":2},"end":{"line":25,"column":4}},"7":{"start":{"line":21,"column":21},"end":{"line":21,"column":70}},"8":{"start":{"line":28,"column":0},"end":{"line":28,"column":33}}},"fnMap":{"0":{"name":"(anonymous_0)","decl":{"start":{"line":9,"column":45},"end":{"line":9,"column":null}},"loc":{"start":{"line":11,"column":4},"end":{"line":13,"column":1}}},"1":{"name":"(anonymous_1)","decl":{"start":{"line":12,"column":21},"end":{"line":12,"column":22}},"loc":{"start":{"line":12,"column":31},"end":{"line":12,"column":36}}},"2":{"name":"ReconfigureButton","decl":{"start":{"line":15,"column":9},"end":{"line":15,"column":26}},"loc":{"start":{"line":15,"column":73},"end":{"line":26,"column":1}}},"3":{"name":"(anonymous_3)","decl":{"start":{"line":21,"column":15},"end":{"line":21,"column":18}},"loc":{"start":{"line":21,"column":21},"end":{"line":21,"column":70}}}},"branchMap":{},"s":{"0":8,"1":8,"2":8,"3":0,"4":0,"5":8,"6":0,"7":0,"8":8},"f":{"0":0,"1":0,"2":0,"3":0},"b":{}}
,"/home/vanessa/Documenti/DTaaSNUOVO/DTaaS/client/src/preview/components/asset/StartStopButton.tsx": {"path":"/home/vanessa/Documenti/DTaaSNUOVO/DTaaS/client/src/preview/components/asset/StartStopButton.tsx","statementMap":{"0":{"start":{"line":1,"column":0},"end":{"line":1,"column":31}},"1":{"start":{"line":2,"column":0},"end":{"line":2,"column":59}},"2":{"start":{"line":3,"column":0},"end":{"line":3,"column":57}},"3":{"start":{"line":4,"column":0},"end":{"line":4,"column":87}},"4":{"start":{"line":5,"column":0},"end":{"line":5,"column":55}},"5":{"start":{"line":6,"column":0},"end":{"line":6,"column":74}},"6":{"start":{"line":22,"column":38},"end":{"line":22,"column":55}},"7":{"start":{"line":24,"column":19},"end":{"line":24,"column":32}},"8":{"start":{"line":25,"column":22},"end":{"line":25,"column":69}},"9":{"start":{"line":27,"column":2},"end":{"line":49,"column":4}},"10":{"start":{"line":37,"column":10},"end":{"line":42,"column":null}},"11":{"start":{"line":52,"column":0},"end":{"line":52,"column":31}}},"fnMap":{"0":{"name":"StartStopButton","decl":{"start":{"line":18,"column":9},"end":{"line":18,"column":24}},"loc":{"start":{"line":21,"column":23},"end":{"line":50,"column":1}}},"1":{"name":"(anonymous_1)","decl":{"start":{"line":36,"column":17},"end":{"line":36,"column":20}},"loc":{"start":{"line":37,"column":10},"end":{"line":42,"column":null}}}},"branchMap":{"0":{"loc":{"start":{"line":29,"column":7},"end":{"line":31,"column":14}},"type":"cond-expr","locations":[{"start":{"line":30,"column":8},"end":{"line":30,"column":69}},{"start":{"line":31,"column":10},"end":{"line":31,"column":14}}]},"1":{"loc":{"start":{"line":29,"column":7},"end":{"line":29,"column":35}},"type":"cond-expr","locations":[{"start":{"line":29,"column":18},"end":{"line":29,"column":20}},{"start":{"line":29,"column":7},"end":{"line":29,"column":35}}]},"2":{"loc":{"start":{"line":29,"column":7},"end":{"line":29,"column":20}},"type":"binary-expr","locations":[{"start":{"line":29,"column":7},"end":{"line":29,"column":20}},{"start":{"line":29,"column":7},"end":{"line":29,"column":20}}]}},"s":{"0":8,"1":8,"2":8,"3":8,"4":8,"5":8,"6":0,"7":0,"8":0,"9":0,"10":0,"11":8},"f":{"0":0,"1":0},"b":{"0":[0,0],"1":[0,0],"2":[0,0]}}
,"/home/vanessa/Documenti/DTaaSNUOVO/DTaaS/client/src/preview/route/digitaltwins/DigitalTwinTabDataPreview.ts": {"path":"/home/vanessa/Documenti/DTaaSNUOVO/DTaaS/client/src/preview/route/digitaltwins/DigitalTwinTabDataPreview.ts","statementMap":{"0":{"start":{"line":3,"column":22},"end":{"line":20,"column":2}},"1":{"start":{"line":22,"column":0},"end":{"line":22,"column":20}}},"fnMap":{},"branchMap":{},"s":{"0":8,"1":8},"f":{},"b":{}}
,"/home/vanessa/Documenti/DTaaSNUOVO/DTaaS/client/src/preview/route/digitaltwins/DigitalTwinsPreview.tsx": {"path":"/home/vanessa/Documenti/DTaaSNUOVO/DTaaS/client/src/preview/route/digitaltwins/DigitalTwinsPreview.tsx","statementMap":{"0":{"start":{"line":1,"column":0},"end":{"line":1,"column":31}},"1":{"start":{"line":2,"column":0},"end":{"line":2,"column":34}},"2":{"start":{"line":3,"column":0},"end":{"line":3,"column":42}},"3":{"start":{"line":4,"column":0},"end":{"line":4,"column":43}},"4":{"start":{"line":5,"column":0},"end":{"line":5,"column":33}},"5":{"start":{"line":6,"column":0},"end":{"line":6,"column":55}},"6":{"start":{"line":8,"column":0},"end":{"line":8,"column":61}},"7":{"start":{"line":9,"column":0},"end":{"line":9,"column":54}},"8":{"start":{"line":10,"column":0},"end":{"line":10,"column":59}},"9":{"start":{"line":11,"column":0},"end":{"line":11,"column":47}},"10":{"start":{"line":12,"column":0},"end":{"line":12,"column":45}},"11":{"start":{"line":19,"column":27},"end":{"line":47,"column":7}},"12":{"start":{"line":23,"column":2},"end":{"line":47,"column":7}},"13":{"start":{"line":26,"column":8},"end":{"line":28,"column":30}},"14":{"start":{"line":30,"column":19},"end":{"line":47,"column":6}},"15":{"start":{"line":19,"column":13},"end":{"line":19,"column":27}},"16":{"start":{"line":49,"column":25},"end":{"line":79,"column":1}},"17":{"start":{"line":50,"column":54},"end":{"line":50,"column":72}},"18":{"start":{"line":51,"column":19},"end":{"line":51,"column":32}},"19":{"start":{"line":53,"column":2},"end":{"line":64,"column":17}},"20":{"start":{"line":54,"column":4},"end":{"line":63,"column":7}},"21":{"start":{"line":55,"column":6},"end":{"line":62,"column":8}},"22":{"start":{"line":66,"column":2},"end":{"line":78,"column":4}},"23":{"start":{"line":49,"column":13},"end":{"line":49,"column":25}},"24":{"start":{"line":82,"column":2},"end":{"line":82,"column":23}},"25":{"start":{"line":81,"column":0},"end":{"line":81,"column":24}}},"fnMap":{"0":{"name":"(anonymous_0)","decl":{"start":{"line":19,"column":27},"end":{"line":19,"column":28}},"loc":{"start":{"line":23,"column":2},"end":{"line":47,"column":7}}},"1":{"name":"(anonymous_1)","decl":{"start":{"line":25,"column":6},"end":{"line":25,"column":7}},"loc":{"start":{"line":26,"column":8},"end":{"line":28,"column":30}}},"2":{"name":"(anonymous_2)","decl":{"start":{"line":30,"column":9},"end":{"line":30,"column":10}},"loc":{"start":{"line":30,"column":19},"end":{"line":47,"column":6}}},"3":{"name":"(anonymous_3)","decl":{"start":{"line":49,"column":25},"end":{"line":49,"column":28}},"loc":{"start":{"line":49,"column":30},"end":{"line":79,"column":1}}},"4":{"name":"(anonymous_4)","decl":{"start":{"line":53,"column":12},"end":{"line":53,"column":15}},"loc":{"start":{"line":53,"column":17},"end":{"line":64,"column":3}}},"5":{"name":"(anonymous_5)","decl":{"start":{"line":54,"column":25},"end":{"line":54,"column":26}},"loc":{"start":{"line":54,"column":34},"end":{"line":63,"column":5}}},"6":{"name":"DigitalTwinsPreview","decl":{"start":{"line":81,"column":24},"end":{"line":81,"column":43}},"loc":{"start":{"line":81,"column":43},"end":{"line":83,"column":1}}}},"branchMap":{"0":{"loc":{"start":{"line":26,"column":8},"end":{"line":28,"column":30}},"type":"binary-expr","locations":[{"start":{"line":26,"column":8},"end":{"line":26,"column":30}},{"start":{"line":27,"column":8},"end":{"line":27,"column":31}},{"start":{"line":28,"column":8},"end":{"line":28,"column":30}}]},"1":{"loc":{"start":{"line":33,"column":8},"end":{"line":45,"column":null}},"type":"cond-expr","locations":[{"start":{"line":34,"column":10},"end":{"line":39,"column":null}},{"start":{"line":42,"column":10},"end":{"line":44,"column":null}}]}},"s":{"0":8,"1":8,"2":8,"3":8,"4":8,"5":8,"6":8,"7":8,"8":8,"9":8,"10":8,"11":8,"12":0,"13":0,"14":0,"15":8,"16":8,"17":0,"18":0,"19":0,"20":0,"21":0,"22":0,"23":8,"24":0,"25":8},"f":{"0":0,"1":0,"2":0,"3":0,"4":0,"5":0,"6":0},"b":{"0":[0,0,0],"1":[0,0]}}
,"/home/vanessa/Documenti/DTaaSNUOVO/DTaaS/client/src/preview/route/digitaltwins/Snackbar.tsx": {"path":"/home/vanessa/Documenti/DTaaSNUOVO/DTaaS/client/src/preview/route/digitaltwins/Snackbar.tsx","statementMap":{"0":{"start":{"line":1,"column":0},"end":{"line":1,"column":31}},"1":{"start":{"line":2,"column":0},"end":{"line":2,"column":55}},"2":{"start":{"line":3,"column":0},"end":{"line":3,"column":46}},"3":{"start":{"line":4,"column":0},"end":{"line":4,"column":40}},"4":{"start":{"line":6,"column":0},"end":{"line":6,"column":60}},"5":{"start":{"line":8,"column":33},"end":{"line":26,"column":1}},"6":{"start":{"line":9,"column":19},"end":{"line":9,"column":32}},"7":{"start":{"line":11,"column":38},"end":{"line":12,"column":null}},"8":{"start":{"line":12,"column":26},"end":{"line":12,"column":40}},"9":{"start":{"line":15,"column":22},"end":{"line":17,"column":3}},"10":{"start":{"line":16,"column":4},"end":{"line":16,"column":29}},"11":{"start":{"line":19,"column":2},"end":{"line":25,"column":4}},"12":{"start":{"line":28,"column":0},"end":{"line":28,"column":30}}},"fnMap":{"0":{"name":"(anonymous_0)","decl":{"start":{"line":8,"column":33},"end":{"line":8,"column":36}},"loc":{"start":{"line":8,"column":38},"end":{"line":26,"column":1}}},"1":{"name":"(anonymous_1)","decl":{"start":{"line":12,"column":4},"end":{"line":12,"column":5}},"loc":{"start":{"line":12,"column":26},"end":{"line":12,"column":40}}},"2":{"name":"(anonymous_2)","decl":{"start":{"line":15,"column":22},"end":{"line":15,"column":25}},"loc":{"start":{"line":15,"column":27},"end":{"line":17,"column":3}}}},"branchMap":{},"s":{"0":8,"1":8,"2":8,"3":8,"4":8,"5":8,"6":0,"7":0,"8":0,"9":0,"10":0,"11":0,"12":8},"f":{"0":0,"1":0,"2":0},"b":{}}
,"/home/vanessa/Documenti/DTaaSNUOVO/DTaaS/client/src/preview/route/digitaltwins/create/ChangeFileNameDialog.tsx": {"path":"/home/vanessa/Documenti/DTaaSNUOVO/DTaaS/client/src/preview/route/digitaltwins/create/ChangeFileNameDialog.tsx","statementMap":{"0":{"start":{"line":1,"column":0},"end":{"line":1,"column":31}},"1":{"start":{"line":2,"column":0},"end":{"line":2,"column":null}},"2":{"start":{"line":11,"column":0},"end":{"line":11,"column":70}},"3":{"start":{"line":12,"column":0},"end":{"line":12,"column":62}},"4":{"start":{"line":13,"column":0},"end":{"line":13,"column":55}},"5":{"start":{"line":24,"column":66},"end":{"line":89,"column":1}},"6":{"start":{"line":31,"column":50},"end":{"line":31,"column":68}},"7":{"start":{"line":32,"column":54},"end":{"line":32,"column":66}},"8":{"start":{"line":34,"column":16},"end":{"line":34,"column":62}},"9":{"start":{"line":34,"column":50},"end":{"line":34,"column":61}},"10":{"start":{"line":35,"column":19},"end":{"line":35,"column":32}},"11":{"start":{"line":37,"column":2},"end":{"line":39,"column":17}},"12":{"start":{"line":38,"column":4},"end":{"line":38,"column":34}},"13":{"start":{"line":41,"column":42},"end":{"line":45,"column":3}},"14":{"start":{"line":42,"column":4},"end":{"line":42,"column":39}},"15":{"start":{"line":43,"column":4},"end":{"line":43,"column":30}},"16":{"start":{"line":44,"column":4},"end":{"line":44,"column":34}},"17":{"start":{"line":47,"column":2},"end":{"line":88,"column":4}},"18":{"start":{"line":58,"column":27},"end":{"line":58,"column":62}},"19":{"start":{"line":64,"column":25},"end":{"line":64,"column":58}},"20":{"start":{"line":71,"column":12},"end":{"line":79,"column":null}},"21":{"start":{"line":91,"column":0},"end":{"line":91,"column":36}}},"fnMap":{"0":{"name":"(anonymous_0)","decl":{"start":{"line":24,"column":66},"end":{"line":24,"column":67}},"loc":{"start":{"line":30,"column":5},"end":{"line":89,"column":1}}},"1":{"name":"(anonymous_1)","decl":{"start":{"line":34,"column":28},"end":{"line":34,"column":29}},"loc":{"start":{"line":34,"column":50},"end":{"line":34,"column":61}}},"2":{"name":"(anonymous_2)","decl":{"start":{"line":37,"column":12},"end":{"line":37,"column":15}},"loc":{"start":{"line":37,"column":17},"end":{"line":39,"column":3}}},"3":{"name":"(anonymous_3)","decl":{"start":{"line":41,"column":42},"end":{"line":41,"column":45}},"loc":{"start":{"line":41,"column":47},"end":{"line":45,"column":3}}},"4":{"name":"(anonymous_4)","decl":{"start":{"line":58,"column":20},"end":{"line":58,"column":21}},"loc":{"start":{"line":58,"column":27},"end":{"line":58,"column":62}}},"5":{"name":"(anonymous_5)","decl":{"start":{"line":64,"column":19},"end":{"line":64,"column":22}},"loc":{"start":{"line":64,"column":25},"end":{"line":64,"column":58}}},"6":{"name":"(anonymous_6)","decl":{"start":{"line":70,"column":19},"end":{"line":70,"column":22}},"loc":{"start":{"line":71,"column":12},"end":{"line":79,"column":null}}}},"branchMap":{},"s":{"0":8,"1":8,"2":8,"3":8,"4":8,"5":8,"6":0,"7":0,"8":0,"9":0,"10":0,"11":0,"12":0,"13":0,"14":0,"15":0,"16":0,"17":0,"18":0,"19":0,"20":0,"21":8},"f":{"0":0,"1":0,"2":0,"3":0,"4":0,"5":0,"6":0},"b":{}}
,"/home/vanessa/Documenti/DTaaSNUOVO/DTaaS/client/src/preview/route/digitaltwins/create/ConfirmDeleteDialog.tsx": {"path":"/home/vanessa/Documenti/DTaaSNUOVO/DTaaS/client/src/preview/route/digitaltwins/create/ConfirmDeleteDialog.tsx","statementMap":{"0":{"start":{"line":1,"column":0},"end":{"line":1,"column":31}},"1":{"start":{"line":3,"column":0},"end":{"line":3,"column":77}},"2":{"start":{"line":4,"column":0},"end":{"line":4,"column":null}},"3":{"start":{"line":8,"column":0},"end":{"line":8,"column":55}},"4":{"start":{"line":10,"column":0},"end":{"line":10,"column":54}},"5":{"start":{"line":21,"column":64},"end":{"line":72,"column":1}},"6":{"start":{"line":29,"column":19},"end":{"line":29,"column":32}},"7":{"start":{"line":31,"column":16},"end":{"line":31,"column":62}},"8":{"start":{"line":31,"column":50},"end":{"line":31,"column":61}},"9":{"start":{"line":33,"column":30},"end":{"line":57,"column":3}},"10":{"start":{"line":34,"column":4},"end":{"line":34,"column":20}},"11":{"start":{"line":35,"column":4},"end":{"line":35,"column":23}},"12":{"start":{"line":36,"column":4},"end":{"line":36,"column":20}},"13":{"start":{"line":37,"column":4},"end":{"line":37,"column":30}},"14":{"start":{"line":38,"column":4},"end":{"line":38,"column":39}},"15":{"start":{"line":40,"column":4},"end":{"line":54,"column":7}},"16":{"start":{"line":41,"column":25},"end":{"line":42,"column":null}},"17":{"start":{"line":42,"column":15},"end":{"line":42,"column":55}},"18":{"start":{"line":44,"column":6},"end":{"line":53,"column":null}},"19":{"start":{"line":45,"column":8},"end":{"line":52,"column":10}},"20":{"start":{"line":56,"column":4},"end":{"line":56,"column":38}},"21":{"start":{"line":59,"column":2},"end":{"line":71,"column":4}},"22":{"start":{"line":65,"column":31},"end":{"line":65,"column":64}},"23":{"start":{"line":74,"column":0},"end":{"line":74,"column":35}}},"fnMap":{"0":{"name":"(anonymous_0)","decl":{"start":{"line":21,"column":64},"end":{"line":21,"column":65}},"loc":{"start":{"line":28,"column":5},"end":{"line":72,"column":1}}},"1":{"name":"(anonymous_1)","decl":{"start":{"line":31,"column":28},"end":{"line":31,"column":29}},"loc":{"start":{"line":31,"column":50},"end":{"line":31,"column":61}}},"2":{"name":"(anonymous_2)","decl":{"start":{"line":33,"column":30},"end":{"line":33,"column":33}},"loc":{"start":{"line":33,"column":35},"end":{"line":57,"column":3}}},"3":{"name":"(anonymous_3)","decl":{"start":{"line":40,"column":25},"end":{"line":40,"column":26}},"loc":{"start":{"line":40,"column":34},"end":{"line":54,"column":5}}},"4":{"name":"(anonymous_4)","decl":{"start":{"line":42,"column":8},"end":{"line":42,"column":9}},"loc":{"start":{"line":42,"column":15},"end":{"line":42,"column":55}}},"5":{"name":"(anonymous_5)","decl":{"start":{"line":65,"column":25},"end":{"line":65,"column":28}},"loc":{"start":{"line":65,"column":31},"end":{"line":65,"column":64}}}},"branchMap":{"0":{"loc":{"start":{"line":42,"column":15},"end":{"line":42,"column":55}},"type":"binary-expr","locations":[{"start":{"line":42,"column":15},"end":{"line":42,"column":35}},{"start":{"line":42,"column":39},"end":{"line":42,"column":55}}]},"1":{"loc":{"start":{"line":44,"column":6},"end":{"line":53,"column":null}},"type":"if","locations":[{"start":{"line":44,"column":6},"end":{"line":53,"column":null}}]}},"s":{"0":8,"1":8,"2":8,"3":8,"4":8,"5":8,"6":0,"7":0,"8":0,"9":0,"10":0,"11":0,"12":0,"13":0,"14":0,"15":0,"16":0,"17":0,"18":0,"19":0,"20":0,"21":0,"22":0,"23":8},"f":{"0":0,"1":0,"2":0,"3":0,"4":0,"5":0},"b":{"0":[0,0],"1":[0]}}
,"/home/vanessa/Documenti/DTaaSNUOVO/DTaaS/client/src/preview/route/digitaltwins/create/CreateDTDialog.tsx": {"path":"/home/vanessa/Documenti/DTaaSNUOVO/DTaaS/client/src/preview/route/digitaltwins/create/CreateDTDialog.tsx","statementMap":{"0":{"start":{"line":1,"column":0},"end":{"line":1,"column":31}},"1":{"start":{"line":3,"column":0},"end":{"line":3,"column":null}},"2":{"start":{"line":10,"column":0},"end":{"line":10,"column":77}},"3":{"start":{"line":11,"column":0},"end":{"line":11,"column":55}},"4":{"start":{"line":14,"column":0},"end":{"line":14,"column":60}},"5":{"start":{"line":15,"column":0},"end":{"line":15,"column":65}},"6":{"start":{"line":16,"column":0},"end":{"line":16,"column":null}},"7":{"start":{"line":21,"column":0},"end":{"line":21,"column":52}},"8":{"start":{"line":35,"column":20},"end":{"line":40,"column":1}},"9":{"start":{"line":39,"column":2},"end":{"line":39,"column":57}},"10":{"start":{"line":42,"column":22},"end":{"line":58,"column":1}},"11":{"start":{"line":48,"column":2},"end":{"line":53,"column":4}},"12":{"start":{"line":54,"column":2},"end":{"line":54,"column":75}},"13":{"start":{"line":55,"column":2},"end":{"line":55,"column":37}},"14":{"start":{"line":57,"column":2},"end":{"line":57,"column":49}},"15":{"start":{"line":60,"column":27},"end":{"line":70,"column":1}},"16":{"start":{"line":66,"column":2},"end":{"line":66,"column":31}},"17":{"start":{"line":67,"column":2},"end":{"line":67,"column":18}},"18":{"start":{"line":68,"column":2},"end":{"line":68,"column":21}},"19":{"start":{"line":69,"column":2},"end":{"line":69,"column":18}},"20":{"start":{"line":72,"column":22},"end":{"line":101,"column":2}},"21":{"start":{"line":82,"column":4},"end":{"line":101,"column":2}},"22":{"start":{"line":83,"column":2},"end":{"line":83,"column":52}},"23":{"start":{"line":83,"column":45},"end":{"line":83,"column":52}},"24":{"start":{"line":85,"column":22},"end":{"line":85,"column":63}},"25":{"start":{"line":86,"column":17},"end":{"line":86,"column":48}},"26":{"start":{"line":88,"column":2},"end":{"line":92,"column":null}},"27":{"start":{"line":89,"column":4},"end":{"line":89,"column":34}},"28":{"start":{"line":91,"column":4},"end":{"line":91,"column":68}},"29":{"start":{"line":94,"column":2},"end":{"line":99,"column":4}},"30":{"start":{"line":100,"column":2},"end":{"line":100,"column":28}},"31":{"start":{"line":103,"column":54},"end":{"line":159,"column":1}},"32":{"start":{"line":114,"column":29},"end":{"line":114,"column":75}},"33":{"start":{"line":114,"column":63},"end":{"line":114,"column":74}},"34":{"start":{"line":115,"column":19},"end":{"line":115,"column":32}},"35":{"start":{"line":117,"column":2},"end":{"line":158,"column":4}},"36":{"start":{"line":129,"column":12},"end":{"line":133,"column":null}},"37":{"start":{"line":141,"column":12},"end":{"line":150,"column":null}},"38":{"start":{"line":161,"column":0},"end":{"line":161,"column":30}}},"fnMap":{"0":{"name":"(anonymous_7)","decl":{"start":{"line":35,"column":20},"end":{"line":35,"column":null}},"loc":{"start":{"line":38,"column":4},"end":{"line":40,"column":1}}},"1":{"name":"(anonymous_8)","decl":{"start":{"line":42,"column":22},"end":{"line":42,"column":null}},"loc":{"start":{"line":47,"column":4},"end":{"line":58,"column":1}}},"2":{"name":"(anonymous_9)","decl":{"start":{"line":60,"column":27},"end":{"line":60,"column":null}},"loc":{"start":{"line":65,"column":4},"end":{"line":70,"column":1}}},"3":{"name":"(anonymous_10)","decl":{"start":{"line":72,"column":22},"end":{"line":72,"column":null}},"loc":{"start":{"line":82,"column":4},"end":{"line":101,"column":2}}},"4":{"name":"(anonymous_11)","decl":{"start":{"line":82,"column":4},"end":{"line":82,"column":null}},"loc":{"start":{"line":82,"column":4},"end":{"line":101,"column":1}}},"5":{"name":"(anonymous_12)","decl":{"start":{"line":103,"column":54},"end":{"line":103,"column":55}},"loc":{"start":{"line":113,"column":5},"end":{"line":159,"column":1}}},"6":{"name":"(anonymous_13)","decl":{"start":{"line":114,"column":41},"end":{"line":114,"column":42}},"loc":{"start":{"line":114,"column":63},"end":{"line":114,"column":74}}},"7":{"name":"(anonymous_14)","decl":{"start":{"line":128,"column":19},"end":{"line":128,"column":22}},"loc":{"start":{"line":129,"column":12},"end":{"line":133,"column":null}}},"8":{"name":"(anonymous_15)","decl":{"start":{"line":140,"column":19},"end":{"line":140,"column":22}},"loc":{"start":{"line":141,"column":12},"end":{"line":150,"column":null}}}},"branchMap":{"0":{"loc":{"start":{"line":83,"column":2},"end":{"line":83,"column":52}},"type":"if","locations":[{"start":{"line":83,"column":2},"end":{"line":83,"column":52}}]},"1":{"loc":{"start":{"line":88,"column":2},"end":{"line":92,"column":null}},"type":"if","locations":[{"start":{"line":88,"column":2},"end":{"line":92,"column":null}},{"start":{"line":90,"column":9},"end":{"line":92,"column":null}}]}},"s":{"0":8,"1":8,"2":8,"3":8,"4":8,"5":8,"6":8,"7":8,"8":8,"9":0,"10":8,"11":0,"12":0,"13":0,"14":0,"15":8,"16":0,"17":0,"18":0,"19":0,"20":8,"21":0,"22":0,"23":0,"24":0,"25":0,"26":0,"27":0,"28":0,"29":0,"30":0,"31":8,"32":0,"33":0,"34":0,"35":0,"36":0,"37":0,"38":8},"f":{"0":0,"1":0,"2":0,"3":0,"4":0,"5":0,"6":0,"7":0,"8":0},"b":{"0":[0],"1":[0,0]}}
,"/home/vanessa/Documenti/DTaaSNUOVO/DTaaS/client/src/preview/route/digitaltwins/create/CreateDialogs.tsx": {"path":"/home/vanessa/Documenti/DTaaSNUOVO/DTaaS/client/src/preview/route/digitaltwins/create/CreateDialogs.tsx","statementMap":{"0":{"start":{"line":1,"column":0},"end":{"line":1,"column":31}},"1":{"start":{"line":3,"column":0},"end":{"line":3,"column":58}},"2":{"start":{"line":4,"column":0},"end":{"line":4,"column":50}},"3":{"start":{"line":5,"column":0},"end":{"line":5,"column":56}},"4":{"start":{"line":6,"column":0},"end":{"line":6,"column":46}},"5":{"start":{"line":27,"column":52},"end":{"line":65,"column":null}},"6":{"start":{"line":28,"column":2},"end":{"line":64,"column":null}},"7":{"start":{"line":68,"column":0},"end":{"line":68,"column":29}}},"fnMap":{"0":{"name":"(anonymous_0)","decl":{"start":{"line":27,"column":52},"end":{"line":27,"column":53}},"loc":{"start":{"line":28,"column":2},"end":{"line":64,"column":null}}}},"branchMap":{},"s":{"0":8,"1":8,"2":8,"3":8,"4":8,"5":8,"6":0,"7":8},"f":{"0":0},"b":{}}
,"/home/vanessa/Documenti/DTaaSNUOVO/DTaaS/client/src/preview/route/digitaltwins/create/CreatePage.tsx": {"path":"/home/vanessa/Documenti/DTaaSNUOVO/DTaaS/client/src/preview/route/digitaltwins/create/CreatePage.tsx","statementMap":{"0":{"start":{"line":1,"column":0},"end":{"line":1,"column":31}},"1":{"start":{"line":2,"column":0},"end":{"line":2,"column":59}},"2":{"start":{"line":3,"column":0},"end":{"line":3,"column":55}},"3":{"start":{"line":4,"column":0},"end":{"line":4,"column":62}},"4":{"start":{"line":5,"column":0},"end":{"line":5,"column":44}},"5":{"start":{"line":6,"column":0},"end":{"line":6,"column":41}},"6":{"start":{"line":7,"column":0},"end":{"line":7,"column":52}},"7":{"start":{"line":21,"column":2},"end":{"line":31,"column":4}},"8":{"start":{"line":43,"column":2},"end":{"line":65,"column":4}},"9":{"start":{"line":72,"column":34},"end":{"line":72,"column":46}},"10":{"start":{"line":73,"column":40},"end":{"line":73,"column":52}},"11":{"start":{"line":74,"column":34},"end":{"line":74,"column":46}},"12":{"start":{"line":76,"column":4},"end":{"line":76,"column":19}},"13":{"start":{"line":77,"column":58},"end":{"line":77,"column":73}},"14":{"start":{"line":78,"column":64},"end":{"line":78,"column":79}},"15":{"start":{"line":79,"column":54},"end":{"line":79,"column":69}},"16":{"start":{"line":80,"column":42},"end":{"line":80,"column":54}},"17":{"start":{"line":82,"column":24},"end":{"line":84,"column":3}},"18":{"start":{"line":83,"column":4},"end":{"line":83,"column":37}},"19":{"start":{"line":86,"column":22},"end":{"line":89,"column":3}},"20":{"start":{"line":87,"column":4},"end":{"line":87,"column":24}},"21":{"start":{"line":88,"column":4},"end":{"line":88,"column":32}},"22":{"start":{"line":91,"column":2},"end":{"line":151,"column":4}},"23":{"start":{"line":109,"column":27},"end":{"line":109,"column":64}},"24":{"start":{"line":154,"column":0},"end":{"line":154,"column":26}}},"fnMap":{"0":{"name":"DigitalTwinNameInput","decl":{"start":{"line":14,"column":9},"end":{"line":14,"column":29}},"loc":{"start":{"line":20,"column":1},"end":{"line":32,"column":1}}},"1":{"name":"ActionButtons","decl":{"start":{"line":34,"column":9},"end":{"line":34,"column":22}},"loc":{"start":{"line":42,"column":1},"end":{"line":66,"column":1}}},"2":{"name":"CreatePage","decl":{"start":{"line":68,"column":9},"end":{"line":68,"column":19}},"loc":{"start":{"line":71,"column":18},"end":{"line":152,"column":1}}},"3":{"name":"(anonymous_3)","decl":{"start":{"line":82,"column":24},"end":{"line":82,"column":27}},"loc":{"start":{"line":82,"column":29},"end":{"line":84,"column":3}}},"4":{"name":"(anonymous_4)","decl":{"start":{"line":86,"column":22},"end":{"line":86,"column":25}},"loc":{"start":{"line":86,"column":27},"end":{"line":89,"column":3}}},"5":{"name":"(anonymous_5)","decl":{"start":{"line":109,"column":20},"end":{"line":109,"column":21}},"loc":{"start":{"line":109,"column":27},"end":{"line":109,"column":64}}}},"branchMap":{},"s":{"0":8,"1":8,"2":8,"3":8,"4":8,"5":8,"6":8,"7":0,"8":0,"9":0,"10":0,"11":0,"12":0,"13":0,"14":0,"15":0,"16":0,"17":0,"18":0,"19":0,"20":0,"21":0,"22":0,"23":0,"24":8},"f":{"0":0,"1":0,"2":0,"3":0,"4":0,"5":0},"b":{}}
,"/home/vanessa/Documenti/DTaaSNUOVO/DTaaS/client/src/preview/route/digitaltwins/create/DeleteFileDialog.tsx": {"path":"/home/vanessa/Documenti/DTaaSNUOVO/DTaaS/client/src/preview/route/digitaltwins/create/DeleteFileDialog.tsx","statementMap":{"0":{"start":{"line":1,"column":0},"end":{"line":1,"column":31}},"1":{"start":{"line":3,"column":0},"end":{"line":3,"column":77}},"2":{"start":{"line":4,"column":0},"end":{"line":4,"column":54}},"3":{"start":{"line":5,"column":0},"end":{"line":5,"column":42}},"4":{"start":{"line":15,"column":58},"end":{"line":47,"column":1}},"5":{"start":{"line":22,"column":19},"end":{"line":22,"column":32}},"6":{"start":{"line":24,"column":27},"end":{"line":29,"column":3}},"7":{"start":{"line":25,"column":4},"end":{"line":25,"column":35}},"8":{"start":{"line":26,"column":4},"end":{"line":26,"column":20}},"9":{"start":{"line":27,"column":4},"end":{"line":27,"column":23}},"10":{"start":{"line":28,"column":4},"end":{"line":28,"column":35}},"11":{"start":{"line":31,"column":2},"end":{"line":46,"column":4}},"12":{"start":{"line":38,"column":31},"end":{"line":38,"column":61}},"13":{"start":{"line":49,"column":0},"end":{"line":49,"column":32}}},"fnMap":{"0":{"name":"(anonymous_0)","decl":{"start":{"line":15,"column":58},"end":{"line":15,"column":59}},"loc":{"start":{"line":21,"column":5},"end":{"line":47,"column":1}}},"1":{"name":"(anonymous_1)","decl":{"start":{"line":24,"column":27},"end":{"line":24,"column":30}},"loc":{"start":{"line":24,"column":32},"end":{"line":29,"column":3}}},"2":{"name":"(anonymous_2)","decl":{"start":{"line":38,"column":25},"end":{"line":38,"column":28}},"loc":{"start":{"line":38,"column":31},"end":{"line":38,"column":61}}}},"branchMap":{},"s":{"0":8,"1":8,"2":8,"3":8,"4":8,"5":0,"6":0,"7":0,"8":0,"9":0,"10":0,"11":0,"12":0,"13":8},"f":{"0":0,"1":0,"2":0},"b":{}}
,"/home/vanessa/Documenti/DTaaSNUOVO/DTaaS/client/src/preview/route/digitaltwins/create/FileActionButtons.tsx": {"path":"/home/vanessa/Documenti/DTaaSNUOVO/DTaaS/client/src/preview/route/digitaltwins/create/FileActionButtons.tsx","statementMap":{"0":{"start":{"line":1,"column":0},"end":{"line":1,"column":31}},"1":{"start":{"line":2,"column":0},"end":{"line":2,"column":36}},"2":{"start":{"line":3,"column":0},"end":{"line":3,"column":42}},"3":{"start":{"line":4,"column":0},"end":{"line":4,"column":75}},"4":{"start":{"line":15,"column":2},"end":{"line":34,"column":4}},"5":{"start":{"line":20,"column":25},"end":{"line":20,"column":54}},"6":{"start":{"line":28,"column":25},"end":{"line":28,"column":58}},"7":{"start":{"line":37,"column":0},"end":{"line":37,"column":33}}},"fnMap":{"0":{"name":"FileActionButtons","decl":{"start":{"line":6,"column":9},"end":{"line":6,"column":26}},"loc":{"start":{"line":14,"column":1},"end":{"line":35,"column":1}}},"1":{"name":"(anonymous_1)","decl":{"start":{"line":20,"column":19},"end":{"line":20,"column":22}},"loc":{"start":{"line":20,"column":25},"end":{"line":20,"column":54}}},"2":{"name":"(anonymous_2)","decl":{"start":{"line":28,"column":19},"end":{"line":28,"column":22}},"loc":{"start":{"line":28,"column":25},"end":{"line":28,"column":58}}}},"branchMap":{"0":{"loc":{"start":{"line":17,"column":7},"end":{"line":23,"column":null}},"type":"binary-expr","locations":[{"start":{"line":17,"column":7},"end":{"line":17,"column":32}},{"start":{"line":17,"column":36},"end":{"line":17,"column":44}},{"start":{"line":18,"column":8},"end":{"line":20,"column":null}}]},"1":{"loc":{"start":{"line":25,"column":7},"end":{"line":31,"column":null}},"type":"binary-expr","locations":[{"start":{"line":25,"column":7},"end":{"line":25,"column":33}},{"start":{"line":25,"column":37},"end":{"line":25,"column":45}},{"start":{"line":26,"column":8},"end":{"line":28,"column":null}}]}},"s":{"0":8,"1":8,"2":8,"3":8,"4":0,"5":0,"6":0,"7":8},"f":{"0":0,"1":0,"2":0},"b":{"0":[0,0,0],"1":[0,0,0]}}
,"/home/vanessa/Documenti/DTaaSNUOVO/DTaaS/client/src/preview/route/digitaltwins/editor/Editor.tsx": {"path":"/home/vanessa/Documenti/DTaaSNUOVO/DTaaS/client/src/preview/route/digitaltwins/editor/Editor.tsx","statementMap":{"0":{"start":{"line":1,"column":0},"end":{"line":1,"column":31}},"1":{"start":{"line":2,"column":0},"end":{"line":2,"column":33}},"2":{"start":{"line":3,"column":0},"end":{"line":3,"column":53}},"3":{"start":{"line":4,"column":0},"end":{"line":4,"column":36}},"4":{"start":{"line":5,"column":0},"end":{"line":5,"column":38}},"5":{"start":{"line":6,"column":0},"end":{"line":6,"column":32}},"6":{"start":{"line":29,"column":36},"end":{"line":29,"column":47}},"7":{"start":{"line":31,"column":26},"end":{"line":33,"column":3}},"8":{"start":{"line":32,"column":4},"end":{"line":32,"column":27}},"9":{"start":{"line":35,"column":2},"end":{"line":98,"column":4}},"10":{"start":{"line":101,"column":0},"end":{"line":101,"column":22}}},"fnMap":{"0":{"name":"Editor","decl":{"start":{"line":19,"column":9},"end":{"line":19,"column":15}},"loc":{"start":{"line":28,"column":14},"end":{"line":99,"column":1}}},"1":{"name":"(anonymous_1)","decl":{"start":{"line":31,"column":26},"end":{"line":31,"column":27}},"loc":{"start":{"line":31,"column":76},"end":{"line":33,"column":3}}}},"branchMap":{"0":{"loc":{"start":{"line":83,"column":13},"end":{"line":89,"column":null}},"type":"binary-expr","locations":[{"start":{"line":83,"column":13},"end":{"line":83,"column":28}},{"start":{"line":84,"column":14},"end":{"line":88,"column":null}}]},"1":{"loc":{"start":{"line":91,"column":13},"end":{"line":92,"column":null}},"type":"binary-expr","locations":[{"start":{"line":91,"column":13},"end":{"line":91,"column":28}},{"start":{"line":92,"column":14},"end":{"line":92,"column":74}}]}},"s":{"0":8,"1":8,"2":8,"3":8,"4":8,"5":8,"6":0,"7":0,"8":0,"9":0,"10":8},"f":{"0":0,"1":0},"b":{"0":[0,0],"1":[0,0]}}
[...]
,"/home/vanessa/Documenti/DTaaSNUOVO/DTaaS/client/src/util/envUtil.ts": {"path":"/home/vanessa/Documenti/DTaaSNUOVO/DTaaS/client/src/util/envUtil.ts","statementMap":{"0":{"start":{"line":1,"column":0},"end":{"line":1,"column":42}},"1":{"start":{"line":9,"column":2},"end":{"line":9,"column":45}},"2":{"start":{"line":8,"column":0},"end":{"line":8,"column":16}},"3":{"start":{"line":18,"column":20},"end":{"line":23,"column":1}},"4":{"start":{"line":19,"column":19},"end":{"line":19,"column":73}},"5":{"start":{"line":19,"column":53},"end":{"line":19,"column":63}},"6":{"start":{"line":20,"column":23},"end":{"line":20,"column":40}},"7":{"start":{"line":21,"column":24},"end":{"line":21,"column":48}},"8":{"start":{"line":22,"column":2},"end":{"line":22,"column":56}},"9":{"start":{"line":26,"column":2},"end":{"line":26,"column":67}},"10":{"start":{"line":25,"column":0},"end":{"line":25,"column":16}},"11":{"start":{"line":30,"column":2},"end":{"line":30,"column":53}},"12":{"start":{"line":29,"column":0},"end":{"line":29,"column":16}},"13":{"start":{"line":34,"column":2},"end":{"line":34,"column":68}},"14":{"start":{"line":33,"column":0},"end":{"line":33,"column":16}},"15":{"start":{"line":38,"column":2},"end":{"line":38,"column":69}},"16":{"start":{"line":37,"column":0},"end":{"line":37,"column":16}},"17":{"start":{"line":56,"column":17},"end":{"line":56,"column":43}},"18":{"start":{"line":57,"column":45},"end":{"line":57,"column":47}},"19":{"start":{"line":59,"column":2},"end":{"line":74,"column":7}},"20":{"start":{"line":60,"column":21},"end":{"line":60,"column":43}},"21":{"start":{"line":62,"column":20},"end":{"line":62,"column":35}},"22":{"start":{"line":63,"column":6},"end":{"line":73,"column":null}},"23":{"start":{"line":64,"column":33},"end":{"line":64,"column":57}},"24":{"start":{"line":66,"column":10},"end":{"line":68,"column":45}},"25":{"start":{"line":69,"column":8},"end":{"line":72,"column":11}},"26":{"start":{"line":76,"column":2},"end":{"line":76,"column":29}},"27":{"start":{"line":55,"column":0},"end":{"line":55,"column":16}},"28":{"start":{"line":80,"column":2},"end":{"line":80,"column":58}},"29":{"start":{"line":79,"column":0},"end":{"line":79,"column":16}},"30":{"start":{"line":84,"column":2},"end":{"line":84,"column":40}},"31":{"start":{"line":83,"column":0},"end":{"line":83,"column":16}},"32":{"start":{"line":88,"column":2},"end":{"line":88,"column":45}},"33":{"start":{"line":87,"column":0},"end":{"line":87,"column":16}},"34":{"start":{"line":92,"column":2},"end":{"line":92,"column":43}},"35":{"start":{"line":91,"column":0},"end":{"line":91,"column":16}},"36":{"start":{"line":96,"column":2},"end":{"line":96,"column":50}},"37":{"start":{"line":95,"column":0},"end":{"line":95,"column":16}},"38":{"start":{"line":100,"column":2},"end":{"line":100,"column":44}},"39":{"start":{"line":99,"column":0},"end":{"line":99,"column":16}}},"fnMap":{"0":{"name":"cleanURL","decl":{"start":{"line":8,"column":16},"end":{"line":8,"column":24}},"loc":{"start":{"line":8,"column":36},"end":{"line":10,"column":1}}},"1":{"name":"(anonymous_1)","decl":{"start":{"line":18,"column":20},"end":{"line":18,"column":21}},"loc":{"start":{"line":18,"column":67},"end":{"line":23,"column":1}}},"2":{"name":"(anonymous_2)","decl":{"start":{"line":19,"column":31},"end":{"line":19,"column":32}},"loc":{"start":{"line":19,"column":53},"end":{"line":19,"column":63}}},"3":{"name":"useURLforDT","decl":{"start":{"line":25,"column":16},"end":{"line":25,"column":27}},"loc":{"start":{"line":25,"column":27},"end":{"line":27,"column":1}}},"4":{"name":"useURLbasename","decl":{"start":{"line":29,"column":16},"end":{"line":29,"column":30}},"loc":{"start":{"line":29,"column":30},"end":{"line":31,"column":1}}},"5":{"name":"useURLforLIB","decl":{"start":{"line":33,"column":16},"end":{"line":33,"column":28}},"loc":{"start":{"line":33,"column":28},"end":{"line":35,"column":1}}},"6":{"name":"useAppURL","decl":{"start":{"line":37,"column":16},"end":{"line":37,"column":25}},"loc":{"start":{"line":37,"column":25},"end":{"line":39,"column":1}}},"7":{"name":"getWorkbenchLinkValues","decl":{"start":{"line":55,"column":16},"end":{"line":55,"column":38}},"loc":{"start":{"line":55,"column":38},"end":{"line":77,"column":1}}},"8":{"name":"(anonymous_8)","decl":{"start":{"line":60,"column":12},"end":{"line":60,"column":13}},"loc":{"start":{"line":60,"column":21},"end":{"line":60,"column":43}}},"9":{"name":"(anonymous_9)","decl":{"start":{"line":61,"column":13},"end":{"line":61,"column":14}},"loc":{"start":{"line":61,"column":21},"end":{"line":74,"column":5}}},"10":{"name":"useGetDTPagePreviewLink","decl":{"start":{"line":79,"column":16},"end":{"line":79,"column":39}},"loc":{"start":{"line":79,"column":39},"end":{"line":81,"column":1}}},"11":{"name":"getClientID","decl":{"start":{"line":83,"column":16},"end":{"line":83,"column":27}},"loc":{"start":{"line":83,"column":27},"end":{"line":85,"column":1}}},"12":{"name":"getAuthority","decl":{"start":{"line":87,"column":16},"end":{"line":87,"column":28}},"loc":{"start":{"line":87,"column":28},"end":{"line":89,"column":1}}},"13":{"name":"getRedirectURI","decl":{"start":{"line":91,"column":16},"end":{"line":91,"column":30}},"loc":{"start":{"line":91,"column":30},"end":{"line":93,"column":1}}},"14":{"name":"getLogoutRedirectURI","decl":{"start":{"line":95,"column":16},"end":{"line":95,"column":36}},"loc":{"start":{"line":95,"column":36},"end":{"line":97,"column":1}}},"15":{"name":"getGitLabScopes","decl":{"start":{"line":99,"column":16},"end":{"line":99,"column":31}},"loc":{"start":{"line":99,"column":31},"end":{"line":101,"column":1}}}},"branchMap":{"0":{"loc":{"start":{"line":9,"column":9},"end":{"line":9,"column":44}},"type":"cond-expr","locations":[{"start":{"line":9,"column":12},"end":{"line":9,"column":14}},{"start":{"line":9,"column":9},"end":{"line":9,"column":44}}]},"1":{"loc":{"start":{"line":9,"column":9},"end":{"line":9,"column":14}},"type":"binary-expr","locations":[{"start":{"line":9,"column":9},"end":{"line":9,"column":14}},{"start":{"line":9,"column":9},"end":{"line":9,"column":14}}]},"2":{"loc":{"start":{"line":21,"column":33},"end":{"line":21,"column":47}},"type":"cond-expr","locations":[{"start":{"line":21,"column":33},"end":{"line":21,"column":41}},{"start":{"line":21,"column":45},"end":{"line":21,"column":47}}]},"3":{"loc":{"start":{"line":21,"column":33},"end":{"line":21,"column":45}},"type":"binary-expr","locations":[{"start":{"line":21,"column":33},"end":{"line":21,"column":45}},{"start":{"line":21,"column":33},"end":{"line":21,"column":45}}]},"4":{"loc":{"start":{"line":63,"column":6},"end":{"line":73,"column":null}},"type":"if","locations":[{"start":{"line":63,"column":6},"end":{"line":73,"column":null}}]},"5":{"loc":{"start":{"line":66,"column":10},"end":{"line":68,"column":45}},"type":"cond-expr","locations":[{"start":{"line":67,"column":14},"end":{"line":67,"column":19}},{"start":{"line":68,"column":14},"end":{"line":68,"column":45}}]}},"s":{"0":10,"1":74,"2":10,"3":10,"4":16,"5":0,"6":16,"7":16,"8":16,"9":2,"10":10,"11":18,"12":10,"13":2,"14":10,"15":16,"16":10,"17":3,"18":3,"19":3,"20":45,"21":15,"22":15,"23":12,"24":12,"25":12,"26":3,"27":10,"28":0,"29":10,"30":0,"31":10,"32":0,"33":10,"34":0,"35":10,"36":0,"37":10,"38":0,"39":10},"f":{"0":74,"1":16,"2":0,"3":2,"4":18,"5":2,"6":16,"7":3,"8":45,"9":15,"10":0,"11":0,"12":0,"13":0,"14":0,"15":0},"b":{"0":[0,74],"1":[74,74],"2":[16,0],"3":[16,16],"4":[12],"5":[0,12]}}
,"/home/vanessa/Documenti/DTaaSNUOVO/DTaaS/client/src/util/toolbarUtil.ts": {"path":"/home/vanessa/Documenti/DTaaSNUOVO/DTaaS/client/src/util/toolbarUtil.ts","statementMap":{"0":{"start":{"line":3,"column":41},"end":{"line":12,"column":2}},"1":{"start":{"line":14,"column":0},"end":{"line":14,"column":33}}},"fnMap":{},"branchMap":{},"s":{"0":8,"1":8},"f":{},"b":{}}
,"/home/vanessa/Documenti/DTaaSNUOVO/DTaaS/client/src/util/auth/Authentication.ts": {"path":"/home/vanessa/Documenti/DTaaSNUOVO/DTaaS/client/src/util/auth/Authentication.ts","statementMap":{"0":{"start":{"line":2,"column":0},"end":{"line":2,"column":42}},"1":{"start":{"line":3,"column":0},"end":{"line":3,"column":47}},"2":{"start":{"line":5,"column":0},"end":{"line":5,"column":73}},"3":{"start":{"line":16,"column":19},"end":{"line":16,"column":32}},"4":{"start":{"line":17,"column":28},"end":{"line":25,"column":3}},"5":{"start":{"line":18,"column":4},"end":{"line":20,"column":null}},"6":{"start":{"line":19,"column":6},"end":{"line":19,"column":13}},"7":{"start":{"line":21,"column":23},"end":{"line":21,"column":55}},"8":{"start":{"line":22,"column":21},"end":{"line":22,"column":70}},"9":{"start":{"line":23,"column":4},"end":{"line":23,"column":55}},"10":{"start":{"line":24,"column":4},"end":{"line":24,"column":36}},"11":{"start":{"line":26,"column":2},"end":{"line":26,"column":27}},"12":{"start":{"line":15,"column":0},"end":{"line":15,"column":16}},"13":{"start":{"line":30,"column":21},"end":{"line":30,"column":49}},"14":{"start":{"line":31,"column":18},"end":{"line":31,"column":37}},"15":{"start":{"line":33,"column":2},"end":{"line":33,"column":28}},"16":{"start":{"line":34,"column":2},"end":{"line":34,"column":26}},"17":{"start":{"line":35,"column":2},"end":{"line":35,"column":31}},"18":{"start":{"line":37,"column":2},"end":{"line":37,"column":25}},"19":{"start":{"line":38,"column":2},"end":{"line":38,"column":77}},"20":{"start":{"line":40,"column":2},"end":{"line":43,"column":5}},"21":{"start":{"line":45,"column":2},"end":{"line":47,"column":5}},"22":{"start":{"line":49,"column":2},"end":{"line":51,"column":11}},"23":{"start":{"line":50,"column":4},"end":{"line":50,"column":29}},"24":{"start":{"line":55,"column":18},"end":{"line":55,"column":29}},"25":{"start":{"line":56,"column":18},"end":{"line":65,"column":4}},"26":{"start":{"line":56,"column":51},"end":{"line":65,"column":4}},"27":{"start":{"line":57,"column":4},"end":{"line":59,"column":null}},"28":{"start":{"line":58,"column":6},"end":{"line":58,"column":13}},"29":{"start":{"line":60,"column":4},"end":{"line":64,"column":null}},"30":{"start":{"line":61,"column":6},"end":{"line":61,"column":46}},"31":{"start":{"line":63,"column":6},"end":{"line":63,"column":60}},"32":{"start":{"line":66,"column":2},"end":{"line":66,"column":17}},"33":{"start":{"line":54,"column":0},"end":{"line":54,"column":16}},"34":{"start":{"line":70,"column":2},"end":{"line":75,"column":5}},"35":{"start":{"line":71,"column":22},"end":{"line":73,"column":5}},"36":{"start":{"line":72,"column":6},"end":{"line":72,"column":16}},"37":{"start":{"line":74,"column":4},"end":{"line":74,"column":40}},"38":{"start":{"line":69,"column":0},"end":{"line":69,"column":16}}},"fnMap":{"0":{"name":"useGetAndSetUsername","decl":{"start":{"line":15,"column":16},"end":{"line":15,"column":36}},"loc":{"start":{"line":15,"column":36},"end":{"line":27,"column":1}}},"1":{"name":"(anonymous_8)","decl":{"start":{"line":17,"column":28},"end":{"line":17,"column":29}},"loc":{"start":{"line":17,"column":56},"end":{"line":25,"column":3}}},"2":{"name":"performSignOutFlow","decl":{"start":{"line":29,"column":15},"end":{"line":29,"column":33}},"loc":{"start":{"line":29,"column":72},"end":{"line":52,"column":null}}},"3":{"name":"(anonymous_11)","decl":{"start":{"line":49,"column":13},"end":{"line":49,"column":16}},"loc":{"start":{"line":49,"column":18},"end":{"line":51,"column":3}}},"4":{"name":"useSignOut","decl":{"start":{"line":54,"column":16},"end":{"line":54,"column":26}},"loc":{"start":{"line":54,"column":26},"end":{"line":67,"column":1}}},"5":{"name":"(anonymous_13)","decl":{"start":{"line":56,"column":18},"end":{"line":56,"column":25}},"loc":{"start":{"line":56,"column":51},"end":{"line":65,"column":4}}},"6":{"name":"(anonymous_14)","decl":{"start":{"line":56,"column":51},"end":{"line":56,"column":null}},"loc":{"start":{"line":56,"column":51},"end":{"line":65,"column":3}}},"7":{"name":"wait","decl":{"start":{"line":69,"column":16},"end":{"line":69,"column":20}},"loc":{"start":{"line":69,"column":41},"end":{"line":76,"column":1}}},"8":{"name":"(anonymous_16)","decl":{"start":{"line":70,"column":27},"end":{"line":70,"column":28}},"loc":{"start":{"line":70,"column":39},"end":{"line":75,"column":3}}},"9":{"name":"(anonymous_17)","decl":{"start":{"line":71,"column":22},"end":{"line":71,"column":25}},"loc":{"start":{"line":71,"column":27},"end":{"line":73,"column":5}}}},"branchMap":{"0":{"loc":{"start":{"line":18,"column":4},"end":{"line":20,"column":null}},"type":"if","locations":[{"start":{"line":18,"column":4},"end":{"line":20,"column":null}}]},"1":{"loc":{"start":{"line":21,"column":23},"end":{"line":21,"column":55}},"type":"cond-expr","locations":[{"start":{"line":21,"column":49},"end":{"line":21,"column":53}},{"start":{"line":21,"column":53},"end":{"line":21,"column":55}}]},"2":{"loc":{"start":{"line":21,"column":23},"end":{"line":21,"column":53}},"type":"binary-expr","locations":[{"start":{"line":21,"column":23},"end":{"line":21,"column":53}},{"start":{"line":21,"column":49},"end":{"line":21,"column":53}}]},"3":{"loc":{"start":{"line":22,"column":21},"end":{"line":22,"column":70}},"type":"cond-expr","locations":[{"start":{"line":22,"column":64},"end":{"line":22,"column":68}},{"start":{"line":22,"column":68},"end":{"line":22,"column":70}}]},"4":{"loc":{"start":{"line":22,"column":21},"end":{"line":22,"column":68}},"type":"binary-expr","locations":[{"start":{"line":22,"column":21},"end":{"line":22,"column":68}},{"start":{"line":22,"column":64},"end":{"line":22,"column":68}}]},"5":{"loc":{"start":{"line":23,"column":39},"end":{"line":23,"column":53}},"type":"cond-expr","locations":[{"start":{"line":23,"column":39},"end":{"line":23,"column":47}},{"start":{"line":23,"column":51},"end":{"line":23,"column":53}}]},"6":{"loc":{"start":{"line":23,"column":39},"end":{"line":23,"column":51}},"type":"binary-expr","locations":[{"start":{"line":23,"column":39},"end":{"line":23,"column":51}},{"start":{"line":23,"column":39},"end":{"line":23,"column":51}}]},"7":{"loc":{"start":{"line":30,"column":21},"end":{"line":30,"column":49}},"type":"cond-expr","locations":[{"start":{"line":30,"column":43},"end":{"line":30,"column":47}},{"start":{"line":30,"column":47},"end":{"line":30,"column":49}}]},"8":{"loc":{"start":{"line":30,"column":21},"end":{"line":30,"column":47}},"type":"binary-expr","locations":[{"start":{"line":30,"column":21},"end":{"line":30,"column":47}},{"start":{"line":30,"column":43},"end":{"line":30,"column":47}}]},"9":{"loc":{"start":{"line":57,"column":4},"end":{"line":59,"column":null}},"type":"if","locations":[{"start":{"line":57,"column":4},"end":{"line":59,"column":null}}]}},"s":{"0":10,"1":10,"2":10,"3":8,"4":8,"5":8,"6":8,"7":0,"8":0,"9":0,"10":0,"11":8,"12":10,"13":7,"14":7,"15":7,"16":7,"17":7,"18":7,"19":7,"20":7,"21":6,"22":5,"23":4,"24":12,"25":12,"26":8,"27":8,"28":1,"29":7,"30":7,"31":2,"32":12,"33":10,"34":1,"35":1,"36":0,"37":1,"38":10},"f":{"0":8,"1":8,"2":7,"3":4,"4":12,"5":8,"6":8,"7":1,"8":1,"9":0},"b":{"0":[8],"1":[0,0],"2":[0,0],"3":[0,0],"4":[0,0],"5":[0,0],"6":[0,0],"7":[7,0],"8":[7,7],"9":[1]}}
,"/home/vanessa/Documenti/DTaaSNUOVO/DTaaS/client/src/util/auth/useOidcConfig.ts": {"path":"/home/vanessa/Documenti/DTaaSNUOVO/DTaaS/client/src/util/auth/useOidcConfig.ts","statementMap":{"0":{"start":{"line":1,"column":0},"end":{"line":1,"column":44}},"1":{"start":{"line":2,"column":0},"end":{"line":2,"column":null}},"2":{"start":{"line":21,"column":29},"end":{"line":45,"column":1}},"3":{"start":{"line":22,"column":38},"end":{"line":22,"column":71}},"4":{"start":{"line":24,"column":2},"end":{"line":42,"column":9}},"5":{"start":{"line":25,"column":22},"end":{"line":25,"column":41}},"6":{"start":{"line":26,"column":27},"end":{"line":26,"column":47}},"7":{"start":{"line":27,"column":23},"end":{"line":27,"column":51}},"8":{"start":{"line":28,"column":26},"end":{"line":28,"column":49}},"9":{"start":{"line":29,"column":25},"end":{"line":29,"column":47}},"10":{"start":{"line":31,"column":31},"end":{"line":40,"column":6}},"11":{"start":{"line":41,"column":4},"end":{"line":41,"column":26}},"12":{"start":{"line":44,"column":2},"end":{"line":44,"column":20}},"13":{"start":{"line":21,"column":13},"end":{"line":21,"column":29}}},"fnMap":{"0":{"name":"(anonymous_0)","decl":{"start":{"line":21,"column":29},"end":{"line":21,"column":51}},"loc":{"start":{"line":21,"column":53},"end":{"line":45,"column":1}}},"1":{"name":"(anonymous_1)","decl":{"start":{"line":24,"column":12},"end":{"line":24,"column":15}},"loc":{"start":{"line":24,"column":17},"end":{"line":42,"column":3}}}},"branchMap":{"0":{"loc":{"start":{"line":25,"column":22},"end":{"line":25,"column":41}},"type":"cond-expr","locations":[{"start":{"line":25,"column":35},"end":{"line":25,"column":39}},{"start":{"line":25,"column":39},"end":{"line":25,"column":41}}]},"1":{"loc":{"start":{"line":25,"column":22},"end":{"line":25,"column":39}},"type":"binary-expr","locations":[{"start":{"line":25,"column":22},"end":{"line":25,"column":39}},{"start":{"line":25,"column":35},"end":{"line":25,"column":39}}]},"2":{"loc":{"start":{"line":26,"column":27},"end":{"line":26,"column":47}},"type":"cond-expr","locations":[{"start":{"line":26,"column":41},"end":{"line":26,"column":45}},{"start":{"line":26,"column":45},"end":{"line":26,"column":47}}]},"3":{"loc":{"start":{"line":26,"column":27},"end":{"line":26,"column":45}},"type":"binary-expr","locations":[{"start":{"line":26,"column":27},"end":{"line":26,"column":45}},{"start":{"line":26,"column":41},"end":{"line":26,"column":45}}]},"4":{"loc":{"start":{"line":27,"column":23},"end":{"line":27,"column":51}},"type":"cond-expr","locations":[{"start":{"line":27,"column":45},"end":{"line":27,"column":49}},{"start":{"line":27,"column":49},"end":{"line":27,"column":51}}]},"5":{"loc":{"start":{"line":27,"column":23},"end":{"line":27,"column":49}},"type":"binary-expr","locations":[{"start":{"line":27,"column":23},"end":{"line":27,"column":49}},{"start":{"line":27,"column":45},"end":{"line":27,"column":49}}]},"6":{"loc":{"start":{"line":28,"column":26},"end":{"line":28,"column":49}},"type":"cond-expr","locations":[{"start":{"line":28,"column":43},"end":{"line":28,"column":47}},{"start":{"line":28,"column":47},"end":{"line":28,"column":49}}]},"7":{"loc":{"start":{"line":28,"column":26},"end":{"line":28,"column":47}},"type":"binary-expr","locations":[{"start":{"line":28,"column":26},"end":{"line":28,"column":47}},{"start":{"line":28,"column":43},"end":{"line":28,"column":47}}]},"8":{"loc":{"start":{"line":29,"column":25},"end":{"line":29,"column":47}},"type":"cond-expr","locations":[{"start":{"line":29,"column":41},"end":{"line":29,"column":45}},{"start":{"line":29,"column":45},"end":{"line":29,"column":47}}]},"9":{"loc":{"start":{"line":29,"column":25},"end":{"line":29,"column":45}},"type":"binary-expr","locations":[{"start":{"line":29,"column":25},"end":{"line":29,"column":45}},{"start":{"line":29,"column":41},"end":{"line":29,"column":45}}]}},"s":{"0":2,"1":2,"2":2,"3":8,"4":8,"5":4,"6":4,"7":4,"8":4,"9":4,"10":4,"11":4,"12":8,"13":2},"f":{"0":8,"1":4},"b":{"0":[4,0],"1":[4,4],"2":[4,0],"3":[4,4],"4":[4,0],"5":[4,4],"6":[4,0],"7":[4,4],"8":[4,0],"9":[4,4]}}
}
