TN:
SF:src/routes.tsx
FNF:0
FNH:0
DA:1,8
DA:2,8
DA:3,8
DA:4,8
DA:5,8
DA:6,8
DA:7,8
DA:8,8
DA:9,8
DA:11,8
DA:62,8
LF:11
LH:11
BRF:0
BRH:0
end_of_record
TN:
SF:src/components/Iframe.tsx
FN:9,Iframe
FNF:1
FNH:1
FNDA:30,Iframe
DA:1,10
DA:2,10
DA:11,30
DA:21,10
LF:4
LH:4
BRF:0
BRH:0
end_of_record
TN:
SF:src/components/LinkButtons.tsx
FN:27,(anonymous_0)
FN:28,(anonymous_1)
FN:53,(anonymous_2)
FN:58,(anonymous_3)
FN:70,(anonymous_4)
FN:94,(anonymous_5)
FNF:6
FNH:6
FNDA:5,(anonymous_0)
FNDA:10,(anonymous_1)
FNDA:5,(anonymous_2)
FNDA:10,(anonymous_3)
FNDA:2,(anonymous_4)
FNDA:20,(anonymous_5)
DA:1,1
DA:2,1
DA:3,1
DA:4,1
DA:6,1
DA:7,1
DA:9,1
DA:16,1
DA:27,1
DA:28,5
DA:29,10
DA:31,10
DA:53,1
DA:54,5
DA:55,5
DA:56,5
DA:58,10
DA:71,2
DA:93,1
DA:94,21
LF:20
LH:20
BRDA:61,0,0,2
BRDA:61,0,1,8
BRDA:74,1,0,10
BRDA:74,1,1,5
BRDA:79,2,0,2
BRDA:79,2,1,8
BRDA:79,3,0,10
BRDA:79,3,1,10
BRDA:79,4,0,8
BRDA:79,4,1,2
BRDA:79,5,0,10
BRDA:79,5,1,10
BRDA:82,6,0,10
BRDA:82,6,1,5
BRF:14
BRH:14
end_of_record
TN:
SF:src/components/LinkIconsLib.tsx
FNF:0
FNH:0
DA:1,1
DA:2,1
DA:3,1
DA:4,1
DA:5,1
DA:6,1
DA:7,1
DA:8,1
DA:9,1
DA:15,1
DA:50,1
DA:51,1
LF:12
LH:12
BRF:0
BRH:0
end_of_record
TN:
SF:src/components/tab/TabComponent.tsx
FN:5,constructURL
FN:15,renderScopeTabList
FN:20,(anonymous_2)
FN:25,renderScopeTabPanels
FN:33,(anonymous_4)
FN:42,TabComponent
FN:49,(anonymous_6)
FN:53,(anonymous_7)
FNF:8
FNH:8
FNDA:91,constructURL
FNDA:79,renderScopeTabList
FNDA:110,(anonymous_2)
FNDA:79,renderScopeTabPanels
FNDA:110,(anonymous_4)
FNDA:21,TabComponent
FNDA:79,(anonymous_6)
FNDA:79,(anonymous_7)
DA:1,9
DA:2,9
DA:3,9
DA:5,9
DA:6,91
DA:7,91
DA:9,91
DA:10,91
DA:12,91
DA:16,79
DA:20,110
DA:29,79
DA:34,110
DA:42,9
DA:46,21
DA:50,79
DA:54,79
DA:66,9
LF:18
LH:18
BRDA:9,0,0,19
BRDA:9,0,1,72
BRDA:10,1,0,45
BRDA:10,1,1,46
BRDA:18,2,0,79
BRDA:18,2,1,79
BRDA:18,2,2,55
BRDA:31,3,0,79
BRDA:31,3,1,79
BRDA:31,3,2,55
BRF:10
BRH:10
end_of_record
TN:
SF:src/components/tab/subcomponents/TabRender.tsx
FN:14,TabRender
FNF:1
FNH:1
FNDA:55,TabRender
DA:1,9
DA:2,9
DA:15,55
DA:17,55
DA:34,9
LF:5
LH:5
BRF:0
BRH:0
end_of_record
TN:
SF:src/components/tab/subcomponents/TabStyles.ts
FNF:0
FNH:0
DA:1,9
DA:2,9
DA:4,9
DA:11,9
DA:17,9
DA:50,9
DA:60,9
DA:61,9
DA:62,9
DA:63,9
LF:10
LH:10
BRF:0
BRH:0
end_of_record
TN:
SF:src/page/DrawerComponent.tsx
FN:12,(anonymous_0)
FN:18,(anonymous_1)
FN:28,(anonymous_2)
FN:29,(anonymous_3)
FN:44,DrawerComponent
FNF:5
FNH:5
FNDA:2,(anonymous_0)
FNDA:6,(anonymous_1)
FNDA:13,(anonymous_2)
FNDA:4,(anonymous_3)
FNDA:4,DrawerComponent
DA:1,1
DA:2,1
DA:3,1
DA:4,1
DA:5,1
DA:6,1
DA:7,1
DA:8,1
DA:10,1
DA:12,2
DA:18,6
DA:27,1
DA:28,13
DA:29,4
DA:53,4
DA:67,1
LF:16
LH:16
BRDA:34,0,0,4
BRDA:34,0,1,1
BRDA:38,1,0,4
BRDA:38,1,1,3
BRF:4
BRH:4
end_of_record
TN:
SF:src/page/DrawerHeaderComponent.tsx
FN:7,(anonymous_0)
FN:16,(anonymous_1)
FN:25,DrawerHeaderComponent
FNF:3
FNH:3
FNDA:4,(anonymous_0)
FNDA:4,(anonymous_1)
FNDA:4,DrawerHeaderComponent
DA:1,1
DA:2,1
DA:3,1
DA:4,1
DA:5,1
DA:7,4
DA:16,4
DA:29,4
DA:38,1
LF:9
LH:9
BRDA:32,0,0,0
BRDA:32,0,1,4
BRF:2
BRH:1
end_of_record
TN:
SF:src/page/Footer.tsx
FN:11,Copyright
FN:34,Acknowledgements
FN:56,RenderFooter
FN:67,Footer
FNF:4
FNH:0
FNDA:0,Copyright
FNDA:0,Acknowledgements
FNDA:0,RenderFooter
FNDA:0,Footer
DA:1,0
DA:2,0
DA:3,0
DA:4,0
DA:12,0
DA:35,0
DA:57,0
DA:68,0
DA:71,0
LF:9
LH:0
BRF:0
BRH:0
end_of_record
TN:
SF:src/page/Layout.tsx
FN:9,MenuLayout
FN:30,Layout
FN:43,(anonymous_2)
FNF:3
FNH:3
FNDA:6,MenuLayout
FNDA:6,Layout
FNDA:8,(anonymous_2)
DA:1,1
DA:2,1
DA:3,1
DA:4,1
DA:5,1
DA:6,1
DA:7,1
DA:10,6
DA:34,6
DA:44,8
DA:56,1
LF:11
LH:11
BRF:0
BRH:0
end_of_record
TN:
SF:src/page/LayoutPublic.tsx
FN:11,(anonymous_0)
FN:29,LayoutPublic
FNF:2
FNH:2
FNDA:6,(anonymous_0)
FNDA:6,LayoutPublic
DA:1,8
DA:2,8
DA:3,8
DA:4,8
DA:5,8
DA:6,8
DA:7,8
DA:8,8
DA:9,8
DA:11,8
DA:12,6
DA:30,6
DA:51,8
LF:13
LH:13
BRF:0
BRH:0
end_of_record
TN:
SF:src/page/Menu.tsx
FN:12,(anonymous_0)
FN:14,(anonymous_1)
FN:21,MiniDrawer
FN:24,(anonymous_3)
FN:25,(anonymous_4)
FN:27,(anonymous_5)
FN:28,(anonymous_6)
FNF:7
FNH:4
FNDA:4,(anonymous_0)
FNDA:8,(anonymous_1)
FNDA:4,MiniDrawer
FNDA:0,(anonymous_3)
FNDA:0,(anonymous_4)
FNDA:0,(anonymous_5)
FNDA:1,(anonymous_6)
DA:1,1
DA:2,1
DA:3,1
DA:4,1
DA:5,1
DA:7,1
DA:8,1
DA:10,1
DA:12,1
DA:13,4
DA:14,8
DA:15,4
DA:17,4
DA:18,4
DA:23,4
DA:24,4
DA:25,4
DA:26,0
DA:27,4
DA:28,4
DA:29,4
DA:48,1
LF:22
LH:21
BRF:0
BRH:0
end_of_record
TN:
SF:src/page/MenuItems.tsx
FN:39,MenuItems
FN:42,(anonymous_1)
FNF:2
FNH:2
FNDA:4,MenuItems
FNDA:12,(anonymous_1)
DA:1,1
DA:2,1
DA:3,1
DA:4,1
DA:5,1
DA:6,1
DA:7,1
DA:9,1
DA:23,1
DA:40,4
DA:43,12
DA:60,1
LF:12
LH:12
BRDA:46,0,0,0
BRDA:46,0,1,12
BRF:2
BRH:1
end_of_record
TN:
SF:src/page/MenuToolbar.tsx
FN:23,(anonymous_7)
FN:38,(anonymous_8)
FN:39,(anonymous_9)
FN:58,MenuToolbar
FN:70,(anonymous_11)
FN:70,(anonymous_12)
FNF:6
FNH:4
FNDA:13,(anonymous_7)
FNDA:17,(anonymous_8)
FNDA:4,(anonymous_9)
FNDA:4,MenuToolbar
FNDA:0,(anonymous_11)
FNDA:0,(anonymous_12)
DA:1,1
DA:2,1
DA:3,1
DA:4,1
DA:5,1
DA:6,1
DA:7,1
DA:8,1
DA:9,1
DA:10,1
DA:11,1
DA:12,1
DA:13,1
DA:14,1
DA:15,1
DA:16,1
DA:23,1
DA:30,13
DA:37,1
DA:38,17
DA:39,4
DA:66,4
DA:67,4
DA:68,4
DA:70,4
DA:71,0
DA:72,0
DA:75,4
DA:129,1
DA:130,1
LF:30
LH:28
BRDA:32,0,0,4
BRDA:32,0,1,9
BRDA:42,1,0,4
BRDA:42,1,1,1
BRDA:71,2,0,0
BRDA:85,3,0,4
BRDA:85,3,1,1
BRF:7
BRH:6
end_of_record
TN:
SF:src/preview/components/asset/AssetBoard.tsx
FN:29,(anonymous_7)
FN:42,(anonymous_8)
FN:47,(anonymous_9)
FN:48,(anonymous_10)
FN:52,(anonymous_11)
FN:53,(anonymous_12)
FN:53,(anonymous_13)
FN:59,(anonymous_14)
FN:69,(anonymous_15)
FNF:9
FNH:0
FNDA:0,(anonymous_7)
FNDA:0,(anonymous_8)
FNDA:0,(anonymous_9)
FNDA:0,(anonymous_10)
FNDA:0,(anonymous_11)
FNDA:0,(anonymous_12)
FNDA:0,(anonymous_13)
FNDA:0,(anonymous_14)
FNDA:0,(anonymous_15)
DA:1,8
DA:2,8
DA:3,8
DA:5,8
DA:6,8
DA:8,8
DA:10,8
DA:29,8
DA:30,0
DA:42,0
DA:47,8
DA:48,0
DA:49,0
DA:50,0
DA:52,0
DA:53,0
DA:54,0
DA:56,0
DA:59,0
DA:60,0
DA:63,0
DA:64,0
DA:67,0
DA:70,0
DA:81,8
LF:25
LH:10
BRDA:39,0,0,0
BRDA:39,0,1,0
BRDA:63,1,0,0
BRF:3
BRH:0
end_of_record
TN:
SF:src/preview/components/asset/AssetCard.tsx
FN:62,CardActionAreaContainer
FN:64,(anonymous_1)
FN:89,CardButtonsContainerManage
FN:104,CardButtonsContainerExecute
FN:123,AssetCard
FN:142,AssetCardManage
FN:184,AssetCardExecute
FNF:7
FNH:0
FNDA:0,CardActionAreaContainer
FNDA:0,(anonymous_1)
FNDA:0,CardButtonsContainerManage
FNDA:0,CardButtonsContainerExecute
FNDA:0,AssetCard
FNDA:0,AssetCardManage
FNDA:0,AssetCardExecute
DA:1,8
DA:2,8
DA:3,8
DA:4,8
DA:5,8
DA:6,8
DA:7,8
DA:8,8
DA:9,8
DA:10,8
DA:11,8
DA:13,8
DA:14,8
DA:15,8
DA:16,8
DA:17,8
DA:18,8
DA:20,8
DA:21,8
DA:22,8
DA:47,8
DA:56,8
DA:63,0
DA:64,0
DA:67,0
DA:95,0
DA:108,0
DA:109,0
DA:124,0
DA:143,0
DA:144,0
DA:145,0
DA:146,0
DA:148,0
DA:185,0
DA:186,0
DA:187,0
DA:189,0
DA:212,8
LF:39
LH:23
BRDA:149,0,0,0
BRDA:149,0,1,0
BRDA:190,1,0,0
BRDA:190,1,1,0
BRF:4
BRH:0
end_of_record
TN:
SF:src/preview/components/asset/DeleteButton.tsx
FN:9,(anonymous_0)
FN:15,DeleteButton
FN:21,(anonymous_2)
FNF:3
FNH:0
FNDA:0,(anonymous_0)
FNDA:0,DeleteButton
FNDA:0,(anonymous_2)
DA:1,8
DA:3,8
DA:9,8
DA:12,0
DA:16,0
DA:21,0
DA:28,8
LF:7
LH:4
BRF:0
BRH:0
end_of_record
TN:
SF:src/preview/components/asset/DetailsButton.tsx
FN:13,(anonymous_7)
FN:16,(anonymous_8)
FN:21,DetailsButton
FN:28,(anonymous_10)
FNF:4
FNH:0
FNDA:0,(anonymous_7)
FNDA:0,(anonymous_8)
FNDA:0,DetailsButton
FNDA:0,(anonymous_10)
DA:1,8
DA:3,8
DA:4,8
DA:5,8
DA:13,8
DA:16,0
DA:17,0
DA:18,0
DA:22,0
DA:23,0
DA:28,0
DA:35,8
LF:12
LH:6
BRF:0
BRH:0
end_of_record
TN:
SF:src/preview/components/asset/LogButton.tsx
FN:10,(anonymous_0)
FN:13,(anonymous_1)
FN:16,LogButton
FN:22,(anonymous_3)
FNF:4
FNH:0
FNDA:0,(anonymous_0)
FNDA:0,(anonymous_1)
FNDA:0,LogButton
FNDA:0,(anonymous_3)
DA:1,8
DA:3,8
DA:10,8
DA:13,0
DA:17,0
DA:22,0
DA:30,8
LF:7
LH:4
BRF:0
BRH:0
end_of_record
TN:
SF:src/preview/components/asset/ReconfigureButton.tsx
FN:9,(anonymous_0)
FN:12,(anonymous_1)
FN:15,ReconfigureButton
FN:21,(anonymous_3)
FNF:4
FNH:0
FNDA:0,(anonymous_0)
FNDA:0,(anonymous_1)
FNDA:0,ReconfigureButton
FNDA:0,(anonymous_3)
DA:1,8
DA:2,8
DA:9,8
DA:12,0
DA:16,0
DA:21,0
DA:28,8
LF:7
LH:4
BRF:0
BRH:0
end_of_record
TN:
SF:src/preview/components/asset/StartStopButton.tsx
FN:18,StartStopButton
FN:36,(anonymous_1)
FNF:2
FNH:0
FNDA:0,StartStopButton
FNDA:0,(anonymous_1)
DA:1,8
DA:2,8
DA:3,8
DA:4,8
DA:5,8
DA:6,8
DA:22,0
DA:24,0
DA:25,0
DA:27,0
DA:37,0
DA:52,8
LF:12
LH:7
BRDA:29,0,0,0
BRDA:29,0,1,0
BRDA:29,1,0,0
BRDA:29,1,1,0
BRDA:29,2,0,0
BRDA:29,2,1,0
BRF:6
BRH:0
end_of_record
TN:
SF:src/preview/route/digitaltwins/DigitalTwinTabDataPreview.ts
FNF:0
FNH:0
DA:3,8
DA:22,8
LF:2
LH:2
BRF:0
BRH:0
end_of_record
TN:
SF:src/preview/route/digitaltwins/DigitalTwinsPreview.tsx
FN:19,(anonymous_0)
FN:25,(anonymous_1)
FN:30,(anonymous_2)
FN:49,(anonymous_3)
FN:53,(anonymous_4)
FN:54,(anonymous_5)
FN:81,DigitalTwinsPreview
FNF:7
FNH:0
FNDA:0,(anonymous_0)
FNDA:0,(anonymous_1)
FNDA:0,(anonymous_2)
FNDA:0,(anonymous_3)
FNDA:0,(anonymous_4)
FNDA:0,(anonymous_5)
FNDA:0,DigitalTwinsPreview
DA:1,8
DA:2,8
DA:3,8
DA:4,8
DA:5,8
DA:6,8
DA:8,8
DA:9,8
DA:10,8
DA:11,8
DA:12,8
DA:19,8
DA:23,0
DA:26,0
DA:30,0
DA:49,8
DA:50,0
DA:51,0
DA:53,0
DA:54,0
DA:55,0
DA:66,0
DA:81,8
DA:82,0
LF:24
LH:14
BRDA:26,0,0,0
BRDA:26,0,1,0
BRDA:26,0,2,0
BRDA:33,1,0,0
BRDA:33,1,1,0
BRF:5
BRH:0
end_of_record
TN:
SF:src/preview/route/digitaltwins/Snackbar.tsx
FN:8,(anonymous_0)
FN:12,(anonymous_1)
FN:15,(anonymous_2)
FNF:3
FNH:0
FNDA:0,(anonymous_0)
FNDA:0,(anonymous_1)
FNDA:0,(anonymous_2)
DA:1,8
DA:2,8
DA:3,8
DA:4,8
DA:6,8
DA:8,8
DA:9,0
DA:11,0
DA:12,0
DA:15,0
DA:16,0
DA:19,0
DA:28,8
LF:13
LH:7
BRF:0
BRH:0
end_of_record
TN:
SF:src/preview/route/digitaltwins/create/ChangeFileNameDialog.tsx
FN:24,(anonymous_0)
FN:34,(anonymous_1)
FN:37,(anonymous_2)
FN:41,(anonymous_3)
FN:58,(anonymous_4)
FN:64,(anonymous_5)
FN:70,(anonymous_6)
FNF:7
FNH:0
FNDA:0,(anonymous_0)
FNDA:0,(anonymous_1)
FNDA:0,(anonymous_2)
FNDA:0,(anonymous_3)
FNDA:0,(anonymous_4)
FNDA:0,(anonymous_5)
FNDA:0,(anonymous_6)
DA:1,8
DA:2,8
DA:11,8
DA:12,8
DA:13,8
DA:24,8
DA:31,0
DA:32,0
DA:34,0
DA:35,0
DA:37,0
DA:38,0
DA:41,0
DA:42,0
DA:43,0
DA:44,0
DA:47,0
DA:58,0
DA:64,0
DA:71,0
DA:91,8
LF:21
LH:7
BRF:0
BRH:0
end_of_record
TN:
SF:src/preview/route/digitaltwins/create/ConfirmDeleteDialog.tsx
FN:21,(anonymous_0)
FN:31,(anonymous_1)
FN:33,(anonymous_2)
FN:40,(anonymous_3)
FN:42,(anonymous_4)
FN:65,(anonymous_5)
FNF:6
FNH:0
FNDA:0,(anonymous_0)
FNDA:0,(anonymous_1)
FNDA:0,(anonymous_2)
FNDA:0,(anonymous_3)
FNDA:0,(anonymous_4)
FNDA:0,(anonymous_5)
DA:1,8
DA:3,8
DA:4,8
DA:8,8
DA:10,8
DA:21,8
DA:29,0
DA:31,0
DA:33,0
DA:34,0
DA:35,0
DA:36,0
DA:37,0
DA:38,0
DA:40,0
DA:41,0
DA:42,0
DA:44,0
DA:45,0
DA:56,0
DA:59,0
DA:65,0
DA:74,8
LF:23
LH:7
BRDA:42,0,0,0
BRDA:42,0,1,0
BRDA:44,1,0,0
BRF:3
BRH:0
end_of_record
TN:
SF:src/preview/route/digitaltwins/create/CreateDTDialog.tsx
FN:35,(anonymous_7)
FN:42,(anonymous_8)
FN:60,(anonymous_9)
FN:72,(anonymous_10)
FN:82,(anonymous_11)
FN:103,(anonymous_12)
FN:114,(anonymous_13)
FN:128,(anonymous_14)
FN:140,(anonymous_15)
FNF:9
FNH:0
FNDA:0,(anonymous_7)
FNDA:0,(anonymous_8)
FNDA:0,(anonymous_9)
FNDA:0,(anonymous_10)
FNDA:0,(anonymous_11)
FNDA:0,(anonymous_12)
FNDA:0,(anonymous_13)
FNDA:0,(anonymous_14)
FNDA:0,(anonymous_15)
DA:1,8
DA:3,8
DA:10,8
DA:11,8
DA:14,8
DA:15,8
DA:16,8
DA:21,8
DA:35,8
DA:39,0
DA:42,8
DA:48,0
DA:54,0
DA:55,0
DA:57,0
DA:60,8
DA:66,0
DA:67,0
DA:68,0
DA:69,0
DA:72,8
DA:82,0
DA:83,0
DA:85,0
DA:86,0
DA:88,0
DA:89,0
DA:91,0
DA:94,0
DA:100,0
DA:103,8
DA:114,0
DA:115,0
DA:117,0
DA:129,0
DA:141,0
DA:161,8
LF:37
LH:14
BRDA:83,0,0,0
BRDA:88,1,0,0
BRDA:88,1,1,0
BRF:3
BRH:0
end_of_record
TN:
SF:src/preview/route/digitaltwins/create/CreateDialogs.tsx
FN:27,(anonymous_0)
FNF:1
FNH:0
FNDA:0,(anonymous_0)
DA:1,8
DA:3,8
DA:4,8
DA:5,8
DA:6,8
DA:27,8
DA:28,0
DA:68,8
LF:8
LH:7
BRF:0
BRH:0
end_of_record
TN:
SF:src/preview/route/digitaltwins/create/CreatePage.tsx
FN:14,DigitalTwinNameInput
FN:34,ActionButtons
FN:68,CreatePage
FN:82,(anonymous_3)
FN:86,(anonymous_4)
FN:109,(anonymous_5)
FNF:6
FNH:0
FNDA:0,DigitalTwinNameInput
FNDA:0,ActionButtons
FNDA:0,CreatePage
FNDA:0,(anonymous_3)
FNDA:0,(anonymous_4)
FNDA:0,(anonymous_5)
DA:1,8
DA:2,8
DA:3,8
DA:4,8
DA:5,8
DA:6,8
DA:7,8
DA:21,0
DA:43,0
DA:72,0
DA:73,0
DA:74,0
DA:76,0
DA:77,0
DA:78,0
DA:79,0
DA:80,0
DA:82,0
DA:83,0
DA:86,0
DA:87,0
DA:88,0
DA:91,0
DA:109,0
DA:154,8
LF:25
LH:8
BRF:0
BRH:0
end_of_record
TN:
SF:src/preview/route/digitaltwins/create/DeleteFileDialog.tsx
FN:15,(anonymous_0)
FN:24,(anonymous_1)
FN:38,(anonymous_2)
FNF:3
FNH:0
FNDA:0,(anonymous_0)
FNDA:0,(anonymous_1)
FNDA:0,(anonymous_2)
DA:1,8
DA:3,8
DA:4,8
DA:5,8
DA:15,8
DA:22,0
DA:24,0
DA:25,0
DA:26,0
DA:27,0
DA:28,0
DA:31,0
DA:38,0
DA:49,8
LF:14
LH:6
BRF:0
BRH:0
end_of_record
TN:
SF:src/preview/route/digitaltwins/create/FileActionButtons.tsx
FN:6,FileActionButtons
FN:20,(anonymous_1)
FN:28,(anonymous_2)
FNF:3
FNH:0
FNDA:0,FileActionButtons
FNDA:0,(anonymous_1)
FNDA:0,(anonymous_2)
DA:1,8
DA:2,8
DA:3,8
DA:4,8
DA:15,0
DA:20,0
DA:28,0
DA:37,8
LF:8
LH:5
BRDA:17,0,0,0
BRDA:17,0,1,0
BRDA:17,0,2,0
BRDA:25,1,0,0
BRDA:25,1,1,0
BRDA:25,1,2,0
BRF:6
BRH:0
end_of_record
TN:
SF:src/preview/route/digitaltwins/editor/Editor.tsx
FN:19,Editor
FN:31,(anonymous_1)
FNF:2
FNH:0
FNDA:0,Editor
FNDA:0,(anonymous_1)
DA:1,8
DA:2,8
DA:3,8
DA:4,8
DA:5,8
DA:6,8
DA:29,0
DA:31,0
DA:32,0
DA:35,0
DA:101,8
LF:11
LH:7
BRDA:83,0,0,0
BRDA:83,0,1,0
BRDA:91,1,0,0
BRDA:91,1,1,0
BRF:4
BRH:0
end_of_record
TN:
SF:src/preview/route/digitaltwins/editor/EditorTab.tsx
FN:14,(anonymous_0)
FN:47,EditorTab
FN:56,(anonymous_2)
FN:66,(anonymous_3)
FNF:4
FNH:0
FNDA:0,(anonymous_0)
FNDA:0,EditorTab
FNDA:0,(anonymous_2)
FNDA:0,(anonymous_3)
DA:1,8
DA:2,8
DA:3,8
DA:4,8
DA:5,8
DA:14,8
DA:22,0
DA:23,0
DA:24,0
DA:26,0
DA:27,0
DA:36,0
DA:53,0
DA:54,0
DA:56,0
DA:57,0
DA:60,0
DA:67,0
DA:106,8
LF:19
LH:7
BRDA:22,0,0,0
BRDA:22,0,1,0
BRDA:26,1,0,0
BRDA:26,1,1,0
BRDA:80,2,0,0
BRDA:80,2,1,0
BRF:6
BRH:0
end_of_record
TN:
SF:src/preview/route/digitaltwins/editor/PreviewTab.tsx
FN:13,PreviewTab
FNF:1
FNH:0
FNDA:0,PreviewTab
DA:1,8
DA:2,8
DA:3,8
DA:5,8
DA:6,8
DA:14,0
DA:15,0
DA:20,0
DA:22,0
DA:65,0
DA:66,0
DA:68,0
DA:69,0
DA:71,0
DA:74,8
LF:15
LH:6
BRDA:14,0,0,0
BRDA:65,1,0,0
BRDA:68,2,0,0
BRDA:68,3,0,0
BRDA:68,3,1,0
BRF:5
BRH:0
end_of_record
TN:
SF:src/preview/route/digitaltwins/editor/Sidebar.tsx
FN:26,(anonymous_7)
FN:38,(anonymous_8)
FN:41,(anonymous_9)
FN:44,(anonymous_10)
FN:46,(anonymous_11)
FN:46,(anonymous_12)
FN:93,(anonymous_13)
FNF:7
FNH:0
FNDA:0,(anonymous_7)
FNDA:0,(anonymous_8)
FNDA:0,(anonymous_9)
FNDA:0,(anonymous_10)
FNDA:0,(anonymous_11)
FNDA:0,(anonymous_12)
FNDA:0,(anonymous_13)
DA:1,8
DA:2,8
DA:3,8
DA:4,8
DA:5,8
DA:8,8
DA:9,8
DA:16,8
DA:26,8
DA:33,0
DA:34,0
DA:35,0
DA:36,0
DA:38,0
DA:39,0
DA:41,0
DA:42,0
DA:44,0
DA:45,0
DA:46,0
DA:47,0
DA:48,0
DA:50,0
DA:54,0
DA:55,0
DA:76,0
DA:93,0
DA:187,8
LF:28
LH:10
BRDA:39,0,0,0
BRDA:39,0,1,0
BRDA:45,1,0,0
BRDA:45,2,0,0
BRDA:45,2,1,0
BRDA:54,3,0,0
BRDA:90,4,0,0
BRDA:90,4,1,0
BRDA:112,5,0,0
BRDA:112,5,1,0
BRF:10
BRH:0
end_of_record
TN:
SF:src/preview/route/digitaltwins/editor/SidebarDialog.tsx
FN:29,(anonymous_0)
FN:49,(anonymous_1)
FN:55,(anonymous_2)
FN:66,(anonymous_3)
FNF:4
FNH:0
FNDA:0,(anonymous_0)
FNDA:0,(anonymous_1)
FNDA:0,(anonymous_2)
FNDA:0,(anonymous_3)
DA:1,8
DA:3,8
DA:13,8
DA:29,8
DA:39,0
DA:49,0
DA:56,0
DA:67,0
DA:85,8
LF:9
LH:5
BRDA:51,0,0,0
BRDA:51,0,1,0
BRF:2
BRH:0
end_of_record
TN:
SF:src/preview/route/digitaltwins/editor/sidebarFunctions.tsx
FN:8,(anonymous_7)
FN:16,(anonymous_8)
FN:16,(anonymous_9)
FN:22,(anonymous_10)
FN:51,(anonymous_11)
FN:65,(anonymous_12)
FN:70,(anonymous_13)
FN:86,(anonymous_14)
FN:89,(anonymous_15)
FN:91,(anonymous_16)
FN:93,(anonymous_17)
FN:105,(anonymous_18)
FN:110,(anonymous_19)
FN:126,(anonymous_20)
FN:133,(anonymous_21)
FN:145,(anonymous_22)
FN:154,(anonymous_23)
FN:175,(anonymous_24)
FN:181,(anonymous_25)
FN:198,(anonymous_26)
FN:210,(anonymous_27)
FN:216,(anonymous_28)
FN:226,(anonymous_29)
FN:235,(anonymous_30)
FNF:24
FNH:0
FNDA:0,(anonymous_7)
FNDA:0,(anonymous_8)
FNDA:0,(anonymous_9)
FNDA:0,(anonymous_10)
FNDA:0,(anonymous_11)
FNDA:0,(anonymous_12)
FNDA:0,(anonymous_13)
FNDA:0,(anonymous_14)
FNDA:0,(anonymous_15)
FNDA:0,(anonymous_16)
FNDA:0,(anonymous_17)
FNDA:0,(anonymous_18)
FNDA:0,(anonymous_19)
FNDA:0,(anonymous_20)
FNDA:0,(anonymous_21)
FNDA:0,(anonymous_22)
FNDA:0,(anonymous_23)
FNDA:0,(anonymous_24)
FNDA:0,(anonymous_25)
FNDA:0,(anonymous_26)
FNDA:0,(anonymous_27)
FNDA:0,(anonymous_28)
FNDA:0,(anonymous_29)
FNDA:0,(anonymous_30)
DA:1,8
DA:5,8
DA:6,8
DA:8,8
DA:9,0
DA:10,0
DA:11,0
DA:12,0
DA:13,0
DA:16,8
DA:17,0
DA:18,0
DA:19,0
DA:22,8
DA:31,0
DA:32,0
DA:39,0
DA:40,0
DA:51,8
DA:61,0
DA:66,0
DA:71,0
DA:86,8
DA:87,0
DA:89,0
DA:91,0
DA:93,8
DA:104,0
DA:106,0
DA:111,0
DA:126,8
DA:133,0
DA:134,0
DA:135,0
DA:145,8
DA:153,0
DA:154,0
DA:156,0
DA:157,0
DA:165,0
DA:175,8
DA:181,0
DA:182,0
DA:183,0
DA:184,0
DA:185,0
DA:194,0
DA:198,8
DA:205,0
DA:206,0
DA:207,0
DA:210,8
DA:213,0
DA:216,8
DA:221,0
DA:222,0
DA:223,0
DA:226,8
DA:234,0
DA:235,0
DA:238,0
DA:239,0
DA:240,0
DA:243,0
DA:244,0
DA:245,0
DA:248,0
DA:249,0
DA:251,0
DA:261,0
DA:262,0
LF:71
LH:16
BRDA:9,0,0,0
BRDA:9,0,1,0
BRDA:9,1,0,0
BRDA:9,1,1,0
BRDA:10,2,0,0
BRDA:11,3,0,0
BRDA:11,4,0,0
BRDA:11,4,1,0
BRDA:11,4,2,0
BRDA:31,5,0,0
BRDA:31,5,1,0
BRDA:39,6,0,0
BRDA:89,7,0,0
BRDA:89,7,1,0
BRDA:133,8,0,0
BRDA:133,8,1,0
BRDA:134,9,0,0
BRDA:154,10,0,0
BRDA:154,10,1,0
BRDA:154,10,2,0
BRDA:156,11,0,0
BRDA:156,11,1,0
BRDA:184,12,0,0
BRDA:238,13,0,0
BRDA:243,14,0,0
BRF:25
BRH:0
end_of_record
TN:
SF:src/preview/route/digitaltwins/execute/LogDialog.tsx
FN:21,(anonymous_0)
FN:25,LogDialog
FN:34,(anonymous_2)
FN:48,(anonymous_3)
FNF:4
FNH:0
FNDA:0,(anonymous_0)
FNDA:0,LogDialog
FNDA:0,(anonymous_2)
FNDA:0,(anonymous_3)
DA:1,8
DA:3,8
DA:11,8
DA:12,8
DA:13,8
DA:21,8
DA:22,0
DA:26,0
DA:28,0
DA:35,0
DA:48,0
DA:56,8
LF:12
LH:7
BRDA:32,0,0,0
BRDA:32,0,1,0
BRF:2
BRH:0
end_of_record
TN:
SF:src/preview/route/digitaltwins/execute/pipelineChecks.ts
FN:18,(anonymous_7)
FN:19,(anonymous_8)
FN:23,(anonymous_9)
FN:26,(anonymous_10)
FN:42,(anonymous_11)
FN:47,(anonymous_12)
FN:55,(anonymous_13)
FN:100,(anonymous_14)
FN:107,(anonymous_15)
FN:126,(anonymous_16)
FN:134,(anonymous_17)
FNF:11
FNH:0
FNDA:0,(anonymous_7)
FNDA:0,(anonymous_8)
FNDA:0,(anonymous_9)
FNDA:0,(anonymous_10)
FNDA:0,(anonymous_11)
FNDA:0,(anonymous_12)
FNDA:0,(anonymous_13)
FNDA:0,(anonymous_14)
FNDA:0,(anonymous_15)
FNDA:0,(anonymous_16)
FNDA:0,(anonymous_17)
DA:3,8
DA:4,8
DA:8,8
DA:17,8
DA:18,8
DA:19,0
DA:20,0
DA:23,8
DA:24,0
DA:26,8
DA:32,0
DA:38,0
DA:39,0
DA:42,8
DA:43,0
DA:44,0
DA:47,8
DA:55,0
DA:56,0
DA:61,0
DA:62,0
DA:69,0
DA:70,0
DA:74,0
DA:81,0
DA:82,0
DA:89,0
DA:90,0
DA:100,8
DA:107,0
DA:108,0
DA:109,0
DA:116,0
DA:117,0
DA:126,8
DA:134,0
DA:135,0
DA:136,0
DA:141,0
DA:142,0
DA:150,0
DA:151,0
DA:158,0
DA:159,0
LF:44
LH:11
BRDA:61,0,0,0
BRDA:61,0,1,0
BRDA:69,1,0,0
BRDA:69,1,1,0
BRDA:81,2,0,0
BRDA:81,2,1,0
BRDA:116,3,0,0
BRDA:141,4,0,0
BRDA:141,4,1,0
BRDA:141,5,0,0
BRDA:141,5,1,0
BRDA:150,6,0,0
BRDA:150,6,1,0
BRF:13
BRH:0
end_of_record
TN:
SF:src/preview/route/digitaltwins/execute/pipelineHandler.ts
FN:12,(anonymous_7)
FN:32,(anonymous_8)
FN:38,(anonymous_9)
FN:56,(anonymous_10)
FN:60,(anonymous_11)
FN:83,(anonymous_12)
FN:83,(anonymous_13)
FNF:7
FNH:0
FNDA:0,(anonymous_7)
FNDA:0,(anonymous_8)
FNDA:0,(anonymous_9)
FNDA:0,(anonymous_10)
FNDA:0,(anonymous_11)
FNDA:0,(anonymous_12)
FNDA:0,(anonymous_13)
DA:2,8
DA:4,8
DA:5,8
DA:10,8
DA:12,8
DA:19,0
DA:20,0
DA:28,0
DA:32,8
DA:38,0
DA:39,0
DA:40,0
DA:41,0
DA:42,0
DA:43,0
DA:44,0
DA:50,0
DA:52,0
DA:56,8
DA:60,0
DA:61,0
DA:62,0
DA:63,0
DA:72,0
DA:79,0
DA:83,8
DA:84,0
DA:85,0
DA:89,0
LF:29
LH:8
BRDA:19,0,0,0
BRDA:19,0,1,0
BRDA:39,1,0,0
BRDA:39,1,1,0
BRDA:84,2,0,0
BRDA:84,3,0,0
BRDA:84,3,1,0
BRF:7
BRH:0
end_of_record
TN:
SF:src/preview/route/digitaltwins/execute/pipelineUtils.ts
FN:12,(anonymous_7)
FN:16,(anonymous_8)
FN:32,(anonymous_9)
FN:50,(anonymous_10)
FN:74,(anonymous_11)
FN:94,(anonymous_12)
FN:97,(anonymous_13)
FN:102,(anonymous_14)
FN:102,(anonymous_15)
FN:116,(anonymous_16)
FNF:10
FNH:0
FNDA:0,(anonymous_7)
FNDA:0,(anonymous_8)
FNDA:0,(anonymous_9)
FNDA:0,(anonymous_10)
FNDA:0,(anonymous_11)
FNDA:0,(anonymous_12)
FNDA:0,(anonymous_13)
FNDA:0,(anonymous_14)
FNDA:0,(anonymous_15)
FNDA:0,(anonymous_16)
DA:2,8
DA:4,8
DA:10,8
DA:12,8
DA:16,0
DA:17,0
DA:19,0
DA:22,0
DA:29,0
DA:32,8
DA:36,0
DA:42,0
DA:50,8
DA:57,0
DA:58,0
DA:64,0
DA:70,0
DA:71,0
DA:74,8
DA:79,0
DA:80,0
DA:86,0
DA:94,8
DA:97,0
DA:98,0
DA:102,0
DA:103,0
DA:107,0
DA:108,0
DA:117,0
DA:123,0
DA:125,0
LF:32
LH:8
BRDA:19,0,0,0
BRDA:19,0,1,0
BRDA:26,1,0,0
BRDA:26,1,1,0
BRDA:107,2,0,0
BRF:5
BRH:0
end_of_record
TN:
SF:src/preview/route/digitaltwins/manage/DeleteDialog.tsx
FN:22,(anonymous_7)
FN:28,(anonymous_8)
FN:33,(anonymous_9)
FN:45,DeleteDialog
FN:64,(anonymous_11)
FN:70,(anonymous_12)
FNF:6
FNH:0
FNDA:0,(anonymous_7)
FNDA:0,(anonymous_8)
FNDA:0,(anonymous_9)
FNDA:0,DeleteDialog
FNDA:0,(anonymous_11)
FNDA:0,(anonymous_12)
DA:1,8
DA:3,8
DA:10,8
DA:11,8
DA:12,8
DA:13,8
DA:22,8
DA:25,0
DA:28,8
DA:33,0
DA:34,0
DA:35,0
DA:36,0
DA:37,0
DA:51,0
DA:52,0
DA:53,0
DA:64,0
DA:71,0
DA:81,8
LF:20
LH:9
BRDA:40,0,0,0
BRDA:40,0,1,0
BRF:2
BRH:0
end_of_record
TN:
SF:src/preview/route/digitaltwins/manage/DetailsDialog.tsx
FN:17,(anonymous_0)
FN:23,DetailsDialog
FN:49,(anonymous_2)
FNF:3
FNH:0
FNDA:0,(anonymous_0)
FNDA:0,DetailsDialog
FNDA:0,(anonymous_2)
DA:1,8
DA:3,8
DA:4,8
DA:5,8
DA:7,8
DA:8,8
DA:9,8
DA:17,8
DA:20,0
DA:28,0
DA:30,0
DA:35,0
DA:49,0
DA:80,8
LF:14
LH:9
BRF:0
BRH:0
end_of_record
TN:
SF:src/preview/route/digitaltwins/manage/ReconfigureDialog.tsx
FN:34,(anonymous_7)
FN:40,ReconfigureDialog
FN:54,(anonymous_9)
FN:55,(anonymous_10)
FN:56,(anonymous_11)
FN:57,(anonymous_12)
FN:59,(anonymous_13)
FN:59,(anonymous_14)
FN:65,(anonymous_15)
FN:104,(anonymous_16)
FN:109,(anonymous_17)
FN:118,(anonymous_18)
FN:122,(anonymous_19)
FN:144,(anonymous_20)
FN:156,(anonymous_21)
FN:183,(anonymous_22)
FN:218,(anonymous_23)
FNF:17
FNH:0
FNDA:0,(anonymous_7)
FNDA:0,ReconfigureDialog
FNDA:0,(anonymous_9)
FNDA:0,(anonymous_10)
FNDA:0,(anonymous_11)
FNDA:0,(anonymous_12)
FNDA:0,(anonymous_13)
FNDA:0,(anonymous_14)
FNDA:0,(anonymous_15)
FNDA:0,(anonymous_16)
FNDA:0,(anonymous_17)
FNDA:0,(anonymous_18)
FNDA:0,(anonymous_19)
FNDA:0,(anonymous_20)
FNDA:0,(anonymous_21)
FNDA:0,(anonymous_22)
FNDA:0,(anonymous_23)
DA:4,8
DA:5,8
DA:6,8
DA:14,8
DA:15,8
DA:20,8
DA:24,8
DA:25,8
DA:26,8
DA:34,8
DA:37,0
DA:45,0
DA:46,0
DA:47,0
DA:48,0
DA:49,0
DA:50,0
DA:51,0
DA:52,0
DA:54,0
DA:55,0
DA:56,0
DA:57,0
DA:59,0
DA:60,0
DA:61,0
DA:62,0
DA:65,0
DA:66,0
DA:67,0
DA:68,0
DA:71,0
DA:104,8
DA:109,0
DA:110,0
DA:111,0
DA:114,0
DA:115,0
DA:118,8
DA:122,0
DA:123,0
DA:124,0
DA:126,0
DA:127,0
DA:135,0
DA:144,8
DA:148,0
DA:156,8
DA:181,0
DA:183,0
DA:218,8
DA:229,0
DA:240,8
LF:53
LH:16
BRDA:126,0,0,0
BRF:1
BRH:0
end_of_record
TN:
SF:src/preview/store/assets.slice.ts
FN:16,(anonymous_0)
FN:19,(anonymous_1)
FN:21,(anonymous_2)
FNF:3
FNH:0
FNDA:0,(anonymous_0)
FNDA:0,(anonymous_1)
FNDA:0,(anonymous_2)
DA:1,8
DA:8,8
DA:12,8
DA:17,0
DA:20,0
DA:21,0
DA:27,8
DA:29,8
LF:8
LH:5
BRF:0
BRH:0
end_of_record
TN:
SF:src/preview/store/digitalTwin.slice.ts
FN:16,(anonymous_0)
FN:22,(anonymous_1)
FN:31,(anonymous_2)
FN:40,(anonymous_3)
FN:49,(anonymous_4)
FN:61,(anonymous_5)
FN:61,(anonymous_6)
FNF:7
FNH:0
FNDA:0,(anonymous_0)
FNDA:0,(anonymous_1)
FNDA:0,(anonymous_2)
FNDA:0,(anonymous_3)
FNDA:0,(anonymous_4)
FNDA:0,(anonymous_5)
FNDA:0,(anonymous_6)
DA:1,8
DA:10,8
DA:12,8
DA:20,0
DA:26,0
DA:27,0
DA:28,0
DA:35,0
DA:36,0
DA:37,0
DA:44,0
DA:45,0
DA:46,0
DA:53,0
DA:54,0
DA:55,0
DA:61,8
DA:62,0
DA:64,8
DA:71,8
LF:20
LH:6
BRDA:27,0,0,0
BRDA:36,1,0,0
BRDA:45,2,0,0
BRDA:54,3,0,0
BRF:4
BRH:0
end_of_record
TN:
SF:src/preview/store/file.slice.ts
FN:18,(anonymous_1)
FN:24,(anonymous_2)
FN:39,(anonymous_3)
FN:44,(anonymous_4)
FN:61,(anonymous_5)
FN:63,(anonymous_6)
FN:65,(anonymous_7)
FN:66,(anonymous_8)
FN:73,(anonymous_9)
FN:74,(anonymous_10)
FN:80,(anonymous_11)
FN:83,(anonymous_12)
FN:87,(anonymous_13)
FN:88,(anonymous_14)
FN:99,(anonymous_15)
FN:106,(anonymous_16)
FN:107,(anonymous_17)
FN:107,(anonymous_18)
FNF:18
FNH:0
FNDA:0,(anonymous_1)
FNDA:0,(anonymous_2)
FNDA:0,(anonymous_3)
FNDA:0,(anonymous_4)
FNDA:0,(anonymous_5)
FNDA:0,(anonymous_6)
FNDA:0,(anonymous_7)
FNDA:0,(anonymous_8)
FNDA:0,(anonymous_9)
FNDA:0,(anonymous_10)
FNDA:0,(anonymous_11)
FNDA:0,(anonymous_12)
FNDA:0,(anonymous_13)
FNDA:0,(anonymous_14)
FNDA:0,(anonymous_15)
FNDA:0,(anonymous_16)
FNDA:0,(anonymous_17)
FNDA:0,(anonymous_18)
DA:1,8
DA:12,8
DA:14,8
DA:19,0
DA:21,0
DA:23,0
DA:24,0
DA:27,0
DA:28,0
DA:35,0
DA:43,0
DA:44,0
DA:46,0
DA:47,0
DA:48,0
DA:50,0
DA:51,0
DA:52,0
DA:53,0
DA:54,0
DA:56,0
DA:62,0
DA:63,0
DA:65,0
DA:66,0
DA:67,0
DA:68,0
DA:74,0
DA:75,0
DA:76,0
DA:81,0
DA:83,0
DA:84,0
DA:87,0
DA:88,0
DA:89,0
DA:90,0
DA:91,0
DA:95,0
DA:96,0
DA:100,0
DA:105,8
DA:106,0
DA:107,0
DA:110,8
DA:118,8
LF:46
LH:6
BRDA:21,0,0,0
BRDA:24,1,0,0
BRDA:24,1,1,0
BRDA:27,2,0,0
BRDA:27,2,1,0
BRDA:46,3,0,0
BRDA:51,4,0,0
BRDA:51,4,1,0
BRDA:53,5,0,0
BRDA:53,5,1,0
BRDA:63,6,0,0
BRDA:63,6,1,0
BRDA:66,7,0,0
BRDA:66,7,1,0
BRDA:67,8,0,0
BRDA:75,9,0,0
BRDA:89,10,0,0
BRF:17
BRH:0
end_of_record
TN:
SF:src/preview/store/snackbar.slice.ts
FN:20,(anonymous_0)
FN:28,(anonymous_1)
FNF:2
FNH:0
FNDA:0,(anonymous_0)
FNDA:0,(anonymous_1)
DA:2,8
DA:10,8
DA:16,8
DA:24,0
DA:25,0
DA:26,0
DA:29,0
DA:30,0
DA:31,0
DA:36,8
DA:37,8
LF:11
LH:5
BRF:0
BRH:0
end_of_record
TN:
SF:src/preview/util/DTAssets.ts
FN:8,(anonymous_7)
FN:14,getFilePath
FN:29,(anonymous_9)
FN:35,(anonymous_10)
FN:49,(anonymous_12)
FN:64,(anonymous_14)
FN:102,(anonymous_16)
FN:131,(anonymous_18)
FN:136,(anonymous_20)
FN:148,(anonymous_22)
FNF:10
FNH:1
FNDA:8,(anonymous_7)
FNDA:0,getFilePath
FNDA:0,(anonymous_9)
FNDA:0,(anonymous_10)
FNDA:0,(anonymous_12)
FNDA:0,(anonymous_14)
FNDA:0,(anonymous_16)
FNDA:0,(anonymous_18)
FNDA:0,(anonymous_20)
FNDA:0,(anonymous_22)
DA:6,8
DA:8,8
DA:9,8
DA:10,8
DA:11,8
DA:14,8
DA:19,0
DA:30,0
DA:31,0
DA:32,0
DA:40,0
DA:41,0
DA:42,0
DA:43,0
DA:44,0
DA:53,0
DA:55,0
DA:59,0
DA:61,0
DA:65,0
DA:67,0
DA:68,0
DA:70,0
DA:71,0
DA:72,0
DA:75,0
DA:87,0
DA:89,0
DA:90,0
DA:96,0
DA:98,0
DA:103,0
DA:105,0
DA:106,0
DA:108,0
DA:113,0
DA:115,0
DA:116,0
DA:117,0
DA:123,0
DA:125,0
DA:127,0
DA:132,0
DA:133,0
DA:137,0
DA:139,0
DA:143,0
DA:145,0
DA:149,0
DA:153,8
LF:50
LH:7
BRDA:8,0,0,8
BRDA:8,0,1,8
BRDA:19,1,0,0
BRDA:19,1,1,0
BRDA:41,2,0,0
BRDA:43,3,0,0
BRDA:43,3,1,0
BRDA:55,4,0,0
BRDA:55,4,1,0
BRDA:71,5,0,0
BRDA:115,6,0,0
BRDA:115,6,1,0
BRDA:139,7,0,0
BRDA:139,7,1,0
BRF:14
BRH:2
end_of_record
TN:
SF:src/preview/util/digitalTwin.ts
FN:9,(anonymous_7)
FN:10,(anonymous_8)
FN:39,(anonymous_9)
FN:45,(anonymous_10)
FN:57,(anonymous_12)
FN:64,(anonymous_14)
FN:77,(anonymous_15)
FN:87,(anonymous_17)
FN:104,(anonymous_19)
FN:126,(anonymous_21)
FN:147,(anonymous_23)
FN:160,(anonymous_25)
FN:166,(anonymous_27)
FN:170,(anonymous_29)
FNF:14
FNH:0
FNDA:0,(anonymous_7)
FNDA:0,(anonymous_8)
FNDA:0,(anonymous_9)
FNDA:0,(anonymous_10)
FNDA:0,(anonymous_12)
FNDA:0,(anonymous_14)
FNDA:0,(anonymous_15)
FNDA:0,(anonymous_17)
FNDA:0,(anonymous_19)
FNDA:0,(anonymous_21)
FNDA:0,(anonymous_23)
FNDA:0,(anonymous_25)
FNDA:0,(anonymous_27)
FNDA:0,(anonymous_29)
DA:1,8
DA:4,8
DA:5,8
DA:7,8
DA:9,8
DA:10,0
DA:15,0
DA:17,0
DA:23,0
DA:25,0
DA:27,0
DA:29,0
DA:31,0
DA:33,0
DA:35,0
DA:37,0
DA:40,0
DA:41,0
DA:42,0
DA:46,0
DA:47,0
DA:49,0
DA:50,0
DA:52,0
DA:58,0
DA:59,0
DA:60,0
DA:61,0
DA:62,0
DA:65,0
DA:66,0
DA:70,0
DA:73,0
DA:78,0
DA:79,0
DA:88,0
DA:89,0
DA:90,0
DA:93,0
DA:94,0
DA:95,0
DA:96,0
DA:97,0
DA:99,0
DA:100,0
DA:106,0
DA:107,0
DA:108,0
DA:109,0
DA:114,0
DA:116,0
DA:122,0
DA:127,0
DA:128,0
DA:131,0
DA:132,0
DA:134,0
DA:135,0
DA:140,0
DA:141,0
DA:143,0
DA:148,0
DA:149,0
DA:150,0
DA:152,0
DA:154,0
DA:157,0
DA:161,0
DA:167,0
DA:171,0
DA:175,8
LF:71
LH:6
BRDA:46,0,0,0
BRDA:58,1,0,0
BRDA:58,1,1,0
BRDA:88,2,0,0
BRDA:106,3,0,0
BRDA:106,3,1,0
BRDA:127,4,0,0
BRDA:148,5,0,0
BRF:8
BRH:0
end_of_record
TN:
SF:src/preview/util/digitalTwinUtils.ts
FN:5,isValidInstance
FN:12,logSuccess
FN:21,logError
FNF:3
FNH:0
FNDA:0,isValidInstance
FNDA:0,logSuccess
FNDA:0,logError
DA:5,8
DA:6,0
DA:12,8
DA:13,0
DA:18,0
DA:21,8
DA:26,0
DA:32,0
LF:8
LH:3
BRDA:7,0,0,0
BRDA:7,0,1,0
BRF:2
BRH:0
end_of_record
TN:
SF:src/preview/util/fileHandler.ts
FN:6,isValidFileType
FN:26,(anonymous_8)
FN:31,(anonymous_9)
FN:45,(anonymous_11)
FN:59,(anonymous_13)
FN:68,(anonymous_15)
FN:77,(anonymous_17)
FN:95,(anonymous_19)
FN:96,(anonymous_20)
FNF:9
FNH:0
FNDA:0,isValidFileType
FNDA:0,(anonymous_8)
FNDA:0,(anonymous_9)
FNDA:0,(anonymous_11)
FNDA:0,(anonymous_13)
FNDA:0,(anonymous_15)
FNDA:0,(anonymous_17)
FNDA:0,(anonymous_19)
FNDA:0,(anonymous_20)
DA:4,8
DA:6,8
DA:10,0
DA:18,0
DA:27,0
DA:28,0
DA:36,0
DA:50,0
DA:60,0
DA:69,0
DA:74,0
DA:78,0
DA:84,0
DA:86,0
DA:94,0
DA:95,0
DA:96,0
DA:98,0
DA:103,8
LF:19
LH:3
BRDA:11,0,0,0
BRDA:11,0,1,0
BRDA:13,1,0,0
BRDA:13,1,1,0
BRDA:15,2,0,0
BRDA:15,2,1,0
BRF:6
BRH:0
end_of_record
TN:
SF:src/preview/util/fileUtils.ts
FN:9,(anonymous_0)
FN:11,(anonymous_1)
FN:20,(anonymous_2)
FN:25,(anonymous_3)
FN:30,(anonymous_4)
FN:31,(anonymous_5)
FN:42,(anonymous_6)
FN:47,(anonymous_7)
FN:48,(anonymous_8)
FN:62,(anonymous_9)
FN:73,(anonymous_10)
FNF:11
FNH:0
FNDA:0,(anonymous_0)
FNDA:0,(anonymous_1)
FNDA:0,(anonymous_2)
FNDA:0,(anonymous_3)
FNDA:0,(anonymous_4)
FNDA:0,(anonymous_5)
FNDA:0,(anonymous_6)
FNDA:0,(anonymous_7)
FNDA:0,(anonymous_8)
FNDA:0,(anonymous_9)
FNDA:0,(anonymous_10)
DA:1,8
DA:9,8
DA:10,0
DA:11,8
DA:12,0
DA:14,8
DA:20,8
DA:21,0
DA:22,0
DA:25,8
DA:29,0
DA:30,0
DA:31,0
DA:33,0
DA:34,0
DA:37,0
DA:39,0
DA:42,8
DA:47,0
DA:48,0
DA:49,0
DA:62,8
DA:72,0
DA:73,0
DA:76,0
DA:77,0
DA:78,0
DA:81,0
DA:82,0
DA:83,0
DA:86,0
DA:87,0
DA:88,0
DA:90,0
DA:91,0
DA:93,0
LF:36
LH:8
BRDA:22,0,0,0
BRDA:22,0,1,0
BRDA:30,1,0,0
BRDA:30,1,1,0
BRDA:33,2,0,0
BRDA:48,3,0,0
BRDA:76,4,0,0
BRDA:81,5,0,0
BRF:8
BRH:0
end_of_record
TN:
SF:src/preview/util/gitlab.ts
FN:27,(anonymous_7)
FN:37,(anonymous_8)
FN:47,(anonymous_10)
FN:52,(anonymous_12)
FN:60,(anonymous_13)
FN:71,(anonymous_15)
FN:79,(anonymous_17)
FN:80,(anonymous_18)
FN:80,(anonymous_19)
FN:90,(anonymous_20)
FN:94,(anonymous_21)
FN:102,(anonymous_23)
FN:107,(anonymous_25)
FNF:13
FNH:1
FNDA:8,(anonymous_7)
FNDA:0,(anonymous_8)
FNDA:0,(anonymous_10)
FNDA:0,(anonymous_12)
FNDA:0,(anonymous_13)
FNDA:0,(anonymous_15)
FNDA:0,(anonymous_17)
FNDA:0,(anonymous_18)
FNDA:0,(anonymous_19)
FNDA:0,(anonymous_20)
FNDA:0,(anonymous_21)
FNDA:0,(anonymous_23)
FNDA:0,(anonymous_25)
DA:1,8
DA:4,8
DA:5,8
DA:23,8
DA:25,8
DA:28,8
DA:29,8
DA:33,8
DA:34,8
DA:38,0
DA:39,0
DA:41,0
DA:42,0
DA:43,0
DA:48,0
DA:50,0
DA:51,0
DA:52,0
DA:54,0
DA:55,0
DA:57,0
DA:61,0
DA:63,0
DA:65,0
DA:66,0
DA:68,0
DA:72,0
DA:77,0
DA:79,0
DA:80,0
DA:86,0
DA:87,0
DA:91,0
DA:98,0
DA:99,0
DA:103,0
DA:104,0
DA:111,0
DA:112,0
DA:116,8
LF:40
LH:10
BRDA:41,0,0,0
BRDA:54,1,0,0
BRDA:65,2,0,0
BRDA:65,3,0,0
BRDA:65,3,1,0
BRDA:79,4,0,0
BRDA:79,4,1,0
BRF:7
BRH:0
end_of_record
TN:
SF:src/preview/util/init.ts
FN:15,(anonymous_7)
FN:18,(anonymous_8)
FN:27,(anonymous_9)
FN:27,(anonymous_10)
FN:40,initDigitalTwin
FNF:5
FNH:0
FNDA:0,(anonymous_7)
FNDA:0,(anonymous_8)
FNDA:0,(anonymous_9)
FNDA:0,(anonymous_10)
FNDA:0,initDigitalTwin
DA:3,8
DA:4,8
DA:5,8
DA:6,8
DA:7,8
DA:9,8
DA:15,8
DA:18,0
DA:19,0
DA:20,0
DA:21,0
DA:22,0
DA:25,0
DA:27,0
DA:28,0
DA:29,0
DA:30,0
DA:33,0
DA:36,0
DA:40,8
DA:43,0
DA:48,0
DA:49,0
LF:23
LH:8
BRDA:10,0,0,8
BRDA:10,0,1,8
BRDA:12,1,0,8
BRDA:12,1,1,8
BRDA:21,2,0,0
BRDA:21,2,1,0
BRDA:44,3,0,0
BRDA:44,3,1,0
BRDA:46,4,0,0
BRDA:46,4,1,0
BRF:10
BRH:4
end_of_record
TN:
SF:src/route/auth/Account.tsx
FN:7,AccountContent
FN:8,(anonymous_1)
FN:20,Account
FNF:3
FNH:3
FNDA:6,AccountContent
FNDA:12,(anonymous_1)
FNDA:6,Account
DA:1,8
DA:2,8
DA:3,8
DA:5,8
DA:8,12
DA:13,6
DA:20,8
DA:21,6
LF:8
LH:8
BRF:0
BRH:0
end_of_record
TN:
SF:src/route/auth/AccountTabData.tsx
FN:5,ListGroups
FN:6,(anonymous_1)
FN:18,(anonymous_2)
FN:26,GroupParagraph
FN:46,ProfileTab
FN:72,SettingsTab
FNF:6
FNH:6
FNDA:4,ListGroups
FNDA:11,(anonymous_1)
FNDA:7,(anonymous_2)
FNDA:6,GroupParagraph
FNDA:6,ProfileTab
FNDA:1,SettingsTab
DA:1,8
DA:2,8
DA:6,4
DA:7,11
DA:10,4
DA:11,4
DA:12,1
DA:15,3
DA:16,3
DA:18,7
DA:19,3
DA:23,3
DA:27,6
DA:28,6
DA:29,2
DA:36,4
DA:37,4
DA:38,4
DA:47,6
DA:48,6
DA:49,6
DA:50,6
DA:52,6
DA:53,6
DA:54,6
DA:55,6
DA:57,6
DA:73,1
DA:74,1
DA:87,8
DA:98,8
LF:31
LH:31
BRDA:11,0,0,1
BRDA:28,1,0,2
BRDA:37,2,0,3
BRDA:37,2,1,1
BRDA:48,3,0,6
BRDA:48,3,1,0
BRDA:48,4,0,6
BRDA:48,4,1,6
BRDA:48,5,0,0
BRDA:48,5,1,6
BRDA:48,6,0,6
BRDA:48,6,1,6
BRDA:49,7,0,0
BRDA:49,7,1,6
BRDA:49,8,0,6
BRDA:49,8,1,6
BRDA:50,9,0,0
BRDA:50,9,1,6
BRDA:50,10,0,6
BRDA:50,10,1,6
BRDA:52,11,0,6
BRDA:52,11,1,0
BRDA:52,12,0,6
BRDA:52,12,1,6
BRDA:52,13,0,0
BRDA:52,13,1,6
BRDA:52,14,0,6
BRDA:52,14,1,6
BRDA:54,15,0,1
BRDA:54,15,1,5
BRDA:73,16,0,0
BRDA:73,16,1,1
BRDA:73,17,0,1
BRDA:73,17,1,1
BRF:34
BRH:27
end_of_record
TN:
SF:src/route/auth/AuthProvider.tsx
FN:9,(anonymous_0)
FNF:1
FNH:1
FNDA:11,(anonymous_0)
DA:1,3
DA:2,3
DA:3,3
DA:9,3
DA:10,11
DA:11,11
DA:12,5
DA:14,6
DA:17,3
LF:9
LH:9
BRDA:11,0,0,5
BRF:1
BRH:1
end_of_record
TN:
SF:src/route/auth/PrivateRoute.tsx
FN:11,(anonymous_0)
FN:16,(anonymous_1)
FNF:2
FNH:2
FNDA:5,(anonymous_0)
FNDA:5,(anonymous_1)
DA:1,8
DA:3,8
DA:4,8
DA:5,8
DA:11,8
DA:12,5
DA:13,5
DA:16,5
DA:17,5
DA:18,1
DA:19,1
DA:20,1
DA:22,0
DA:27,5
DA:28,1
DA:29,4
DA:30,1
DA:36,3
DA:37,1
DA:38,2
DA:39,2
DA:41,0
DA:44,5
DA:47,8
LF:24
LH:22
BRDA:17,0,0,1
BRDA:17,1,0,5
BRDA:17,1,1,2
BRDA:18,2,0,1
BRDA:18,2,1,0
BRDA:18,3,0,1
BRDA:18,3,1,1
BRDA:27,4,0,1
BRDA:27,4,1,4
BRDA:29,5,0,1
BRDA:29,5,1,3
BRDA:36,6,0,1
BRDA:36,6,1,2
BRDA:38,7,0,2
BRDA:38,7,1,0
BRF:15
BRH:13
end_of_record
TN:
SF:src/route/auth/Signin.tsx
FN:9,SignIn
FN:12,(anonymous_1)
FNF:2
FNH:2
FNDA:2,SignIn
FNDA:1,(anonymous_1)
DA:1,1
DA:2,1
DA:3,1
DA:4,1
DA:6,1
DA:7,1
DA:10,2
DA:12,2
DA:13,1
DA:16,2
DA:67,1
LF:11
LH:11
BRF:0
BRH:0
end_of_record
TN:
SF:src/route/auth/WaitAndNavigate.tsx
FN:8,(anonymous_7)
FN:12,(anonymous_8)
FN:13,(anonymous_9)
FN:13,(anonymous_10)
FN:21,(anonymous_11)
FNF:5
FNH:5
FNDA:1,(anonymous_7)
FNDA:1,(anonymous_8)
FNDA:1,(anonymous_9)
FNDA:1,(anonymous_10)
FNDA:1,(anonymous_11)
DA:1,8
DA:2,8
DA:3,8
DA:4,8
DA:8,8
DA:9,1
DA:10,1
DA:12,1
DA:13,1
DA:14,1
DA:15,0
DA:18,1
DA:21,1
DA:22,1
DA:23,0
DA:24,0
DA:25,0
DA:29,1
DA:32,8
LF:19
LH:15
BRDA:22,0,0,0
BRF:1
BRH:0
end_of_record
TN:
SF:src/route/digitaltwins/DigitalTwinTabData.ts
FNF:0
FNH:0
DA:3,8
DA:18,8
LF:2
LH:2
BRF:0
BRH:0
end_of_record
TN:
SF:src/route/digitaltwins/DigitalTwins.tsx
FN:10,DTContent
FN:13,(anonymous_1)
FN:33,DigitalTwins
FNF:3
FNH:3
FNDA:4,DTContent
FNDA:12,(anonymous_1)
FNDA:4,DigitalTwins
DA:1,8
DA:2,8
DA:3,8
DA:4,8
DA:6,8
DA:7,8
DA:8,8
DA:11,4
DA:13,12
DA:26,4
DA:33,8
DA:34,4
LF:12
LH:12
BRF:0
BRH:0
end_of_record
TN:
SF:src/route/library/Library.tsx
FN:11,createTabs
FN:12,(anonymous_1)
FN:22,createCombinedTabs
FN:23,(anonymous_3)
FN:24,(anonymous_4)
FN:39,LibraryContent
FN:54,Library
FNF:7
FNH:7
FNDA:9,createTabs
FNDA:45,(anonymous_1)
FNDA:9,createCombinedTabs
FNDA:45,(anonymous_3)
FNDA:90,(anonymous_4)
FNDA:8,LibraryContent
FNDA:4,Library
DA:1,9
DA:2,9
DA:3,9
DA:4,9
DA:5,9
DA:6,9
DA:7,9
DA:8,9
DA:9,9
DA:11,9
DA:12,45
DA:22,9
DA:23,9
DA:24,90
DA:40,8
DA:41,8
DA:42,8
DA:44,8
DA:46,8
DA:48,8
DA:54,9
DA:55,4
LF:22
LH:22
BRF:0
BRH:0
end_of_record
TN:
SF:src/route/library/LibraryTabData.ts
FNF:0
FNH:0
DA:3,9
DA:31,9
LF:2
LH:2
BRF:0
BRH:0
end_of_record
TN:
SF:src/route/workbench/Workbench.tsx
FN:15,WorkBenchContent
FN:37,WorkBench
FNF:2
FNH:2
FNDA:2,WorkBenchContent
FNDA:2,WorkBench
DA:1,8
DA:2,8
DA:3,8
DA:4,8
DA:5,8
DA:6,8
DA:8,8
DA:16,2
DA:17,2
DA:37,8
DA:38,2
LF:11
LH:11
BRF:0
BRH:0
end_of_record
TN:
SF:src/store/auth.slice.ts
FN:15,(anonymous_0)
FNF:1
FNH:1
FNDA:1,(anonymous_0)
DA:1,11
DA:7,11
DA:11,11
DA:16,1
DA:21,11
DA:22,11
LF:6
LH:6
BRF:0
BRH:0
end_of_record
TN:
SF:src/store/menu.slice.ts
FN:15,(anonymous_0)
FN:18,(anonymous_1)
FNF:2
FNH:2
FNDA:2,(anonymous_0)
FNDA:3,(anonymous_1)
DA:1,2
DA:7,2
DA:11,2
DA:16,2
DA:19,3
DA:24,2
DA:25,2
LF:7
LH:7
BRF:0
BRH:0
end_of_record
TN:
SF:src/util/envUtil.ts
FN:8,cleanURL
FN:18,(anonymous_1)
FN:19,(anonymous_2)
FN:25,useURLforDT
FN:29,useURLbasename
FN:33,useURLforLIB
FN:37,useAppURL
FN:55,getWorkbenchLinkValues
FN:60,(anonymous_8)
FN:61,(anonymous_9)
FN:79,useGetDTPagePreviewLink
FN:83,getClientID
FN:87,getAuthority
FN:91,getRedirectURI
FN:95,getLogoutRedirectURI
FN:99,getGitLabScopes
FNF:16
FNH:9
FNDA:74,cleanURL
FNDA:16,(anonymous_1)
FNDA:0,(anonymous_2)
FNDA:2,useURLforDT
FNDA:18,useURLbasename
FNDA:2,useURLforLIB
FNDA:16,useAppURL
FNDA:3,getWorkbenchLinkValues
FNDA:45,(anonymous_8)
FNDA:15,(anonymous_9)
FNDA:0,useGetDTPagePreviewLink
FNDA:0,getClientID
FNDA:0,getAuthority
FNDA:0,getRedirectURI
FNDA:0,getLogoutRedirectURI
FNDA:0,getGitLabScopes
DA:1,10
DA:8,10
DA:9,74
DA:18,10
DA:19,16
DA:20,16
DA:21,16
DA:22,16
DA:25,10
DA:26,2
DA:29,10
DA:30,18
DA:33,10
DA:34,2
DA:37,10
DA:38,16
DA:55,10
DA:56,3
DA:57,3
DA:59,3
DA:60,45
DA:62,15
DA:63,15
DA:64,12
DA:66,12
DA:69,12
DA:76,3
DA:79,10
DA:80,0
DA:83,10
DA:84,0
DA:87,10
DA:88,0
DA:91,10
DA:92,0
DA:95,10
DA:96,0
DA:99,10
DA:100,0
LF:39
LH:33
BRDA:9,0,0,0
BRDA:9,0,1,74
BRDA:9,1,0,74
BRDA:9,1,1,74
BRDA:21,2,0,16
BRDA:21,2,1,0
BRDA:21,3,0,16
BRDA:21,3,1,16
BRDA:63,4,0,12
BRDA:66,5,0,0
BRDA:66,5,1,12
BRF:11
BRH:8
end_of_record
TN:
SF:src/util/toolbarUtil.ts
FNF:0
FNH:0
DA:3,8
DA:14,8
LF:2
LH:2
BRF:0
BRH:0
end_of_record
TN:
SF:src/util/auth/Authentication.ts
FN:15,useGetAndSetUsername
FN:17,(anonymous_8)
FN:29,performSignOutFlow
FN:49,(anonymous_11)
FN:54,useSignOut
FN:56,(anonymous_13)
FN:56,(anonymous_14)
FN:69,wait
FN:70,(anonymous_16)
FN:71,(anonymous_17)
FNF:10
FNH:9
FNDA:8,useGetAndSetUsername
FNDA:8,(anonymous_8)
FNDA:7,performSignOutFlow
FNDA:4,(anonymous_11)
FNDA:12,useSignOut
FNDA:8,(anonymous_13)
FNDA:8,(anonymous_14)
FNDA:1,wait
FNDA:1,(anonymous_16)
FNDA:0,(anonymous_17)
DA:2,10
DA:3,10
DA:5,10
DA:15,10
DA:16,8
DA:17,8
DA:18,8
DA:19,8
DA:21,0
DA:22,0
DA:23,0
DA:24,0
DA:26,8
DA:30,7
DA:31,7
DA:33,7
DA:34,7
DA:35,7
DA:37,7
DA:38,7
DA:40,7
DA:45,6
DA:49,5
DA:50,4
DA:54,10
DA:55,12
DA:56,12
DA:57,8
DA:58,1
DA:60,7
DA:61,7
DA:63,2
DA:66,12
DA:69,10
DA:70,1
DA:71,1
DA:72,0
DA:74,1
LF:38
LH:33
BRDA:18,0,0,8
BRDA:21,1,0,0
BRDA:21,1,1,0
BRDA:21,2,0,0
BRDA:21,2,1,0
BRDA:22,3,0,0
BRDA:22,3,1,0
BRDA:22,4,0,0
BRDA:22,4,1,0
BRDA:23,5,0,0
BRDA:23,5,1,0
BRDA:23,6,0,0
BRDA:23,6,1,0
BRDA:30,7,0,7
BRDA:30,7,1,0
BRDA:30,8,0,7
BRDA:30,8,1,7
BRDA:57,9,0,1
BRF:18
BRH:5
end_of_record
TN:
SF:src/util/auth/useOidcConfig.ts
FN:21,(anonymous_0)
FN:24,(anonymous_1)
FNF:2
FNH:2
FNDA:8,(anonymous_0)
FNDA:4,(anonymous_1)
DA:1,2
DA:2,2
DA:21,2
DA:22,8
DA:24,8
DA:25,4
DA:26,4
DA:27,4
DA:28,4
DA:29,4
DA:31,4
DA:41,4
DA:44,8
LF:13
LH:13
BRDA:25,0,0,4
BRDA:25,0,1,0
BRDA:25,1,0,4
BRDA:25,1,1,4
BRDA:26,2,0,4
BRDA:26,2,1,0
BRDA:26,3,0,4
BRDA:26,3,1,4
BRDA:27,4,0,4
BRDA:27,4,1,0
BRDA:27,5,0,4
BRDA:27,5,1,4
BRDA:28,6,0,4
BRDA:28,6,1,0
BRDA:28,7,0,4
BRDA:28,7,1,4
BRDA:29,8,0,4
BRDA:29,8,1,0
BRDA:29,9,0,4
BRDA:29,9,1,4
BRF:20
BRH:15
end_of_record
