<?xml version="1.0" ?>
<!DOCTYPE coverage SYSTEM "http://cobertura.sourceforge.net/xml/coverage-04.dtd">
<coverage lines-valid="1431" lines-covered="1124" line-rate="0.7854000000000001" branches-valid="327" branches-covered="190" branch-rate="0.581" timestamp="1731520235088" complexity="0" version="0.1">
  <sources>
    <source>/home/vanessa/Documenti/DTaaSNUOVO/DTaaS/client</source>
  </sources>
  <packages>
    <package name="src" line-rate="0" branch-rate="1">
      <classes>
        <class name="routes.tsx" filename="src/routes.tsx" line-rate="0" branch-rate="1">
          <methods>
          </methods>
          <lines>
            <line number="1" hits="0" branch="false"/>
            <line number="2" hits="0" branch="false"/>
            <line number="3" hits="0" branch="false"/>
            <line number="4" hits="0" branch="false"/>
            <line number="5" hits="0" branch="false"/>
            <line number="6" hits="0" branch="false"/>
            <line number="7" hits="0" branch="false"/>
            <line number="8" hits="0" branch="false"/>
            <line number="9" hits="0" branch="false"/>
            <line number="11" hits="0" branch="false"/>
            <line number="62" hits="0" branch="false"/>
          </lines>
        </class>
      </classes>
    </package>
    <package name="src.components" line-rate="0.8611" branch-rate="0.6428">
      <classes>
        <class name="Iframe.tsx" filename="src/components/Iframe.tsx" line-rate="0" branch-rate="1">
          <methods>
            <method name="Iframe" hits="0" signature="()V">
              <lines>
                <line number="9" hits="0"/>
              </lines>
            </method>
          </methods>
          <lines>
            <line number="1" hits="0" branch="false"/>
            <line number="2" hits="0" branch="false"/>
            <line number="11" hits="0" branch="false"/>
            <line number="21" hits="0" branch="false"/>
          </lines>
        </class>
        <class name="LinkButtons.tsx" filename="src/components/LinkButtons.tsx" line-rate="0.95" branch-rate="0.6428">
          <methods>
            <method name="(anonymous_0)" hits="1" signature="()V">
              <lines>
                <line number="27" hits="1"/>
              </lines>
            </method>
            <method name="(anonymous_1)" hits="2" signature="()V">
              <lines>
                <line number="28" hits="2"/>
              </lines>
            </method>
            <method name="(anonymous_2)" hits="1" signature="()V">
              <lines>
                <line number="53" hits="1"/>
              </lines>
            </method>
            <method name="(anonymous_3)" hits="2" signature="()V">
              <lines>
                <line number="58" hits="2"/>
              </lines>
            </method>
            <method name="(anonymous_4)" hits="0" signature="()V">
              <lines>
                <line number="70" hits="0"/>
              </lines>
            </method>
            <method name="(anonymous_5)" hits="0" signature="()V">
              <lines>
                <line number="94" hits="0"/>
              </lines>
            </method>
          </methods>
          <lines>
            <line number="1" hits="1" branch="false"/>
            <line number="2" hits="1" branch="false"/>
            <line number="3" hits="1" branch="false"/>
            <line number="4" hits="1" branch="false"/>
            <line number="6" hits="1" branch="false"/>
            <line number="7" hits="1" branch="false"/>
            <line number="9" hits="1" branch="false"/>
            <line number="16" hits="1" branch="false"/>
            <line number="27" hits="1" branch="false"/>
            <line number="28" hits="1" branch="false"/>
            <line number="29" hits="2" branch="false"/>
            <line number="31" hits="2" branch="false"/>
            <line number="53" hits="1" branch="false"/>
            <line number="54" hits="1" branch="false"/>
            <line number="55" hits="1" branch="false"/>
            <line number="56" hits="1" branch="false"/>
            <line number="58" hits="2" branch="false"/>
            <line number="71" hits="0" branch="false"/>
            <line number="93" hits="1" branch="false"/>
            <line number="94" hits="1" branch="false"/>
          </lines>
        </class>
        <class name="LinkIconsLib.tsx" filename="src/components/LinkIconsLib.tsx" line-rate="1" branch-rate="1">
          <methods>
          </methods>
          <lines>
            <line number="1" hits="1" branch="false"/>
            <line number="2" hits="1" branch="false"/>
            <line number="3" hits="1" branch="false"/>
            <line number="4" hits="1" branch="false"/>
            <line number="5" hits="1" branch="false"/>
            <line number="6" hits="1" branch="false"/>
            <line number="7" hits="1" branch="false"/>
            <line number="8" hits="1" branch="false"/>
            <line number="9" hits="1" branch="false"/>
            <line number="15" hits="1" branch="false"/>
            <line number="50" hits="1" branch="false"/>
            <line number="51" hits="1" branch="false"/>
          </lines>
        </class>
      </classes>
    </package>
    <package name="src.components.tab" line-rate="0" branch-rate="0">
      <classes>
        <class name="TabComponent.tsx" filename="src/components/tab/TabComponent.tsx" line-rate="0" branch-rate="0">
          <methods>
            <method name="constructURL" hits="0" signature="()V">
              <lines>
                <line number="5" hits="0"/>
              </lines>
            </method>
            <method name="renderScopeTabList" hits="0" signature="()V">
              <lines>
                <line number="15" hits="0"/>
              </lines>
            </method>
            <method name="(anonymous_2)" hits="0" signature="()V">
              <lines>
                <line number="20" hits="0"/>
              </lines>
            </method>
            <method name="renderScopeTabPanels" hits="0" signature="()V">
              <lines>
                <line number="25" hits="0"/>
              </lines>
            </method>
            <method name="(anonymous_4)" hits="0" signature="()V">
              <lines>
                <line number="33" hits="0"/>
              </lines>
            </method>
            <method name="TabComponent" hits="0" signature="()V">
              <lines>
                <line number="42" hits="0"/>
              </lines>
            </method>
            <method name="(anonymous_6)" hits="0" signature="()V">
              <lines>
                <line number="49" hits="0"/>
              </lines>
            </method>
            <method name="(anonymous_7)" hits="0" signature="()V">
              <lines>
                <line number="53" hits="0"/>
              </lines>
            </method>
          </methods>
          <lines>
            <line number="1" hits="0" branch="false"/>
            <line number="2" hits="0" branch="false"/>
            <line number="3" hits="0" branch="false"/>
            <line number="5" hits="0" branch="false"/>
            <line number="6" hits="0" branch="false"/>
            <line number="7" hits="0" branch="false"/>
            <line number="9" hits="0" branch="true" condition-coverage="0% (0/2)"/>
            <line number="10" hits="0" branch="true" condition-coverage="0% (0/2)"/>
            <line number="12" hits="0" branch="false"/>
            <line number="16" hits="0" branch="false"/>
            <line number="20" hits="0" branch="false"/>
            <line number="29" hits="0" branch="false"/>
            <line number="34" hits="0" branch="false"/>
            <line number="42" hits="0" branch="false"/>
            <line number="46" hits="0" branch="false"/>
            <line number="50" hits="0" branch="false"/>
            <line number="54" hits="0" branch="false"/>
            <line number="66" hits="0" branch="false"/>
          </lines>
        </class>
      </classes>
    </package>
    <package name="src.components.tab.subcomponents" line-rate="0" branch-rate="1">
      <classes>
        <class name="TabRender.tsx" filename="src/components/tab/subcomponents/TabRender.tsx" line-rate="0" branch-rate="1">
          <methods>
            <method name="TabRender" hits="0" signature="()V">
              <lines>
                <line number="14" hits="0"/>
              </lines>
            </method>
          </methods>
          <lines>
            <line number="1" hits="0" branch="false"/>
            <line number="2" hits="0" branch="false"/>
            <line number="15" hits="0" branch="false"/>
            <line number="17" hits="0" branch="false"/>
            <line number="34" hits="0" branch="false"/>
          </lines>
        </class>
        <class name="TabStyles.ts" filename="src/components/tab/subcomponents/TabStyles.ts" line-rate="0" branch-rate="1">
          <methods>
          </methods>
          <lines>
            <line number="1" hits="0" branch="false"/>
            <line number="2" hits="0" branch="false"/>
            <line number="4" hits="0" branch="false"/>
            <line number="11" hits="0" branch="false"/>
            <line number="17" hits="0" branch="false"/>
            <line number="50" hits="0" branch="false"/>
            <line number="60" hits="0" branch="false"/>
            <line number="61" hits="0" branch="false"/>
            <line number="62" hits="0" branch="false"/>
            <line number="63" hits="0" branch="false"/>
          </lines>
        </class>
      </classes>
    </package>
    <package name="src.page" line-rate="0.8687999999999999" branch-rate="0.5333">
      <classes>
        <class name="DrawerComponent.tsx" filename="src/page/DrawerComponent.tsx" line-rate="1" branch-rate="0.75">
          <methods>
            <method name="(anonymous_0)" hits="0" signature="()V">
              <lines>
                <line number="12" hits="0"/>
              </lines>
            </method>
            <method name="(anonymous_1)" hits="2" signature="()V">
              <lines>
                <line number="18" hits="2"/>
              </lines>
            </method>
            <method name="(anonymous_2)" hits="4" signature="()V">
              <lines>
                <line number="28" hits="4"/>
              </lines>
            </method>
            <method name="(anonymous_3)" hits="1" signature="()V">
              <lines>
                <line number="29" hits="1"/>
              </lines>
            </method>
            <method name="DrawerComponent" hits="1" signature="()V">
              <lines>
                <line number="44" hits="1"/>
              </lines>
            </method>
          </methods>
          <lines>
            <line number="1" hits="1" branch="false"/>
            <line number="2" hits="1" branch="false"/>
            <line number="3" hits="1" branch="false"/>
            <line number="4" hits="1" branch="false"/>
            <line number="5" hits="1" branch="false"/>
            <line number="6" hits="1" branch="false"/>
            <line number="7" hits="1" branch="false"/>
            <line number="8" hits="1" branch="false"/>
            <line number="10" hits="1" branch="false"/>
            <line number="12" hits="1" branch="false"/>
            <line number="18" hits="2" branch="false"/>
            <line number="27" hits="1" branch="false"/>
            <line number="28" hits="4" branch="false"/>
            <line number="29" hits="1" branch="false"/>
            <line number="53" hits="1" branch="false"/>
            <line number="67" hits="1" branch="false"/>
          </lines>
        </class>
        <class name="DrawerHeaderComponent.tsx" filename="src/page/DrawerHeaderComponent.tsx" line-rate="1" branch-rate="0.5">
          <methods>
            <method name="(anonymous_0)" hits="1" signature="()V">
              <lines>
                <line number="7" hits="1"/>
              </lines>
            </method>
            <method name="(anonymous_1)" hits="1" signature="()V">
              <lines>
                <line number="16" hits="1"/>
              </lines>
            </method>
            <method name="DrawerHeaderComponent" hits="1" signature="()V">
              <lines>
                <line number="25" hits="1"/>
              </lines>
            </method>
          </methods>
          <lines>
            <line number="1" hits="1" branch="false"/>
            <line number="2" hits="1" branch="false"/>
            <line number="3" hits="1" branch="false"/>
            <line number="4" hits="1" branch="false"/>
            <line number="5" hits="1" branch="false"/>
            <line number="7" hits="1" branch="false"/>
            <line number="16" hits="1" branch="false"/>
            <line number="29" hits="1" branch="false"/>
            <line number="38" hits="1" branch="false"/>
          </lines>
        </class>
        <class name="Footer.tsx" filename="src/page/Footer.tsx" line-rate="1" branch-rate="1">
          <methods>
            <method name="Copyright" hits="1" signature="()V">
              <lines>
                <line number="11" hits="1"/>
              </lines>
            </method>
            <method name="Acknowledgements" hits="1" signature="()V">
              <lines>
                <line number="34" hits="1"/>
              </lines>
            </method>
            <method name="RenderFooter" hits="1" signature="()V">
              <lines>
                <line number="56" hits="1"/>
              </lines>
            </method>
            <method name="Footer" hits="1" signature="()V">
              <lines>
                <line number="67" hits="1"/>
              </lines>
            </method>
          </methods>
          <lines>
            <line number="1" hits="1" branch="false"/>
            <line number="2" hits="1" branch="false"/>
            <line number="3" hits="1" branch="false"/>
            <line number="4" hits="1" branch="false"/>
            <line number="12" hits="1" branch="false"/>
            <line number="35" hits="1" branch="false"/>
            <line number="57" hits="1" branch="false"/>
            <line number="68" hits="1" branch="false"/>
            <line number="71" hits="1" branch="false"/>
          </lines>
        </class>
        <class name="Layout.tsx" filename="src/page/Layout.tsx" line-rate="1" branch-rate="1">
          <methods>
            <method name="MenuLayout" hits="1" signature="()V">
              <lines>
                <line number="9" hits="1"/>
              </lines>
            </method>
            <method name="Layout" hits="1" signature="()V">
              <lines>
                <line number="30" hits="1"/>
              </lines>
            </method>
            <method name="(anonymous_2)" hits="2" signature="()V">
              <lines>
                <line number="43" hits="2"/>
              </lines>
            </method>
          </methods>
          <lines>
            <line number="1" hits="1" branch="false"/>
            <line number="2" hits="1" branch="false"/>
            <line number="3" hits="1" branch="false"/>
            <line number="4" hits="1" branch="false"/>
            <line number="5" hits="1" branch="false"/>
            <line number="6" hits="1" branch="false"/>
            <line number="7" hits="1" branch="false"/>
            <line number="10" hits="1" branch="false"/>
            <line number="34" hits="1" branch="false"/>
            <line number="44" hits="2" branch="false"/>
            <line number="56" hits="1" branch="false"/>
          </lines>
        </class>
        <class name="LayoutPublic.tsx" filename="src/page/LayoutPublic.tsx" line-rate="0" branch-rate="1">
          <methods>
            <method name="(anonymous_0)" hits="0" signature="()V">
              <lines>
                <line number="11" hits="0"/>
              </lines>
            </method>
            <method name="LayoutPublic" hits="0" signature="()V">
              <lines>
                <line number="29" hits="0"/>
              </lines>
            </method>
          </methods>
          <lines>
            <line number="1" hits="0" branch="false"/>
            <line number="2" hits="0" branch="false"/>
            <line number="3" hits="0" branch="false"/>
            <line number="4" hits="0" branch="false"/>
            <line number="5" hits="0" branch="false"/>
            <line number="6" hits="0" branch="false"/>
            <line number="7" hits="0" branch="false"/>
            <line number="8" hits="0" branch="false"/>
            <line number="9" hits="0" branch="false"/>
            <line number="11" hits="0" branch="false"/>
            <line number="12" hits="0" branch="false"/>
            <line number="30" hits="0" branch="false"/>
            <line number="51" hits="0" branch="false"/>
          </lines>
        </class>
        <class name="Menu.tsx" filename="src/page/Menu.tsx" line-rate="0.9545" branch-rate="1">
          <methods>
            <method name="(anonymous_0)" hits="1" signature="()V">
              <lines>
                <line number="12" hits="1"/>
              </lines>
            </method>
            <method name="(anonymous_1)" hits="5" signature="()V">
              <lines>
                <line number="14" hits="5"/>
              </lines>
            </method>
            <method name="MiniDrawer" hits="1" signature="()V">
              <lines>
                <line number="21" hits="1"/>
              </lines>
            </method>
            <method name="(anonymous_3)" hits="0" signature="()V">
              <lines>
                <line number="24" hits="0"/>
              </lines>
            </method>
            <method name="(anonymous_4)" hits="0" signature="()V">
              <lines>
                <line number="25" hits="0"/>
              </lines>
            </method>
            <method name="(anonymous_5)" hits="0" signature="()V">
              <lines>
                <line number="27" hits="0"/>
              </lines>
            </method>
            <method name="(anonymous_6)" hits="0" signature="()V">
              <lines>
                <line number="28" hits="0"/>
              </lines>
            </method>
          </methods>
          <lines>
            <line number="1" hits="1" branch="false"/>
            <line number="2" hits="1" branch="false"/>
            <line number="3" hits="1" branch="false"/>
            <line number="4" hits="1" branch="false"/>
            <line number="5" hits="1" branch="false"/>
            <line number="7" hits="1" branch="false"/>
            <line number="8" hits="1" branch="false"/>
            <line number="10" hits="1" branch="false"/>
            <line number="12" hits="1" branch="false"/>
            <line number="13" hits="1" branch="false"/>
            <line number="14" hits="5" branch="false"/>
            <line number="15" hits="1" branch="false"/>
            <line number="17" hits="1" branch="false"/>
            <line number="18" hits="1" branch="false"/>
            <line number="23" hits="1" branch="false"/>
            <line number="24" hits="1" branch="false"/>
            <line number="25" hits="1" branch="false"/>
            <line number="26" hits="0" branch="false"/>
            <line number="27" hits="1" branch="false"/>
            <line number="28" hits="1" branch="false"/>
            <line number="29" hits="1" branch="false"/>
            <line number="48" hits="1" branch="false"/>
          </lines>
        </class>
        <class name="MenuItems.tsx" filename="src/page/MenuItems.tsx" line-rate="1" branch-rate="0.5">
          <methods>
            <method name="MenuItems" hits="1" signature="()V">
              <lines>
                <line number="39" hits="1"/>
              </lines>
            </method>
            <method name="(anonymous_1)" hits="3" signature="()V">
              <lines>
                <line number="42" hits="3"/>
              </lines>
            </method>
          </methods>
          <lines>
            <line number="1" hits="1" branch="false"/>
            <line number="2" hits="1" branch="false"/>
            <line number="3" hits="1" branch="false"/>
            <line number="4" hits="1" branch="false"/>
            <line number="5" hits="1" branch="false"/>
            <line number="6" hits="1" branch="false"/>
            <line number="7" hits="1" branch="false"/>
            <line number="9" hits="1" branch="false"/>
            <line number="23" hits="1" branch="false"/>
            <line number="40" hits="1" branch="false"/>
            <line number="43" hits="3" branch="false"/>
            <line number="60" hits="1" branch="false"/>
          </lines>
        </class>
        <class name="MenuToolbar.tsx" filename="src/page/MenuToolbar.tsx" line-rate="0.9333" branch-rate="0.4285">
          <methods>
            <method name="(anonymous_7)" hits="3" signature="()V">
              <lines>
                <line number="23" hits="3"/>
              </lines>
            </method>
            <method name="(anonymous_8)" hits="5" signature="()V">
              <lines>
                <line number="38" hits="5"/>
              </lines>
            </method>
            <method name="(anonymous_9)" hits="1" signature="()V">
              <lines>
                <line number="39" hits="1"/>
              </lines>
            </method>
            <method name="MenuToolbar" hits="1" signature="()V">
              <lines>
                <line number="58" hits="1"/>
              </lines>
            </method>
            <method name="(anonymous_11)" hits="0" signature="()V">
              <lines>
                <line number="70" hits="0"/>
              </lines>
            </method>
            <method name="(anonymous_12)" hits="0" signature="()V">
              <lines>
                <line number="70" hits="0"/>
              </lines>
            </method>
          </methods>
          <lines>
            <line number="1" hits="1" branch="false"/>
            <line number="2" hits="1" branch="false"/>
            <line number="3" hits="1" branch="false"/>
            <line number="4" hits="1" branch="false"/>
            <line number="5" hits="1" branch="false"/>
            <line number="6" hits="1" branch="false"/>
            <line number="7" hits="1" branch="false"/>
            <line number="8" hits="1" branch="false"/>
            <line number="9" hits="1" branch="false"/>
            <line number="10" hits="1" branch="false"/>
            <line number="11" hits="1" branch="false"/>
            <line number="12" hits="1" branch="false"/>
            <line number="13" hits="1" branch="false"/>
            <line number="14" hits="1" branch="false"/>
            <line number="15" hits="1" branch="false"/>
            <line number="16" hits="1" branch="false"/>
            <line number="23" hits="1" branch="false"/>
            <line number="30" hits="3" branch="false"/>
            <line number="37" hits="1" branch="false"/>
            <line number="38" hits="5" branch="false"/>
            <line number="39" hits="1" branch="false"/>
            <line number="66" hits="1" branch="false"/>
            <line number="67" hits="1" branch="false"/>
            <line number="68" hits="1" branch="false"/>
            <line number="70" hits="1" branch="false"/>
            <line number="71" hits="0" branch="true" condition-coverage="0% (0/1)"/>
            <line number="72" hits="0" branch="false"/>
            <line number="75" hits="1" branch="false"/>
            <line number="129" hits="1" branch="false"/>
            <line number="130" hits="1" branch="false"/>
          </lines>
        </class>
      </classes>
    </package>
    <package name="src.preview.components.asset" line-rate="1" branch-rate="1">
      <classes>
        <class name="AssetBoard.tsx" filename="src/preview/components/asset/AssetBoard.tsx" line-rate="1" branch-rate="1">
          <methods>
            <method name="(anonymous_7)" hits="3" signature="()V">
              <lines>
                <line number="29" hits="3"/>
              </lines>
            </method>
            <method name="(anonymous_8)" hits="1" signature="()V">
              <lines>
                <line number="42" hits="1"/>
              </lines>
            </method>
            <method name="(anonymous_9)" hits="4" signature="()V">
              <lines>
                <line number="47" hits="4"/>
              </lines>
            </method>
            <method name="(anonymous_10)" hits="4" signature="()V">
              <lines>
                <line number="48" hits="4"/>
              </lines>
            </method>
            <method name="(anonymous_11)" hits="4" signature="()V">
              <lines>
                <line number="52" hits="4"/>
              </lines>
            </method>
            <method name="(anonymous_12)" hits="4" signature="()V">
              <lines>
                <line number="53" hits="4"/>
              </lines>
            </method>
            <method name="(anonymous_13)" hits="4" signature="()V">
              <lines>
                <line number="53" hits="4"/>
              </lines>
            </method>
            <method name="(anonymous_14)" hits="1" signature="()V">
              <lines>
                <line number="59" hits="1"/>
              </lines>
            </method>
            <method name="(anonymous_15)" hits="3" signature="()V">
              <lines>
                <line number="69" hits="3"/>
              </lines>
            </method>
          </methods>
          <lines>
            <line number="1" hits="2" branch="false"/>
            <line number="2" hits="2" branch="false"/>
            <line number="3" hits="2" branch="false"/>
            <line number="5" hits="2" branch="false"/>
            <line number="6" hits="2" branch="false"/>
            <line number="8" hits="2" branch="false"/>
            <line number="10" hits="2" branch="false"/>
            <line number="29" hits="2" branch="false"/>
            <line number="30" hits="3" branch="false"/>
            <line number="42" hits="1" branch="false"/>
            <line number="47" hits="2" branch="false"/>
            <line number="48" hits="4" branch="false"/>
            <line number="49" hits="4" branch="false"/>
            <line number="50" hits="4" branch="false"/>
            <line number="52" hits="4" branch="false"/>
            <line number="53" hits="4" branch="false"/>
            <line number="54" hits="4" branch="false"/>
            <line number="56" hits="4" branch="false"/>
            <line number="59" hits="4" branch="false"/>
            <line number="60" hits="1" branch="false"/>
            <line number="63" hits="4" branch="true" condition-coverage="100% (1/1)"/>
            <line number="64" hits="1" branch="false"/>
            <line number="67" hits="3" branch="false"/>
            <line number="70" hits="3" branch="false"/>
            <line number="81" hits="2" branch="false"/>
          </lines>
        </class>
        <class name="AssetCard.tsx" filename="src/preview/components/asset/AssetCard.tsx" line-rate="1" branch-rate="1">
          <methods>
            <method name="CardActionAreaContainer" hits="2" signature="()V">
              <lines>
                <line number="62" hits="2"/>
              </lines>
            </method>
            <method name="(anonymous_1)" hits="2" signature="()V">
              <lines>
                <line number="64" hits="2"/>
              </lines>
            </method>
            <method name="CardButtonsContainerManage" hits="1" signature="()V">
              <lines>
                <line number="89" hits="1"/>
              </lines>
            </method>
            <method name="CardButtonsContainerExecute" hits="1" signature="()V">
              <lines>
                <line number="104" hits="1"/>
              </lines>
            </method>
            <method name="AssetCard" hits="2" signature="()V">
              <lines>
                <line number="123" hits="2"/>
              </lines>
            </method>
            <method name="AssetCardManage" hits="1" signature="()V">
              <lines>
                <line number="142" hits="1"/>
              </lines>
            </method>
            <method name="AssetCardExecute" hits="1" signature="()V">
              <lines>
                <line number="184" hits="1"/>
              </lines>
            </method>
          </methods>
          <lines>
            <line number="1" hits="2" branch="false"/>
            <line number="2" hits="2" branch="false"/>
            <line number="3" hits="2" branch="false"/>
            <line number="4" hits="2" branch="false"/>
            <line number="5" hits="2" branch="false"/>
            <line number="6" hits="2" branch="false"/>
            <line number="7" hits="2" branch="false"/>
            <line number="8" hits="2" branch="false"/>
            <line number="9" hits="2" branch="false"/>
            <line number="10" hits="2" branch="false"/>
            <line number="11" hits="2" branch="false"/>
            <line number="13" hits="2" branch="false"/>
            <line number="14" hits="2" branch="false"/>
            <line number="15" hits="2" branch="false"/>
            <line number="16" hits="2" branch="false"/>
            <line number="17" hits="2" branch="false"/>
            <line number="18" hits="2" branch="false"/>
            <line number="20" hits="2" branch="false"/>
            <line number="21" hits="2" branch="false"/>
            <line number="22" hits="2" branch="false"/>
            <line number="47" hits="2" branch="false"/>
            <line number="56" hits="2" branch="false"/>
            <line number="63" hits="2" branch="false"/>
            <line number="64" hits="2" branch="false"/>
            <line number="67" hits="2" branch="false"/>
            <line number="95" hits="1" branch="false"/>
            <line number="108" hits="1" branch="false"/>
            <line number="109" hits="1" branch="false"/>
            <line number="124" hits="2" branch="false"/>
            <line number="143" hits="1" branch="false"/>
            <line number="144" hits="1" branch="false"/>
            <line number="145" hits="1" branch="false"/>
            <line number="146" hits="1" branch="false"/>
            <line number="148" hits="1" branch="false"/>
            <line number="185" hits="1" branch="false"/>
            <line number="186" hits="1" branch="false"/>
            <line number="187" hits="1" branch="false"/>
            <line number="189" hits="1" branch="false"/>
            <line number="212" hits="2" branch="false"/>
          </lines>
        </class>
        <class name="DeleteButton.tsx" filename="src/preview/components/asset/DeleteButton.tsx" line-rate="1" branch-rate="1">
          <methods>
            <method name="(anonymous_0)" hits="1" signature="()V">
              <lines>
                <line number="9" hits="1"/>
              </lines>
            </method>
            <method name="DeleteButton" hits="3" signature="()V">
              <lines>
                <line number="15" hits="3"/>
              </lines>
            </method>
            <method name="(anonymous_2)" hits="1" signature="()V">
              <lines>
                <line number="21" hits="1"/>
              </lines>
            </method>
          </methods>
          <lines>
            <line number="1" hits="3" branch="false"/>
            <line number="3" hits="3" branch="false"/>
            <line number="9" hits="3" branch="false"/>
            <line number="12" hits="1" branch="false"/>
            <line number="16" hits="3" branch="false"/>
            <line number="21" hits="1" branch="false"/>
            <line number="28" hits="3" branch="false"/>
          </lines>
        </class>
        <class name="DetailsButton.tsx" filename="src/preview/components/asset/DetailsButton.tsx" line-rate="1" branch-rate="1">
          <methods>
            <method name="(anonymous_7)" hits="1" signature="()V">
              <lines>
                <line number="13" hits="1"/>
              </lines>
            </method>
            <method name="(anonymous_8)" hits="1" signature="()V">
              <lines>
                <line number="16" hits="1"/>
              </lines>
            </method>
            <method name="DetailsButton" hits="3" signature="()V">
              <lines>
                <line number="21" hits="3"/>
              </lines>
            </method>
            <method name="(anonymous_10)" hits="1" signature="()V">
              <lines>
                <line number="28" hits="1"/>
              </lines>
            </method>
          </methods>
          <lines>
            <line number="1" hits="3" branch="false"/>
            <line number="3" hits="3" branch="false"/>
            <line number="4" hits="3" branch="false"/>
            <line number="5" hits="3" branch="false"/>
            <line number="13" hits="3" branch="false"/>
            <line number="16" hits="1" branch="false"/>
            <line number="17" hits="1" branch="false"/>
            <line number="18" hits="1" branch="false"/>
            <line number="22" hits="3" branch="false"/>
            <line number="23" hits="3" branch="false"/>
            <line number="28" hits="1" branch="false"/>
            <line number="35" hits="3" branch="false"/>
          </lines>
        </class>
        <class name="LogButton.tsx" filename="src/preview/components/asset/LogButton.tsx" line-rate="1" branch-rate="1">
          <methods>
            <method name="(anonymous_0)" hits="3" signature="()V">
              <lines>
                <line number="10" hits="3"/>
              </lines>
            </method>
            <method name="(anonymous_1)" hits="2" signature="()V">
              <lines>
                <line number="13" hits="2"/>
              </lines>
            </method>
            <method name="LogButton" hits="5" signature="()V">
              <lines>
                <line number="16" hits="5"/>
              </lines>
            </method>
            <method name="(anonymous_3)" hits="3" signature="()V">
              <lines>
                <line number="22" hits="3"/>
              </lines>
            </method>
          </methods>
          <lines>
            <line number="1" hits="3" branch="false"/>
            <line number="3" hits="3" branch="false"/>
            <line number="10" hits="3" branch="false"/>
            <line number="13" hits="3" branch="false"/>
            <line number="17" hits="5" branch="false"/>
            <line number="22" hits="3" branch="false"/>
            <line number="30" hits="3" branch="false"/>
          </lines>
        </class>
        <class name="ReconfigureButton.tsx" filename="src/preview/components/asset/ReconfigureButton.tsx" line-rate="1" branch-rate="1">
          <methods>
            <method name="(anonymous_0)" hits="2" signature="()V">
              <lines>
                <line number="9" hits="2"/>
              </lines>
            </method>
            <method name="(anonymous_1)" hits="2" signature="()V">
              <lines>
                <line number="12" hits="2"/>
              </lines>
            </method>
            <method name="ReconfigureButton" hits="3" signature="()V">
              <lines>
                <line number="15" hits="3"/>
              </lines>
            </method>
            <method name="(anonymous_3)" hits="2" signature="()V">
              <lines>
                <line number="21" hits="2"/>
              </lines>
            </method>
          </methods>
          <lines>
            <line number="1" hits="3" branch="false"/>
            <line number="2" hits="3" branch="false"/>
            <line number="9" hits="3" branch="false"/>
            <line number="12" hits="2" branch="false"/>
            <line number="16" hits="3" branch="false"/>
            <line number="21" hits="2" branch="false"/>
            <line number="28" hits="3" branch="false"/>
          </lines>
        </class>
        <class name="StartStopButton.tsx" filename="src/preview/components/asset/StartStopButton.tsx" line-rate="1" branch-rate="1">
          <methods>
            <method name="StartStopButton" hits="5" signature="()V">
              <lines>
                <line number="18" hits="5"/>
              </lines>
            </method>
            <method name="(anonymous_1)" hits="1" signature="()V">
              <lines>
                <line number="36" hits="1"/>
              </lines>
            </method>
          </methods>
          <lines>
            <line number="1" hits="3" branch="false"/>
            <line number="2" hits="3" branch="false"/>
            <line number="3" hits="3" branch="false"/>
            <line number="4" hits="3" branch="false"/>
            <line number="5" hits="3" branch="false"/>
            <line number="6" hits="3" branch="false"/>
            <line number="22" hits="5" branch="false"/>
            <line number="24" hits="5" branch="false"/>
            <line number="25" hits="5" branch="false"/>
            <line number="27" hits="5" branch="false"/>
            <line number="37" hits="1" branch="false"/>
            <line number="52" hits="3" branch="false"/>
          </lines>
        </class>
      </classes>
    </package>
    <package name="src.preview.route.digitaltwins" line-rate="1" branch-rate="1">
      <classes>
        <class name="DigitalTwinTabDataPreview.ts" filename="src/preview/route/digitaltwins/DigitalTwinTabDataPreview.ts" line-rate="1" branch-rate="1">
          <methods>
          </methods>
          <lines>
            <line number="3" hits="1" branch="false"/>
            <line number="22" hits="1" branch="false"/>
          </lines>
        </class>
        <class name="DigitalTwinsPreview.tsx" filename="src/preview/route/digitaltwins/DigitalTwinsPreview.tsx" line-rate="1" branch-rate="1">
          <methods>
            <method name="(anonymous_0)" hits="1" signature="()V">
              <lines>
                <line number="19" hits="1"/>
              </lines>
            </method>
            <method name="(anonymous_1)" hits="4" signature="()V">
              <lines>
                <line number="25" hits="4"/>
              </lines>
            </method>
            <method name="(anonymous_2)" hits="3" signature="()V">
              <lines>
                <line number="30" hits="3"/>
              </lines>
            </method>
            <method name="(anonymous_3)" hits="1" signature="()V">
              <lines>
                <line number="49" hits="1"/>
              </lines>
            </method>
            <method name="(anonymous_4)" hits="1" signature="()V">
              <lines>
                <line number="53" hits="1"/>
              </lines>
            </method>
            <method name="(anonymous_5)" hits="3" signature="()V">
              <lines>
                <line number="54" hits="3"/>
              </lines>
            </method>
            <method name="DigitalTwinsPreview" hits="1" signature="()V">
              <lines>
                <line number="81" hits="1"/>
              </lines>
            </method>
          </methods>
          <lines>
            <line number="1" hits="1" branch="false"/>
            <line number="2" hits="1" branch="false"/>
            <line number="3" hits="1" branch="false"/>
            <line number="4" hits="1" branch="false"/>
            <line number="5" hits="1" branch="false"/>
            <line number="6" hits="1" branch="false"/>
            <line number="8" hits="1" branch="false"/>
            <line number="9" hits="1" branch="false"/>
            <line number="10" hits="1" branch="false"/>
            <line number="11" hits="1" branch="false"/>
            <line number="12" hits="1" branch="false"/>
            <line number="19" hits="1" branch="false"/>
            <line number="23" hits="1" branch="false"/>
            <line number="26" hits="4" branch="true" condition-coverage="100% (3/3)"/>
            <line number="30" hits="3" branch="false"/>
            <line number="49" hits="1" branch="false"/>
            <line number="50" hits="1" branch="false"/>
            <line number="51" hits="1" branch="false"/>
            <line number="53" hits="1" branch="false"/>
            <line number="54" hits="1" branch="false"/>
            <line number="55" hits="3" branch="false"/>
            <line number="66" hits="1" branch="false"/>
            <line number="81" hits="1" branch="false"/>
            <line number="82" hits="1" branch="false"/>
          </lines>
        </class>
        <class name="Snackbar.tsx" filename="src/preview/route/digitaltwins/Snackbar.tsx" line-rate="1" branch-rate="1">
          <methods>
            <method name="(anonymous_0)" hits="3" signature="()V">
              <lines>
                <line number="8" hits="3"/>
              </lines>
            </method>
            <method name="(anonymous_1)" hits="1" signature="()V">
              <lines>
                <line number="12" hits="1"/>
              </lines>
            </method>
            <method name="(anonymous_2)" hits="1" signature="()V">
              <lines>
                <line number="15" hits="1"/>
              </lines>
            </method>
          </methods>
          <lines>
            <line number="1" hits="2" branch="false"/>
            <line number="2" hits="2" branch="false"/>
            <line number="3" hits="2" branch="false"/>
            <line number="4" hits="2" branch="false"/>
            <line number="6" hits="2" branch="false"/>
            <line number="8" hits="2" branch="false"/>
            <line number="9" hits="3" branch="false"/>
            <line number="11" hits="3" branch="false"/>
            <line number="12" hits="1" branch="false"/>
            <line number="15" hits="3" branch="false"/>
            <line number="16" hits="1" branch="false"/>
            <line number="19" hits="3" branch="false"/>
            <line number="28" hits="2" branch="false"/>
          </lines>
        </class>
      </classes>
    </package>
    <package name="src.preview.route.digitaltwins.create" line-rate="1" branch-rate="1">
      <classes>
        <class name="ChangeFileNameDialog.tsx" filename="src/preview/route/digitaltwins/create/ChangeFileNameDialog.tsx" line-rate="1" branch-rate="1">
          <methods>
            <method name="(anonymous_0)" hits="6" signature="()V">
              <lines>
                <line number="24" hits="6"/>
              </lines>
            </method>
            <method name="(anonymous_1)" hits="0" signature="()V">
              <lines>
                <line number="34" hits="0"/>
              </lines>
            </method>
            <method name="(anonymous_2)" hits="4" signature="()V">
              <lines>
                <line number="37" hits="4"/>
              </lines>
            </method>
            <method name="(anonymous_3)" hits="1" signature="()V">
              <lines>
                <line number="41" hits="1"/>
              </lines>
            </method>
            <method name="(anonymous_4)" hits="1" signature="()V">
              <lines>
                <line number="58" hits="1"/>
              </lines>
            </method>
            <method name="(anonymous_5)" hits="1" signature="()V">
              <lines>
                <line number="64" hits="1"/>
              </lines>
            </method>
            <method name="(anonymous_6)" hits="1" signature="()V">
              <lines>
                <line number="70" hits="1"/>
              </lines>
            </method>
          </methods>
          <lines>
            <line number="1" hits="2" branch="false"/>
            <line number="2" hits="2" branch="false"/>
            <line number="11" hits="2" branch="false"/>
            <line number="12" hits="2" branch="false"/>
            <line number="13" hits="2" branch="false"/>
            <line number="24" hits="2" branch="false"/>
            <line number="31" hits="6" branch="false"/>
            <line number="32" hits="6" branch="false"/>
            <line number="34" hits="6" branch="false"/>
            <line number="35" hits="6" branch="false"/>
            <line number="37" hits="6" branch="false"/>
            <line number="38" hits="4" branch="false"/>
            <line number="41" hits="6" branch="false"/>
            <line number="42" hits="1" branch="false"/>
            <line number="43" hits="1" branch="false"/>
            <line number="44" hits="1" branch="false"/>
            <line number="47" hits="6" branch="false"/>
            <line number="58" hits="1" branch="false"/>
            <line number="64" hits="1" branch="false"/>
            <line number="71" hits="1" branch="false"/>
            <line number="91" hits="2" branch="false"/>
          </lines>
        </class>
        <class name="ConfirmDeleteDialog.tsx" filename="src/preview/route/digitaltwins/create/ConfirmDeleteDialog.tsx" line-rate="1" branch-rate="1">
          <methods>
            <method name="(anonymous_0)" hits="3" signature="()V">
              <lines>
                <line number="21" hits="3"/>
              </lines>
            </method>
            <method name="(anonymous_1)" hits="0" signature="()V">
              <lines>
                <line number="31" hits="0"/>
              </lines>
            </method>
            <method name="(anonymous_2)" hits="1" signature="()V">
              <lines>
                <line number="33" hits="1"/>
              </lines>
            </method>
            <method name="(anonymous_3)" hits="3" signature="()V">
              <lines>
                <line number="40" hits="3"/>
              </lines>
            </method>
            <method name="(anonymous_4)" hits="3" signature="()V">
              <lines>
                <line number="42" hits="3"/>
              </lines>
            </method>
            <method name="(anonymous_5)" hits="1" signature="()V">
              <lines>
                <line number="65" hits="1"/>
              </lines>
            </method>
          </methods>
          <lines>
            <line number="1" hits="2" branch="false"/>
            <line number="3" hits="2" branch="false"/>
            <line number="4" hits="2" branch="false"/>
            <line number="8" hits="2" branch="false"/>
            <line number="10" hits="2" branch="false"/>
            <line number="21" hits="2" branch="false"/>
            <line number="29" hits="3" branch="false"/>
            <line number="31" hits="3" branch="false"/>
            <line number="33" hits="3" branch="false"/>
            <line number="34" hits="1" branch="false"/>
            <line number="35" hits="1" branch="false"/>
            <line number="36" hits="1" branch="false"/>
            <line number="37" hits="1" branch="false"/>
            <line number="38" hits="1" branch="false"/>
            <line number="40" hits="1" branch="false"/>
            <line number="41" hits="3" branch="false"/>
            <line number="42" hits="3" branch="true" condition-coverage="100% (2/2)"/>
            <line number="44" hits="3" branch="true" condition-coverage="100% (1/1)"/>
            <line number="45" hits="2" branch="false"/>
            <line number="56" hits="1" branch="false"/>
            <line number="59" hits="3" branch="false"/>
            <line number="65" hits="1" branch="false"/>
            <line number="74" hits="2" branch="false"/>
          </lines>
        </class>
        <class name="CreateDTDialog.tsx" filename="src/preview/route/digitaltwins/create/CreateDTDialog.tsx" line-rate="1" branch-rate="1">
          <methods>
            <method name="(anonymous_7)" hits="1" signature="()V">
              <lines>
                <line number="35" hits="1"/>
              </lines>
            </method>
            <method name="(anonymous_8)" hits="1" signature="()V">
              <lines>
                <line number="42" hits="1"/>
              </lines>
            </method>
            <method name="(anonymous_9)" hits="3" signature="()V">
              <lines>
                <line number="60" hits="3"/>
              </lines>
            </method>
            <method name="(anonymous_10)" hits="3" signature="()V">
              <lines>
                <line number="72" hits="3"/>
              </lines>
            </method>
            <method name="(anonymous_11)" hits="3" signature="()V">
              <lines>
                <line number="82" hits="3"/>
              </lines>
            </method>
            <method name="(anonymous_12)" hits="5" signature="()V">
              <lines>
                <line number="103" hits="5"/>
              </lines>
            </method>
            <method name="(anonymous_13)" hits="0" signature="()V">
              <lines>
                <line number="114" hits="0"/>
              </lines>
            </method>
            <method name="(anonymous_14)" hits="1" signature="()V">
              <lines>
                <line number="128" hits="1"/>
              </lines>
            </method>
            <method name="(anonymous_15)" hits="3" signature="()V">
              <lines>
                <line number="140" hits="3"/>
              </lines>
            </method>
          </methods>
          <lines>
            <line number="1" hits="2" branch="false"/>
            <line number="3" hits="2" branch="false"/>
            <line number="10" hits="2" branch="false"/>
            <line number="11" hits="2" branch="false"/>
            <line number="14" hits="2" branch="false"/>
            <line number="15" hits="2" branch="false"/>
            <line number="16" hits="2" branch="false"/>
            <line number="21" hits="2" branch="false"/>
            <line number="35" hits="2" branch="false"/>
            <line number="39" hits="1" branch="false"/>
            <line number="42" hits="2" branch="false"/>
            <line number="48" hits="1" branch="false"/>
            <line number="54" hits="1" branch="false"/>
            <line number="55" hits="1" branch="false"/>
            <line number="57" hits="1" branch="false"/>
            <line number="60" hits="2" branch="false"/>
            <line number="66" hits="3" branch="false"/>
            <line number="67" hits="3" branch="false"/>
            <line number="68" hits="3" branch="false"/>
            <line number="69" hits="3" branch="false"/>
            <line number="72" hits="2" branch="false"/>
            <line number="82" hits="3" branch="false"/>
            <line number="83" hits="3" branch="true" condition-coverage="100% (1/1)"/>
            <line number="85" hits="2" branch="false"/>
            <line number="86" hits="2" branch="false"/>
            <line number="88" hits="2" branch="true" condition-coverage="100% (2/2)"/>
            <line number="89" hits="1" branch="false"/>
            <line number="91" hits="1" branch="false"/>
            <line number="94" hits="2" branch="false"/>
            <line number="100" hits="2" branch="false"/>
            <line number="103" hits="2" branch="false"/>
            <line number="114" hits="5" branch="false"/>
            <line number="115" hits="5" branch="false"/>
            <line number="117" hits="5" branch="false"/>
            <line number="129" hits="1" branch="false"/>
            <line number="141" hits="3" branch="false"/>
            <line number="161" hits="2" branch="false"/>
          </lines>
        </class>
        <class name="CreateDialogs.tsx" filename="src/preview/route/digitaltwins/create/CreateDialogs.tsx" line-rate="1" branch-rate="1">
          <methods>
            <method name="(anonymous_0)" hits="4" signature="()V">
              <lines>
                <line number="27" hits="4"/>
              </lines>
            </method>
          </methods>
          <lines>
            <line number="1" hits="2" branch="false"/>
            <line number="3" hits="2" branch="false"/>
            <line number="4" hits="2" branch="false"/>
            <line number="5" hits="2" branch="false"/>
            <line number="6" hits="2" branch="false"/>
            <line number="27" hits="2" branch="false"/>
            <line number="28" hits="4" branch="false"/>
            <line number="68" hits="2" branch="false"/>
          </lines>
        </class>
        <class name="CreatePage.tsx" filename="src/preview/route/digitaltwins/create/CreatePage.tsx" line-rate="1" branch-rate="1">
          <methods>
            <method name="DigitalTwinNameInput" hits="7" signature="()V">
              <lines>
                <line number="14" hits="7"/>
              </lines>
            </method>
            <method name="ActionButtons" hits="7" signature="()V">
              <lines>
                <line number="34" hits="7"/>
              </lines>
            </method>
            <method name="CreatePage" hits="7" signature="()V">
              <lines>
                <line number="68" hits="7"/>
              </lines>
            </method>
            <method name="(anonymous_3)" hits="1" signature="()V">
              <lines>
                <line number="82" hits="1"/>
              </lines>
            </method>
            <method name="(anonymous_4)" hits="1" signature="()V">
              <lines>
                <line number="86" hits="1"/>
              </lines>
            </method>
            <method name="(anonymous_5)" hits="1" signature="()V">
              <lines>
                <line number="109" hits="1"/>
              </lines>
            </method>
          </methods>
          <lines>
            <line number="1" hits="2" branch="false"/>
            <line number="2" hits="2" branch="false"/>
            <line number="3" hits="2" branch="false"/>
            <line number="4" hits="2" branch="false"/>
            <line number="5" hits="2" branch="false"/>
            <line number="6" hits="2" branch="false"/>
            <line number="7" hits="2" branch="false"/>
            <line number="21" hits="7" branch="false"/>
            <line number="43" hits="7" branch="false"/>
            <line number="72" hits="7" branch="false"/>
            <line number="73" hits="7" branch="false"/>
            <line number="74" hits="7" branch="false"/>
            <line number="76" hits="7" branch="false"/>
            <line number="77" hits="7" branch="false"/>
            <line number="78" hits="7" branch="false"/>
            <line number="79" hits="7" branch="false"/>
            <line number="80" hits="7" branch="false"/>
            <line number="82" hits="7" branch="false"/>
            <line number="83" hits="1" branch="false"/>
            <line number="86" hits="7" branch="false"/>
            <line number="87" hits="1" branch="false"/>
            <line number="88" hits="1" branch="false"/>
            <line number="91" hits="7" branch="false"/>
            <line number="109" hits="1" branch="false"/>
            <line number="154" hits="2" branch="false"/>
          </lines>
        </class>
        <class name="DeleteFileDialog.tsx" filename="src/preview/route/digitaltwins/create/DeleteFileDialog.tsx" line-rate="1" branch-rate="1">
          <methods>
            <method name="(anonymous_0)" hits="3" signature="()V">
              <lines>
                <line number="15" hits="3"/>
              </lines>
            </method>
            <method name="(anonymous_1)" hits="1" signature="()V">
              <lines>
                <line number="24" hits="1"/>
              </lines>
            </method>
            <method name="(anonymous_2)" hits="1" signature="()V">
              <lines>
                <line number="38" hits="1"/>
              </lines>
            </method>
          </methods>
          <lines>
            <line number="1" hits="2" branch="false"/>
            <line number="3" hits="2" branch="false"/>
            <line number="4" hits="2" branch="false"/>
            <line number="5" hits="2" branch="false"/>
            <line number="15" hits="2" branch="false"/>
            <line number="22" hits="3" branch="false"/>
            <line number="24" hits="3" branch="false"/>
            <line number="25" hits="1" branch="false"/>
            <line number="26" hits="1" branch="false"/>
            <line number="27" hits="1" branch="false"/>
            <line number="28" hits="1" branch="false"/>
            <line number="31" hits="3" branch="false"/>
            <line number="38" hits="1" branch="false"/>
            <line number="49" hits="2" branch="false"/>
          </lines>
        </class>
        <class name="FileActionButtons.tsx" filename="src/preview/route/digitaltwins/create/FileActionButtons.tsx" line-rate="1" branch-rate="1">
          <methods>
            <method name="FileActionButtons" hits="3" signature="()V">
              <lines>
                <line number="6" hits="3"/>
              </lines>
            </method>
            <method name="(anonymous_1)" hits="1" signature="()V">
              <lines>
                <line number="20" hits="1"/>
              </lines>
            </method>
            <method name="(anonymous_2)" hits="1" signature="()V">
              <lines>
                <line number="28" hits="1"/>
              </lines>
            </method>
          </methods>
          <lines>
            <line number="1" hits="2" branch="false"/>
            <line number="2" hits="2" branch="false"/>
            <line number="3" hits="2" branch="false"/>
            <line number="4" hits="2" branch="false"/>
            <line number="15" hits="3" branch="false"/>
            <line number="20" hits="1" branch="false"/>
            <line number="28" hits="1" branch="false"/>
            <line number="37" hits="2" branch="false"/>
          </lines>
        </class>
      </classes>
    </package>
    <package name="src.preview.route.digitaltwins.editor" line-rate="0.9281" branch-rate="0.8076000000000001">
      <classes>
        <class name="Editor.tsx" filename="src/preview/route/digitaltwins/editor/Editor.tsx" line-rate="1" branch-rate="1">
          <methods>
            <method name="Editor" hits="19" signature="()V">
              <lines>
                <line number="19" hits="19"/>
              </lines>
            </method>
            <method name="(anonymous_1)" hits="1" signature="()V">
              <lines>
                <line number="31" hits="1"/>
              </lines>
            </method>
          </methods>
          <lines>
            <line number="1" hits="3" branch="false"/>
            <line number="2" hits="3" branch="false"/>
            <line number="3" hits="3" branch="false"/>
            <line number="4" hits="3" branch="false"/>
            <line number="5" hits="3" branch="false"/>
            <line number="6" hits="3" branch="false"/>
            <line number="29" hits="19" branch="false"/>
            <line number="31" hits="19" branch="false"/>
            <line number="32" hits="1" branch="false"/>
            <line number="35" hits="19" branch="false"/>
            <line number="101" hits="3" branch="false"/>
          </lines>
        </class>
        <class name="EditorTab.tsx" filename="src/preview/route/digitaltwins/editor/EditorTab.tsx" line-rate="0.6315" branch-rate="0.3333">
          <methods>
            <method name="(anonymous_0)" hits="0" signature="()V">
              <lines>
                <line number="14" hits="0"/>
              </lines>
            </method>
            <method name="EditorTab" hits="23" signature="()V">
              <lines>
                <line number="47" hits="23"/>
              </lines>
            </method>
            <method name="(anonymous_2)" hits="11" signature="()V">
              <lines>
                <line number="56" hits="11"/>
              </lines>
            </method>
            <method name="(anonymous_3)" hits="0" signature="()V">
              <lines>
                <line number="66" hits="0"/>
              </lines>
            </method>
          </methods>
          <lines>
            <line number="1" hits="3" branch="false"/>
            <line number="2" hits="3" branch="false"/>
            <line number="3" hits="3" branch="false"/>
            <line number="4" hits="3" branch="false"/>
            <line number="5" hits="3" branch="false"/>
            <line number="14" hits="3" branch="false"/>
            <line number="22" hits="0" branch="true" condition-coverage="0% (0/2)"/>
            <line number="23" hits="0" branch="false"/>
            <line number="24" hits="0" branch="false"/>
            <line number="26" hits="0" branch="true" condition-coverage="0% (0/2)"/>
            <line number="27" hits="0" branch="false"/>
            <line number="36" hits="0" branch="false"/>
            <line number="53" hits="23" branch="false"/>
            <line number="54" hits="23" branch="false"/>
            <line number="56" hits="23" branch="false"/>
            <line number="57" hits="11" branch="false"/>
            <line number="60" hits="23" branch="false"/>
            <line number="67" hits="0" branch="false"/>
            <line number="106" hits="3" branch="false"/>
          </lines>
        </class>
        <class name="PreviewTab.tsx" filename="src/preview/route/digitaltwins/editor/PreviewTab.tsx" line-rate="1" branch-rate="1">
          <methods>
            <method name="PreviewTab" hits="5" signature="()V">
              <lines>
                <line number="13" hits="5"/>
              </lines>
            </method>
          </methods>
          <lines>
            <line number="1" hits="3" branch="false"/>
            <line number="2" hits="3" branch="false"/>
            <line number="3" hits="3" branch="false"/>
            <line number="5" hits="3" branch="false"/>
            <line number="6" hits="3" branch="false"/>
            <line number="14" hits="5" branch="true" condition-coverage="100% (1/1)"/>
            <line number="15" hits="1" branch="false"/>
            <line number="20" hits="1" branch="false"/>
            <line number="22" hits="1" branch="false"/>
            <line number="65" hits="4" branch="true" condition-coverage="100% (1/1)"/>
            <line number="66" hits="1" branch="false"/>
            <line number="68" hits="3" branch="true" condition-coverage="100% (3/3)"/>
            <line number="69" hits="2" branch="false"/>
            <line number="71" hits="1" branch="false"/>
            <line number="74" hits="3" branch="false"/>
          </lines>
        </class>
        <class name="Sidebar.tsx" filename="src/preview/route/digitaltwins/editor/Sidebar.tsx" line-rate="0.9642000000000001" branch-rate="0.8">
          <methods>
            <method name="(anonymous_7)" hits="9" signature="()V">
              <lines>
                <line number="26" hits="9"/>
              </lines>
            </method>
            <method name="(anonymous_8)" hits="0" signature="()V">
              <lines>
                <line number="38" hits="0"/>
              </lines>
            </method>
            <method name="(anonymous_9)" hits="0" signature="()V">
              <lines>
                <line number="41" hits="0"/>
              </lines>
            </method>
            <method name="(anonymous_10)" hits="5" signature="()V">
              <lines>
                <line number="44" hits="5"/>
              </lines>
            </method>
            <method name="(anonymous_11)" hits="3" signature="()V">
              <lines>
                <line number="46" hits="3"/>
              </lines>
            </method>
            <method name="(anonymous_12)" hits="3" signature="()V">
              <lines>
                <line number="46" hits="3"/>
              </lines>
            </method>
            <method name="(anonymous_13)" hits="1" signature="()V">
              <lines>
                <line number="93" hits="1"/>
              </lines>
            </method>
          </methods>
          <lines>
            <line number="1" hits="2" branch="false"/>
            <line number="2" hits="2" branch="false"/>
            <line number="3" hits="2" branch="false"/>
            <line number="4" hits="2" branch="false"/>
            <line number="5" hits="2" branch="false"/>
            <line number="8" hits="2" branch="false"/>
            <line number="9" hits="2" branch="false"/>
            <line number="16" hits="2" branch="false"/>
            <line number="26" hits="2" branch="false"/>
            <line number="33" hits="9" branch="false"/>
            <line number="34" hits="9" branch="false"/>
            <line number="35" hits="9" branch="false"/>
            <line number="36" hits="9" branch="false"/>
            <line number="38" hits="9" branch="false"/>
            <line number="39" hits="0" branch="true" condition-coverage="0% (0/2)"/>
            <line number="41" hits="9" branch="false"/>
            <line number="42" hits="9" branch="false"/>
            <line number="44" hits="9" branch="false"/>
            <line number="45" hits="5" branch="true" condition-coverage="100% (3/3)"/>
            <line number="46" hits="3" branch="false"/>
            <line number="47" hits="3" branch="false"/>
            <line number="48" hits="3" branch="false"/>
            <line number="50" hits="3" branch="false"/>
            <line number="54" hits="9" branch="true" condition-coverage="100% (1/1)"/>
            <line number="55" hits="3" branch="false"/>
            <line number="76" hits="6" branch="false"/>
            <line number="93" hits="1" branch="false"/>
            <line number="187" hits="2" branch="false"/>
          </lines>
        </class>
        <class name="SidebarDialog.tsx" filename="src/preview/route/digitaltwins/editor/SidebarDialog.tsx" line-rate="1" branch-rate="1">
          <methods>
            <method name="(anonymous_0)" hits="10" signature="()V">
              <lines>
                <line number="29" hits="10"/>
              </lines>
            </method>
            <method name="(anonymous_1)" hits="1" signature="()V">
              <lines>
                <line number="49" hits="1"/>
              </lines>
            </method>
            <method name="(anonymous_2)" hits="1" signature="()V">
              <lines>
                <line number="55" hits="1"/>
              </lines>
            </method>
            <method name="(anonymous_3)" hits="1" signature="()V">
              <lines>
                <line number="66" hits="1"/>
              </lines>
            </method>
          </methods>
          <lines>
            <line number="1" hits="3" branch="false"/>
            <line number="3" hits="3" branch="false"/>
            <line number="13" hits="3" branch="false"/>
            <line number="29" hits="3" branch="false"/>
            <line number="39" hits="10" branch="false"/>
            <line number="49" hits="1" branch="false"/>
            <line number="56" hits="1" branch="false"/>
            <line number="67" hits="1" branch="false"/>
            <line number="85" hits="3" branch="false"/>
          </lines>
        </class>
        <class name="sidebarFunctions.tsx" filename="src/preview/route/digitaltwins/editor/sidebarFunctions.tsx" line-rate="0.9577" branch-rate="0.84">
          <methods>
            <method name="(anonymous_7)" hits="8" signature="()V">
              <lines>
                <line number="8" hits="8"/>
              </lines>
            </method>
            <method name="(anonymous_8)" hits="3" signature="()V">
              <lines>
                <line number="16" hits="3"/>
              </lines>
            </method>
            <method name="(anonymous_9)" hits="3" signature="()V">
              <lines>
                <line number="16" hits="3"/>
              </lines>
            </method>
            <method name="(anonymous_10)" hits="2" signature="()V">
              <lines>
                <line number="22" hits="2"/>
              </lines>
            </method>
            <method name="(anonymous_11)" hits="10" signature="()V">
              <lines>
                <line number="51" hits="10"/>
              </lines>
            </method>
            <method name="(anonymous_12)" hits="10" signature="()V">
              <lines>
                <line number="65" hits="10"/>
              </lines>
            </method>
            <method name="(anonymous_13)" hits="1" signature="()V">
              <lines>
                <line number="70" hits="1"/>
              </lines>
            </method>
            <method name="(anonymous_14)" hits="10" signature="()V">
              <lines>
                <line number="86" hits="10"/>
              </lines>
            </method>
            <method name="(anonymous_15)" hits="3" signature="()V">
              <lines>
                <line number="89" hits="3"/>
              </lines>
            </method>
            <method name="(anonymous_16)" hits="2" signature="()V">
              <lines>
                <line number="91" hits="2"/>
              </lines>
            </method>
            <method name="(anonymous_17)" hits="10" signature="()V">
              <lines>
                <line number="93" hits="10"/>
              </lines>
            </method>
            <method name="(anonymous_18)" hits="1" signature="()V">
              <lines>
                <line number="105" hits="1"/>
              </lines>
            </method>
            <method name="(anonymous_19)" hits="1" signature="()V">
              <lines>
                <line number="110" hits="1"/>
              </lines>
            </method>
            <method name="(anonymous_20)" hits="0" signature="()V">
              <lines>
                <line number="126" hits="0"/>
              </lines>
            </method>
            <method name="(anonymous_21)" hits="0" signature="()V">
              <lines>
                <line number="133" hits="0"/>
              </lines>
            </method>
            <method name="(anonymous_22)" hits="2" signature="()V">
              <lines>
                <line number="145" hits="2"/>
              </lines>
            </method>
            <method name="(anonymous_23)" hits="1" signature="()V">
              <lines>
                <line number="154" hits="1"/>
              </lines>
            </method>
            <method name="(anonymous_24)" hits="2" signature="()V">
              <lines>
                <line number="175" hits="2"/>
              </lines>
            </method>
            <method name="(anonymous_25)" hits="2" signature="()V">
              <lines>
                <line number="181" hits="2"/>
              </lines>
            </method>
            <method name="(anonymous_26)" hits="2" signature="()V">
              <lines>
                <line number="198" hits="2"/>
              </lines>
            </method>
            <method name="(anonymous_27)" hits="1" signature="()V">
              <lines>
                <line number="210" hits="1"/>
              </lines>
            </method>
            <method name="(anonymous_28)" hits="1" signature="()V">
              <lines>
                <line number="216" hits="1"/>
              </lines>
            </method>
            <method name="(anonymous_29)" hits="3" signature="()V">
              <lines>
                <line number="226" hits="3"/>
              </lines>
            </method>
            <method name="(anonymous_30)" hits="3" signature="()V">
              <lines>
                <line number="235" hits="3"/>
              </lines>
            </method>
          </methods>
          <lines>
            <line number="1" hits="4" branch="false"/>
            <line number="5" hits="4" branch="false"/>
            <line number="6" hits="4" branch="false"/>
            <line number="8" hits="4" branch="false"/>
            <line number="9" hits="8" branch="true" condition-coverage="75% (3/4)"/>
            <line number="10" hits="8" branch="true" condition-coverage="100% (1/1)"/>
            <line number="11" hits="7" branch="true" condition-coverage="100% (4/4)"/>
            <line number="12" hits="3" branch="false"/>
            <line number="13" hits="4" branch="false"/>
            <line number="16" hits="4" branch="false"/>
            <line number="17" hits="3" branch="false"/>
            <line number="18" hits="3" branch="false"/>
            <line number="19" hits="3" branch="false"/>
            <line number="22" hits="4" branch="false"/>
            <line number="31" hits="2" branch="true" condition-coverage="100% (2/2)"/>
            <line number="32" hits="1" branch="false"/>
            <line number="39" hits="1" branch="true" condition-coverage="100% (1/1)"/>
            <line number="40" hits="1" branch="false"/>
            <line number="51" hits="4" branch="false"/>
            <line number="61" hits="10" branch="false"/>
            <line number="66" hits="10" branch="false"/>
            <line number="71" hits="1" branch="false"/>
            <line number="86" hits="4" branch="false"/>
            <line number="87" hits="10" branch="false"/>
            <line number="89" hits="3" branch="true" condition-coverage="100% (2/2)"/>
            <line number="91" hits="2" branch="false"/>
            <line number="93" hits="4" branch="false"/>
            <line number="104" hits="10" branch="false"/>
            <line number="106" hits="1" branch="false"/>
            <line number="111" hits="1" branch="false"/>
            <line number="126" hits="4" branch="false"/>
            <line number="133" hits="0" branch="true" condition-coverage="0% (0/2)"/>
            <line number="134" hits="0" branch="true" condition-coverage="0% (0/1)"/>
            <line number="135" hits="0" branch="false"/>
            <line number="145" hits="4" branch="false"/>
            <line number="153" hits="2" branch="false"/>
            <line number="154" hits="1" branch="true" condition-coverage="100% (3/3)"/>
            <line number="156" hits="2" branch="true" condition-coverage="100% (2/2)"/>
            <line number="157" hits="1" branch="false"/>
            <line number="165" hits="1" branch="false"/>
            <line number="175" hits="4" branch="false"/>
            <line number="181" hits="2" branch="false"/>
            <line number="182" hits="2" branch="false"/>
            <line number="183" hits="2" branch="false"/>
            <line number="184" hits="1" branch="true" condition-coverage="100% (1/1)"/>
            <line number="185" hits="1" branch="false"/>
            <line number="194" hits="1" branch="false"/>
            <line number="198" hits="4" branch="false"/>
            <line number="205" hits="2" branch="false"/>
            <line number="206" hits="2" branch="false"/>
            <line number="207" hits="2" branch="false"/>
            <line number="210" hits="4" branch="false"/>
            <line number="213" hits="1" branch="false"/>
            <line number="216" hits="4" branch="false"/>
            <line number="221" hits="1" branch="false"/>
            <line number="222" hits="1" branch="false"/>
            <line number="223" hits="1" branch="false"/>
            <line number="226" hits="4" branch="false"/>
            <line number="234" hits="3" branch="false"/>
            <line number="235" hits="3" branch="false"/>
            <line number="238" hits="3" branch="true" condition-coverage="100% (1/1)"/>
            <line number="239" hits="1" branch="false"/>
            <line number="240" hits="1" branch="false"/>
            <line number="243" hits="2" branch="true" condition-coverage="100% (1/1)"/>
            <line number="244" hits="1" branch="false"/>
            <line number="245" hits="1" branch="false"/>
            <line number="248" hits="1" branch="false"/>
            <line number="249" hits="1" branch="false"/>
            <line number="251" hits="1" branch="false"/>
            <line number="261" hits="1" branch="false"/>
            <line number="262" hits="1" branch="false"/>
          </lines>
        </class>
      </classes>
    </package>
    <package name="src.preview.route.digitaltwins.execute" line-rate="1" branch-rate="1">
      <classes>
        <class name="LogDialog.tsx" filename="src/preview/route/digitaltwins/execute/LogDialog.tsx" line-rate="1" branch-rate="1">
          <methods>
            <method name="(anonymous_0)" hits="1" signature="()V">
              <lines>
                <line number="21" hits="1"/>
              </lines>
            </method>
            <method name="LogDialog" hits="3" signature="()V">
              <lines>
                <line number="25" hits="3"/>
              </lines>
            </method>
            <method name="(anonymous_2)" hits="2" signature="()V">
              <lines>
                <line number="34" hits="2"/>
              </lines>
            </method>
            <method name="(anonymous_3)" hits="1" signature="()V">
              <lines>
                <line number="48" hits="1"/>
              </lines>
            </method>
          </methods>
          <lines>
            <line number="1" hits="2" branch="false"/>
            <line number="3" hits="2" branch="false"/>
            <line number="11" hits="2" branch="false"/>
            <line number="12" hits="2" branch="false"/>
            <line number="13" hits="2" branch="false"/>
            <line number="21" hits="2" branch="false"/>
            <line number="22" hits="1" branch="false"/>
            <line number="26" hits="3" branch="false"/>
            <line number="28" hits="3" branch="false"/>
            <line number="35" hits="2" branch="false"/>
            <line number="48" hits="1" branch="false"/>
            <line number="56" hits="2" branch="false"/>
          </lines>
        </class>
        <class name="pipelineChecks.ts" filename="src/preview/route/digitaltwins/execute/pipelineChecks.ts" line-rate="1" branch-rate="1">
          <methods>
            <method name="(anonymous_7)" hits="2" signature="()V">
              <lines>
                <line number="18" hits="2"/>
              </lines>
            </method>
            <method name="(anonymous_8)" hits="2" signature="()V">
              <lines>
                <line number="19" hits="2"/>
              </lines>
            </method>
            <method name="(anonymous_9)" hits="3" signature="()V">
              <lines>
                <line number="23" hits="3"/>
              </lines>
            </method>
            <method name="(anonymous_10)" hits="4" signature="()V">
              <lines>
                <line number="26" hits="4"/>
              </lines>
            </method>
            <method name="(anonymous_11)" hits="3" signature="()V">
              <lines>
                <line number="42" hits="3"/>
              </lines>
            </method>
            <method name="(anonymous_12)" hits="7" signature="()V">
              <lines>
                <line number="47" hits="7"/>
              </lines>
            </method>
            <method name="(anonymous_13)" hits="7" signature="()V">
              <lines>
                <line number="55" hits="7"/>
              </lines>
            </method>
            <method name="(anonymous_14)" hits="3" signature="()V">
              <lines>
                <line number="100" hits="3"/>
              </lines>
[...]
            <line number="29" hits="0" branch="false"/>
            <line number="32" hits="0" branch="false"/>
          </lines>
        </class>
      </classes>
    </package>
    <package name="src.route.digitaltwins" line-rate="0" branch-rate="1">
      <classes>
        <class name="DigitalTwinTabData.ts" filename="src/route/digitaltwins/DigitalTwinTabData.ts" line-rate="0" branch-rate="1">
          <methods>
          </methods>
          <lines>
            <line number="3" hits="0" branch="false"/>
            <line number="18" hits="0" branch="false"/>
          </lines>
        </class>
        <class name="DigitalTwins.tsx" filename="src/route/digitaltwins/DigitalTwins.tsx" line-rate="0" branch-rate="1">
          <methods>
            <method name="DTContent" hits="0" signature="()V">
              <lines>
                <line number="10" hits="0"/>
              </lines>
            </method>
            <method name="(anonymous_1)" hits="0" signature="()V">
              <lines>
                <line number="13" hits="0"/>
              </lines>
            </method>
            <method name="DigitalTwins" hits="0" signature="()V">
              <lines>
                <line number="33" hits="0"/>
              </lines>
            </method>
          </methods>
          <lines>
            <line number="1" hits="0" branch="false"/>
            <line number="2" hits="0" branch="false"/>
            <line number="3" hits="0" branch="false"/>
            <line number="4" hits="0" branch="false"/>
            <line number="6" hits="0" branch="false"/>
            <line number="7" hits="0" branch="false"/>
            <line number="8" hits="0" branch="false"/>
            <line number="11" hits="0" branch="false"/>
            <line number="13" hits="0" branch="false"/>
            <line number="26" hits="0" branch="false"/>
            <line number="33" hits="0" branch="false"/>
            <line number="34" hits="0" branch="false"/>
          </lines>
        </class>
      </classes>
    </package>
    <package name="src.route.library" line-rate="0" branch-rate="1">
      <classes>
        <class name="Library.tsx" filename="src/route/library/Library.tsx" line-rate="0" branch-rate="1">
          <methods>
            <method name="createTabs" hits="0" signature="()V">
              <lines>
                <line number="11" hits="0"/>
              </lines>
            </method>
            <method name="(anonymous_1)" hits="0" signature="()V">
              <lines>
                <line number="12" hits="0"/>
              </lines>
            </method>
            <method name="createCombinedTabs" hits="0" signature="()V">
              <lines>
                <line number="22" hits="0"/>
              </lines>
            </method>
            <method name="(anonymous_3)" hits="0" signature="()V">
              <lines>
                <line number="23" hits="0"/>
              </lines>
            </method>
            <method name="(anonymous_4)" hits="0" signature="()V">
              <lines>
                <line number="24" hits="0"/>
              </lines>
            </method>
            <method name="LibraryContent" hits="0" signature="()V">
              <lines>
                <line number="39" hits="0"/>
              </lines>
            </method>
            <method name="Library" hits="0" signature="()V">
              <lines>
                <line number="54" hits="0"/>
              </lines>
            </method>
          </methods>
          <lines>
            <line number="1" hits="0" branch="false"/>
            <line number="2" hits="0" branch="false"/>
            <line number="3" hits="0" branch="false"/>
            <line number="4" hits="0" branch="false"/>
            <line number="5" hits="0" branch="false"/>
            <line number="6" hits="0" branch="false"/>
            <line number="7" hits="0" branch="false"/>
            <line number="8" hits="0" branch="false"/>
            <line number="9" hits="0" branch="false"/>
            <line number="11" hits="0" branch="false"/>
            <line number="12" hits="0" branch="false"/>
            <line number="22" hits="0" branch="false"/>
            <line number="23" hits="0" branch="false"/>
            <line number="24" hits="0" branch="false"/>
            <line number="40" hits="0" branch="false"/>
            <line number="41" hits="0" branch="false"/>
            <line number="42" hits="0" branch="false"/>
            <line number="44" hits="0" branch="false"/>
            <line number="46" hits="0" branch="false"/>
            <line number="48" hits="0" branch="false"/>
            <line number="54" hits="0" branch="false"/>
            <line number="55" hits="0" branch="false"/>
          </lines>
        </class>
        <class name="LibraryTabData.ts" filename="src/route/library/LibraryTabData.ts" line-rate="0" branch-rate="1">
          <methods>
          </methods>
          <lines>
            <line number="3" hits="0" branch="false"/>
            <line number="31" hits="0" branch="false"/>
          </lines>
        </class>
      </classes>
    </package>
    <package name="src.route.workbench" line-rate="0" branch-rate="1">
      <classes>
        <class name="Workbench.tsx" filename="src/route/workbench/Workbench.tsx" line-rate="0" branch-rate="1">
          <methods>
            <method name="WorkBenchContent" hits="0" signature="()V">
              <lines>
                <line number="15" hits="0"/>
              </lines>
            </method>
            <method name="WorkBench" hits="0" signature="()V">
              <lines>
                <line number="37" hits="0"/>
              </lines>
            </method>
          </methods>
          <lines>
            <line number="1" hits="0" branch="false"/>
            <line number="2" hits="0" branch="false"/>
            <line number="3" hits="0" branch="false"/>
            <line number="4" hits="0" branch="false"/>
            <line number="5" hits="0" branch="false"/>
            <line number="6" hits="0" branch="false"/>
            <line number="8" hits="0" branch="false"/>
            <line number="16" hits="0" branch="false"/>
            <line number="17" hits="0" branch="false"/>
            <line number="37" hits="0" branch="false"/>
            <line number="38" hits="0" branch="false"/>
          </lines>
        </class>
      </classes>
    </package>
    <package name="src.store" line-rate="0.7692" branch-rate="1">
      <classes>
        <class name="auth.slice.ts" filename="src/store/auth.slice.ts" line-rate="0.8332999999999999" branch-rate="1">
          <methods>
            <method name="(anonymous_0)" hits="0" signature="()V">
              <lines>
                <line number="15" hits="0"/>
              </lines>
            </method>
          </methods>
          <lines>
            <line number="1" hits="15" branch="false"/>
            <line number="7" hits="15" branch="false"/>
            <line number="11" hits="15" branch="false"/>
            <line number="16" hits="0" branch="false"/>
            <line number="21" hits="15" branch="false"/>
            <line number="22" hits="15" branch="false"/>
          </lines>
        </class>
        <class name="menu.slice.ts" filename="src/store/menu.slice.ts" line-rate="0.7142000000000001" branch-rate="1">
          <methods>
            <method name="(anonymous_0)" hits="0" signature="()V">
              <lines>
                <line number="15" hits="0"/>
              </lines>
            </method>
            <method name="(anonymous_1)" hits="0" signature="()V">
              <lines>
                <line number="18" hits="0"/>
              </lines>
            </method>
          </methods>
          <lines>
            <line number="1" hits="15" branch="false"/>
            <line number="7" hits="15" branch="false"/>
            <line number="11" hits="15" branch="false"/>
            <line number="16" hits="0" branch="false"/>
            <line number="19" hits="0" branch="false"/>
            <line number="24" hits="15" branch="false"/>
            <line number="25" hits="15" branch="false"/>
          </lines>
        </class>
      </classes>
    </package>
    <package name="src.util" line-rate="0.39020000000000005" branch-rate="0">
      <classes>
        <class name="envUtil.ts" filename="src/util/envUtil.ts" line-rate="0.3589" branch-rate="0">
          <methods>
            <method name="cleanURL" hits="0" signature="()V">
              <lines>
                <line number="8" hits="0"/>
              </lines>
            </method>
            <method name="(anonymous_1)" hits="0" signature="()V">
              <lines>
                <line number="18" hits="0"/>
              </lines>
            </method>
            <method name="(anonymous_2)" hits="0" signature="()V">
              <lines>
                <line number="19" hits="0"/>
              </lines>
            </method>
            <method name="useURLforDT" hits="0" signature="()V">
              <lines>
                <line number="25" hits="0"/>
              </lines>
            </method>
            <method name="useURLbasename" hits="0" signature="()V">
              <lines>
                <line number="29" hits="0"/>
              </lines>
            </method>
            <method name="useURLforLIB" hits="0" signature="()V">
              <lines>
                <line number="33" hits="0"/>
              </lines>
            </method>
            <method name="useAppURL" hits="0" signature="()V">
              <lines>
                <line number="37" hits="0"/>
              </lines>
            </method>
            <method name="getWorkbenchLinkValues" hits="0" signature="()V">
              <lines>
                <line number="55" hits="0"/>
              </lines>
            </method>
            <method name="(anonymous_8)" hits="0" signature="()V">
              <lines>
                <line number="60" hits="0"/>
              </lines>
            </method>
            <method name="(anonymous_9)" hits="0" signature="()V">
              <lines>
                <line number="61" hits="0"/>
              </lines>
            </method>
            <method name="useGetDTPagePreviewLink" hits="0" signature="()V">
              <lines>
                <line number="79" hits="0"/>
              </lines>
            </method>
            <method name="getClientID" hits="0" signature="()V">
              <lines>
                <line number="83" hits="0"/>
              </lines>
            </method>
            <method name="getAuthority" hits="0" signature="()V">
              <lines>
                <line number="87" hits="0"/>
              </lines>
            </method>
            <method name="getRedirectURI" hits="0" signature="()V">
              <lines>
                <line number="91" hits="0"/>
              </lines>
            </method>
            <method name="getLogoutRedirectURI" hits="0" signature="()V">
              <lines>
                <line number="95" hits="0"/>
              </lines>
            </method>
            <method name="getGitLabScopes" hits="0" signature="()V">
              <lines>
                <line number="99" hits="0"/>
              </lines>
            </method>
          </methods>
          <lines>
            <line number="1" hits="9" branch="false"/>
            <line number="8" hits="9" branch="false"/>
            <line number="9" hits="0" branch="true" condition-coverage="0% (0/4)"/>
            <line number="18" hits="9" branch="false"/>
            <line number="19" hits="0" branch="false"/>
            <line number="20" hits="0" branch="false"/>
            <line number="21" hits="0" branch="true" condition-coverage="0% (0/4)"/>
            <line number="22" hits="0" branch="false"/>
            <line number="25" hits="9" branch="false"/>
            <line number="26" hits="0" branch="false"/>
            <line number="29" hits="9" branch="false"/>
            <line number="30" hits="0" branch="false"/>
            <line number="33" hits="9" branch="false"/>
            <line number="34" hits="0" branch="false"/>
            <line number="37" hits="9" branch="false"/>
            <line number="38" hits="0" branch="false"/>
            <line number="55" hits="9" branch="false"/>
            <line number="56" hits="0" branch="false"/>
            <line number="57" hits="0" branch="false"/>
            <line number="59" hits="0" branch="false"/>
            <line number="60" hits="0" branch="false"/>
            <line number="62" hits="0" branch="false"/>
            <line number="63" hits="0" branch="true" condition-coverage="0% (0/1)"/>
            <line number="64" hits="0" branch="false"/>
            <line number="66" hits="0" branch="true" condition-coverage="0% (0/2)"/>
            <line number="69" hits="0" branch="false"/>
            <line number="76" hits="0" branch="false"/>
            <line number="79" hits="9" branch="false"/>
            <line number="80" hits="0" branch="false"/>
            <line number="83" hits="9" branch="false"/>
            <line number="84" hits="0" branch="false"/>
            <line number="87" hits="9" branch="false"/>
            <line number="88" hits="0" branch="false"/>
            <line number="91" hits="9" branch="false"/>
            <line number="92" hits="0" branch="false"/>
            <line number="95" hits="9" branch="false"/>
            <line number="96" hits="0" branch="false"/>
            <line number="99" hits="9" branch="false"/>
            <line number="100" hits="0" branch="false"/>
          </lines>
        </class>
        <class name="toolbarUtil.ts" filename="src/util/toolbarUtil.ts" line-rate="1" branch-rate="1">
          <methods>
          </methods>
          <lines>
            <line number="3" hits="1" branch="false"/>
            <line number="14" hits="1" branch="false"/>
          </lines>
        </class>
      </classes>
    </package>
    <package name="src.util.auth" line-rate="0.1764" branch-rate="0">
      <classes>
        <class name="Authentication.ts" filename="src/util/auth/Authentication.ts" line-rate="0.2368" branch-rate="0">
          <methods>
            <method name="useGetAndSetUsername" hits="0" signature="()V">
              <lines>
                <line number="15" hits="0"/>
              </lines>
            </method>
            <method name="(anonymous_8)" hits="0" signature="()V">
              <lines>
                <line number="17" hits="0"/>
              </lines>
            </method>
            <method name="performSignOutFlow" hits="0" signature="()V">
              <lines>
                <line number="29" hits="0"/>
              </lines>
            </method>
            <method name="(anonymous_11)" hits="0" signature="()V">
              <lines>
                <line number="49" hits="0"/>
              </lines>
            </method>
            <method name="useSignOut" hits="1" signature="()V">
              <lines>
                <line number="54" hits="1"/>
              </lines>
            </method>
            <method name="(anonymous_13)" hits="0" signature="()V">
              <lines>
                <line number="56" hits="0"/>
              </lines>
            </method>
            <method name="(anonymous_14)" hits="0" signature="()V">
              <lines>
                <line number="56" hits="0"/>
              </lines>
            </method>
            <method name="wait" hits="0" signature="()V">
              <lines>
                <line number="69" hits="0"/>
              </lines>
            </method>
            <method name="(anonymous_16)" hits="0" signature="()V">
              <lines>
                <line number="70" hits="0"/>
              </lines>
            </method>
            <method name="(anonymous_17)" hits="0" signature="()V">
              <lines>
                <line number="71" hits="0"/>
              </lines>
            </method>
          </methods>
          <lines>
            <line number="2" hits="1" branch="false"/>
            <line number="3" hits="1" branch="false"/>
            <line number="5" hits="1" branch="false"/>
            <line number="15" hits="1" branch="false"/>
            <line number="16" hits="0" branch="false"/>
            <line number="17" hits="0" branch="false"/>
            <line number="18" hits="0" branch="true" condition-coverage="0% (0/1)"/>
            <line number="19" hits="0" branch="false"/>
            <line number="21" hits="0" branch="true" condition-coverage="0% (0/4)"/>
            <line number="22" hits="0" branch="true" condition-coverage="0% (0/4)"/>
            <line number="23" hits="0" branch="true" condition-coverage="0% (0/4)"/>
            <line number="24" hits="0" branch="false"/>
            <line number="26" hits="0" branch="false"/>
            <line number="30" hits="0" branch="true" condition-coverage="0% (0/4)"/>
            <line number="31" hits="0" branch="false"/>
            <line number="33" hits="0" branch="false"/>
            <line number="34" hits="0" branch="false"/>
            <line number="35" hits="0" branch="false"/>
            <line number="37" hits="0" branch="false"/>
            <line number="38" hits="0" branch="false"/>
            <line number="40" hits="0" branch="false"/>
            <line number="45" hits="0" branch="false"/>
            <line number="49" hits="0" branch="false"/>
            <line number="50" hits="0" branch="false"/>
            <line number="54" hits="1" branch="false"/>
            <line number="55" hits="1" branch="false"/>
            <line number="56" hits="1" branch="false"/>
            <line number="57" hits="0" branch="true" condition-coverage="0% (0/1)"/>
            <line number="58" hits="0" branch="false"/>
            <line number="60" hits="0" branch="false"/>
            <line number="61" hits="0" branch="false"/>
            <line number="63" hits="0" branch="false"/>
            <line number="66" hits="1" branch="false"/>
            <line number="69" hits="1" branch="false"/>
            <line number="70" hits="0" branch="false"/>
            <line number="71" hits="0" branch="false"/>
            <line number="72" hits="0" branch="false"/>
            <line number="74" hits="0" branch="false"/>
          </lines>
        </class>
        <class name="useOidcConfig.ts" filename="src/util/auth/useOidcConfig.ts" line-rate="0" branch-rate="0">
          <methods>
            <method name="(anonymous_0)" hits="0" signature="()V">
              <lines>
                <line number="21" hits="0"/>
              </lines>
            </method>
            <method name="(anonymous_1)" hits="0" signature="()V">
              <lines>
                <line number="24" hits="0"/>
              </lines>
            </method>
          </methods>
          <lines>
            <line number="1" hits="0" branch="false"/>
            <line number="2" hits="0" branch="false"/>
            <line number="21" hits="0" branch="false"/>
            <line number="22" hits="0" branch="false"/>
            <line number="24" hits="0" branch="false"/>
            <line number="25" hits="0" branch="true" condition-coverage="0% (0/4)"/>
            <line number="26" hits="0" branch="true" condition-coverage="0% (0/4)"/>
            <line number="27" hits="0" branch="true" condition-coverage="0% (0/4)"/>
            <line number="28" hits="0" branch="true" condition-coverage="0% (0/4)"/>
            <line number="29" hits="0" branch="true" condition-coverage="0% (0/4)"/>
            <line number="31" hits="0" branch="false"/>
            <line number="41" hits="0" branch="false"/>
            <line number="44" hits="0" branch="false"/>
          </lines>
        </class>
      </classes>
    </package>
  </packages>
</coverage>
