TN:
SF:src/routes.tsx
FNF:0
FNH:0
DA:1,0
DA:2,0
DA:3,0
DA:4,0
DA:5,0
DA:6,0
DA:7,0
DA:8,0
DA:9,0
DA:11,0
DA:62,0
LF:11
LH:0
BRF:0
BRH:0
end_of_record
TN:
SF:src/components/Iframe.tsx
FN:9,Iframe
FNF:1
FNH:0
FNDA:0,Iframe
DA:1,0
DA:2,0
DA:11,0
DA:21,0
LF:4
LH:0
BRF:0
BRH:0
end_of_record
TN:
SF:src/components/LinkButtons.tsx
FN:27,(anonymous_0)
FN:28,(anonymous_1)
FN:53,(anonymous_2)
FN:58,(anonymous_3)
FN:70,(anonymous_4)
FN:94,(anonymous_5)
FNF:6
FNH:4
FNDA:1,(anonymous_0)
FNDA:2,(anonymous_1)
FNDA:1,(anonymous_2)
FNDA:2,(anonymous_3)
FNDA:0,(anonymous_4)
FNDA:0,(anonymous_5)
DA:1,1
DA:2,1
DA:3,1
DA:4,1
DA:6,1
DA:7,1
DA:9,1
DA:16,1
DA:27,1
DA:28,1
DA:29,2
DA:31,2
DA:53,1
DA:54,1
DA:55,1
DA:56,1
DA:58,2
DA:71,0
DA:93,1
DA:94,1
LF:20
LH:19
BRDA:61,0,0,0
BRDA:61,0,1,2
BRDA:74,1,0,2
BRDA:74,1,1,0
BRDA:79,2,0,2
BRDA:79,2,1,0
BRDA:79,3,0,2
BRDA:79,3,1,2
BRDA:79,4,0,0
BRDA:79,4,1,2
BRDA:79,5,0,2
BRDA:79,5,1,2
BRDA:82,6,0,2
BRDA:82,6,1,0
BRF:14
BRH:9
end_of_record
TN:
SF:src/components/LinkIconsLib.tsx
FNF:0
FNH:0
DA:1,1
DA:2,1
DA:3,1
DA:4,1
DA:5,1
DA:6,1
DA:7,1
DA:8,1
DA:9,1
DA:15,1
DA:50,1
DA:51,1
LF:12
LH:12
BRF:0
BRH:0
end_of_record
TN:
SF:src/components/tab/TabComponent.tsx
FN:5,constructURL
FN:15,renderScopeTabList
FN:20,(anonymous_2)
FN:25,renderScopeTabPanels
FN:33,(anonymous_4)
FN:42,TabComponent
FN:49,(anonymous_6)
FN:53,(anonymous_7)
FNF:8
FNH:0
FNDA:0,constructURL
FNDA:0,renderScopeTabList
FNDA:0,(anonymous_2)
FNDA:0,renderScopeTabPanels
FNDA:0,(anonymous_4)
FNDA:0,TabComponent
FNDA:0,(anonymous_6)
FNDA:0,(anonymous_7)
DA:1,0
DA:2,0
DA:3,0
DA:5,0
DA:6,0
DA:7,0
DA:9,0
DA:10,0
DA:12,0
DA:16,0
DA:20,0
DA:29,0
DA:34,0
DA:42,0
DA:46,0
DA:50,0
DA:54,0
DA:66,0
LF:18
LH:0
BRDA:9,0,0,0
BRDA:9,0,1,0
BRDA:10,1,0,0
BRDA:10,1,1,0
BRDA:18,2,0,0
BRDA:18,2,1,0
BRDA:18,2,2,0
BRDA:31,3,0,0
BRDA:31,3,1,0
BRDA:31,3,2,0
BRF:10
BRH:0
end_of_record
TN:
SF:src/components/tab/subcomponents/TabRender.tsx
FN:14,TabRender
FNF:1
FNH:0
FNDA:0,TabRender
DA:1,0
DA:2,0
DA:15,0
DA:17,0
DA:34,0
LF:5
LH:0
BRF:0
BRH:0
end_of_record
TN:
SF:src/components/tab/subcomponents/TabStyles.ts
FNF:0
FNH:0
DA:1,0
DA:2,0
DA:4,0
DA:11,0
DA:17,0
DA:50,0
DA:60,0
DA:61,0
DA:62,0
DA:63,0
LF:10
LH:0
BRF:0
BRH:0
end_of_record
TN:
SF:src/page/DrawerComponent.tsx
FN:12,(anonymous_0)
FN:18,(anonymous_1)
FN:28,(anonymous_2)
FN:29,(anonymous_3)
FN:44,DrawerComponent
FNF:5
FNH:4
FNDA:0,(anonymous_0)
FNDA:2,(anonymous_1)
FNDA:4,(anonymous_2)
FNDA:1,(anonymous_3)
FNDA:1,DrawerComponent
DA:1,1
DA:2,1
DA:3,1
DA:4,1
DA:5,1
DA:6,1
DA:7,1
DA:8,1
DA:10,1
DA:12,1
DA:18,2
DA:27,1
DA:28,4
DA:29,1
DA:53,1
DA:67,1
LF:16
LH:16
BRDA:34,0,0,1
BRDA:34,0,1,0
BRDA:38,1,0,1
BRDA:38,1,1,1
BRF:4
BRH:3
end_of_record
TN:
SF:src/page/DrawerHeaderComponent.tsx
FN:7,(anonymous_0)
FN:16,(anonymous_1)
FN:25,DrawerHeaderComponent
FNF:3
FNH:3
FNDA:1,(anonymous_0)
FNDA:1,(anonymous_1)
FNDA:1,DrawerHeaderComponent
DA:1,1
DA:2,1
DA:3,1
DA:4,1
DA:5,1
DA:7,1
DA:16,1
DA:29,1
DA:38,1
LF:9
LH:9
BRDA:32,0,0,0
BRDA:32,0,1,1
BRF:2
BRH:1
end_of_record
TN:
SF:src/page/Footer.tsx
FN:11,Copyright
FN:34,Acknowledgements
FN:56,RenderFooter
FN:67,Footer
FNF:4
FNH:4
FNDA:1,Copyright
FNDA:1,Acknowledgements
FNDA:1,RenderFooter
FNDA:1,Footer
DA:1,1
DA:2,1
DA:3,1
DA:4,1
DA:12,1
DA:35,1
DA:57,1
DA:68,1
DA:71,1
LF:9
LH:9
BRF:0
BRH:0
end_of_record
TN:
SF:src/page/Layout.tsx
FN:9,MenuLayout
FN:30,Layout
FN:43,(anonymous_2)
FNF:3
FNH:3
FNDA:1,MenuLayout
FNDA:1,Layout
FNDA:2,(anonymous_2)
DA:1,1
DA:2,1
DA:3,1
DA:4,1
DA:5,1
DA:6,1
DA:7,1
DA:10,1
DA:34,1
DA:44,2
DA:56,1
LF:11
LH:11
BRF:0
BRH:0
end_of_record
TN:
SF:src/page/LayoutPublic.tsx
FN:11,(anonymous_0)
FN:29,LayoutPublic
FNF:2
FNH:0
FNDA:0,(anonymous_0)
FNDA:0,LayoutPublic
DA:1,0
DA:2,0
DA:3,0
DA:4,0
DA:5,0
DA:6,0
DA:7,0
DA:8,0
DA:9,0
DA:11,0
DA:12,0
DA:30,0
DA:51,0
LF:13
LH:0
BRF:0
BRH:0
end_of_record
TN:
SF:src/page/Menu.tsx
FN:12,(anonymous_0)
FN:14,(anonymous_1)
FN:21,MiniDrawer
FN:24,(anonymous_3)
FN:25,(anonymous_4)
FN:27,(anonymous_5)
FN:28,(anonymous_6)
FNF:7
FNH:3
FNDA:1,(anonymous_0)
FNDA:5,(anonymous_1)
FNDA:1,MiniDrawer
FNDA:0,(anonymous_3)
FNDA:0,(anonymous_4)
FNDA:0,(anonymous_5)
FNDA:0,(anonymous_6)
DA:1,1
DA:2,1
DA:3,1
DA:4,1
DA:5,1
DA:7,1
DA:8,1
DA:10,1
DA:12,1
DA:13,1
DA:14,5
DA:15,1
DA:17,1
DA:18,1
DA:23,1
DA:24,1
DA:25,1
DA:26,0
DA:27,1
DA:28,1
DA:29,1
DA:48,1
LF:22
LH:21
BRF:0
BRH:0
end_of_record
TN:
SF:src/page/MenuItems.tsx
FN:39,MenuItems
FN:42,(anonymous_1)
FNF:2
FNH:2
FNDA:1,MenuItems
FNDA:3,(anonymous_1)
DA:1,1
DA:2,1
DA:3,1
DA:4,1
DA:5,1
DA:6,1
DA:7,1
DA:9,1
DA:23,1
DA:40,1
DA:43,3
DA:60,1
LF:12
LH:12
BRDA:46,0,0,0
BRDA:46,0,1,3
BRF:2
BRH:1
end_of_record
TN:
SF:src/page/MenuToolbar.tsx
FN:23,(anonymous_7)
FN:38,(anonymous_8)
FN:39,(anonymous_9)
FN:58,MenuToolbar
FN:70,(anonymous_11)
FN:70,(anonymous_12)
FNF:6
FNH:4
FNDA:3,(anonymous_7)
FNDA:5,(anonymous_8)
FNDA:1,(anonymous_9)
FNDA:1,MenuToolbar
FNDA:0,(anonymous_11)
FNDA:0,(anonymous_12)
DA:1,1
DA:2,1
DA:3,1
DA:4,1
DA:5,1
DA:6,1
DA:7,1
DA:8,1
DA:9,1
DA:10,1
DA:11,1
DA:12,1
DA:13,1
DA:14,1
DA:15,1
DA:16,1
DA:23,1
DA:30,3
DA:37,1
DA:38,5
DA:39,1
DA:66,1
DA:67,1
DA:68,1
DA:70,1
DA:71,0
DA:72,0
DA:75,1
DA:129,1
DA:130,1
LF:30
LH:28
BRDA:32,0,0,0
BRDA:32,0,1,3
BRDA:42,1,0,1
BRDA:42,1,1,0
BRDA:71,2,0,0
BRDA:85,3,0,1
BRDA:85,3,1,0
BRF:7
BRH:3
end_of_record
TN:
SF:src/preview/components/asset/AssetBoard.tsx
FN:29,(anonymous_7)
FN:42,(anonymous_8)
FN:47,(anonymous_9)
FN:48,(anonymous_10)
FN:52,(anonymous_11)
FN:53,(anonymous_12)
FN:53,(anonymous_13)
FN:59,(anonymous_14)
FN:69,(anonymous_15)
FNF:9
FNH:9
FNDA:3,(anonymous_7)
FNDA:1,(anonymous_8)
FNDA:4,(anonymous_9)
FNDA:4,(anonymous_10)
FNDA:4,(anonymous_11)
FNDA:4,(anonymous_12)
FNDA:4,(anonymous_13)
FNDA:1,(anonymous_14)
FNDA:3,(anonymous_15)
DA:1,2
DA:2,2
DA:3,2
DA:5,2
DA:6,2
DA:8,2
DA:10,2
DA:29,2
DA:30,3
DA:42,1
DA:47,2
DA:48,4
DA:49,4
DA:50,4
DA:52,4
DA:53,4
DA:54,4
DA:56,4
DA:59,4
DA:60,1
DA:63,4
DA:64,1
DA:67,3
DA:70,3
DA:81,2
LF:25
LH:25
BRDA:39,0,0,1
BRDA:39,0,1,2
BRDA:63,1,0,1
BRF:3
BRH:3
end_of_record
TN:
SF:src/preview/components/asset/AssetCard.tsx
FN:62,CardActionAreaContainer
FN:64,(anonymous_1)
FN:89,CardButtonsContainerManage
FN:104,CardButtonsContainerExecute
FN:123,AssetCard
FN:142,AssetCardManage
FN:184,AssetCardExecute
FNF:7
FNH:7
FNDA:2,CardActionAreaContainer
FNDA:2,(anonymous_1)
FNDA:1,CardButtonsContainerManage
FNDA:1,CardButtonsContainerExecute
FNDA:2,AssetCard
FNDA:1,AssetCardManage
FNDA:1,AssetCardExecute
DA:1,2
DA:2,2
DA:3,2
DA:4,2
DA:5,2
DA:6,2
DA:7,2
DA:8,2
DA:9,2
DA:10,2
DA:11,2
DA:13,2
DA:14,2
DA:15,2
DA:16,2
DA:17,2
DA:18,2
DA:20,2
DA:21,2
DA:22,2
DA:47,2
DA:56,2
DA:63,2
DA:64,2
DA:67,2
DA:95,1
DA:108,1
DA:109,1
DA:124,2
DA:143,1
DA:144,1
DA:145,1
DA:146,1
DA:148,1
DA:185,1
DA:186,1
DA:187,1
DA:189,1
DA:212,2
LF:39
LH:39
BRDA:149,0,0,1
BRDA:149,0,1,1
BRDA:190,1,0,1
BRDA:190,1,1,1
BRF:4
BRH:4
end_of_record
TN:
SF:src/preview/components/asset/DeleteButton.tsx
FN:9,(anonymous_0)
FN:15,DeleteButton
FN:21,(anonymous_2)
FNF:3
FNH:3
FNDA:1,(anonymous_0)
FNDA:3,DeleteButton
FNDA:1,(anonymous_2)
DA:1,3
DA:3,3
DA:9,3
DA:12,1
DA:16,3
DA:21,1
DA:28,3
LF:7
LH:7
BRF:0
BRH:0
end_of_record
TN:
SF:src/preview/components/asset/DetailsButton.tsx
FN:13,(anonymous_7)
FN:16,(anonymous_8)
FN:21,DetailsButton
FN:28,(anonymous_10)
FNF:4
FNH:4
FNDA:1,(anonymous_7)
FNDA:1,(anonymous_8)
FNDA:3,DetailsButton
FNDA:1,(anonymous_10)
DA:1,3
DA:3,3
DA:4,3
DA:5,3
DA:13,3
DA:16,1
DA:17,1
DA:18,1
DA:22,3
DA:23,3
DA:28,1
DA:35,3
LF:12
LH:12
BRF:0
BRH:0
end_of_record
TN:
SF:src/preview/components/asset/LogButton.tsx
FN:10,(anonymous_0)
FN:13,(anonymous_1)
FN:16,LogButton
FN:22,(anonymous_3)
FNF:4
FNH:4
FNDA:3,(anonymous_0)
FNDA:2,(anonymous_1)
FNDA:5,LogButton
FNDA:3,(anonymous_3)
DA:1,3
DA:3,3
DA:10,3
DA:13,3
DA:17,5
DA:22,3
DA:30,3
LF:7
LH:7
BRF:0
BRH:0
end_of_record
TN:
SF:src/preview/components/asset/ReconfigureButton.tsx
FN:9,(anonymous_0)
FN:12,(anonymous_1)
FN:15,ReconfigureButton
FN:21,(anonymous_3)
FNF:4
FNH:4
FNDA:2,(anonymous_0)
FNDA:2,(anonymous_1)
FNDA:3,ReconfigureButton
FNDA:2,(anonymous_3)
DA:1,3
DA:2,3
DA:9,3
DA:12,2
DA:16,3
DA:21,2
DA:28,3
LF:7
LH:7
BRF:0
BRH:0
end_of_record
TN:
SF:src/preview/components/asset/StartStopButton.tsx
FN:18,StartStopButton
FN:36,(anonymous_1)
FNF:2
FNH:2
FNDA:5,StartStopButton
FNDA:1,(anonymous_1)
DA:1,3
DA:2,3
DA:3,3
DA:4,3
DA:5,3
DA:6,3
DA:22,5
DA:24,5
DA:25,5
DA:27,5
DA:37,1
DA:52,3
LF:12
LH:12
BRDA:29,0,0,1
BRDA:29,0,1,4
BRDA:29,1,0,3
BRDA:29,1,1,2
BRDA:29,2,0,5
BRDA:29,2,1,5
BRF:6
BRH:6
end_of_record
TN:
SF:src/preview/route/digitaltwins/DigitalTwinTabDataPreview.ts
FNF:0
FNH:0
DA:3,1
DA:22,1
LF:2
LH:2
BRF:0
BRH:0
end_of_record
TN:
SF:src/preview/route/digitaltwins/DigitalTwinsPreview.tsx
FN:19,(anonymous_0)
FN:25,(anonymous_1)
FN:30,(anonymous_2)
FN:49,(anonymous_3)
FN:53,(anonymous_4)
FN:54,(anonymous_5)
FN:81,DigitalTwinsPreview
FNF:7
FNH:7
FNDA:1,(anonymous_0)
FNDA:4,(anonymous_1)
FNDA:3,(anonymous_2)
FNDA:1,(anonymous_3)
FNDA:1,(anonymous_4)
FNDA:3,(anonymous_5)
FNDA:1,DigitalTwinsPreview
DA:1,1
DA:2,1
DA:3,1
DA:4,1
DA:5,1
DA:6,1
DA:8,1
DA:9,1
DA:10,1
DA:11,1
DA:12,1
DA:19,1
DA:23,1
DA:26,4
DA:30,3
DA:49,1
DA:50,1
DA:51,1
DA:53,1
DA:54,1
DA:55,3
DA:66,1
DA:81,1
DA:82,1
LF:24
LH:24
BRDA:26,0,0,4
BRDA:26,0,1,3
BRDA:26,0,2,2
BRDA:33,1,0,1
BRDA:33,1,1,2
BRF:5
BRH:5
end_of_record
TN:
SF:src/preview/route/digitaltwins/Snackbar.tsx
FN:8,(anonymous_0)
FN:12,(anonymous_1)
FN:15,(anonymous_2)
FNF:3
FNH:3
FNDA:3,(anonymous_0)
FNDA:1,(anonymous_1)
FNDA:1,(anonymous_2)
DA:1,2
DA:2,2
DA:3,2
DA:4,2
DA:6,2
DA:8,2
DA:9,3
DA:11,3
DA:12,1
DA:15,3
DA:16,1
DA:19,3
DA:28,2
LF:13
LH:13
BRF:0
BRH:0
end_of_record
TN:
SF:src/preview/route/digitaltwins/create/ChangeFileNameDialog.tsx
FN:24,(anonymous_0)
FN:34,(anonymous_1)
FN:37,(anonymous_2)
FN:41,(anonymous_3)
FN:58,(anonymous_4)
FN:64,(anonymous_5)
FN:70,(anonymous_6)
FNF:7
FNH:6
FNDA:6,(anonymous_0)
FNDA:0,(anonymous_1)
FNDA:4,(anonymous_2)
FNDA:1,(anonymous_3)
FNDA:1,(anonymous_4)
FNDA:1,(anonymous_5)
FNDA:1,(anonymous_6)
DA:1,2
DA:2,2
DA:11,2
DA:12,2
DA:13,2
DA:24,2
DA:31,6
DA:32,6
DA:34,6
DA:35,6
DA:37,6
DA:38,4
DA:41,6
DA:42,1
DA:43,1
DA:44,1
DA:47,6
DA:58,1
DA:64,1
DA:71,1
DA:91,2
LF:21
LH:21
BRF:0
BRH:0
end_of_record
TN:
SF:src/preview/route/digitaltwins/create/ConfirmDeleteDialog.tsx
FN:21,(anonymous_0)
FN:31,(anonymous_1)
FN:33,(anonymous_2)
FN:40,(anonymous_3)
FN:42,(anonymous_4)
FN:65,(anonymous_5)
FNF:6
FNH:5
FNDA:3,(anonymous_0)
FNDA:0,(anonymous_1)
FNDA:1,(anonymous_2)
FNDA:3,(anonymous_3)
FNDA:3,(anonymous_4)
FNDA:1,(anonymous_5)
DA:1,2
DA:3,2
DA:4,2
DA:8,2
DA:10,2
DA:21,2
DA:29,3
DA:31,3
DA:33,3
DA:34,1
DA:35,1
DA:36,1
DA:37,1
DA:38,1
DA:40,1
DA:41,3
DA:42,3
DA:44,3
DA:45,2
DA:56,1
DA:59,3
DA:65,1
DA:74,2
LF:23
LH:23
BRDA:42,0,0,3
BRDA:42,0,1,1
BRDA:44,1,0,2
BRF:3
BRH:3
end_of_record
TN:
SF:src/preview/route/digitaltwins/create/CreateDTDialog.tsx
FN:35,(anonymous_7)
FN:42,(anonymous_8)
FN:60,(anonymous_9)
FN:72,(anonymous_10)
FN:82,(anonymous_11)
FN:103,(anonymous_12)
FN:114,(anonymous_13)
FN:128,(anonymous_14)
FN:140,(anonymous_15)
FNF:9
FNH:8
FNDA:1,(anonymous_7)
FNDA:1,(anonymous_8)
FNDA:3,(anonymous_9)
FNDA:3,(anonymous_10)
FNDA:3,(anonymous_11)
FNDA:5,(anonymous_12)
FNDA:0,(anonymous_13)
FNDA:1,(anonymous_14)
FNDA:3,(anonymous_15)
DA:1,2
DA:3,2
DA:10,2
DA:11,2
DA:14,2
DA:15,2
DA:16,2
DA:21,2
DA:35,2
DA:39,1
DA:42,2
DA:48,1
DA:54,1
DA:55,1
DA:57,1
DA:60,2
DA:66,3
DA:67,3
DA:68,3
DA:69,3
DA:72,2
DA:82,3
DA:83,3
DA:85,2
DA:86,2
DA:88,2
DA:89,1
DA:91,1
DA:94,2
DA:100,2
DA:103,2
DA:114,5
DA:115,5
DA:117,5
DA:129,1
DA:141,3
DA:161,2
LF:37
LH:37
BRDA:83,0,0,1
BRDA:88,1,0,1
BRDA:88,1,1,1
BRF:3
BRH:3
end_of_record
TN:
SF:src/preview/route/digitaltwins/create/CreateDialogs.tsx
FN:27,(anonymous_0)
FNF:1
FNH:1
FNDA:4,(anonymous_0)
DA:1,2
DA:3,2
DA:4,2
DA:5,2
DA:6,2
DA:27,2
DA:28,4
DA:68,2
LF:8
LH:8
BRF:0
BRH:0
end_of_record
TN:
SF:src/preview/route/digitaltwins/create/CreatePage.tsx
FN:14,DigitalTwinNameInput
FN:34,ActionButtons
FN:68,CreatePage
FN:82,(anonymous_3)
FN:86,(anonymous_4)
FN:109,(anonymous_5)
FNF:6
FNH:6
FNDA:7,DigitalTwinNameInput
FNDA:7,ActionButtons
FNDA:7,CreatePage
FNDA:1,(anonymous_3)
FNDA:1,(anonymous_4)
FNDA:1,(anonymous_5)
DA:1,2
DA:2,2
DA:3,2
DA:4,2
DA:5,2
DA:6,2
DA:7,2
DA:21,7
DA:43,7
DA:72,7
DA:73,7
DA:74,7
DA:76,7
DA:77,7
DA:78,7
DA:79,7
DA:80,7
DA:82,7
DA:83,1
DA:86,7
DA:87,1
DA:88,1
DA:91,7
DA:109,1
DA:154,2
LF:25
LH:25
BRF:0
BRH:0
end_of_record
TN:
SF:src/preview/route/digitaltwins/create/DeleteFileDialog.tsx
FN:15,(anonymous_0)
FN:24,(anonymous_1)
FN:38,(anonymous_2)
FNF:3
FNH:3
FNDA:3,(anonymous_0)
FNDA:1,(anonymous_1)
FNDA:1,(anonymous_2)
DA:1,2
DA:3,2
DA:4,2
DA:5,2
DA:15,2
DA:22,3
DA:24,3
DA:25,1
DA:26,1
DA:27,1
DA:28,1
DA:31,3
DA:38,1
DA:49,2
LF:14
LH:14
BRF:0
BRH:0
end_of_record
TN:
SF:src/preview/route/digitaltwins/create/FileActionButtons.tsx
FN:6,FileActionButtons
FN:20,(anonymous_1)
FN:28,(anonymous_2)
FNF:3
FNH:3
FNDA:3,FileActionButtons
FNDA:1,(anonymous_1)
FNDA:1,(anonymous_2)
DA:1,2
DA:2,2
DA:3,2
DA:4,2
DA:15,3
DA:20,1
DA:28,1
DA:37,2
LF:8
LH:8
BRDA:17,0,0,3
BRDA:17,0,1,3
BRDA:17,0,2,3
BRDA:25,1,0,3
BRDA:25,1,1,3
BRDA:25,1,2,3
BRF:6
BRH:6
end_of_record
TN:
SF:src/preview/route/digitaltwins/editor/Editor.tsx
FN:19,Editor
FN:31,(anonymous_1)
FNF:2
FNH:2
FNDA:19,Editor
FNDA:1,(anonymous_1)
DA:1,3
DA:2,3
DA:3,3
DA:4,3
DA:5,3
DA:6,3
DA:29,19
DA:31,19
DA:32,1
DA:35,19
DA:101,3
LF:11
LH:11
BRDA:83,0,0,19
BRDA:83,0,1,18
BRDA:91,1,0,19
BRDA:91,1,1,1
BRF:4
BRH:4
end_of_record
TN:
SF:src/preview/route/digitaltwins/editor/EditorTab.tsx
FN:14,(anonymous_0)
FN:47,EditorTab
FN:56,(anonymous_2)
FN:66,(anonymous_3)
FNF:4
FNH:2
FNDA:0,(anonymous_0)
FNDA:23,EditorTab
FNDA:11,(anonymous_2)
FNDA:0,(anonymous_3)
DA:1,3
DA:2,3
DA:3,3
DA:4,3
DA:5,3
DA:14,3
DA:22,0
DA:23,0
DA:24,0
DA:26,0
DA:27,0
DA:36,0
DA:53,23
DA:54,23
DA:56,23
DA:57,11
DA:60,23
DA:67,0
DA:106,3
LF:19
LH:12
BRDA:22,0,0,0
BRDA:22,0,1,0
BRDA:26,1,0,0
BRDA:26,1,1,0
BRDA:80,2,0,23
BRDA:80,2,1,20
BRF:6
BRH:2
end_of_record
TN:
SF:src/preview/route/digitaltwins/editor/PreviewTab.tsx
FN:13,PreviewTab
FNF:1
FNH:1
FNDA:5,PreviewTab
DA:1,3
DA:2,3
DA:3,3
DA:5,3
DA:6,3
DA:14,5
DA:15,1
DA:20,1
DA:22,1
DA:65,4
DA:66,1
DA:68,3
DA:69,2
DA:71,1
DA:74,3
LF:15
LH:15
BRDA:14,0,0,1
BRDA:65,1,0,1
BRDA:68,2,0,2
BRDA:68,3,0,3
BRDA:68,3,1,2
BRF:5
BRH:5
end_of_record
TN:
SF:src/preview/route/digitaltwins/editor/Sidebar.tsx
FN:26,(anonymous_7)
FN:38,(anonymous_8)
FN:41,(anonymous_9)
FN:44,(anonymous_10)
FN:46,(anonymous_11)
FN:46,(anonymous_12)
FN:93,(anonymous_13)
FNF:7
FNH:5
FNDA:9,(anonymous_7)
FNDA:0,(anonymous_8)
FNDA:0,(anonymous_9)
FNDA:5,(anonymous_10)
FNDA:3,(anonymous_11)
FNDA:3,(anonymous_12)
FNDA:1,(anonymous_13)
DA:1,2
DA:2,2
DA:3,2
DA:4,2
DA:5,2
DA:8,2
DA:9,2
DA:16,2
DA:26,2
DA:33,9
DA:34,9
DA:35,9
DA:36,9
DA:38,9
DA:39,0
DA:41,9
DA:42,9
DA:44,9
DA:45,5
DA:46,3
DA:47,3
DA:48,3
DA:50,3
DA:54,9
DA:55,3
DA:76,6
DA:93,1
DA:187,2
LF:28
LH:27
BRDA:39,0,0,0
BRDA:39,0,1,0
BRDA:45,1,0,3
BRDA:45,2,0,5
BRDA:45,2,1,3
BRDA:54,3,0,3
BRDA:90,4,0,6
BRDA:90,4,1,3
BRDA:112,5,0,3
BRDA:112,5,1,3
BRF:10
BRH:8
end_of_record
TN:
SF:src/preview/route/digitaltwins/editor/SidebarDialog.tsx
FN:29,(anonymous_0)
FN:49,(anonymous_1)
FN:55,(anonymous_2)
FN:66,(anonymous_3)
FNF:4
FNH:4
FNDA:10,(anonymous_0)
FNDA:1,(anonymous_1)
FNDA:1,(anonymous_2)
FNDA:1,(anonymous_3)
DA:1,3
DA:3,3
DA:13,3
DA:29,3
DA:39,10
DA:49,1
DA:56,1
DA:67,1
DA:85,3
LF:9
LH:9
BRDA:51,0,0,10
BRDA:51,0,1,4
BRF:2
BRH:2
end_of_record
TN:
SF:src/preview/route/digitaltwins/editor/sidebarFunctions.tsx
FN:8,(anonymous_7)
FN:16,(anonymous_8)
FN:16,(anonymous_9)
FN:22,(anonymous_10)
FN:51,(anonymous_11)
FN:65,(anonymous_12)
FN:70,(anonymous_13)
FN:86,(anonymous_14)
FN:89,(anonymous_15)
FN:91,(anonymous_16)
FN:93,(anonymous_17)
FN:105,(anonymous_18)
FN:110,(anonymous_19)
FN:126,(anonymous_20)
FN:133,(anonymous_21)
FN:145,(anonymous_22)
FN:154,(anonymous_23)
FN:175,(anonymous_24)
FN:181,(anonymous_25)
FN:198,(anonymous_26)
FN:210,(anonymous_27)
FN:216,(anonymous_28)
FN:226,(anonymous_29)
FN:235,(anonymous_30)
FNF:24
FNH:22
FNDA:8,(anonymous_7)
FNDA:3,(anonymous_8)
FNDA:3,(anonymous_9)
FNDA:2,(anonymous_10)
FNDA:10,(anonymous_11)
FNDA:10,(anonymous_12)
FNDA:1,(anonymous_13)
FNDA:10,(anonymous_14)
FNDA:3,(anonymous_15)
FNDA:2,(anonymous_16)
FNDA:10,(anonymous_17)
FNDA:1,(anonymous_18)
FNDA:1,(anonymous_19)
FNDA:0,(anonymous_20)
FNDA:0,(anonymous_21)
FNDA:2,(anonymous_22)
FNDA:1,(anonymous_23)
FNDA:2,(anonymous_24)
FNDA:2,(anonymous_25)
FNDA:2,(anonymous_26)
FNDA:1,(anonymous_27)
FNDA:1,(anonymous_28)
FNDA:3,(anonymous_29)
FNDA:3,(anonymous_30)
DA:1,4
DA:5,4
DA:6,4
DA:8,4
DA:9,8
DA:10,8
DA:11,7
DA:12,3
DA:13,4
DA:16,4
DA:17,3
DA:18,3
DA:19,3
DA:22,4
DA:31,2
DA:32,1
DA:39,1
DA:40,1
DA:51,4
DA:61,10
DA:66,10
DA:71,1
DA:86,4
DA:87,10
DA:89,3
DA:91,2
DA:93,4
DA:104,10
DA:106,1
DA:111,1
DA:126,4
DA:133,0
DA:134,0
DA:135,0
DA:145,4
DA:153,2
DA:154,1
DA:156,2
DA:157,1
DA:165,1
DA:175,4
DA:181,2
DA:182,2
DA:183,2
DA:184,1
DA:185,1
DA:194,1
DA:198,4
DA:205,2
DA:206,2
DA:207,2
DA:210,4
DA:213,1
DA:216,4
DA:221,1
DA:222,1
DA:223,1
DA:226,4
DA:234,3
DA:235,3
DA:238,3
DA:239,1
DA:240,1
DA:243,2
DA:244,1
DA:245,1
DA:248,1
DA:249,1
DA:251,1
DA:261,1
DA:262,1
LF:71
LH:68
BRDA:9,0,0,0
BRDA:9,0,1,8
BRDA:9,1,0,8
BRDA:9,1,1,8
BRDA:10,2,0,1
BRDA:11,3,0,3
BRDA:11,4,0,7
BRDA:11,4,1,6
BRDA:11,4,2,5
BRDA:31,5,0,1
BRDA:31,5,1,1
BRDA:39,6,0,1
BRDA:89,7,0,3
BRDA:89,7,1,2
BRDA:133,8,0,0
BRDA:133,8,1,0
BRDA:134,9,0,0
BRDA:154,10,0,1
BRDA:154,10,1,1
BRDA:154,10,2,1
BRDA:156,11,0,1
BRDA:156,11,1,1
BRDA:184,12,0,1
BRDA:238,13,0,1
BRDA:243,14,0,1
BRF:25
BRH:21
end_of_record
TN:
SF:src/preview/route/digitaltwins/execute/LogDialog.tsx
FN:21,(anonymous_0)
FN:25,LogDialog
FN:34,(anonymous_2)
FN:48,(anonymous_3)
FNF:4
FNH:4
FNDA:1,(anonymous_0)
FNDA:3,LogDialog
FNDA:2,(anonymous_2)
FNDA:1,(anonymous_3)
DA:1,2
DA:3,2
DA:11,2
DA:12,2
DA:13,2
DA:21,2
DA:22,1
DA:26,3
DA:28,3
DA:35,2
DA:48,1
DA:56,2
LF:12
LH:12
BRDA:32,0,0,2
BRDA:32,0,1,1
BRF:2
BRH:2
end_of_record
TN:
SF:src/preview/route/digitaltwins/execute/pipelineChecks.ts
FN:18,(anonymous_7)
FN:19,(anonymous_8)
FN:23,(anonymous_9)
FN:26,(anonymous_10)
FN:42,(anonymous_11)
FN:47,(anonymous_12)
FN:55,(anonymous_13)
FN:100,(anonymous_14)
FN:107,(anonymous_15)
FN:126,(anonymous_16)
FN:134,(anonymous_17)
FNF:11
FNH:11
FNDA:2,(anonymous_7)
FNDA:2,(anonymous_8)
FNDA:3,(anonymous_9)
FNDA:4,(anonymous_10)
FNDA:3,(anonymous_11)
FNDA:7,(anonymous_12)
FNDA:7,(anonymous_13)
FNDA:3,(anonymous_14)
FNDA:3,(anonymous_15)
FNDA:4,(anonymous_16)
FNDA:4,(anonymous_17)
DA:3,4
DA:4,4
DA:8,4
DA:17,4
DA:18,4
DA:19,2
DA:20,2
DA:23,4
DA:24,3
DA:26,4
DA:32,4
DA:38,4
DA:39,4
DA:42,4
DA:43,3
DA:44,3
DA:47,4
DA:55,7
DA:56,7
DA:61,7
DA:62,1
DA:69,6
DA:70,1
DA:74,1
DA:81,5
DA:82,2
DA:89,3
DA:90,1
DA:100,4
DA:107,3
DA:108,3
DA:109,3
DA:116,3
DA:117,1
DA:126,4
DA:134,4
DA:135,4
DA:136,4
DA:141,4
DA:142,2
DA:150,2
DA:151,1
DA:158,1
DA:159,1
LF:44
LH:44
BRDA:61,0,0,1
BRDA:61,0,1,6
BRDA:69,1,0,1
BRDA:69,1,1,5
BRDA:81,2,0,2
BRDA:81,2,1,3
BRDA:116,3,0,1
BRDA:141,4,0,2
BRDA:141,4,1,2
BRDA:141,5,0,4
BRDA:141,5,1,2
BRDA:150,6,0,1
BRDA:150,6,1,1
BRF:13
BRH:13
end_of_record
TN:
SF:src/preview/route/digitaltwins/execute/pipelineHandler.ts
FN:12,(anonymous_7)
FN:32,(anonymous_8)
FN:38,(anonymous_9)
FN:56,(anonymous_10)
FN:60,(anonymous_11)
FN:83,(anonymous_12)
FN:83,(anonymous_13)
FNF:7
FNH:7
FNDA:2,(anonymous_7)
FNDA:3,(anonymous_8)
FNDA:3,(anonymous_9)
FNDA:2,(anonymous_10)
FNDA:2,(anonymous_11)
FNDA:1,(anonymous_12)
FNDA:1,(anonymous_13)
DA:2,3
DA:4,3
DA:5,3
DA:10,3
DA:12,3
DA:19,2
DA:20,1
DA:28,1
DA:32,3
DA:38,3
DA:39,3
DA:40,2
DA:41,2
DA:42,2
DA:43,2
DA:44,2
DA:50,2
DA:52,1
DA:56,3
DA:60,2
DA:61,2
DA:62,2
DA:63,1
DA:72,1
DA:79,2
DA:83,3
DA:84,1
DA:85,1
DA:89,1
LF:29
LH:29
BRDA:19,0,0,1
BRDA:19,0,1,1
BRDA:39,1,0,2
BRDA:39,1,1,1
BRDA:84,2,0,1
BRDA:84,3,0,1
BRDA:84,3,1,1
BRF:7
BRH:7
end_of_record
TN:
SF:src/preview/route/digitaltwins/execute/pipelineUtils.ts
FN:12,(anonymous_7)
FN:16,(anonymous_8)
FN:32,(anonymous_9)
FN:50,(anonymous_10)
FN:74,(anonymous_11)
FN:94,(anonymous_12)
FN:97,(anonymous_13)
FN:102,(anonymous_14)
FN:102,(anonymous_15)
FN:116,(anonymous_16)
FNF:10
FNH:10
FNDA:4,(anonymous_7)
FNDA:4,(anonymous_8)
FNDA:2,(anonymous_9)
FNDA:1,(anonymous_10)
FNDA:2,(anonymous_11)
FNDA:1,(anonymous_12)
FNDA:1,(anonymous_13)
FNDA:1,(anonymous_14)
FNDA:1,(anonymous_15)
FNDA:1,(anonymous_16)
DA:2,4
DA:4,4
DA:10,4
DA:12,4
DA:16,4
DA:17,4
DA:19,4
DA:22,4
DA:29,4
DA:32,4
DA:36,2
DA:42,2
DA:50,4
DA:57,1
DA:58,1
DA:64,1
DA:70,1
DA:71,1
DA:74,4
DA:79,2
DA:80,2
DA:86,2
DA:94,4
DA:97,1
DA:98,1
DA:102,1
DA:103,1
DA:107,1
DA:108,1
DA:117,1
DA:123,1
DA:125,1
LF:32
LH:32
BRDA:19,0,0,1
BRDA:19,0,1,3
BRDA:26,1,0,1
BRDA:26,1,1,3
BRDA:107,2,0,1
BRF:5
BRH:5
end_of_record
TN:
SF:src/preview/route/digitaltwins/manage/DeleteDialog.tsx
FN:22,(anonymous_7)
FN:28,(anonymous_8)
FN:33,(anonymous_9)
FN:45,DeleteDialog
FN:64,(anonymous_11)
FN:70,(anonymous_12)
FNF:6
FNH:6
FNDA:1,(anonymous_7)
FNDA:2,(anonymous_8)
FNDA:2,(anonymous_9)
FNDA:4,DeleteDialog
FNDA:1,(anonymous_11)
FNDA:2,(anonymous_12)
DA:1,2
DA:3,2
DA:10,2
DA:11,2
DA:12,2
DA:13,2
DA:22,2
DA:25,1
DA:28,2
DA:33,2
DA:34,2
DA:35,2
DA:36,2
DA:37,2
DA:51,4
DA:52,4
DA:53,4
DA:64,1
DA:71,2
DA:81,2
LF:20
LH:20
BRDA:40,0,0,1
BRDA:40,0,1,1
BRF:2
BRH:2
end_of_record
TN:
SF:src/preview/route/digitaltwins/manage/DetailsDialog.tsx
FN:17,(anonymous_0)
FN:23,DetailsDialog
FN:49,(anonymous_2)
FNF:3
FNH:3
FNDA:1,(anonymous_0)
FNDA:2,DetailsDialog
FNDA:1,(anonymous_2)
DA:1,2
DA:3,2
DA:4,2
DA:5,2
DA:7,2
DA:8,2
DA:9,2
DA:17,2
DA:20,1
DA:28,2
DA:30,2
DA:35,2
DA:49,1
DA:80,2
LF:14
LH:14
BRF:0
BRH:0
end_of_record
TN:
SF:src/preview/route/digitaltwins/manage/ReconfigureDialog.tsx
FN:34,(anonymous_7)
FN:40,ReconfigureDialog
FN:54,(anonymous_9)
FN:55,(anonymous_10)
FN:56,(anonymous_11)
FN:57,(anonymous_12)
FN:59,(anonymous_13)
FN:59,(anonymous_14)
FN:65,(anonymous_15)
FN:104,(anonymous_16)
FN:109,(anonymous_17)
FN:118,(anonymous_18)
FN:122,(anonymous_19)
FN:144,(anonymous_20)
FN:156,(anonymous_21)
FN:183,(anonymous_22)
FN:218,(anonymous_23)
FNF:17
FNH:14
FNDA:1,(anonymous_7)
FNDA:16,ReconfigureDialog
FNDA:3,(anonymous_9)
FNDA:1,(anonymous_10)
FNDA:0,(anonymous_11)
FNDA:0,(anonymous_12)
FNDA:3,(anonymous_13)
FNDA:3,(anonymous_14)
FNDA:1,(anonymous_15)
FNDA:3,(anonymous_16)
FNDA:3,(anonymous_17)
FNDA:7,(anonymous_18)
FNDA:7,(anonymous_19)
FNDA:3,(anonymous_20)
FNDA:16,(anonymous_21)
FNDA:0,(anonymous_22)
FNDA:32,(anonymous_23)
DA:4,2
DA:5,2
DA:6,2
DA:14,2
DA:15,2
DA:20,2
DA:24,2
DA:25,2
DA:26,2
DA:34,2
DA:37,1
DA:45,16
DA:46,16
DA:47,16
DA:48,16
DA:49,16
DA:50,16
DA:51,16
DA:52,16
DA:54,16
DA:55,16
DA:56,16
DA:57,16
DA:59,16
DA:60,3
DA:61,3
DA:62,3
DA:65,16
DA:66,1
DA:67,1
DA:68,1
DA:71,16
DA:104,2
DA:109,3
DA:110,3
DA:111,6
DA:114,3
DA:115,3
DA:118,2
DA:122,7
DA:123,7
DA:124,7
DA:126,6
DA:127,3
DA:135,1
DA:144,2
DA:148,3
DA:156,2
DA:181,16
DA:183,0
DA:218,2
DA:229,32
DA:240,2
LF:53
LH:52
BRDA:126,0,0,3
BRF:1
BRH:1
end_of_record
TN:
SF:src/preview/store/assets.slice.ts
FN:16,(anonymous_0)
FN:19,(anonymous_1)
FN:21,(anonymous_2)
FNF:3
FNH:3
FNDA:1,(anonymous_0)
FNDA:1,(anonymous_1)
FNDA:1,(anonymous_2)
DA:1,16
DA:8,16
DA:12,16
DA:17,1
DA:20,1
DA:21,1
DA:27,16
DA:29,16
LF:8
LH:8
BRF:0
BRH:0
end_of_record
TN:
SF:src/preview/store/digitalTwin.slice.ts
FN:16,(anonymous_0)
FN:22,(anonymous_1)
FN:31,(anonymous_2)
FN:40,(anonymous_3)
FN:49,(anonymous_4)
FN:61,(anonymous_5)
FN:61,(anonymous_6)
FNF:7
FNH:7
FNDA:1,(anonymous_0)
FNDA:1,(anonymous_1)
FNDA:1,(anonymous_2)
FNDA:1,(anonymous_3)
FNDA:1,(anonymous_4)
FNDA:86,(anonymous_5)
FNDA:4,(anonymous_6)
DA:1,19
DA:10,19
DA:12,19
DA:20,1
DA:26,1
DA:27,1
DA:28,1
DA:35,1
DA:36,1
DA:37,1
DA:44,1
DA:45,1
DA:46,1
DA:53,1
DA:54,1
DA:55,1
DA:61,86
DA:62,4
DA:64,19
DA:71,19
LF:20
LH:20
BRDA:27,0,0,1
BRDA:36,1,0,1
BRDA:45,2,0,1
BRDA:54,3,0,1
BRF:4
BRH:4
end_of_record
TN:
SF:src/preview/store/file.slice.ts
FN:18,(anonymous_1)
FN:24,(anonymous_2)
FN:39,(anonymous_3)
FN:44,(anonymous_4)
FN:61,(anonymous_5)
FN:63,(anonymous_6)
FN:65,(anonymous_7)
FN:66,(anonymous_8)
FN:73,(anonymous_9)
FN:74,(anonymous_10)
FN:80,(anonymous_11)
FN:83,(anonymous_12)
FN:87,(anonymous_13)
FN:88,(anonymous_14)
FN:99,(anonymous_15)
FN:106,(anonymous_16)
FN:107,(anonymous_17)
FN:107,(anonymous_18)
FNF:18
FNH:15
FNDA:6,(anonymous_1)
FNDA:5,(anonymous_2)
FNDA:3,(anonymous_3)
FNDA:6,(anonymous_4)
FNDA:1,(anonymous_5)
FNDA:2,(anonymous_6)
FNDA:1,(anonymous_7)
FNDA:1,(anonymous_8)
FNDA:1,(anonymous_9)
FNDA:1,(anonymous_10)
FNDA:2,(anonymous_11)
FNDA:5,(anonymous_12)
FNDA:1,(anonymous_13)
FNDA:3,(anonymous_14)
FNDA:1,(anonymous_15)
FNDA:0,(anonymous_16)
FNDA:0,(anonymous_17)
FNDA:0,(anonymous_18)
DA:1,22
DA:12,22
DA:14,22
DA:19,6
DA:21,6
DA:23,5
DA:24,5
DA:27,5
DA:28,1
DA:35,4
DA:43,3
DA:44,6
DA:46,3
DA:47,3
DA:48,3
DA:50,3
DA:51,3
DA:52,1
DA:53,2
DA:54,1
DA:56,1
DA:62,1
DA:63,2
DA:65,1
DA:66,1
DA:67,1
DA:68,1
DA:74,1
DA:75,1
DA:76,1
DA:81,2
DA:83,2
DA:84,5
DA:87,2
DA:88,3
DA:89,1
DA:90,1
DA:91,1
DA:95,2
DA:96,2
DA:100,1
DA:105,22
DA:106,0
DA:107,0
DA:110,22
DA:118,22
LF:46
LH:44
BRDA:21,0,0,1
BRDA:24,1,0,5
BRDA:24,1,1,1
BRDA:27,2,0,1
BRDA:27,2,1,4
BRDA:46,3,0,3
BRDA:51,4,0,1
BRDA:51,4,1,2
BRDA:53,5,0,1
BRDA:53,5,1,1
BRDA:63,6,0,2
BRDA:63,6,1,1
BRDA:66,7,0,1
BRDA:66,7,1,1
BRDA:67,8,0,1
BRDA:75,9,0,1
BRDA:89,10,0,1
BRF:17
BRH:17
end_of_record
TN:
SF:src/preview/store/snackbar.slice.ts
FN:20,(anonymous_0)
FN:28,(anonymous_1)
FNF:2
FNH:2
FNDA:3,(anonymous_0)
FNDA:1,(anonymous_1)
DA:2,19
DA:10,19
DA:16,19
DA:24,3
DA:25,3
DA:26,3
DA:29,1
DA:30,1
DA:31,1
DA:36,19
DA:37,19
LF:11
LH:11
BRF:0
BRH:0
end_of_record
TN:
SF:src/preview/util/DTAssets.ts
FN:8,(anonymous_7)
FN:14,getFilePath
FN:29,(anonymous_9)
FN:35,(anonymous_10)
FN:49,(anonymous_12)
FN:64,(anonymous_14)
FN:102,(anonymous_16)
FN:131,(anonymous_18)
FN:136,(anonymous_20)
FN:148,(anonymous_22)
FNF:10
FNH:10
FNDA:10,(anonymous_7)
FNDA:4,getFilePath
FNDA:39,(anonymous_9)
FNDA:3,(anonymous_10)
FNDA:4,(anonymous_12)
FNDA:3,(anonymous_14)
FNDA:5,(anonymous_16)
FNDA:3,(anonymous_18)
FNDA:6,(anonymous_20)
FNDA:6,(anonymous_22)
DA:6,10
DA:8,10
DA:9,10
DA:10,10
DA:11,10
DA:14,10
DA:19,4
DA:30,39
DA:31,39
DA:32,39
DA:40,3
DA:41,4
DA:42,4
DA:43,4
DA:44,4
DA:53,4
DA:55,4
DA:59,4
DA:61,4
DA:65,3
DA:67,3
DA:68,3
DA:70,2
DA:71,2
DA:72,1
DA:75,1
DA:87,1
DA:89,1
DA:90,1
DA:96,1
DA:98,1
DA:103,5
DA:105,5
DA:106,5
DA:108,2
DA:113,2
DA:115,2
DA:116,1
DA:117,1
DA:123,1
DA:125,1
DA:127,3
DA:132,3
DA:133,3
DA:137,6
DA:139,6
DA:143,6
DA:145,4
DA:149,6
DA:153,10
LF:50
LH:50
BRDA:8,0,0,10
BRDA:8,0,1,10
BRDA:19,1,0,1
BRDA:19,1,1,3
BRDA:41,2,0,4
BRDA:43,3,0,1
BRDA:43,3,1,3
BRDA:55,4,0,3
BRDA:55,4,1,1
BRDA:71,5,0,1
BRDA:115,6,0,1
BRDA:115,6,1,1
BRDA:139,7,0,1
BRDA:139,7,1,5
BRF:14
BRH:14
end_of_record
TN:
SF:src/preview/util/digitalTwin.ts
FN:9,(anonymous_7)
FN:10,(anonymous_8)
FN:39,(anonymous_9)
FN:45,(anonymous_10)
FN:57,(anonymous_12)
FN:64,(anonymous_14)
FN:77,(anonymous_15)
FN:87,(anonymous_17)
FN:104,(anonymous_19)
FN:126,(anonymous_21)
FN:147,(anonymous_23)
FN:160,(anonymous_25)
FN:166,(anonymous_27)
FN:170,(anonymous_29)
FNF:14
FNH:14
FNDA:14,(anonymous_7)
FNDA:14,(anonymous_8)
FNDA:32,(anonymous_9)
FNDA:2,(anonymous_10)
FNDA:3,(anonymous_12)
FNDA:1,(anonymous_14)
FNDA:2,(anonymous_15)
FNDA:4,(anonymous_17)
FNDA:3,(anonymous_19)
FNDA:3,(anonymous_21)
FNDA:4,(anonymous_23)
FNDA:2,(anonymous_25)
FNDA:2,(anonymous_27)
FNDA:2,(anonymous_29)
DA:1,8
DA:4,8
DA:5,8
DA:7,8
DA:9,8
DA:10,14
DA:15,32
DA:17,32
DA:23,32
DA:25,32
DA:27,32
DA:29,32
DA:31,32
DA:33,32
DA:35,32
DA:37,32
DA:40,32
DA:41,32
DA:42,32
DA:46,2
DA:47,2
DA:49,2
DA:50,1
DA:52,1
DA:58,3
DA:59,2
DA:60,2
DA:61,2
DA:62,1
DA:65,1
DA:66,1
DA:70,1
DA:73,1
DA:78,2
DA:79,2
DA:88,4
DA:89,2
DA:90,2
DA:93,2
DA:94,2
DA:95,1
DA:96,1
DA:97,1
DA:99,1
DA:100,1
DA:106,3
DA:107,3
DA:108,3
DA:109,2
DA:114,2
DA:116,1
DA:122,1
DA:127,3
DA:128,1
DA:131,2
DA:132,2
DA:134,2
DA:135,2
DA:140,1
DA:141,1
DA:143,1
DA:148,4
DA:149,3
DA:150,3
DA:152,2
DA:154,1
DA:157,1
DA:161,2
DA:167,2
DA:171,2
DA:175,8
LF:71
LH:71
BRDA:46,0,0,2
BRDA:58,1,0,2
BRDA:58,1,1,1
BRDA:88,2,0,2
BRDA:106,3,0,2
BRDA:106,3,1,1
BRDA:127,4,0,1
BRDA:148,5,0,3
BRF:8
BRH:8
end_of_record
TN:
SF:src/preview/util/digitalTwinUtils.ts
FN:5,isValidInstance
FN:12,logSuccess
FN:21,logError
FNF:3
FNH:3
FNDA:1,isValidInstance
FNDA:2,logSuccess
FNDA:3,logError
DA:5,8
DA:6,1
DA:12,8
DA:13,2
DA:18,2
DA:21,8
DA:26,3
DA:32,3
LF:8
LH:8
BRDA:7,0,0,1
BRDA:7,0,1,1
BRF:2
BRH:2
end_of_record
TN:
SF:src/preview/util/fileHandler.ts
FN:6,isValidFileType
FN:26,(anonymous_8)
FN:31,(anonymous_9)
FN:45,(anonymous_11)
FN:59,(anonymous_13)
FN:68,(anonymous_15)
FN:77,(anonymous_17)
FN:95,(anonymous_19)
FN:96,(anonymous_20)
FNF:9
FNH:9
FNDA:14,isValidFileType
FNDA:37,(anonymous_8)
FNDA:3,(anonymous_9)
FNDA:3,(anonymous_11)
FNDA:4,(anonymous_13)
FNDA:11,(anonymous_15)
FNDA:7,(anonymous_17)
FNDA:14,(anonymous_19)
FNDA:5,(anonymous_20)
DA:4,9
DA:6,9
DA:10,14
DA:18,14
DA:27,37
DA:28,37
DA:36,3
DA:50,3
DA:60,4
DA:69,11
DA:74,9
DA:78,7
DA:84,7
DA:86,7
DA:94,4
DA:95,14
DA:96,5
DA:98,3
DA:103,9
LF:19
LH:19
BRDA:11,0,0,14
BRDA:11,0,1,11
BRDA:13,1,0,14
BRDA:13,1,1,11
BRDA:15,2,0,14
BRDA:15,2,1,11
BRF:6
BRH:6
end_of_record
TN:
SF:src/preview/util/fileUtils.ts
FN:9,(anonymous_0)
FN:11,(anonymous_1)
FN:20,(anonymous_2)
FN:25,(anonymous_3)
FN:30,(anonymous_4)
FN:31,(anonymous_5)
FN:42,(anonymous_6)
FN:47,(anonymous_7)
FN:48,(anonymous_8)
FN:62,(anonymous_9)
FN:73,(anonymous_10)
FNF:11
FNH:11
FNDA:3,(anonymous_0)
FNDA:3,(anonymous_1)
FNDA:3,(anonymous_2)
FNDA:2,(anonymous_3)
FNDA:4,(anonymous_4)
FNDA:1,(anonymous_5)
FNDA:1,(anonymous_6)
FNDA:2,(anonymous_7)
FNDA:2,(anonymous_8)
FNDA:3,(anonymous_9)
FNDA:4,(anonymous_10)
DA:1,6
DA:9,6
DA:10,3
DA:11,6
DA:12,3
DA:14,6
DA:20,6
DA:21,3
DA:22,3
DA:25,6
DA:29,2
DA:30,4
DA:31,1
DA:33,2
DA:34,1
DA:37,1
DA:39,1
DA:42,6
DA:47,1
DA:48,2
DA:49,1
DA:62,6
DA:72,3
DA:73,4
DA:76,3
DA:77,1
DA:78,1
DA:81,2
DA:82,1
DA:83,1
DA:86,1
DA:87,1
DA:88,1
DA:90,1
DA:91,1
DA:93,1
LF:36
LH:36
BRDA:22,0,0,1
BRDA:22,0,1,2
BRDA:30,1,0,4
BRDA:30,1,1,4
BRDA:33,2,0,1
BRDA:48,3,0,1
BRDA:76,4,0,1
BRDA:81,5,0,1
BRF:8
BRH:8
end_of_record
TN:
SF:src/preview/util/gitlab.ts
FN:27,(anonymous_7)
FN:37,(anonymous_8)
FN:47,(anonymous_10)
FN:52,(anonymous_12)
FN:60,(anonymous_13)
FN:71,(anonymous_15)
FN:79,(anonymous_17)
FN:80,(anonymous_18)
FN:80,(anonymous_19)
FN:90,(anonymous_20)
FN:94,(anonymous_21)
FN:102,(anonymous_23)
FN:107,(anonymous_25)
FNF:13
FNH:13
FNDA:10,(anonymous_7)
FNDA:3,(anonymous_8)
FNDA:3,(anonymous_10)
FNDA:2,(anonymous_12)
FNDA:2,(anonymous_13)
FNDA:1,(anonymous_15)
FNDA:3,(anonymous_17)
FNDA:2,(anonymous_18)
FNDA:2,(anonymous_19)
FNDA:1,(anonymous_20)
FNDA:1,(anonymous_21)
FNDA:1,(anonymous_23)
FNDA:1,(anonymous_25)
DA:1,3
DA:4,3
DA:5,3
DA:23,10
DA:25,10
DA:28,10
DA:29,10
DA:33,10
DA:34,10
DA:38,3
DA:39,3
DA:41,3
DA:42,2
DA:43,2
DA:48,3
DA:50,3
DA:51,3
DA:52,3
DA:54,3
DA:55,2
DA:57,3
DA:61,2
DA:63,2
DA:65,2
DA:66,1
DA:68,2
DA:72,1
DA:77,1
DA:79,3
DA:80,2
DA:86,1
DA:87,1
DA:91,1
DA:98,1
DA:99,1
DA:103,1
DA:104,1
DA:111,1
DA:112,1
DA:116,3
LF:40
LH:40
BRDA:41,0,0,2
BRDA:54,1,0,2
BRDA:65,2,0,1
BRDA:65,3,0,2
BRDA:65,3,1,2
BRDA:79,4,0,3
BRDA:79,4,1,2
BRF:7
BRH:7
end_of_record
TN:
SF:src/preview/util/init.ts
FN:15,(anonymous_7)
FN:18,(anonymous_8)
FN:27,(anonymous_9)
FN:27,(anonymous_10)
FN:40,initDigitalTwin
FNF:5
FNH:2
FNDA:3,(anonymous_7)
FNDA:3,(anonymous_8)
FNDA:0,(anonymous_9)
FNDA:0,(anonymous_10)
FNDA:0,initDigitalTwin
DA:3,2
DA:4,2
DA:5,2
DA:6,2
DA:7,2
DA:9,2
DA:15,2
DA:18,3
DA:19,3
DA:20,3
DA:21,3
DA:22,3
DA:25,3
DA:27,3
DA:28,0
DA:29,0
DA:30,0
DA:33,0
DA:36,3
DA:40,2
DA:43,0
DA:48,0
DA:49,0
LF:23
LH:16
BRDA:10,0,0,2
BRDA:10,0,1,2
BRDA:12,1,0,2
BRDA:12,1,1,2
BRDA:21,2,0,3
BRDA:21,2,1,0
BRDA:44,3,0,0
BRDA:44,3,1,0
BRDA:46,4,0,0
BRDA:46,4,1,0
BRF:10
BRH:5
end_of_record
TN:
SF:src/route/auth/Account.tsx
FN:7,AccountContent
FN:8,(anonymous_1)
FN:20,Account
FNF:3
FNH:0
FNDA:0,AccountContent
FNDA:0,(anonymous_1)
FNDA:0,Account
DA:1,0
DA:2,0
DA:3,0
DA:5,0
DA:8,0
DA:13,0
DA:20,0
DA:21,0
LF:8
LH:0
BRF:0
BRH:0
end_of_record
TN:
SF:src/route/auth/AccountTabData.tsx
FN:5,ListGroups
FN:6,(anonymous_1)
FN:18,(anonymous_2)
FN:26,GroupParagraph
FN:46,ProfileTab
FN:72,SettingsTab
FNF:6
FNH:0
FNDA:0,ListGroups
FNDA:0,(anonymous_1)
FNDA:0,(anonymous_2)
FNDA:0,GroupParagraph
FNDA:0,ProfileTab
FNDA:0,SettingsTab
DA:1,0
DA:2,0
DA:6,0
DA:7,0
DA:10,0
DA:11,0
DA:12,0
DA:15,0
DA:16,0
DA:18,0
DA:19,0
DA:23,0
DA:27,0
DA:28,0
DA:29,0
DA:36,0
DA:37,0
DA:38,0
DA:47,0
DA:48,0
DA:49,0
DA:50,0
DA:52,0
DA:53,0
DA:54,0
DA:55,0
DA:57,0
DA:73,0
DA:74,0
DA:87,0
DA:98,0
LF:31
LH:0
BRDA:11,0,0,0
BRDA:28,1,0,0
BRDA:37,2,0,0
BRDA:37,2,1,0
BRDA:48,3,0,0
BRDA:48,3,1,0
BRDA:48,4,0,0
BRDA:48,4,1,0
BRDA:48,5,0,0
BRDA:48,5,1,0
BRDA:48,6,0,0
BRDA:48,6,1,0
BRDA:49,7,0,0
BRDA:49,7,1,0
BRDA:49,8,0,0
BRDA:49,8,1,0
BRDA:50,9,0,0
BRDA:50,9,1,0
BRDA:50,10,0,0
BRDA:50,10,1,0
BRDA:52,11,0,0
BRDA:52,11,1,0
BRDA:52,12,0,0
BRDA:52,12,1,0
BRDA:52,13,0,0
BRDA:52,13,1,0
BRDA:52,14,0,0
BRDA:52,14,1,0
BRDA:54,15,0,0
BRDA:54,15,1,0
BRDA:73,16,0,0
BRDA:73,16,1,0
BRDA:73,17,0,0
BRDA:73,17,1,0
BRF:34
BRH:0
end_of_record
TN:
SF:src/route/auth/AuthProvider.tsx
FN:9,(anonymous_0)
FNF:1
FNH:0
FNDA:0,(anonymous_0)
DA:1,0
DA:2,0
DA:3,0
DA:9,0
DA:10,0
DA:11,0
DA:12,0
DA:14,0
DA:17,0
LF:9
LH:0
BRDA:11,0,0,0
BRF:1
BRH:0
end_of_record
TN:
SF:src/route/auth/PrivateRoute.tsx
FN:11,(anonymous_0)
FN:16,(anonymous_1)
FNF:2
FNH:0
FNDA:0,(anonymous_0)
FNDA:0,(anonymous_1)
DA:1,0
DA:3,0
DA:4,0
DA:5,0
DA:11,0
DA:12,0
DA:13,0
DA:16,0
DA:17,0
DA:18,0
DA:19,0
DA:20,0
DA:22,0
DA:27,0
DA:28,0
DA:29,0
DA:30,0
DA:36,0
DA:37,0
DA:38,0
DA:39,0
DA:41,0
DA:44,0
DA:47,0
LF:24
LH:0
BRDA:17,0,0,0
BRDA:17,1,0,0
BRDA:17,1,1,0
BRDA:18,2,0,0
BRDA:18,2,1,0
BRDA:18,3,0,0
BRDA:18,3,1,0
BRDA:27,4,0,0
BRDA:27,4,1,0
BRDA:29,5,0,0
BRDA:29,5,1,0
BRDA:36,6,0,0
BRDA:36,6,1,0
BRDA:38,7,0,0
BRDA:38,7,1,0
BRF:15
BRH:0
end_of_record
TN:
SF:src/route/auth/Signin.tsx
FN:9,SignIn
FN:12,(anonymous_1)
FNF:2
FNH:0
FNDA:0,SignIn
FNDA:0,(anonymous_1)
DA:1,0
DA:2,0
DA:3,0
DA:4,0
DA:6,0
DA:7,0
DA:10,0
DA:12,0
DA:13,0
DA:16,0
DA:67,0
LF:11
LH:0
BRF:0
BRH:0
end_of_record
TN:
SF:src/route/auth/WaitAndNavigate.tsx
FN:8,(anonymous_7)
FN:12,(anonymous_8)
FN:13,(anonymous_9)
FN:13,(anonymous_10)
FN:21,(anonymous_11)
FNF:5
FNH:0
FNDA:0,(anonymous_7)
FNDA:0,(anonymous_8)
FNDA:0,(anonymous_9)
FNDA:0,(anonymous_10)
FNDA:0,(anonymous_11)
DA:1,0
DA:2,0
DA:3,0
DA:4,0
DA:8,0
DA:9,0
DA:10,0
DA:12,0
DA:13,0
DA:14,0
DA:15,0
DA:18,0
DA:21,0
DA:22,0
DA:23,0
DA:24,0
DA:25,0
DA:29,0
DA:32,0
LF:19
LH:0
BRDA:22,0,0,0
BRF:1
BRH:0
end_of_record
TN:
SF:src/route/digitaltwins/DigitalTwinTabData.ts
FNF:0
FNH:0
DA:3,0
DA:18,0
LF:2
LH:0
BRF:0
BRH:0
end_of_record
TN:
SF:src/route/digitaltwins/DigitalTwins.tsx
FN:10,DTContent
FN:13,(anonymous_1)
FN:33,DigitalTwins
FNF:3
FNH:0
FNDA:0,DTContent
FNDA:0,(anonymous_1)
FNDA:0,DigitalTwins
DA:1,0
DA:2,0
DA:3,0
DA:4,0
DA:6,0
DA:7,0
DA:8,0
DA:11,0
DA:13,0
DA:26,0
DA:33,0
DA:34,0
LF:12
LH:0
BRF:0
BRH:0
end_of_record
TN:
SF:src/route/library/Library.tsx
FN:11,createTabs
FN:12,(anonymous_1)
FN:22,createCombinedTabs
FN:23,(anonymous_3)
FN:24,(anonymous_4)
FN:39,LibraryContent
FN:54,Library
FNF:7
FNH:0
FNDA:0,createTabs
FNDA:0,(anonymous_1)
FNDA:0,createCombinedTabs
FNDA:0,(anonymous_3)
FNDA:0,(anonymous_4)
FNDA:0,LibraryContent
FNDA:0,Library
DA:1,0
DA:2,0
DA:3,0
DA:4,0
DA:5,0
DA:6,0
DA:7,0
DA:8,0
DA:9,0
DA:11,0
DA:12,0
DA:22,0
DA:23,0
DA:24,0
DA:40,0
DA:41,0
DA:42,0
DA:44,0
DA:46,0
DA:48,0
DA:54,0
DA:55,0
LF:22
LH:0
BRF:0
BRH:0
end_of_record
TN:
SF:src/route/library/LibraryTabData.ts
FNF:0
FNH:0
DA:3,0
DA:31,0
LF:2
LH:0
BRF:0
BRH:0
end_of_record
TN:
SF:src/route/workbench/Workbench.tsx
FN:15,WorkBenchContent
FN:37,WorkBench
FNF:2
FNH:0
FNDA:0,WorkBenchContent
FNDA:0,WorkBench
DA:1,0
DA:2,0
DA:3,0
DA:4,0
DA:5,0
DA:6,0
DA:8,0
DA:16,0
DA:17,0
DA:37,0
DA:38,0
LF:11
LH:0
BRF:0
BRH:0
end_of_record
TN:
SF:src/store/auth.slice.ts
FN:15,(anonymous_0)
FNF:1
FNH:0
FNDA:0,(anonymous_0)
DA:1,15
DA:7,15
DA:11,15
DA:16,0
DA:21,15
DA:22,15
LF:6
LH:5
BRF:0
BRH:0
end_of_record
TN:
SF:src/store/menu.slice.ts
FN:15,(anonymous_0)
FN:18,(anonymous_1)
FNF:2
FNH:0
FNDA:0,(anonymous_0)
FNDA:0,(anonymous_1)
DA:1,15
DA:7,15
DA:11,15
DA:16,0
DA:19,0
DA:24,15
DA:25,15
LF:7
LH:5
BRF:0
BRH:0
end_of_record
TN:
SF:src/util/envUtil.ts
FN:8,cleanURL
FN:18,(anonymous_1)
FN:19,(anonymous_2)
FN:25,useURLforDT
FN:29,useURLbasename
FN:33,useURLforLIB
FN:37,useAppURL
FN:55,getWorkbenchLinkValues
FN:60,(anonymous_8)
FN:61,(anonymous_9)
FN:79,useGetDTPagePreviewLink
FN:83,getClientID
FN:87,getAuthority
FN:91,getRedirectURI
FN:95,getLogoutRedirectURI
FN:99,getGitLabScopes
FNF:16
FNH:0
FNDA:0,cleanURL
FNDA:0,(anonymous_1)
FNDA:0,(anonymous_2)
FNDA:0,useURLforDT
FNDA:0,useURLbasename
FNDA:0,useURLforLIB
FNDA:0,useAppURL
FNDA:0,getWorkbenchLinkValues
FNDA:0,(anonymous_8)
FNDA:0,(anonymous_9)
FNDA:0,useGetDTPagePreviewLink
FNDA:0,getClientID
FNDA:0,getAuthority
FNDA:0,getRedirectURI
FNDA:0,getLogoutRedirectURI
FNDA:0,getGitLabScopes
DA:1,9
DA:8,9
DA:9,0
DA:18,9
DA:19,0
DA:20,0
DA:21,0
DA:22,0
DA:25,9
DA:26,0
DA:29,9
DA:30,0
DA:33,9
DA:34,0
DA:37,9
DA:38,0
DA:55,9
DA:56,0
DA:57,0
DA:59,0
DA:60,0
DA:62,0
DA:63,0
DA:64,0
DA:66,0
DA:69,0
DA:76,0
DA:79,9
DA:80,0
DA:83,9
DA:84,0
DA:87,9
DA:88,0
DA:91,9
DA:92,0
DA:95,9
DA:96,0
DA:99,9
DA:100,0
LF:39
LH:14
BRDA:9,0,0,0
BRDA:9,0,1,0
BRDA:9,1,0,0
BRDA:9,1,1,0
BRDA:21,2,0,0
BRDA:21,2,1,0
BRDA:21,3,0,0
BRDA:21,3,1,0
BRDA:63,4,0,0
BRDA:66,5,0,0
BRDA:66,5,1,0
BRF:11
BRH:0
end_of_record
TN:
SF:src/util/toolbarUtil.ts
FNF:0
FNH:0
DA:3,1
DA:14,1
LF:2
LH:2
BRF:0
BRH:0
end_of_record
TN:
SF:src/util/auth/Authentication.ts
FN:15,useGetAndSetUsername
FN:17,(anonymous_8)
FN:29,performSignOutFlow
FN:49,(anonymous_11)
FN:54,useSignOut
FN:56,(anonymous_13)
FN:56,(anonymous_14)
FN:69,wait
FN:70,(anonymous_16)
FN:71,(anonymous_17)
FNF:10
FNH:1
FNDA:0,useGetAndSetUsername
FNDA:0,(anonymous_8)
FNDA:0,performSignOutFlow
FNDA:0,(anonymous_11)
FNDA:1,useSignOut
FNDA:0,(anonymous_13)
FNDA:0,(anonymous_14)
FNDA:0,wait
FNDA:0,(anonymous_16)
FNDA:0,(anonymous_17)
DA:2,1
DA:3,1
DA:5,1
DA:15,1
DA:16,0
DA:17,0
DA:18,0
DA:19,0
DA:21,0
DA:22,0
DA:23,0
DA:24,0
DA:26,0
DA:30,0
DA:31,0
DA:33,0
DA:34,0
DA:35,0
DA:37,0
DA:38,0
DA:40,0
DA:45,0
DA:49,0
DA:50,0
DA:54,1
DA:55,1
DA:56,1
DA:57,0
DA:58,0
DA:60,0
DA:61,0
DA:63,0
DA:66,1
DA:69,1
DA:70,0
DA:71,0
DA:72,0
DA:74,0
LF:38
LH:9
BRDA:18,0,0,0
BRDA:21,1,0,0
BRDA:21,1,1,0
BRDA:21,2,0,0
BRDA:21,2,1,0
BRDA:22,3,0,0
BRDA:22,3,1,0
BRDA:22,4,0,0
BRDA:22,4,1,0
BRDA:23,5,0,0
BRDA:23,5,1,0
BRDA:23,6,0,0
BRDA:23,6,1,0
BRDA:30,7,0,0
BRDA:30,7,1,0
BRDA:30,8,0,0
BRDA:30,8,1,0
BRDA:57,9,0,0
BRF:18
BRH:0
end_of_record
TN:
SF:src/util/auth/useOidcConfig.ts
FN:21,(anonymous_0)
FN:24,(anonymous_1)
FNF:2
FNH:0
FNDA:0,(anonymous_0)
FNDA:0,(anonymous_1)
DA:1,0
DA:2,0
DA:21,0
DA:22,0
DA:24,0
DA:25,0
DA:26,0
DA:27,0
DA:28,0
DA:29,0
DA:31,0
DA:41,0
DA:44,0
LF:13
LH:0
BRDA:25,0,0,0
BRDA:25,0,1,0
BRDA:25,1,0,0
BRDA:25,1,1,0
BRDA:26,2,0,0
BRDA:26,2,1,0
BRDA:26,3,0,0
BRDA:26,3,1,0
BRDA:27,4,0,0
BRDA:27,4,1,0
BRDA:27,5,0,0
BRDA:27,5,1,0
BRDA:28,6,0,0
BRDA:28,6,1,0
BRDA:28,7,0,0
BRDA:28,7,1,0
BRDA:29,8,0,0
BRDA:29,8,1,0
BRDA:29,9,0,0
BRDA:29,9,1,0
BRF:20
BRH:0
end_of_record
